110.11.23 11:52 B E:\WEB\TH\TH Now\foreskin\en\bbherni.php <-- painfree.hk /public_html/foreskin/en bbherni.php
110.11.23 11:52 B E:\WEB\TH\TH Now\foreskin\en\contact.php <-- painfree.hk /public_html/foreskin/en contact.php
110.11.23 11:52 B E:\WEB\TH\TH Now\foreskin\en\e.php <-- painfree.hk /public_html/foreskin/en e.php
110.11.23 11:52 B E:\WEB\TH\TH Now\foreskin\en\email_template bak.php <-- painfree.hk /public_html/foreskin/en email_template bak.php
110.11.23 11:52 B E:\WEB\TH\TH Now\foreskin\en\f.php <-- painfree.hk /public_html/foreskin/en f.php
110.11.23 11:52 B E:\WEB\TH\TH Now\foreskin\en\foreskin.php <-- painfree.hk /public_html/foreskin/en foreskin.php
110.11.23 11:52 B E:\WEB\TH\TH Now\foreskin\en\h.php <-- painfree.hk /public_html/foreskin/en h.php
110.11.23 11:52 B E:\WEB\TH\TH Now\foreskin\en\hernia.php <-- painfree.hk /public_html/foreskin/en hernia.php
110.11.23 11:52 B E:\WEB\TH\TH Now\foreskin\en\home.php <-- painfree.hk /public_html/foreskin/en home.php
110.11.23 11:52 B E:\WEB\TH\TH Now\foreskin\en\index.php <-- painfree.hk /public_html/foreskin/en index.php
110.11.23 11:52 B E:\WEB\TH\TH Now\foreskin\en\Mail bak.php <-- painfree.hk /public_html/foreskin/en Mail bak.php
110.11.23 11:52 B E:\WEB\TH\TH Now\foreskin\en\media.php <-- painfree.hk /public_html/foreskin/en media.php
110.11.23 11:52 B E:\WEB\TH\TH Now\foreskin\en\othersurgery.php <-- painfree.hk /public_html/foreskin/en othersurgery.php
110.11.23 11:52 B E:\WEB\TH\TH Now\foreskin\en\pr.php <-- painfree.hk /public_html/foreskin/en pr.php
110.11.23 11:52 B E:\WEB\TH\TH Now\foreskin\en\preparation.php <-- painfree.hk /public_html/foreskin/en preparation.php
110.11.23 11:52 B E:\WEB\TH\TH Now\foreskin\en\question.php <-- painfree.hk /public_html/foreskin/en question.php
110.11.23 11:52 B E:\WEB\TH\TH Now\foreskin\en\SteelExternalNoVol.swf <-- painfree.hk /public_html/foreskin/en SteelExternalNoVol.swf
110.11.23 11:52 B E:\WEB\TH\TH Now\foreskin\en\t.php <-- painfree.hk /public_html/foreskin/en t.php
110.11.23 11:52 B E:\WEB\TH\TH Now\foreskin\en\test.php <-- painfree.hk /public_html/foreskin/en test.php
110.11.23 11:52 B E:\WEB\TH\TH Now\foreskin\en\thyroid.php <-- painfree.hk /public_html/foreskin/en thyroid.php
110.11.23 11:56 B E:\WEB\TH\TH Now\foreskin\en\hernia.php --> www.painfree.hk /public_html/foreskin/en hernia.php
111.11.19 10:43 B C:\Users\Michael Win7\Desktop\foreskin20111119\foreskin_webonline\en\bbherni.php --> www.painfree.hk /public_html/foreskin/en bbherni.php
111.11.19 10:43 B C:\Users\Michael Win7\Desktop\foreskin20111119\foreskin_webonline\en\contact.php --> www.painfree.hk /public_html/foreskin/en contact.php
111.11.19 10:43 B C:\Users\Michael Win7\Desktop\foreskin20111119\foreskin_webonline\en\e.php --> www.painfree.hk /public_html/foreskin/en e.php
111.11.19 10:43 B C:\Users\Michael Win7\Desktop\foreskin20111119\foreskin_webonline\en\email_template bak.php --> www.painfree.hk /public_html/foreskin/en email_template bak.php
111.11.19 10:43 B C:\Users\Michael Win7\Desktop\foreskin20111119\foreskin_webonline\en\f.php --> www.painfree.hk /public_html/foreskin/en f.php
111.11.19 10:43 B C:\Users\Michael Win7\Desktop\foreskin20111119\foreskin_webonline\en\foreskin.php --> www.painfree.hk /public_html/foreskin/en foreskin.php
111.11.19 10:43 B C:\Users\Michael Win7\Desktop\foreskin20111119\foreskin_webonline\en\h.php --> www.painfree.hk /public_html/foreskin/en h.php
111.11.19 10:43 B C:\Users\Michael Win7\Desktop\foreskin20111119\foreskin_webonline\en\hernia.php --> www.painfree.hk /public_html/foreskin/en hernia.php
111.11.19 10:43 B C:\Users\Michael Win7\Desktop\foreskin20111119\foreskin_webonline\en\home.php --> www.painfree.hk /public_html/foreskin/en home.php
111.11.19 10:43 B C:\Users\Michael Win7\Desktop\foreskin20111119\foreskin_webonline\en\index.php --> www.painfree.hk /public_html/foreskin/en index.php
111.11.19 10:43 B C:\Users\Michael Win7\Desktop\foreskin20111119\foreskin_webonline\en\Mail bak.php --> www.painfree.hk /public_html/foreskin/en Mail bak.php
111.11.19 10:43 B C:\Users\Michael Win7\Desktop\foreskin20111119\foreskin_webonline\en\media.php --> www.painfree.hk /public_html/foreskin/en media.php
111.11.19 10:43 B C:\Users\Michael Win7\Desktop\foreskin20111119\foreskin_webonline\en\othersurgery.php --> www.painfree.hk /public_html/foreskin/en othersurgery.php
111.11.19 10:43 B C:\Users\Michael Win7\Desktop\foreskin20111119\foreskin_webonline\en\pr.php --> www.painfree.hk /public_html/foreskin/en pr.php
111.11.19 10:43 B C:\Users\Michael Win7\Desktop\foreskin20111119\foreskin_webonline\en\preparation.php --> www.painfree.hk /public_html/foreskin/en preparation.php
111.11.19 10:43 B C:\Users\Michael Win7\Desktop\foreskin20111119\foreskin_webonline\en\question.php --> www.painfree.hk /public_html/foreskin/en question.php
111.11.19 10:43 B C:\Users\Michael Win7\Desktop\foreskin20111119\foreskin_webonline\en\SteelExternalNoVol.swf --> www.painfree.hk /public_html/foreskin/en SteelExternalNoVol.swf
111.11.19 10:43 B C:\Users\Michael Win7\Desktop\foreskin20111119\foreskin_webonline\en\t.php --> www.painfree.hk /public_html/foreskin/en t.php
111.11.19 10:43 B C:\Users\Michael Win7\Desktop\foreskin20111119\foreskin_webonline\en\test.php --> www.painfree.hk /public_html/foreskin/en test.php
111.11.19 10:43 B C:\Users\Michael Win7\Desktop\foreskin20111119\foreskin_webonline\en\thyroid.php --> www.painfree.hk /public_html/foreskin/en thyroid.php
111.11.19 10:43 B C:\Users\Michael Win7\Desktop\foreskin20111119\foreskin_webonline\en\WS_FTP.LOG --> www.painfree.hk /public_html/foreskin/en WS_FTP.LOG
111.11.19 10:43 B C:\Users\Michael Win7\Desktop\foreskin20111119\foreskin_webonline\en\複製 -contact 20110408 雅蘭.php --> www.painfree.hk /public_html/foreskin/en 複製 -contact 20110408 雅蘭.php
111.11.19 10:43 B C:\Users\Michael Win7\Desktop\foreskin20111119\foreskin_webonline\en\複製 -contact 20110421未減健維.php --> www.painfree.hk /public_html/foreskin/en 複製 -contact 20110421未減健維.php
111.11.19 10:43 B C:\Users\Michael Win7\Desktop\foreskin20111119\foreskin_webonline\en\複製 -hernia 20110421 未減相.php --> www.painfree.hk /public_html/foreskin/en 複製 -hernia 20110421 未減相.php
111.11.19 10:56 B C:\Users\Michael Win7\Desktop\foreskin20111119\foreskin_webonline\en\bbherni.php --> www.surgical.hk /public_html/en bbherni.php
111.11.19 10:56 B C:\Users\Michael Win7\Desktop\foreskin20111119\foreskin_webonline\en\contact.php --> www.surgical.hk /public_html/en contact.php
111.11.19 10:56 B C:\Users\Michael Win7\Desktop\foreskin20111119\foreskin_webonline\en\e.php --> www.surgical.hk /public_html/en e.php
111.11.19 10:56 B C:\Users\Michael Win7\Desktop\foreskin20111119\foreskin_webonline\en\email_template bak.php --> www.surgical.hk /public_html/en email_template bak.php
111.11.19 10:56 B C:\Users\Michael Win7\Desktop\foreskin20111119\foreskin_webonline\en\f.php --> www.surgical.hk /public_html/en f.php
111.11.19 10:56 B C:\Users\Michael Win7\Desktop\foreskin20111119\foreskin_webonline\en\foreskin.php --> www.surgical.hk /public_html/en foreskin.php
111.11.19 10:56 B C:\Users\Michael Win7\Desktop\foreskin20111119\foreskin_webonline\en\h.php --> www.surgical.hk /public_html/en h.php
111.11.19 10:56 B C:\Users\Michael Win7\Desktop\foreskin20111119\foreskin_webonline\en\hernia.php --> www.surgical.hk /public_html/en hernia.php
111.11.19 10:56 B C:\Users\Michael Win7\Desktop\foreskin20111119\foreskin_webonline\en\home.php --> www.surgical.hk /public_html/en home.php
111.11.19 10:57 B C:\Users\Michael Win7\Desktop\foreskin20111119\foreskin_webonline\en\index.php --> www.surgical.hk /public_html/en index.php
111.11.19 10:57 B C:\Users\Michael Win7\Desktop\foreskin20111119\foreskin_webonline\en\Mail bak.php --> www.surgical.hk /public_html/en Mail bak.php
111.11.19 10:57 B C:\Users\Michael Win7\Desktop\foreskin20111119\foreskin_webonline\en\media.php --> www.surgical.hk /public_html/en media.php
111.11.19 10:57 B C:\Users\Michael Win7\Desktop\foreskin20111119\foreskin_webonline\en\othersurgery.php --> www.surgical.hk /public_html/en othersurgery.php
111.11.19 10:57 B C:\Users\Michael Win7\Desktop\foreskin20111119\foreskin_webonline\en\pr.php --> www.surgical.hk /public_html/en pr.php
111.11.19 10:57 B C:\Users\Michael Win7\Desktop\foreskin20111119\foreskin_webonline\en\preparation.php --> www.surgical.hk /public_html/en preparation.php
111.11.19 10:57 B C:\Users\Michael Win7\Desktop\foreskin20111119\foreskin_webonline\en\question.php --> www.surgical.hk /public_html/en question.php
111.11.19 10:57 B C:\Users\Michael Win7\Desktop\foreskin20111119\foreskin_webonline\en\SteelExternalNoVol.swf --> www.surgical.hk /public_html/en SteelExternalNoVol.swf
111.11.19 10:57 B C:\Users\Michael Win7\Desktop\foreskin20111119\foreskin_webonline\en\t.php --> www.surgical.hk /public_html/en t.php
111.11.19 10:57 B C:\Users\Michael Win7\Desktop\foreskin20111119\foreskin_webonline\en\test.php --> www.surgical.hk /public_html/en test.php
111.11.19 10:57 B C:\Users\Michael Win7\Desktop\foreskin20111119\foreskin_webonline\en\thyroid.php --> www.surgical.hk /public_html/en thyroid.php
111.11.19 10:57 B C:\Users\Michael Win7\Desktop\foreskin20111119\foreskin_webonline\en\WS_FTP.LOG --> www.surgical.hk /public_html/en WS_FTP.LOG
111.11.19 10:57 B C:\Users\Michael Win7\Desktop\foreskin20111119\foreskin_webonline\en\複製 -contact 20110408 雅蘭.php --> www.surgical.hk /public_html/en 複製 -contact 20110408 雅蘭.php
111.11.19 10:57 B C:\Users\Michael Win7\Desktop\foreskin20111119\foreskin_webonline\en\複製 -contact 20110421未減健維.php --> www.surgical.hk /public_html/en 複製 -contact 20110421未減健維.php
111.11.19 10:57 B C:\Users\Michael Win7\Desktop\foreskin20111119\foreskin_webonline\en\複製 -hernia 20110421 未減相.php --> www.surgical.hk /public_html/en 複製 -hernia 20110421 未減相.php
111.12.29 12:02 B C:\Users\Michael Win7\Desktop\surgical  三項circum\surgical_now\en\bbherni.php --> www.surgical.hk /public_html/en bbherni.php
111.12.29 12:02 B C:\Users\Michael Win7\Desktop\surgical  三項circum\surgical_now\en\contact.php --> www.surgical.hk /public_html/en contact.php
111.12.29 12:02 B C:\Users\Michael Win7\Desktop\surgical  三項circum\surgical_now\en\e.php --> www.surgical.hk /public_html/en e.php
111.12.29 12:02 B C:\Users\Michael Win7\Desktop\surgical  三項circum\surgical_now\en\email_template bak.php --> www.surgical.hk /public_html/en email_template bak.php
111.12.29 12:02 B C:\Users\Michael Win7\Desktop\surgical  三項circum\surgical_now\en\f.php --> www.surgical.hk /public_html/en f.php
111.12.29 12:02 B C:\Users\Michael Win7\Desktop\surgical  三項circum\surgical_now\en\foreskin.php --> www.surgical.hk /public_html/en foreskin.php
111.12.29 12:02 B C:\Users\Michael Win7\Desktop\surgical  三項circum\surgical_now\en\h.php --> www.surgical.hk /public_html/en h.php
111.12.29 12:02 B C:\Users\Michael Win7\Desktop\surgical  三項circum\surgical_now\en\h.php.bak --> www.surgical.hk /public_html/en h.php.bak
111.12.29 12:02 B C:\Users\Michael Win7\Desktop\surgical  三項circum\surgical_now\en\hernia 己減ctf lyk 相20110618.php --> www.surgical.hk /public_html/en hernia 己減ctf lyk 相20110618.php
111.12.29 12:02 B C:\Users\Michael Win7\Desktop\surgical  三項circum\surgical_now\en\hernia.php --> www.surgical.hk /public_html/en hernia.php
111.12.29 12:02 B C:\Users\Michael Win7\Desktop\surgical  三項circum\surgical_now\en\home.php --> www.surgical.hk /public_html/en home.php
111.12.29 12:02 B C:\Users\Michael Win7\Desktop\surgical  三項circum\surgical_now\en\index.php --> www.surgical.hk /public_html/en index.php
111.12.29 12:02 B C:\Users\Michael Win7\Desktop\surgical  三項circum\surgical_now\en\Mail bak.php --> www.surgical.hk /public_html/en Mail bak.php
111.12.29 12:02 B C:\Users\Michael Win7\Desktop\surgical  三項circum\surgical_now\en\media.php --> www.surgical.hk /public_html/en media.php
111.12.29 12:02 B C:\Users\Michael Win7\Desktop\surgical  三項circum\surgical_now\en\othersurgery.php --> www.surgical.hk /public_html/en othersurgery.php
111.12.29 12:02 B C:\Users\Michael Win7\Desktop\surgical  三項circum\surgical_now\en\pr.php --> www.surgical.hk /public_html/en pr.php
111.12.29 12:02 B C:\Users\Michael Win7\Desktop\surgical  三項circum\surgical_now\en\preparation.php --> www.surgical.hk /public_html/en preparation.php
111.12.29 12:02 B C:\Users\Michael Win7\Desktop\surgical  三項circum\surgical_now\en\question.php --> www.surgical.hk /public_html/en question.php
111.12.29 12:02 B C:\Users\Michael Win7\Desktop\surgical  三項circum\surgical_now\en\SteelExternalNoVol.swf --> www.surgical.hk /public_html/en SteelExternalNoVol.swf
111.12.29 12:02 B C:\Users\Michael Win7\Desktop\surgical  三項circum\surgical_now\en\t.php --> www.surgical.hk /public_html/en t.php
111.12.29 12:02 B C:\Users\Michael Win7\Desktop\surgical  三項circum\surgical_now\en\test.php --> www.surgical.hk /public_html/en test.php
111.12.29 12:02 B C:\Users\Michael Win7\Desktop\surgical  三項circum\surgical_now\en\thyroid.php --> www.surgical.hk /public_html/en thyroid.php
112.02.23 11:11 B C:\Users\Michael Win7\Desktop\surgical\surgical\en\bbherni.php --> www.surgical.hk /public_html/en bbherni.php
112.02.23 11:11 B C:\Users\Michael Win7\Desktop\surgical\surgical\en\contact.php --> www.surgical.hk /public_html/en contact.php
112.02.23 11:11 B C:\Users\Michael Win7\Desktop\surgical\surgical\en\e.php --> www.surgical.hk /public_html/en e.php
112.02.23 11:11 B C:\Users\Michael Win7\Desktop\surgical\surgical\en\email_template bak.php --> www.surgical.hk /public_html/en email_template bak.php
112.02.23 11:11 B C:\Users\Michael Win7\Desktop\surgical\surgical\en\f.php --> www.surgical.hk /public_html/en f.php
112.02.23 11:11 B C:\Users\Michael Win7\Desktop\surgical\surgical\en\foreskin.php --> www.surgical.hk /public_html/en foreskin.php
112.02.23 11:11 B C:\Users\Michael Win7\Desktop\surgical\surgical\en\h.php --> www.surgical.hk /public_html/en h.php
112.02.23 11:11 B C:\Users\Michael Win7\Desktop\surgical\surgical\en\h.php.bak --> www.surgical.hk /public_html/en h.php.bak
112.02.23 11:11 B C:\Users\Michael Win7\Desktop\surgical\surgical\en\hernia 己減ctf lyk 相20110618.php --> www.surgical.hk /public_html/en hernia 己減ctf lyk 相20110618.php
112.02.23 11:11 B C:\Users\Michael Win7\Desktop\surgical\surgical\en\hernia.php --> www.surgical.hk /public_html/en hernia.php
112.02.23 11:11 B C:\Users\Michael Win7\Desktop\surgical\surgical\en\home.php --> www.surgical.hk /public_html/en home.php
112.02.23 11:11 B C:\Users\Michael Win7\Desktop\surgical\surgical\en\index.php --> www.surgical.hk /public_html/en index.php
112.02.23 11:11 B C:\Users\Michael Win7\Desktop\surgical\surgical\en\Mail bak.php --> www.surgical.hk /public_html/en Mail bak.php
112.02.23 11:11 B C:\Users\Michael Win7\Desktop\surgical\surgical\en\media.php --> www.surgical.hk /public_html/en media.php
112.02.23 11:11 B C:\Users\Michael Win7\Desktop\surgical\surgical\en\othersurgery.php --> www.surgical.hk /public_html/en othersurgery.php
112.02.23 11:11 B C:\Users\Michael Win7\Desktop\surgical\surgical\en\pr.php --> www.surgical.hk /public_html/en pr.php
112.02.23 11:11 B C:\Users\Michael Win7\Desktop\surgical\surgical\en\preparation.php --> www.surgical.hk /public_html/en preparation.php
112.02.23 11:11 B C:\Users\Michael Win7\Desktop\surgical\surgical\en\question.php --> www.surgical.hk /public_html/en question.php
112.02.23 11:11 B C:\Users\Michael Win7\Desktop\surgical\surgical\en\SteelExternalNoVol.swf --> www.surgical.hk /public_html/en SteelExternalNoVol.swf
112.02.23 11:11 B C:\Users\Michael Win7\Desktop\surgical\surgical\en\t.php --> www.surgical.hk /public_html/en t.php
112.02.23 11:11 B C:\Users\Michael Win7\Desktop\surgical\surgical\en\test.php --> www.surgical.hk /public_html/en test.php
112.02.23 11:11 B C:\Users\Michael Win7\Desktop\surgical\surgical\en\thyroid.php --> www.surgical.hk /public_html/en thyroid.php
