110.07.30 11:37 B C:\Documents and Settings\ty.MICHAEL\桌面\v06\tc\images\minor\banner.jpg --> www.surgical.hk /public_html/f/tc/images/minor banner.jpg
110.07.30 11:37 B C:\Documents and Settings\ty.MICHAEL\桌面\v06\tc\images\minor\banner_bak.jpg --> www.surgical.hk /public_html/f/tc/images/minor banner_bak.jpg
110.07.30 11:37 B C:\Documents and Settings\ty.MICHAEL\桌面\v06\tc\images\minor\btn1.gif --> www.surgical.hk /public_html/f/tc/images/minor btn1.gif
110.07.30 11:37 B C:\Documents and Settings\ty.MICHAEL\桌面\v06\tc\images\minor\btn2.gif --> www.surgical.hk /public_html/f/tc/images/minor btn2.gif
110.07.30 11:37 B C:\Documents and Settings\ty.MICHAEL\桌面\v06\tc\images\minor\btn3.gif --> www.surgical.hk /public_html/f/tc/images/minor btn3.gif
110.07.30 11:37 B C:\Documents and Settings\ty.MICHAEL\桌面\v06\tc\images\minor\btn4.gif --> www.surgical.hk /public_html/f/tc/images/minor btn4.gif
110.07.30 11:37 B C:\Documents and Settings\ty.MICHAEL\桌面\v06\tc\images\minor\btn4_over.gif --> www.surgical.hk /public_html/f/tc/images/minor btn4_over.gif
110.07.30 11:37 B C:\Documents and Settings\ty.MICHAEL\桌面\v06\tc\images\minor\img01.jpg --> www.surgical.hk /public_html/f/tc/images/minor img01.jpg
110.07.30 11:37 B C:\Documents and Settings\ty.MICHAEL\桌面\v06\tc\images\minor\img02.jpg --> www.surgical.hk /public_html/f/tc/images/minor img02.jpg
110.07.30 11:37 B C:\Documents and Settings\ty.MICHAEL\桌面\v06\tc\images\minor\img03.jpg --> www.surgical.hk /public_html/f/tc/images/minor img03.jpg
110.07.30 11:37 B C:\Documents and Settings\ty.MICHAEL\桌面\v06\tc\images\minor\img04.jpg --> www.surgical.hk /public_html/f/tc/images/minor img04.jpg
110.07.30 11:37 B C:\Documents and Settings\ty.MICHAEL\桌面\v06\tc\images\minor\Thumbs.db --> www.surgical.hk /public_html/f/tc/images/minor Thumbs.db
110.07.30 11:37 B C:\Documents and Settings\ty.MICHAEL\桌面\v06\tc\images\minor\title_01.gif --> www.surgical.hk /public_html/f/tc/images/minor title_01.gif
110.07.30 11:37 B C:\Documents and Settings\ty.MICHAEL\桌面\v06\tc\images\minor\title_02.gif --> www.surgical.hk /public_html/f/tc/images/minor title_02.gif
110.07.30 11:37 B C:\Documents and Settings\ty.MICHAEL\桌面\v06\tc\images\minor\title_03.gif --> www.surgical.hk /public_html/f/tc/images/minor title_03.gif
110.07.30 11:37 B C:\Documents and Settings\ty.MICHAEL\桌面\v06\tc\images\minor\title_04.gif --> www.surgical.hk /public_html/f/tc/images/minor title_04.gif
110.07.30 11:37 B C:\Documents and Settings\ty.MICHAEL\桌面\v06\tc\images\minor\title_05.gif --> www.surgical.hk /public_html/f/tc/images/minor title_05.gif
110.07.30 11:37 B C:\Documents and Settings\ty.MICHAEL\桌面\v06\tc\images\minor\title_main.gif --> www.surgical.hk /public_html/f/tc/images/minor title_main.gif
110.07.30 12:07 B C:\Documents and Settings\ty.MICHAEL\桌面\v06\tc\images\minor\banner.jpg --> www.surgical.hk /public_html/tc/images/minor banner.jpg
110.07.30 12:07 B C:\Documents and Settings\ty.MICHAEL\桌面\v06\tc\images\minor\banner_bak.jpg --> www.surgical.hk /public_html/tc/images/minor banner_bak.jpg
110.07.30 12:07 B C:\Documents and Settings\ty.MICHAEL\桌面\v06\tc\images\minor\btn1.gif --> www.surgical.hk /public_html/tc/images/minor btn1.gif
110.07.30 12:07 B C:\Documents and Settings\ty.MICHAEL\桌面\v06\tc\images\minor\btn2.gif --> www.surgical.hk /public_html/tc/images/minor btn2.gif
110.07.30 12:07 B C:\Documents and Settings\ty.MICHAEL\桌面\v06\tc\images\minor\btn3.gif --> www.surgical.hk /public_html/tc/images/minor btn3.gif
110.07.30 12:07 B C:\Documents and Settings\ty.MICHAEL\桌面\v06\tc\images\minor\btn4.gif --> www.surgical.hk /public_html/tc/images/minor btn4.gif
110.07.30 12:07 B C:\Documents and Settings\ty.MICHAEL\桌面\v06\tc\images\minor\btn4_over.gif --> www.surgical.hk /public_html/tc/images/minor btn4_over.gif
110.07.30 12:07 B C:\Documents and Settings\ty.MICHAEL\桌面\v06\tc\images\minor\img01.jpg --> www.surgical.hk /public_html/tc/images/minor img01.jpg
110.07.30 12:07 B C:\Documents and Settings\ty.MICHAEL\桌面\v06\tc\images\minor\img02.jpg --> www.surgical.hk /public_html/tc/images/minor img02.jpg
110.07.30 12:07 B C:\Documents and Settings\ty.MICHAEL\桌面\v06\tc\images\minor\img03.jpg --> www.surgical.hk /public_html/tc/images/minor img03.jpg
110.07.30 12:07 B C:\Documents and Settings\ty.MICHAEL\桌面\v06\tc\images\minor\img04.jpg --> www.surgical.hk /public_html/tc/images/minor img04.jpg
110.07.30 12:07 B C:\Documents and Settings\ty.MICHAEL\桌面\v06\tc\images\minor\Thumbs.db --> www.surgical.hk /public_html/tc/images/minor Thumbs.db
110.07.30 12:07 B C:\Documents and Settings\ty.MICHAEL\桌面\v06\tc\images\minor\title_01.gif --> www.surgical.hk /public_html/tc/images/minor title_01.gif
110.07.30 12:07 B C:\Documents and Settings\ty.MICHAEL\桌面\v06\tc\images\minor\title_02.gif --> www.surgical.hk /public_html/tc/images/minor title_02.gif
110.07.30 12:07 B C:\Documents and Settings\ty.MICHAEL\桌面\v06\tc\images\minor\title_03.gif --> www.surgical.hk /public_html/tc/images/minor title_03.gif
110.07.30 12:07 B C:\Documents and Settings\ty.MICHAEL\桌面\v06\tc\images\minor\title_04.gif --> www.surgical.hk /public_html/tc/images/minor title_04.gif
110.07.30 12:07 B C:\Documents and Settings\ty.MICHAEL\桌面\v06\tc\images\minor\title_05.gif --> www.surgical.hk /public_html/tc/images/minor title_05.gif
110.07.30 12:07 B C:\Documents and Settings\ty.MICHAEL\桌面\v06\tc\images\minor\title_main.gif --> www.surgical.hk /public_html/tc/images/minor title_main.gif
110.07.30 12:07 B C:\Documents and Settings\ty.MICHAEL\桌面\v06\tc\images\minor\WS_FTP.LOG --> www.surgical.hk /public_html/tc/images/minor WS_FTP.LOG
110.07.30 14:18 B C:\Documents and Settings\ty.MICHAEL\桌面\v06\tc\images\minor\banner.jpg --> www.surgical.hk /public_html/tc/images/minor banner.jpg
110.07.30 14:18 B C:\Documents and Settings\ty.MICHAEL\桌面\v06\tc\images\minor\banner_bak.jpg --> www.surgical.hk /public_html/tc/images/minor banner_bak.jpg
110.07.30 14:18 B C:\Documents and Settings\ty.MICHAEL\桌面\v06\tc\images\minor\btn1.gif --> www.surgical.hk /public_html/tc/images/minor btn1.gif
110.07.30 14:18 B C:\Documents and Settings\ty.MICHAEL\桌面\v06\tc\images\minor\btn2.gif --> www.surgical.hk /public_html/tc/images/minor btn2.gif
110.07.30 14:18 B C:\Documents and Settings\ty.MICHAEL\桌面\v06\tc\images\minor\btn3.gif --> www.surgical.hk /public_html/tc/images/minor btn3.gif
110.07.30 14:18 B C:\Documents and Settings\ty.MICHAEL\桌面\v06\tc\images\minor\btn4.gif --> www.surgical.hk /public_html/tc/images/minor btn4.gif
110.07.30 14:18 B C:\Documents and Settings\ty.MICHAEL\桌面\v06\tc\images\minor\btn4_over.gif --> www.surgical.hk /public_html/tc/images/minor btn4_over.gif
110.07.30 14:18 B C:\Documents and Settings\ty.MICHAEL\桌面\v06\tc\images\minor\img01.jpg --> www.surgical.hk /public_html/tc/images/minor img01.jpg
110.07.30 14:18 B C:\Documents and Settings\ty.MICHAEL\桌面\v06\tc\images\minor\img02.jpg --> www.surgical.hk /public_html/tc/images/minor img02.jpg
110.07.30 14:18 B C:\Documents and Settings\ty.MICHAEL\桌面\v06\tc\images\minor\img03.jpg --> www.surgical.hk /public_html/tc/images/minor img03.jpg
110.07.30 14:18 B C:\Documents and Settings\ty.MICHAEL\桌面\v06\tc\images\minor\img04.jpg --> www.surgical.hk /public_html/tc/images/minor img04.jpg
110.07.30 14:18 B C:\Documents and Settings\ty.MICHAEL\桌面\v06\tc\images\minor\Thumbs.db --> www.surgical.hk /public_html/tc/images/minor Thumbs.db
110.07.30 14:18 B C:\Documents and Settings\ty.MICHAEL\桌面\v06\tc\images\minor\title_01.gif --> www.surgical.hk /public_html/tc/images/minor title_01.gif
110.07.30 14:18 B C:\Documents and Settings\ty.MICHAEL\桌面\v06\tc\images\minor\title_02.gif --> www.surgical.hk /public_html/tc/images/minor title_02.gif
110.07.30 14:18 B C:\Documents and Settings\ty.MICHAEL\桌面\v06\tc\images\minor\title_03.gif --> www.surgical.hk /public_html/tc/images/minor title_03.gif
110.07.30 14:18 B C:\Documents and Settings\ty.MICHAEL\桌面\v06\tc\images\minor\title_04.gif --> www.surgical.hk /public_html/tc/images/minor title_04.gif
110.07.30 14:18 B C:\Documents and Settings\ty.MICHAEL\桌面\v06\tc\images\minor\title_05.gif --> www.surgical.hk /public_html/tc/images/minor title_05.gif
110.07.30 14:18 B C:\Documents and Settings\ty.MICHAEL\桌面\v06\tc\images\minor\title_main.gif --> www.surgical.hk /public_html/tc/images/minor title_main.gif
110.11.08 16:12 B C:\Documents and Settings\michael\桌面\surgical\images\minor\WS_FTP.LOG <-- surgical /public_html/tc/images/minor WS_FTP.LOG
110.11.08 17:33 B C:\Documents and Settings\michael\桌面\surgical\images\minor\banner.jpg --> www.surgical.hk /public_html/tc/images/minor banner.jpg
110.11.08 17:33 B C:\Documents and Settings\michael\桌面\surgical\images\minor\banner_bak.jpg --> www.surgical.hk /public_html/tc/images/minor banner_bak.jpg
110.11.08 17:33 B C:\Documents and Settings\michael\桌面\surgical\images\minor\btn1.gif --> www.surgical.hk /public_html/tc/images/minor btn1.gif
110.11.08 17:33 B C:\Documents and Settings\michael\桌面\surgical\images\minor\btn2.gif --> www.surgical.hk /public_html/tc/images/minor btn2.gif
110.11.08 17:33 B C:\Documents and Settings\michael\桌面\surgical\images\minor\btn3.gif --> www.surgical.hk /public_html/tc/images/minor btn3.gif
110.11.08 17:33 B C:\Documents and Settings\michael\桌面\surgical\images\minor\btn4.gif --> www.surgical.hk /public_html/tc/images/minor btn4.gif
110.11.08 17:33 B C:\Documents and Settings\michael\桌面\surgical\images\minor\btn4_over.gif --> www.surgical.hk /public_html/tc/images/minor btn4_over.gif
110.11.08 17:33 B C:\Documents and Settings\michael\桌面\surgical\images\minor\CHM.jpg --> www.surgical.hk /public_html/tc/images/minor CHM.jpg
110.11.08 17:33 B C:\Documents and Settings\michael\桌面\surgical\images\minor\img01.jpg --> www.surgical.hk /public_html/tc/images/minor img01.jpg
110.11.08 17:33 B C:\Documents and Settings\michael\桌面\surgical\images\minor\img02.jpg --> www.surgical.hk /public_html/tc/images/minor img02.jpg
110.11.08 17:33 B C:\Documents and Settings\michael\桌面\surgical\images\minor\img03.jpg --> www.surgical.hk /public_html/tc/images/minor img03.jpg
110.11.08 17:33 B C:\Documents and Settings\michael\桌面\surgical\images\minor\img04.jpg --> www.surgical.hk /public_html/tc/images/minor img04.jpg
110.11.08 17:33 B C:\Documents and Settings\michael\桌面\surgical\images\minor\img05.jpg --> www.surgical.hk /public_html/tc/images/minor img05.jpg
110.11.08 17:33 B C:\Documents and Settings\michael\桌面\surgical\images\minor\Thumbs.db --> www.surgical.hk /public_html/tc/images/minor Thumbs.db
110.11.08 17:33 B C:\Documents and Settings\michael\桌面\surgical\images\minor\title_01.gif --> www.surgical.hk /public_html/tc/images/minor title_01.gif
110.11.08 17:33 B C:\Documents and Settings\michael\桌面\surgical\images\minor\title_02.gif --> www.surgical.hk /public_html/tc/images/minor title_02.gif
110.11.08 17:33 B C:\Documents and Settings\michael\桌面\surgical\images\minor\title_03.gif --> www.surgical.hk /public_html/tc/images/minor title_03.gif
110.11.08 17:33 B C:\Documents and Settings\michael\桌面\surgical\images\minor\title_04.gif --> www.surgical.hk /public_html/tc/images/minor title_04.gif
110.11.08 17:33 B C:\Documents and Settings\michael\桌面\surgical\images\minor\title_05.gif --> www.surgical.hk /public_html/tc/images/minor title_05.gif
110.11.08 17:33 B C:\Documents and Settings\michael\桌面\surgical\images\minor\title_06.gif --> www.surgical.hk /public_html/tc/images/minor title_06.gif
110.11.08 17:33 B C:\Documents and Settings\michael\桌面\surgical\images\minor\title_main.gif --> www.surgical.hk /public_html/tc/images/minor title_main.gif
110.12.18 17:23 B C:\Documents and Settings\michael\桌面\surgical Web\images\minor\WS_FTP.LOG <-- surgical /public_html/tc/images/minor WS_FTP.LOG
110.12.29 11:35 B C:\Documents and Settings\michael\桌面\v08\tc\images\minor\banner.jpg --> www.surgical.hk /public_html/tc/images/minor banner.jpg
110.12.29 11:35 B C:\Documents and Settings\michael\桌面\v08\tc\images\minor\banner_bak.jpg --> www.surgical.hk /public_html/tc/images/minor banner_bak.jpg
110.12.29 11:35 B C:\Documents and Settings\michael\桌面\v08\tc\images\minor\btn1.gif --> www.surgical.hk /public_html/tc/images/minor btn1.gif
110.12.29 11:35 B C:\Documents and Settings\michael\桌面\v08\tc\images\minor\btn2.gif --> www.surgical.hk /public_html/tc/images/minor btn2.gif
110.12.29 11:35 B C:\Documents and Settings\michael\桌面\v08\tc\images\minor\btn3.gif --> www.surgical.hk /public_html/tc/images/minor btn3.gif
110.12.29 11:35 B C:\Documents and Settings\michael\桌面\v08\tc\images\minor\btn4.gif --> www.surgical.hk /public_html/tc/images/minor btn4.gif
110.12.29 11:35 B C:\Documents and Settings\michael\桌面\v08\tc\images\minor\btn4_over.gif --> www.surgical.hk /public_html/tc/images/minor btn4_over.gif
110.12.29 11:35 B C:\Documents and Settings\michael\桌面\v08\tc\images\minor\CHM.jpg --> www.surgical.hk /public_html/tc/images/minor CHM.jpg
110.12.29 11:35 B C:\Documents and Settings\michael\桌面\v08\tc\images\minor\img01.jpg --> www.surgical.hk /public_html/tc/images/minor img01.jpg
110.12.29 11:35 B C:\Documents and Settings\michael\桌面\v08\tc\images\minor\img02.jpg --> www.surgical.hk /public_html/tc/images/minor img02.jpg
110.12.29 11:35 B C:\Documents and Settings\michael\桌面\v08\tc\images\minor\img03.jpg --> www.surgical.hk /public_html/tc/images/minor img03.jpg
110.12.29 11:35 B C:\Documents and Settings\michael\桌面\v08\tc\images\minor\img04.jpg --> www.surgical.hk /public_html/tc/images/minor img04.jpg
110.12.29 11:35 B C:\Documents and Settings\michael\桌面\v08\tc\images\minor\img05.jpg --> www.surgical.hk /public_html/tc/images/minor img05.jpg
110.12.29 11:35 B C:\Documents and Settings\michael\桌面\v08\tc\images\minor\Thumbs.db --> www.surgical.hk /public_html/tc/images/minor Thumbs.db
110.12.29 11:35 B C:\Documents and Settings\michael\桌面\v08\tc\images\minor\title_01.gif --> www.surgical.hk /public_html/tc/images/minor title_01.gif
110.12.29 11:35 B C:\Documents and Settings\michael\桌面\v08\tc\images\minor\title_02.gif --> www.surgical.hk /public_html/tc/images/minor title_02.gif
110.12.29 11:35 B C:\Documents and Settings\michael\桌面\v08\tc\images\minor\title_03.gif --> www.surgical.hk /public_html/tc/images/minor title_03.gif
110.12.29 11:35 B C:\Documents and Settings\michael\桌面\v08\tc\images\minor\title_04.gif --> www.surgical.hk /public_html/tc/images/minor title_04.gif
110.12.29 11:35 B C:\Documents and Settings\michael\桌面\v08\tc\images\minor\title_05.gif --> www.surgical.hk /public_html/tc/images/minor title_05.gif
110.12.29 11:35 B C:\Documents and Settings\michael\桌面\v08\tc\images\minor\title_06.gif --> www.surgical.hk /public_html/tc/images/minor title_06.gif
110.12.29 11:35 B C:\Documents and Settings\michael\桌面\v08\tc\images\minor\title_main.gif --> www.surgical.hk /public_html/tc/images/minor title_main.gif
110.12.29 11:35 B C:\Documents and Settings\michael\桌面\v08\tc\images\minor\WS_FTP.LOG --> www.surgical.hk /public_html/tc/images/minor WS_FTP.LOG
111.04.30 19:46 B E:\WEB\Surgical ForeSkin\NOW\surgical Now\tc\images\minor\banner.jpg --> www.surgical.hk /public_html/tc/images/minor banner.jpg
111.04.30 19:46 B E:\WEB\Surgical ForeSkin\NOW\surgical Now\tc\images\minor\banner_bak.jpg --> www.surgical.hk /public_html/tc/images/minor banner_bak.jpg
111.04.30 19:46 B E:\WEB\Surgical ForeSkin\NOW\surgical Now\tc\images\minor\btn1.gif --> www.surgical.hk /public_html/tc/images/minor btn1.gif
111.04.30 19:46 B E:\WEB\Surgical ForeSkin\NOW\surgical Now\tc\images\minor\btn2.gif --> www.surgical.hk /public_html/tc/images/minor btn2.gif
111.04.30 19:46 B E:\WEB\Surgical ForeSkin\NOW\surgical Now\tc\images\minor\btn3.gif --> www.surgical.hk /public_html/tc/images/minor btn3.gif
111.04.30 19:46 B E:\WEB\Surgical ForeSkin\NOW\surgical Now\tc\images\minor\btn4.gif --> www.surgical.hk /public_html/tc/images/minor btn4.gif
111.04.30 19:46 B E:\WEB\Surgical ForeSkin\NOW\surgical Now\tc\images\minor\btn4_over.gif --> www.surgical.hk /public_html/tc/images/minor btn4_over.gif
111.04.30 19:46 B E:\WEB\Surgical ForeSkin\NOW\surgical Now\tc\images\minor\CHM.jpg --> www.surgical.hk /public_html/tc/images/minor CHM.jpg
111.04.30 19:46 B E:\WEB\Surgical ForeSkin\NOW\surgical Now\tc\images\minor\img01.jpg --> www.surgical.hk /public_html/tc/images/minor img01.jpg
111.04.30 19:46 B E:\WEB\Surgical ForeSkin\NOW\surgical Now\tc\images\minor\img02.jpg --> www.surgical.hk /public_html/tc/images/minor img02.jpg
111.04.30 19:46 B E:\WEB\Surgical ForeSkin\NOW\surgical Now\tc\images\minor\img03.jpg --> www.surgical.hk /public_html/tc/images/minor img03.jpg
111.04.30 19:46 B E:\WEB\Surgical ForeSkin\NOW\surgical Now\tc\images\minor\img04.jpg --> www.surgical.hk /public_html/tc/images/minor img04.jpg
111.04.30 19:46 B E:\WEB\Surgical ForeSkin\NOW\surgical Now\tc\images\minor\img05.jpg --> www.surgical.hk /public_html/tc/images/minor img05.jpg
111.04.30 19:46 B E:\WEB\Surgical ForeSkin\NOW\surgical Now\tc\images\minor\Thumbs.db --> www.surgical.hk /public_html/tc/images/minor Thumbs.db
111.04.30 19:46 B E:\WEB\Surgical ForeSkin\NOW\surgical Now\tc\images\minor\title_01.gif --> www.surgical.hk /public_html/tc/images/minor title_01.gif
111.04.30 19:46 B E:\WEB\Surgical ForeSkin\NOW\surgical Now\tc\images\minor\title_02.gif --> www.surgical.hk /public_html/tc/images/minor title_02.gif
111.04.30 19:46 B E:\WEB\Surgical ForeSkin\NOW\surgical Now\tc\images\minor\title_03.gif --> www.surgical.hk /public_html/tc/images/minor title_03.gif
111.04.30 19:46 B E:\WEB\Surgical ForeSkin\NOW\surgical Now\tc\images\minor\title_04.gif --> www.surgical.hk /public_html/tc/images/minor title_04.gif
111.04.30 19:46 B E:\WEB\Surgical ForeSkin\NOW\surgical Now\tc\images\minor\title_05.gif --> www.surgical.hk /public_html/tc/images/minor title_05.gif
111.04.30 19:46 B E:\WEB\Surgical ForeSkin\NOW\surgical Now\tc\images\minor\title_06.gif --> www.surgical.hk /public_html/tc/images/minor title_06.gif
111.04.30 19:46 B E:\WEB\Surgical ForeSkin\NOW\surgical Now\tc\images\minor\title_main.gif --> www.surgical.hk /public_html/tc/images/minor title_main.gif
111.04.30 19:46 B E:\WEB\Surgical ForeSkin\NOW\surgical Now\tc\images\minor\WS_FTP.LOG --> www.surgical.hk /public_html/tc/images/minor WS_FTP.LOG
111.11.24 12:13 B C:\Users\Michael Win7\Desktop\v14\tc\images\minor\banner.jpg --> www.surgical.hk /public_html/tc/images/minor banner.jpg
111.11.24 12:13 B C:\Users\Michael Win7\Desktop\v14\tc\images\minor\banner_bak.jpg --> www.surgical.hk /public_html/tc/images/minor banner_bak.jpg
111.11.24 12:13 B C:\Users\Michael Win7\Desktop\v14\tc\images\minor\btn1.gif --> www.surgical.hk /public_html/tc/images/minor btn1.gif
111.11.24 12:13 B C:\Users\Michael Win7\Desktop\v14\tc\images\minor\btn2.gif --> www.surgical.hk /public_html/tc/images/minor btn2.gif
111.11.24 12:13 B C:\Users\Michael Win7\Desktop\v14\tc\images\minor\btn3.gif --> www.surgical.hk /public_html/tc/images/minor btn3.gif
111.11.24 12:13 B C:\Users\Michael Win7\Desktop\v14\tc\images\minor\btn4.gif --> www.surgical.hk /public_html/tc/images/minor btn4.gif
111.11.24 12:13 B C:\Users\Michael Win7\Desktop\v14\tc\images\minor\btn4_over.gif --> www.surgical.hk /public_html/tc/images/minor btn4_over.gif
111.11.24 12:13 B C:\Users\Michael Win7\Desktop\v14\tc\images\minor\CHM.jpg --> www.surgical.hk /public_html/tc/images/minor CHM.jpg
111.11.24 12:13 B C:\Users\Michael Win7\Desktop\v14\tc\images\minor\img01.jpg --> www.surgical.hk /public_html/tc/images/minor img01.jpg
111.11.24 12:13 B C:\Users\Michael Win7\Desktop\v14\tc\images\minor\img02.jpg --> www.surgical.hk /public_html/tc/images/minor img02.jpg
111.11.24 12:13 B C:\Users\Michael Win7\Desktop\v14\tc\images\minor\img03.jpg --> www.surgical.hk /public_html/tc/images/minor img03.jpg
111.11.24 12:13 B C:\Users\Michael Win7\Desktop\v14\tc\images\minor\img04.jpg --> www.surgical.hk /public_html/tc/images/minor img04.jpg
111.11.24 12:13 B C:\Users\Michael Win7\Desktop\v14\tc\images\minor\img05.jpg --> www.surgical.hk /public_html/tc/images/minor img05.jpg
111.11.24 12:13 B C:\Users\Michael Win7\Desktop\v14\tc\images\minor\Thumbs.db --> www.surgical.hk /public_html/tc/images/minor Thumbs.db
111.11.24 12:13 B C:\Users\Michael Win7\Desktop\v14\tc\images\minor\title_01.gif --> www.surgical.hk /public_html/tc/images/minor title_01.gif
111.11.24 12:13 B C:\Users\Michael Win7\Desktop\v14\tc\images\minor\title_02.gif --> www.surgical.hk /public_html/tc/images/minor title_02.gif
111.11.24 12:13 B C:\Users\Michael Win7\Desktop\v14\tc\images\minor\title_03.gif --> www.surgical.hk /public_html/tc/images/minor title_03.gif
111.11.24 12:13 B C:\Users\Michael Win7\Desktop\v14\tc\images\minor\title_04.gif --> www.surgical.hk /public_html/tc/images/minor title_04.gif
111.11.24 12:13 B C:\Users\Michael Win7\Desktop\v14\tc\images\minor\title_05.gif --> www.surgical.hk /public_html/tc/images/minor title_05.gif
111.11.24 12:13 B C:\Users\Michael Win7\Desktop\v14\tc\images\minor\title_06.gif --> www.surgical.hk /public_html/tc/images/minor title_06.gif
111.11.24 12:13 B C:\Users\Michael Win7\Desktop\v14\tc\images\minor\title_main.gif --> www.surgical.hk /public_html/tc/images/minor title_main.gif
111.11.24 12:13 B C:\Users\Michael Win7\Desktop\v14\tc\images\minor\WS_FTP.LOG --> www.surgical.hk /public_html/tc/images/minor WS_FTP.LOG
111.11.25 11:48 B C:\Users\Michael Win7\Documents\web\Surgical ForeSkin\NOW\surgical Now\tc\images\minor\banner.jpg --> www.jaf.hk /public_html/sur/tc/images/minor banner.jpg
111.11.25 11:48 B C:\Users\Michael Win7\Documents\web\Surgical ForeSkin\NOW\surgical Now\tc\images\minor\banner_bak.jpg --> www.jaf.hk /public_html/sur/tc/images/minor banner_bak.jpg
111.11.25 11:48 B C:\Users\Michael Win7\Documents\web\Surgical ForeSkin\NOW\surgical Now\tc\images\minor\btn1.gif --> www.jaf.hk /public_html/sur/tc/images/minor btn1.gif
111.11.25 11:48 B C:\Users\Michael Win7\Documents\web\Surgical ForeSkin\NOW\surgical Now\tc\images\minor\btn2.gif --> www.jaf.hk /public_html/sur/tc/images/minor btn2.gif
111.11.25 11:48 B C:\Users\Michael Win7\Documents\web\Surgical ForeSkin\NOW\surgical Now\tc\images\minor\btn3.gif --> www.jaf.hk /public_html/sur/tc/images/minor btn3.gif
111.11.25 11:48 B C:\Users\Michael Win7\Documents\web\Surgical ForeSkin\NOW\surgical Now\tc\images\minor\btn4.gif --> www.jaf.hk /public_html/sur/tc/images/minor btn4.gif
111.11.25 11:48 B C:\Users\Michael Win7\Documents\web\Surgical ForeSkin\NOW\surgical Now\tc\images\minor\btn4_over.gif --> www.jaf.hk /public_html/sur/tc/images/minor btn4_over.gif
111.11.25 11:48 B C:\Users\Michael Win7\Documents\web\Surgical ForeSkin\NOW\surgical Now\tc\images\minor\CHM.jpg --> www.jaf.hk /public_html/sur/tc/images/minor CHM.jpg
111.11.25 11:48 B C:\Users\Michael Win7\Documents\web\Surgical ForeSkin\NOW\surgical Now\tc\images\minor\img01.jpg --> www.jaf.hk /public_html/sur/tc/images/minor img01.jpg
111.11.25 11:48 B C:\Users\Michael Win7\Documents\web\Surgical ForeSkin\NOW\surgical Now\tc\images\minor\img02.jpg --> www.jaf.hk /public_html/sur/tc/images/minor img02.jpg
111.11.25 11:48 B C:\Users\Michael Win7\Documents\web\Surgical ForeSkin\NOW\surgical Now\tc\images\minor\img03.jpg --> www.jaf.hk /public_html/sur/tc/images/minor img03.jpg
111.11.25 11:48 B C:\Users\Michael Win7\Documents\web\Surgical ForeSkin\NOW\surgical Now\tc\images\minor\img04.jpg --> www.jaf.hk /public_html/sur/tc/images/minor img04.jpg
111.11.25 11:48 B C:\Users\Michael Win7\Documents\web\Surgical ForeSkin\NOW\surgical Now\tc\images\minor\img05.jpg --> www.jaf.hk /public_html/sur/tc/images/minor img05.jpg
111.11.25 11:48 B C:\Users\Michael Win7\Documents\web\Surgical ForeSkin\NOW\surgical Now\tc\images\minor\Thumbs.db --> www.jaf.hk /public_html/sur/tc/images/minor Thumbs.db
111.11.25 11:48 B C:\Users\Michael Win7\Documents\web\Surgical ForeSkin\NOW\surgical Now\tc\images\minor\title_01.gif --> www.jaf.hk /public_html/sur/tc/images/minor title_01.gif
111.11.25 11:48 B C:\Users\Michael Win7\Documents\web\Surgical ForeSkin\NOW\surgical Now\tc\images\minor\title_02.gif --> www.jaf.hk /public_html/sur/tc/images/minor title_02.gif
111.11.25 11:48 B C:\Users\Michael Win7\Documents\web\Surgical ForeSkin\NOW\surgical Now\tc\images\minor\title_03.gif --> www.jaf.hk /public_html/sur/tc/images/minor title_03.gif
111.11.25 11:48 B C:\Users\Michael Win7\Documents\web\Surgical ForeSkin\NOW\surgical Now\tc\images\minor\title_04.gif --> www.jaf.hk /public_html/sur/tc/images/minor title_04.gif
111.11.25 11:48 B C:\Users\Michael Win7\Documents\web\Surgical ForeSkin\NOW\surgical Now\tc\images\minor\title_05.gif --> www.jaf.hk /public_html/sur/tc/images/minor title_05.gif
111.11.25 11:48 B C:\Users\Michael Win7\Documents\web\Surgical ForeSkin\NOW\surgical Now\tc\images\minor\title_06.gif --> www.jaf.hk /public_html/sur/tc/images/minor title_06.gif
111.11.25 11:48 B C:\Users\Michael Win7\Documents\web\Surgical ForeSkin\NOW\surgical Now\tc\images\minor\title_main.gif --> www.jaf.hk /public_html/sur/tc/images/minor title_main.gif
111.11.25 11:48 B C:\Users\Michael Win7\Documents\web\Surgical ForeSkin\NOW\surgical Now\tc\images\minor\WS_FTP.LOG --> www.jaf.hk /public_html/sur/tc/images/minor WS_FTP.LOG
111.12.29 11:57 B C:\Users\Michael Win7\Desktop\surgical  三項circum\surgical_now\tc\images\minor\banner.jpg --> www.surgical.hk /public_html/tc/images/minor banner.jpg
111.12.29 11:57 B C:\Users\Michael Win7\Desktop\surgical  三項circum\surgical_now\tc\images\minor\banner_bak.jpg --> www.surgical.hk /public_html/tc/images/minor banner_bak.jpg
111.12.29 11:57 B C:\Users\Michael Win7\Desktop\surgical  三項circum\surgical_now\tc\images\minor\btn1.gif --> www.surgical.hk /public_html/tc/images/minor btn1.gif
111.12.29 11:57 B C:\Users\Michael Win7\Desktop\surgical  三項circum\surgical_now\tc\images\minor\btn2.gif --> www.surgical.hk /public_html/tc/images/minor btn2.gif
111.12.29 11:57 B C:\Users\Michael Win7\Desktop\surgical  三項circum\surgical_now\tc\images\minor\btn3.gif --> www.surgical.hk /public_html/tc/images/minor btn3.gif
111.12.29 11:57 B C:\Users\Michael Win7\Desktop\surgical  三項circum\surgical_now\tc\images\minor\btn4.gif --> www.surgical.hk /public_html/tc/images/minor btn4.gif
111.12.29 11:57 B C:\Users\Michael Win7\Desktop\surgical  三項circum\surgical_now\tc\images\minor\btn4_over.gif --> www.surgical.hk /public_html/tc/images/minor btn4_over.gif
111.12.29 11:57 B C:\Users\Michael Win7\Desktop\surgical  三項circum\surgical_now\tc\images\minor\CHM.jpg --> www.surgical.hk /public_html/tc/images/minor CHM.jpg
111.12.29 11:57 B C:\Users\Michael Win7\Desktop\surgical  三項circum\surgical_now\tc\images\minor\img01.jpg --> www.surgical.hk /public_html/tc/images/minor img01.jpg
111.12.29 11:57 B C:\Users\Michael Win7\Desktop\surgical  三項circum\surgical_now\tc\images\minor\img02.jpg --> www.surgical.hk /public_html/tc/images/minor img02.jpg
111.12.29 11:57 B C:\Users\Michael Win7\Desktop\surgical  三項circum\surgical_now\tc\images\minor\img03.jpg --> www.surgical.hk /public_html/tc/images/minor img03.jpg
111.12.29 11:57 B C:\Users\Michael Win7\Desktop\surgical  三項circum\surgical_now\tc\images\minor\img04.jpg --> www.surgical.hk /public_html/tc/images/minor img04.jpg
111.12.29 11:57 B C:\Users\Michael Win7\Desktop\surgical  三項circum\surgical_now\tc\images\minor\img05.jpg --> www.surgical.hk /public_html/tc/images/minor img05.jpg
111.12.29 11:57 B C:\Users\Michael Win7\Desktop\surgical  三項circum\surgical_now\tc\images\minor\Thumbs.db --> www.surgical.hk /public_html/tc/images/minor Thumbs.db
111.12.29 11:57 B C:\Users\Michael Win7\Desktop\surgical  三項circum\surgical_now\tc\images\minor\title_01.gif --> www.surgical.hk /public_html/tc/images/minor title_01.gif
111.12.29 11:57 B C:\Users\Michael Win7\Desktop\surgical  三項circum\surgical_now\tc\images\minor\title_02.gif --> www.surgical.hk /public_html/tc/images/minor title_02.gif
111.12.29 11:57 B C:\Users\Michael Win7\Desktop\surgical  三項circum\surgical_now\tc\images\minor\title_03.gif --> www.surgical.hk /public_html/tc/images/minor title_03.gif
111.12.29 11:57 B C:\Users\Michael Win7\Desktop\surgical  三項circum\surgical_now\tc\images\minor\title_04.gif --> www.surgical.hk /public_html/tc/images/minor title_04.gif
111.12.29 11:57 B C:\Users\Michael Win7\Desktop\surgical  三項circum\surgical_now\tc\images\minor\title_05.gif --> www.surgical.hk /public_html/tc/images/minor title_05.gif
111.12.29 11:57 B C:\Users\Michael Win7\Desktop\surgical  三項circum\surgical_now\tc\images\minor\title_06.gif --> www.surgical.hk /public_html/tc/images/minor title_06.gif
111.12.29 11:57 B C:\Users\Michael Win7\Desktop\surgical  三項circum\surgical_now\tc\images\minor\title_main.gif --> www.surgical.hk /public_html/tc/images/minor title_main.gif
111.12.29 11:57 B C:\Users\Michael Win7\Desktop\surgical  三項circum\surgical_now\tc\images\minor\WS_FTP.LOG --> www.surgical.hk /public_html/tc/images/minor WS_FTP.LOG
111.12.29 12:04 B C:\Users\Michael Win7\Desktop\surgical  三項circum\surgical_now\tc\images\minor\banner.jpg --> www.surgical.hk /public_html/tc/images/minor banner.jpg
111.12.29 12:04 B C:\Users\Michael Win7\Desktop\surgical  三項circum\surgical_now\tc\images\minor\banner_bak.jpg --> www.surgical.hk /public_html/tc/images/minor banner_bak.jpg
111.12.29 12:04 B C:\Users\Michael Win7\Desktop\surgical  三項circum\surgical_now\tc\images\minor\btn1.gif --> www.surgical.hk /public_html/tc/images/minor btn1.gif
111.12.29 12:04 B C:\Users\Michael Win7\Desktop\surgical  三項circum\surgical_now\tc\images\minor\btn2.gif --> www.surgical.hk /public_html/tc/images/minor btn2.gif
111.12.29 12:04 B C:\Users\Michael Win7\Desktop\surgical  三項circum\surgical_now\tc\images\minor\btn3.gif --> www.surgical.hk /public_html/tc/images/minor btn3.gif
111.12.29 12:04 B C:\Users\Michael Win7\Desktop\surgical  三項circum\surgical_now\tc\images\minor\btn4.gif --> www.surgical.hk /public_html/tc/images/minor btn4.gif
111.12.29 12:04 B C:\Users\Michael Win7\Desktop\surgical  三項circum\surgical_now\tc\images\minor\btn4_over.gif --> www.surgical.hk /public_html/tc/images/minor btn4_over.gif
111.12.29 12:04 B C:\Users\Michael Win7\Desktop\surgical  三項circum\surgical_now\tc\images\minor\CHM.jpg --> www.surgical.hk /public_html/tc/images/minor CHM.jpg
111.12.29 12:04 B C:\Users\Michael Win7\Desktop\surgical  三項circum\surgical_now\tc\images\minor\img01.jpg --> www.surgical.hk /public_html/tc/images/minor img01.jpg
111.12.29 12:04 B C:\Users\Michael Win7\Desktop\surgical  三項circum\surgical_now\tc\images\minor\img02.jpg --> www.surgical.hk /public_html/tc/images/minor img02.jpg
111.12.29 12:04 B C:\Users\Michael Win7\Desktop\surgical  三項circum\surgical_now\tc\images\minor\img03.jpg --> www.surgical.hk /public_html/tc/images/minor img03.jpg
111.12.29 12:04 B C:\Users\Michael Win7\Desktop\surgical  三項circum\surgical_now\tc\images\minor\img04.jpg --> www.surgical.hk /public_html/tc/images/minor img04.jpg
111.12.29 12:04 B C:\Users\Michael Win7\Desktop\surgical  三項circum\surgical_now\tc\images\minor\img05.jpg --> www.surgical.hk /public_html/tc/images/minor img05.jpg
111.12.29 12:04 B C:\Users\Michael Win7\Desktop\surgical  三項circum\surgical_now\tc\images\minor\Thumbs.db --> www.surgical.hk /public_html/tc/images/minor Thumbs.db
111.12.29 12:04 B C:\Users\Michael Win7\Desktop\surgical  三項circum\surgical_now\tc\images\minor\title_01.gif --> www.surgical.hk /public_html/tc/images/minor title_01.gif
111.12.29 12:04 B C:\Users\Michael Win7\Desktop\surgical  三項circum\surgical_now\tc\images\minor\title_02.gif --> www.surgical.hk /public_html/tc/images/minor title_02.gif
111.12.29 12:04 B C:\Users\Michael Win7\Desktop\surgical  三項circum\surgical_now\tc\images\minor\title_03.gif --> www.surgical.hk /public_html/tc/images/minor title_03.gif
111.12.29 12:04 B C:\Users\Michael Win7\Desktop\surgical  三項circum\surgical_now\tc\images\minor\title_04.gif --> www.surgical.hk /public_html/tc/images/minor title_04.gif
111.12.29 12:04 B C:\Users\Michael Win7\Desktop\surgical  三項circum\surgical_now\tc\images\minor\title_05.gif --> www.surgical.hk /public_html/tc/images/minor title_05.gif
111.12.29 12:04 B C:\Users\Michael Win7\Desktop\surgical  三項circum\surgical_now\tc\images\minor\title_06.gif --> www.surgical.hk /public_html/tc/images/minor title_06.gif
111.12.29 12:04 B C:\Users\Michael Win7\Desktop\surgical  三項circum\surgical_now\tc\images\minor\title_main.gif --> www.surgical.hk /public_html/tc/images/minor title_main.gif
