110.07.30 11:37 B C:\Documents and Settings\ty.MICHAEL\桌面\v06\tc\images\ref\banner.jpg --> www.surgical.hk /public_html/f/tc/images/ref banner.jpg
110.07.30 11:37 B C:\Documents and Settings\ty.MICHAEL\桌面\v06\tc\images\ref\banner_bak.jpg --> www.surgical.hk /public_html/f/tc/images/ref banner_bak.jpg
110.07.30 11:37 B C:\Documents and Settings\ty.MICHAEL\桌面\v06\tc\images\ref\Thumbs.db --> www.surgical.hk /public_html/f/tc/images/ref Thumbs.db
110.07.30 11:37 B C:\Documents and Settings\ty.MICHAEL\桌面\v06\tc\images\ref\title_01.jpg --> www.surgical.hk /public_html/f/tc/images/ref title_01.jpg
110.07.30 12:07 B C:\Documents and Settings\ty.MICHAEL\桌面\v06\tc\images\ref\banner.jpg --> www.surgical.hk /public_html/tc/images/ref banner.jpg
110.07.30 12:07 B C:\Documents and Settings\ty.MICHAEL\桌面\v06\tc\images\ref\banner_bak.jpg --> www.surgical.hk /public_html/tc/images/ref banner_bak.jpg
110.07.30 12:07 B C:\Documents and Settings\ty.MICHAEL\桌面\v06\tc\images\ref\Thumbs.db --> www.surgical.hk /public_html/tc/images/ref Thumbs.db
110.07.30 12:07 B C:\Documents and Settings\ty.MICHAEL\桌面\v06\tc\images\ref\title_01.jpg --> www.surgical.hk /public_html/tc/images/ref title_01.jpg
110.07.30 12:07 B C:\Documents and Settings\ty.MICHAEL\桌面\v06\tc\images\ref\WS_FTP.LOG --> www.surgical.hk /public_html/tc/images/ref WS_FTP.LOG
110.07.30 14:18 B C:\Documents and Settings\ty.MICHAEL\桌面\v06\tc\images\ref\banner.jpg --> www.surgical.hk /public_html/tc/images/ref banner.jpg
110.07.30 14:18 B C:\Documents and Settings\ty.MICHAEL\桌面\v06\tc\images\ref\banner_bak.jpg --> www.surgical.hk /public_html/tc/images/ref banner_bak.jpg
110.07.30 14:18 B C:\Documents and Settings\ty.MICHAEL\桌面\v06\tc\images\ref\Thumbs.db --> www.surgical.hk /public_html/tc/images/ref Thumbs.db
110.07.30 14:18 B C:\Documents and Settings\ty.MICHAEL\桌面\v06\tc\images\ref\title_01.jpg --> www.surgical.hk /public_html/tc/images/ref title_01.jpg
110.11.08 16:12 B C:\Documents and Settings\michael\桌面\surgical\images\ref\WS_FTP.LOG <-- surgical /public_html/tc/images/ref WS_FTP.LOG
110.11.08 17:33 B C:\Documents and Settings\michael\桌面\surgical\images\ref\banner.jpg --> www.surgical.hk /public_html/tc/images/ref banner.jpg
110.11.08 17:33 B C:\Documents and Settings\michael\桌面\surgical\images\ref\banner_bak.jpg --> www.surgical.hk /public_html/tc/images/ref banner_bak.jpg
110.11.08 17:33 B C:\Documents and Settings\michael\桌面\surgical\images\ref\Thumbs.db --> www.surgical.hk /public_html/tc/images/ref Thumbs.db
110.11.08 17:33 B C:\Documents and Settings\michael\桌面\surgical\images\ref\title_01.jpg --> www.surgical.hk /public_html/tc/images/ref title_01.jpg
110.12.18 17:23 B C:\Documents and Settings\michael\桌面\surgical Web\images\ref\WS_FTP.LOG <-- surgical /public_html/tc/images/ref WS_FTP.LOG
110.12.29 11:35 B C:\Documents and Settings\michael\桌面\v08\tc\images\ref\banner.jpg --> www.surgical.hk /public_html/tc/images/ref banner.jpg
110.12.29 11:35 B C:\Documents and Settings\michael\桌面\v08\tc\images\ref\banner_bak.jpg --> www.surgical.hk /public_html/tc/images/ref banner_bak.jpg
110.12.29 11:35 B C:\Documents and Settings\michael\桌面\v08\tc\images\ref\Thumbs.db --> www.surgical.hk /public_html/tc/images/ref Thumbs.db
110.12.29 11:35 B C:\Documents and Settings\michael\桌面\v08\tc\images\ref\title_01.jpg --> www.surgical.hk /public_html/tc/images/ref title_01.jpg
110.12.29 11:35 B C:\Documents and Settings\michael\桌面\v08\tc\images\ref\WS_FTP.LOG --> www.surgical.hk /public_html/tc/images/ref WS_FTP.LOG
111.04.30 19:46 B E:\WEB\Surgical ForeSkin\NOW\surgical Now\tc\images\ref\banner.jpg --> www.surgical.hk /public_html/tc/images/ref banner.jpg
111.04.30 19:46 B E:\WEB\Surgical ForeSkin\NOW\surgical Now\tc\images\ref\banner_bak.jpg --> www.surgical.hk /public_html/tc/images/ref banner_bak.jpg
111.04.30 19:46 B E:\WEB\Surgical ForeSkin\NOW\surgical Now\tc\images\ref\Thumbs.db --> www.surgical.hk /public_html/tc/images/ref Thumbs.db
111.04.30 19:46 B E:\WEB\Surgical ForeSkin\NOW\surgical Now\tc\images\ref\title_01.jpg --> www.surgical.hk /public_html/tc/images/ref title_01.jpg
111.04.30 19:46 B E:\WEB\Surgical ForeSkin\NOW\surgical Now\tc\images\ref\WS_FTP.LOG --> www.surgical.hk /public_html/tc/images/ref WS_FTP.LOG
111.11.24 12:13 B C:\Users\Michael Win7\Desktop\v14\tc\images\ref\banner.jpg --> www.surgical.hk /public_html/tc/images/ref banner.jpg
111.11.24 12:13 B C:\Users\Michael Win7\Desktop\v14\tc\images\ref\banner_bak.jpg --> www.surgical.hk /public_html/tc/images/ref banner_bak.jpg
111.11.24 12:13 B C:\Users\Michael Win7\Desktop\v14\tc\images\ref\Thumbs.db --> www.surgical.hk /public_html/tc/images/ref Thumbs.db
111.11.24 12:13 B C:\Users\Michael Win7\Desktop\v14\tc\images\ref\title_01.jpg --> www.surgical.hk /public_html/tc/images/ref title_01.jpg
111.11.24 12:13 B C:\Users\Michael Win7\Desktop\v14\tc\images\ref\WS_FTP.LOG --> www.surgical.hk /public_html/tc/images/ref WS_FTP.LOG
111.11.25 11:48 B C:\Users\Michael Win7\Documents\web\Surgical ForeSkin\NOW\surgical Now\tc\images\ref\banner.jpg --> www.jaf.hk /public_html/sur/tc/images/ref banner.jpg
111.11.25 11:48 B C:\Users\Michael Win7\Documents\web\Surgical ForeSkin\NOW\surgical Now\tc\images\ref\banner_bak.jpg --> www.jaf.hk /public_html/sur/tc/images/ref banner_bak.jpg
111.11.25 11:48 B C:\Users\Michael Win7\Documents\web\Surgical ForeSkin\NOW\surgical Now\tc\images\ref\Thumbs.db --> www.jaf.hk /public_html/sur/tc/images/ref Thumbs.db
111.11.25 11:48 B C:\Users\Michael Win7\Documents\web\Surgical ForeSkin\NOW\surgical Now\tc\images\ref\title_01.jpg --> www.jaf.hk /public_html/sur/tc/images/ref title_01.jpg
111.11.25 11:48 B C:\Users\Michael Win7\Documents\web\Surgical ForeSkin\NOW\surgical Now\tc\images\ref\WS_FTP.LOG --> www.jaf.hk /public_html/sur/tc/images/ref WS_FTP.LOG
111.12.29 11:57 B C:\Users\Michael Win7\Desktop\surgical  三項circum\surgical_now\tc\images\ref\banner.jpg --> www.surgical.hk /public_html/tc/images/ref banner.jpg
111.12.29 11:57 B C:\Users\Michael Win7\Desktop\surgical  三項circum\surgical_now\tc\images\ref\banner_bak.jpg --> www.surgical.hk /public_html/tc/images/ref banner_bak.jpg
111.12.29 11:57 B C:\Users\Michael Win7\Desktop\surgical  三項circum\surgical_now\tc\images\ref\Thumbs.db --> www.surgical.hk /public_html/tc/images/ref Thumbs.db
111.12.29 11:57 B C:\Users\Michael Win7\Desktop\surgical  三項circum\surgical_now\tc\images\ref\title_01.jpg --> www.surgical.hk /public_html/tc/images/ref title_01.jpg
111.12.29 11:57 B C:\Users\Michael Win7\Desktop\surgical  三項circum\surgical_now\tc\images\ref\WS_FTP.LOG --> www.surgical.hk /public_html/tc/images/ref WS_FTP.LOG
111.12.29 12:04 B C:\Users\Michael Win7\Desktop\surgical  三項circum\surgical_now\tc\images\ref\banner.jpg --> www.surgical.hk /public_html/tc/images/ref banner.jpg
111.12.29 12:04 B C:\Users\Michael Win7\Desktop\surgical  三項circum\surgical_now\tc\images\ref\banner_bak.jpg --> www.surgical.hk /public_html/tc/images/ref banner_bak.jpg
111.12.29 12:04 B C:\Users\Michael Win7\Desktop\surgical  三項circum\surgical_now\tc\images\ref\Thumbs.db --> www.surgical.hk /public_html/tc/images/ref Thumbs.db
111.12.29 12:04 B C:\Users\Michael Win7\Desktop\surgical  三項circum\surgical_now\tc\images\ref\title_01.jpg --> www.surgical.hk /public_html/tc/images/ref title_01.jpg
