110.07.30 11:37 B C:\Documents and Settings\ty.MICHAEL\桌面\v06\tc\images\about\banner.jpg --> www.surgical.hk /public_html/f/tc/images/about banner.jpg
110.07.30 11:37 B C:\Documents and Settings\ty.MICHAEL\桌面\v06\tc\images\about\conimg01.jpg --> www.surgical.hk /public_html/f/tc/images/about conimg01.jpg
110.07.30 11:37 B C:\Documents and Settings\ty.MICHAEL\桌面\v06\tc\images\about\conimg02.jpg --> www.surgical.hk /public_html/f/tc/images/about conimg02.jpg
110.07.30 11:37 B C:\Documents and Settings\ty.MICHAEL\桌面\v06\tc\images\about\conimg03.jpg --> www.surgical.hk /public_html/f/tc/images/about conimg03.jpg
110.07.30 11:37 B C:\Documents and Settings\ty.MICHAEL\桌面\v06\tc\images\about\line.gif --> www.surgical.hk /public_html/f/tc/images/about line.gif
110.07.30 11:37 B C:\Documents and Settings\ty.MICHAEL\桌面\v06\tc\images\about\list_point.gif --> www.surgical.hk /public_html/f/tc/images/about list_point.gif
110.07.30 11:37 B C:\Documents and Settings\ty.MICHAEL\桌面\v06\tc\images\about\menu01.jpg --> www.surgical.hk /public_html/f/tc/images/about menu01.jpg
110.07.30 11:37 B C:\Documents and Settings\ty.MICHAEL\桌面\v06\tc\images\about\menu02.jpg --> www.surgical.hk /public_html/f/tc/images/about menu02.jpg
110.07.30 11:37 B C:\Documents and Settings\ty.MICHAEL\桌面\v06\tc\images\about\menu03.jpg --> www.surgical.hk /public_html/f/tc/images/about menu03.jpg
110.07.30 11:37 B C:\Documents and Settings\ty.MICHAEL\桌面\v06\tc\images\about\menu04.jpg --> www.surgical.hk /public_html/f/tc/images/about menu04.jpg
110.07.30 11:37 B C:\Documents and Settings\ty.MICHAEL\桌面\v06\tc\images\about\menu05.jpg --> www.surgical.hk /public_html/f/tc/images/about menu05.jpg
110.07.30 11:37 B C:\Documents and Settings\ty.MICHAEL\桌面\v06\tc\images\about\menu06.jpg --> www.surgical.hk /public_html/f/tc/images/about menu06.jpg
110.07.30 11:37 B C:\Documents and Settings\ty.MICHAEL\桌面\v06\tc\images\about\Thumbs.db --> www.surgical.hk /public_html/f/tc/images/about Thumbs.db
110.07.30 11:37 B C:\Documents and Settings\ty.MICHAEL\桌面\v06\tc\images\about\title_01.gif --> www.surgical.hk /public_html/f/tc/images/about title_01.gif
110.07.30 11:37 B C:\Documents and Settings\ty.MICHAEL\桌面\v06\tc\images\about\title_02.gif --> www.surgical.hk /public_html/f/tc/images/about title_02.gif
110.07.30 11:37 B C:\Documents and Settings\ty.MICHAEL\桌面\v06\tc\images\about\title_03.gif --> www.surgical.hk /public_html/f/tc/images/about title_03.gif
110.07.30 11:37 B C:\Documents and Settings\ty.MICHAEL\桌面\v06\tc\images\about\title_04.gif --> www.surgical.hk /public_html/f/tc/images/about title_04.gif
110.07.30 11:37 B C:\Documents and Settings\ty.MICHAEL\桌面\v06\tc\images\about\title_main.gif --> www.surgical.hk /public_html/f/tc/images/about title_main.gif
110.07.30 12:07 B C:\Documents and Settings\ty.MICHAEL\桌面\v06\tc\images\about\banner.jpg --> www.surgical.hk /public_html/tc/images/about banner.jpg
110.07.30 12:07 B C:\Documents and Settings\ty.MICHAEL\桌面\v06\tc\images\about\conimg01.jpg --> www.surgical.hk /public_html/tc/images/about conimg01.jpg
110.07.30 12:07 B C:\Documents and Settings\ty.MICHAEL\桌面\v06\tc\images\about\conimg02.jpg --> www.surgical.hk /public_html/tc/images/about conimg02.jpg
110.07.30 12:07 B C:\Documents and Settings\ty.MICHAEL\桌面\v06\tc\images\about\conimg03.jpg --> www.surgical.hk /public_html/tc/images/about conimg03.jpg
110.07.30 12:07 B C:\Documents and Settings\ty.MICHAEL\桌面\v06\tc\images\about\line.gif --> www.surgical.hk /public_html/tc/images/about line.gif
110.07.30 12:07 B C:\Documents and Settings\ty.MICHAEL\桌面\v06\tc\images\about\list_point.gif --> www.surgical.hk /public_html/tc/images/about list_point.gif
110.07.30 12:07 B C:\Documents and Settings\ty.MICHAEL\桌面\v06\tc\images\about\menu01.jpg --> www.surgical.hk /public_html/tc/images/about menu01.jpg
110.07.30 12:07 B C:\Documents and Settings\ty.MICHAEL\桌面\v06\tc\images\about\menu02.jpg --> www.surgical.hk /public_html/tc/images/about menu02.jpg
110.07.30 12:07 B C:\Documents and Settings\ty.MICHAEL\桌面\v06\tc\images\about\menu03.jpg --> www.surgical.hk /public_html/tc/images/about menu03.jpg
110.07.30 12:07 B C:\Documents and Settings\ty.MICHAEL\桌面\v06\tc\images\about\menu04.jpg --> www.surgical.hk /public_html/tc/images/about menu04.jpg
110.07.30 12:07 B C:\Documents and Settings\ty.MICHAEL\桌面\v06\tc\images\about\menu05.jpg --> www.surgical.hk /public_html/tc/images/about menu05.jpg
110.07.30 12:07 B C:\Documents and Settings\ty.MICHAEL\桌面\v06\tc\images\about\menu06.jpg --> www.surgical.hk /public_html/tc/images/about menu06.jpg
110.07.30 12:07 B C:\Documents and Settings\ty.MICHAEL\桌面\v06\tc\images\about\Thumbs.db --> www.surgical.hk /public_html/tc/images/about Thumbs.db
110.07.30 12:07 B C:\Documents and Settings\ty.MICHAEL\桌面\v06\tc\images\about\title_01.gif --> www.surgical.hk /public_html/tc/images/about title_01.gif
110.07.30 12:07 B C:\Documents and Settings\ty.MICHAEL\桌面\v06\tc\images\about\title_02.gif --> www.surgical.hk /public_html/tc/images/about title_02.gif
110.07.30 12:07 B C:\Documents and Settings\ty.MICHAEL\桌面\v06\tc\images\about\title_03.gif --> www.surgical.hk /public_html/tc/images/about title_03.gif
110.07.30 12:07 B C:\Documents and Settings\ty.MICHAEL\桌面\v06\tc\images\about\title_04.gif --> www.surgical.hk /public_html/tc/images/about title_04.gif
110.07.30 12:07 B C:\Documents and Settings\ty.MICHAEL\桌面\v06\tc\images\about\title_main.gif --> www.surgical.hk /public_html/tc/images/about title_main.gif
110.07.30 12:07 B C:\Documents and Settings\ty.MICHAEL\桌面\v06\tc\images\about\WS_FTP.LOG --> www.surgical.hk /public_html/tc/images/about WS_FTP.LOG
110.07.30 14:18 B C:\Documents and Settings\ty.MICHAEL\桌面\v06\tc\images\about\banner.jpg --> www.surgical.hk /public_html/tc/images/about banner.jpg
110.07.30 14:18 B C:\Documents and Settings\ty.MICHAEL\桌面\v06\tc\images\about\conimg01.jpg --> www.surgical.hk /public_html/tc/images/about conimg01.jpg
110.07.30 14:18 B C:\Documents and Settings\ty.MICHAEL\桌面\v06\tc\images\about\conimg02.jpg --> www.surgical.hk /public_html/tc/images/about conimg02.jpg
110.07.30 14:18 B C:\Documents and Settings\ty.MICHAEL\桌面\v06\tc\images\about\conimg03.jpg --> www.surgical.hk /public_html/tc/images/about conimg03.jpg
110.07.30 14:18 B C:\Documents and Settings\ty.MICHAEL\桌面\v06\tc\images\about\line.gif --> www.surgical.hk /public_html/tc/images/about line.gif
110.07.30 14:18 B C:\Documents and Settings\ty.MICHAEL\桌面\v06\tc\images\about\list_point.gif --> www.surgical.hk /public_html/tc/images/about list_point.gif
110.07.30 14:18 B C:\Documents and Settings\ty.MICHAEL\桌面\v06\tc\images\about\menu01.jpg --> www.surgical.hk /public_html/tc/images/about menu01.jpg
110.07.30 14:18 B C:\Documents and Settings\ty.MICHAEL\桌面\v06\tc\images\about\menu02.jpg --> www.surgical.hk /public_html/tc/images/about menu02.jpg
110.07.30 14:18 B C:\Documents and Settings\ty.MICHAEL\桌面\v06\tc\images\about\menu03.jpg --> www.surgical.hk /public_html/tc/images/about menu03.jpg
110.07.30 14:18 B C:\Documents and Settings\ty.MICHAEL\桌面\v06\tc\images\about\menu04.jpg --> www.surgical.hk /public_html/tc/images/about menu04.jpg
110.07.30 14:18 B C:\Documents and Settings\ty.MICHAEL\桌面\v06\tc\images\about\menu05.jpg --> www.surgical.hk /public_html/tc/images/about menu05.jpg
110.07.30 14:18 B C:\Documents and Settings\ty.MICHAEL\桌面\v06\tc\images\about\menu06.jpg --> www.surgical.hk /public_html/tc/images/about menu06.jpg
110.07.30 14:18 B C:\Documents and Settings\ty.MICHAEL\桌面\v06\tc\images\about\Thumbs.db --> www.surgical.hk /public_html/tc/images/about Thumbs.db
110.07.30 14:18 B C:\Documents and Settings\ty.MICHAEL\桌面\v06\tc\images\about\title_01.gif --> www.surgical.hk /public_html/tc/images/about title_01.gif
110.07.30 14:18 B C:\Documents and Settings\ty.MICHAEL\桌面\v06\tc\images\about\title_02.gif --> www.surgical.hk /public_html/tc/images/about title_02.gif
110.07.30 14:18 B C:\Documents and Settings\ty.MICHAEL\桌面\v06\tc\images\about\title_03.gif --> www.surgical.hk /public_html/tc/images/about title_03.gif
110.07.30 14:18 B C:\Documents and Settings\ty.MICHAEL\桌面\v06\tc\images\about\title_04.gif --> www.surgical.hk /public_html/tc/images/about title_04.gif
110.07.30 14:18 B C:\Documents and Settings\ty.MICHAEL\桌面\v06\tc\images\about\title_main.gif --> www.surgical.hk /public_html/tc/images/about title_main.gif
110.09.10 11:54 B C:\Documents and Settings\michael\桌面\surgical\images\about\WS_FTP.LOG <-- surgical /public_html/tc/images/about WS_FTP.LOG
110.09.10 12:13 B C:\Documents and Settings\michael\桌面\surgical\NEW IAMGES\images\about\AA_050011523.1.jpg --> www.surgical.hk /public_html/tc/images/about AA_050011523.1.jpg
110.09.10 12:13 B C:\Documents and Settings\michael\桌面\surgical\NEW IAMGES\images\about\AA_050011523_s.jpg --> www.surgical.hk /public_html/tc/images/about AA_050011523_s.jpg
110.09.10 12:13 B C:\Documents and Settings\michael\桌面\surgical\NEW IAMGES\images\about\AA_055608138.1.jpg --> www.surgical.hk /public_html/tc/images/about AA_055608138.1.jpg
110.09.10 12:13 B C:\Documents and Settings\michael\桌面\surgical\NEW IAMGES\images\about\AA_055608138_s.jpg --> www.surgical.hk /public_html/tc/images/about AA_055608138_s.jpg
110.09.10 12:13 B C:\Documents and Settings\michael\桌面\surgical\NEW IAMGES\images\about\appledaily_20100908.jpg --> www.surgical.hk /public_html/tc/images/about appledaily_20100908.jpg
110.09.10 12:13 B C:\Documents and Settings\michael\桌面\surgical\NEW IAMGES\images\about\appledaily_20100908_s.jpg --> www.surgical.hk /public_html/tc/images/about appledaily_20100908_s.jpg
110.09.10 12:13 B C:\Documents and Settings\michael\桌面\surgical\NEW IAMGES\images\about\banner.jpg --> www.surgical.hk /public_html/tc/images/about banner.jpg
110.09.10 12:13 B C:\Documents and Settings\michael\桌面\surgical\NEW IAMGES\images\about\conimg01.jpg --> www.surgical.hk /public_html/tc/images/about conimg01.jpg
110.09.10 12:13 B C:\Documents and Settings\michael\桌面\surgical\NEW IAMGES\images\about\conimg02.jpg --> www.surgical.hk /public_html/tc/images/about conimg02.jpg
110.09.10 12:13 B C:\Documents and Settings\michael\桌面\surgical\NEW IAMGES\images\about\conimg03.jpg --> www.surgical.hk /public_html/tc/images/about conimg03.jpg
110.09.10 12:13 B C:\Documents and Settings\michael\桌面\surgical\NEW IAMGES\images\about\line.gif --> www.surgical.hk /public_html/tc/images/about line.gif
110.09.10 12:13 B C:\Documents and Settings\michael\桌面\surgical\NEW IAMGES\images\about\list_point.gif --> www.surgical.hk /public_html/tc/images/about list_point.gif
110.09.10 12:13 B C:\Documents and Settings\michael\桌面\surgical\NEW IAMGES\images\about\M26002.1.jpg --> www.surgical.hk /public_html/tc/images/about M26002.1.jpg
110.09.10 12:13 B C:\Documents and Settings\michael\桌面\surgical\NEW IAMGES\images\about\M26002_s.jpg --> www.surgical.hk /public_html/tc/images/about M26002_s.jpg
110.09.10 12:13 B C:\Documents and Settings\michael\桌面\surgical\NEW IAMGES\images\about\menu01.jpg --> www.surgical.hk /public_html/tc/images/about menu01.jpg
110.09.10 12:13 B C:\Documents and Settings\michael\桌面\surgical\NEW IAMGES\images\about\menu02.jpg --> www.surgical.hk /public_html/tc/images/about menu02.jpg
110.09.10 12:13 B C:\Documents and Settings\michael\桌面\surgical\NEW IAMGES\images\about\menu03.jpg --> www.surgical.hk /public_html/tc/images/about menu03.jpg
110.09.10 12:13 B C:\Documents and Settings\michael\桌面\surgical\NEW IAMGES\images\about\menu04.jpg --> www.surgical.hk /public_html/tc/images/about menu04.jpg
110.09.10 12:13 B C:\Documents and Settings\michael\桌面\surgical\NEW IAMGES\images\about\menu05.jpg --> www.surgical.hk /public_html/tc/images/about menu05.jpg
110.09.10 12:13 B C:\Documents and Settings\michael\桌面\surgical\NEW IAMGES\images\about\menu06.jpg --> www.surgical.hk /public_html/tc/images/about menu06.jpg
110.09.10 12:13 B C:\Documents and Settings\michael\桌面\surgical\NEW IAMGES\images\about\P46001.1.jpg --> www.surgical.hk /public_html/tc/images/about P46001.1.jpg
110.09.10 12:13 B C:\Documents and Settings\michael\桌面\surgical\NEW IAMGES\images\about\P46001_s.jpg --> www.surgical.hk /public_html/tc/images/about P46001_s.jpg
110.09.10 12:13 B C:\Documents and Settings\michael\桌面\surgical\NEW IAMGES\images\about\Thumbs.db --> www.surgical.hk /public_html/tc/images/about Thumbs.db
110.09.10 12:13 B C:\Documents and Settings\michael\桌面\surgical\NEW IAMGES\images\about\title_01.gif --> www.surgical.hk /public_html/tc/images/about title_01.gif
110.09.10 12:13 B C:\Documents and Settings\michael\桌面\surgical\NEW IAMGES\images\about\title_02.gif --> www.surgical.hk /public_html/tc/images/about title_02.gif
110.09.10 12:13 B C:\Documents and Settings\michael\桌面\surgical\NEW IAMGES\images\about\title_03.gif --> www.surgical.hk /public_html/tc/images/about title_03.gif
110.09.10 12:13 B C:\Documents and Settings\michael\桌面\surgical\NEW IAMGES\images\about\title_04.gif --> www.surgical.hk /public_html/tc/images/about title_04.gif
110.09.10 12:13 B C:\Documents and Settings\michael\桌面\surgical\NEW IAMGES\images\about\title_main.gif --> www.surgical.hk /public_html/tc/images/about title_main.gif
110.12.18 17:23 B C:\Documents and Settings\michael\桌面\surgical Web\images\about\WS_FTP.LOG <-- surgical /public_html/tc/images/about WS_FTP.LOG
110.12.29 11:35 B C:\Documents and Settings\michael\桌面\v08\tc\images\about\AA_050011523.1.jpg --> www.surgical.hk /public_html/tc/images/about AA_050011523.1.jpg
110.12.29 11:35 B C:\Documents and Settings\michael\桌面\v08\tc\images\about\AA_050011523_s.jpg --> www.surgical.hk /public_html/tc/images/about AA_050011523_s.jpg
110.12.29 11:35 B C:\Documents and Settings\michael\桌面\v08\tc\images\about\AA_055608138.1.jpg --> www.surgical.hk /public_html/tc/images/about AA_055608138.1.jpg
110.12.29 11:35 B C:\Documents and Settings\michael\桌面\v08\tc\images\about\AA_055608138_s.jpg --> www.surgical.hk /public_html/tc/images/about AA_055608138_s.jpg
110.12.29 11:35 B C:\Documents and Settings\michael\桌面\v08\tc\images\about\appledaily_20100908.jpg --> www.surgical.hk /public_html/tc/images/about appledaily_20100908.jpg
110.12.29 11:35 B C:\Documents and Settings\michael\桌面\v08\tc\images\about\appledaily_20100908_s.jpg --> www.surgical.hk /public_html/tc/images/about appledaily_20100908_s.jpg
110.12.29 11:35 B C:\Documents and Settings\michael\桌面\v08\tc\images\about\banner.jpg --> www.surgical.hk /public_html/tc/images/about banner.jpg
110.12.29 11:35 B C:\Documents and Settings\michael\桌面\v08\tc\images\about\conimg01.jpg --> www.surgical.hk /public_html/tc/images/about conimg01.jpg
110.12.29 11:35 B C:\Documents and Settings\michael\桌面\v08\tc\images\about\conimg02.jpg --> www.surgical.hk /public_html/tc/images/about conimg02.jpg
110.12.29 11:35 B C:\Documents and Settings\michael\桌面\v08\tc\images\about\conimg03.jpg --> www.surgical.hk /public_html/tc/images/about conimg03.jpg
110.12.29 11:35 B C:\Documents and Settings\michael\桌面\v08\tc\images\about\line.gif --> www.surgical.hk /public_html/tc/images/about line.gif
110.12.29 11:35 B C:\Documents and Settings\michael\桌面\v08\tc\images\about\list_point.gif --> www.surgical.hk /public_html/tc/images/about list_point.gif
110.12.29 11:35 B C:\Documents and Settings\michael\桌面\v08\tc\images\about\LYK.jpg --> www.surgical.hk /public_html/tc/images/about LYK.jpg
110.12.29 11:35 B C:\Documents and Settings\michael\桌面\v08\tc\images\about\LYK_big.jpg --> www.surgical.hk /public_html/tc/images/about LYK_big.jpg
110.12.29 11:35 B C:\Documents and Settings\michael\桌面\v08\tc\images\about\M26002.1.jpg --> www.surgical.hk /public_html/tc/images/about M26002.1.jpg
110.12.29 11:35 B C:\Documents and Settings\michael\桌面\v08\tc\images\about\M26002_s.jpg --> www.surgical.hk /public_html/tc/images/about M26002_s.jpg
110.12.29 11:35 B C:\Documents and Settings\michael\桌面\v08\tc\images\about\menu01.jpg --> www.surgical.hk /public_html/tc/images/about menu01.jpg
110.12.29 11:35 B C:\Documents and Settings\michael\桌面\v08\tc\images\about\menu02.jpg --> www.surgical.hk /public_html/tc/images/about menu02.jpg
110.12.29 11:35 B C:\Documents and Settings\michael\桌面\v08\tc\images\about\menu03.jpg --> www.surgical.hk /public_html/tc/images/about menu03.jpg
110.12.29 11:35 B C:\Documents and Settings\michael\桌面\v08\tc\images\about\menu04.jpg --> www.surgical.hk /public_html/tc/images/about menu04.jpg
110.12.29 11:35 B C:\Documents and Settings\michael\桌面\v08\tc\images\about\menu05.jpg --> www.surgical.hk /public_html/tc/images/about menu05.jpg
110.12.29 11:35 B C:\Documents and Settings\michael\桌面\v08\tc\images\about\menu06.jpg --> www.surgical.hk /public_html/tc/images/about menu06.jpg
110.12.29 11:35 B C:\Documents and Settings\michael\桌面\v08\tc\images\about\P46001.1.jpg --> www.surgical.hk /public_html/tc/images/about P46001.1.jpg
110.12.29 11:35 B C:\Documents and Settings\michael\桌面\v08\tc\images\about\P46001_s.jpg --> www.surgical.hk /public_html/tc/images/about P46001_s.jpg
110.12.29 11:35 B C:\Documents and Settings\michael\桌面\v08\tc\images\about\Thumbs.db --> www.surgical.hk /public_html/tc/images/about Thumbs.db
110.12.29 11:35 B C:\Documents and Settings\michael\桌面\v08\tc\images\about\title_01.gif --> www.surgical.hk /public_html/tc/images/about title_01.gif
110.12.29 11:35 B C:\Documents and Settings\michael\桌面\v08\tc\images\about\title_02.gif --> www.surgical.hk /public_html/tc/images/about title_02.gif
110.12.29 11:35 B C:\Documents and Settings\michael\桌面\v08\tc\images\about\title_03.gif --> www.surgical.hk /public_html/tc/images/about title_03.gif
110.12.29 11:35 B C:\Documents and Settings\michael\桌面\v08\tc\images\about\title_04.gif --> www.surgical.hk /public_html/tc/images/about title_04.gif
110.12.29 11:35 B C:\Documents and Settings\michael\桌面\v08\tc\images\about\title_main.gif --> www.surgical.hk /public_html/tc/images/about title_main.gif
110.12.29 11:35 B C:\Documents and Settings\michael\桌面\v08\tc\images\about\WS_FTP.LOG --> www.surgical.hk /public_html/tc/images/about WS_FTP.LOG
111.04.30 19:45 B E:\WEB\Surgical ForeSkin\NOW\surgical Now\tc\images\about\AA_050011523.1.jpg --> www.surgical.hk /public_html/tc/images/about AA_050011523.1.jpg
111.04.30 19:45 B E:\WEB\Surgical ForeSkin\NOW\surgical Now\tc\images\about\AA_050011523_s.jpg --> www.surgical.hk /public_html/tc/images/about AA_050011523_s.jpg
111.04.30 19:45 B E:\WEB\Surgical ForeSkin\NOW\surgical Now\tc\images\about\AA_055608138.1.jpg --> www.surgical.hk /public_html/tc/images/about AA_055608138.1.jpg
111.04.30 19:45 B E:\WEB\Surgical ForeSkin\NOW\surgical Now\tc\images\about\AA_055608138_s.jpg --> www.surgical.hk /public_html/tc/images/about AA_055608138_s.jpg
111.04.30 19:45 B E:\WEB\Surgical ForeSkin\NOW\surgical Now\tc\images\about\appledaily_20100908.jpg --> www.surgical.hk /public_html/tc/images/about appledaily_20100908.jpg
111.04.30 19:45 B E:\WEB\Surgical ForeSkin\NOW\surgical Now\tc\images\about\appledaily_20100908_s.jpg --> www.surgical.hk /public_html/tc/images/about appledaily_20100908_s.jpg
111.04.30 19:45 B E:\WEB\Surgical ForeSkin\NOW\surgical Now\tc\images\about\banner.jpg --> www.surgical.hk /public_html/tc/images/about banner.jpg
111.04.30 19:45 B E:\WEB\Surgical ForeSkin\NOW\surgical Now\tc\images\about\conimg01.jpg --> www.surgical.hk /public_html/tc/images/about conimg01.jpg
111.04.30 19:45 B E:\WEB\Surgical ForeSkin\NOW\surgical Now\tc\images\about\conimg02.jpg --> www.surgical.hk /public_html/tc/images/about conimg02.jpg
111.04.30 19:45 B E:\WEB\Surgical ForeSkin\NOW\surgical Now\tc\images\about\conimg03.jpg --> www.surgical.hk /public_html/tc/images/about conimg03.jpg
111.04.30 19:45 B E:\WEB\Surgical ForeSkin\NOW\surgical Now\tc\images\about\line.gif --> www.surgical.hk /public_html/tc/images/about line.gif
111.04.30 19:45 B E:\WEB\Surgical ForeSkin\NOW\surgical Now\tc\images\about\list_point.gif --> www.surgical.hk /public_html/tc/images/about list_point.gif
111.04.30 19:45 B E:\WEB\Surgical ForeSkin\NOW\surgical Now\tc\images\about\LYK.jpg --> www.surgical.hk /public_html/tc/images/about LYK.jpg
111.04.30 19:45 B E:\WEB\Surgical ForeSkin\NOW\surgical Now\tc\images\about\LYK_big.jpg --> www.surgical.hk /public_html/tc/images/about LYK_big.jpg
111.04.30 19:45 B E:\WEB\Surgical ForeSkin\NOW\surgical Now\tc\images\about\M26002.1.jpg --> www.surgical.hk /public_html/tc/images/about M26002.1.jpg
111.04.30 19:45 B E:\WEB\Surgical ForeSkin\NOW\surgical Now\tc\images\about\M26002_s.jpg --> www.surgical.hk /public_html/tc/images/about M26002_s.jpg
111.04.30 19:45 B E:\WEB\Surgical ForeSkin\NOW\surgical Now\tc\images\about\menu01.jpg --> www.surgical.hk /public_html/tc/images/about menu01.jpg
111.04.30 19:45 B E:\WEB\Surgical ForeSkin\NOW\surgical Now\tc\images\about\menu02.jpg --> www.surgical.hk /public_html/tc/images/about menu02.jpg
111.04.30 19:45 B E:\WEB\Surgical ForeSkin\NOW\surgical Now\tc\images\about\menu03.jpg --> www.surgical.hk /public_html/tc/images/about menu03.jpg
111.04.30 19:45 B E:\WEB\Surgical ForeSkin\NOW\surgical Now\tc\images\about\menu04.jpg --> www.surgical.hk /public_html/tc/images/about menu04.jpg
111.04.30 19:45 B E:\WEB\Surgical ForeSkin\NOW\surgical Now\tc\images\about\menu05.jpg --> www.surgical.hk /public_html/tc/images/about menu05.jpg
111.04.30 19:45 B E:\WEB\Surgical ForeSkin\NOW\surgical Now\tc\images\about\menu06.jpg --> www.surgical.hk /public_html/tc/images/about menu06.jpg
111.04.30 19:45 B E:\WEB\Surgical ForeSkin\NOW\surgical Now\tc\images\about\P46001.1.jpg --> www.surgical.hk /public_html/tc/images/about P46001.1.jpg
111.04.30 19:45 B E:\WEB\Surgical ForeSkin\NOW\surgical Now\tc\images\about\P46001_s.jpg --> www.surgical.hk /public_html/tc/images/about P46001_s.jpg
111.04.30 19:45 B E:\WEB\Surgical ForeSkin\NOW\surgical Now\tc\images\about\Thumbs.db --> www.surgical.hk /public_html/tc/images/about Thumbs.db
111.04.30 19:45 B E:\WEB\Surgical ForeSkin\NOW\surgical Now\tc\images\about\title_01.gif --> www.surgical.hk /public_html/tc/images/about title_01.gif
111.04.30 19:45 B E:\WEB\Surgical ForeSkin\NOW\surgical Now\tc\images\about\title_02.gif --> www.surgical.hk /public_html/tc/images/about title_02.gif
111.04.30 19:45 B E:\WEB\Surgical ForeSkin\NOW\surgical Now\tc\images\about\title_03.gif --> www.surgical.hk /public_html/tc/images/about title_03.gif
111.04.30 19:45 B E:\WEB\Surgical ForeSkin\NOW\surgical Now\tc\images\about\title_04.gif --> www.surgical.hk /public_html/tc/images/about title_04.gif
111.04.30 19:45 B E:\WEB\Surgical ForeSkin\NOW\surgical Now\tc\images\about\title_main.gif --> www.surgical.hk /public_html/tc/images/about title_main.gif
111.04.30 19:45 B E:\WEB\Surgical ForeSkin\NOW\surgical Now\tc\images\about\WS_FTP.LOG --> www.surgical.hk /public_html/tc/images/about WS_FTP.LOG
111.11.24 12:13 B C:\Users\Michael Win7\Desktop\v14\tc\images\about\AA_050011523.1.jpg --> www.surgical.hk /public_html/tc/images/about AA_050011523.1.jpg
111.11.24 12:13 B C:\Users\Michael Win7\Desktop\v14\tc\images\about\AA_050011523_s.jpg --> www.surgical.hk /public_html/tc/images/about AA_050011523_s.jpg
111.11.24 12:13 B C:\Users\Michael Win7\Desktop\v14\tc\images\about\AA_055608138.1.jpg --> www.surgical.hk /public_html/tc/images/about AA_055608138.1.jpg
111.11.24 12:13 B C:\Users\Michael Win7\Desktop\v14\tc\images\about\AA_055608138_s.jpg --> www.surgical.hk /public_html/tc/images/about AA_055608138_s.jpg
111.11.24 12:13 B C:\Users\Michael Win7\Desktop\v14\tc\images\about\appledaily_20100908.jpg --> www.surgical.hk /public_html/tc/images/about appledaily_20100908.jpg
111.11.24 12:13 B C:\Users\Michael Win7\Desktop\v14\tc\images\about\appledaily_20100908_s.jpg --> www.surgical.hk /public_html/tc/images/about appledaily_20100908_s.jpg
111.11.24 12:13 B C:\Users\Michael Win7\Desktop\v14\tc\images\about\banner.jpg --> www.surgical.hk /public_html/tc/images/about banner.jpg
111.11.24 12:13 B C:\Users\Michael Win7\Desktop\v14\tc\images\about\conimg01.jpg --> www.surgical.hk /public_html/tc/images/about conimg01.jpg
111.11.24 12:13 B C:\Users\Michael Win7\Desktop\v14\tc\images\about\conimg02.jpg --> www.surgical.hk /public_html/tc/images/about conimg02.jpg
111.11.24 12:13 B C:\Users\Michael Win7\Desktop\v14\tc\images\about\conimg03.jpg --> www.surgical.hk /public_html/tc/images/about conimg03.jpg
111.11.24 12:13 B C:\Users\Michael Win7\Desktop\v14\tc\images\about\line.gif --> www.surgical.hk /public_html/tc/images/about line.gif
111.11.24 12:13 B C:\Users\Michael Win7\Desktop\v14\tc\images\about\list_point.gif --> www.surgical.hk /public_html/tc/images/about list_point.gif
111.11.24 12:13 B C:\Users\Michael Win7\Desktop\v14\tc\images\about\LYK.jpg --> www.surgical.hk /public_html/tc/images/about LYK.jpg
111.11.24 12:13 B C:\Users\Michael Win7\Desktop\v14\tc\images\about\LYK_big.jpg --> www.surgical.hk /public_html/tc/images/about LYK_big.jpg
111.11.24 12:13 B C:\Users\Michael Win7\Desktop\v14\tc\images\about\M26002.1.jpg --> www.surgical.hk /public_html/tc/images/about M26002.1.jpg
111.11.24 12:13 B C:\Users\Michael Win7\Desktop\v14\tc\images\about\M26002_s.jpg --> www.surgical.hk /public_html/tc/images/about M26002_s.jpg
111.11.24 12:13 B C:\Users\Michael Win7\Desktop\v14\tc\images\about\menu01.jpg --> www.surgical.hk /public_html/tc/images/about menu01.jpg
111.11.24 12:13 B C:\Users\Michael Win7\Desktop\v14\tc\images\about\menu02.jpg --> www.surgical.hk /public_html/tc/images/about menu02.jpg
111.11.24 12:13 B C:\Users\Michael Win7\Desktop\v14\tc\images\about\menu03.jpg --> www.surgical.hk /public_html/tc/images/about menu03.jpg
111.11.24 12:13 B C:\Users\Michael Win7\Desktop\v14\tc\images\about\menu04.jpg --> www.surgical.hk /public_html/tc/images/about menu04.jpg
111.11.24 12:13 B C:\Users\Michael Win7\Desktop\v14\tc\images\about\menu05.jpg --> www.surgical.hk /public_html/tc/images/about menu05.jpg
111.11.24 12:13 B C:\Users\Michael Win7\Desktop\v14\tc\images\about\menu06.jpg --> www.surgical.hk /public_html/tc/images/about menu06.jpg
111.11.24 12:13 B C:\Users\Michael Win7\Desktop\v14\tc\images\about\P46001.1.jpg --> www.surgical.hk /public_html/tc/images/about P46001.1.jpg
111.11.24 12:13 B C:\Users\Michael Win7\Desktop\v14\tc\images\about\P46001_s.jpg --> www.surgical.hk /public_html/tc/images/about P46001_s.jpg
111.11.24 12:13 B C:\Users\Michael Win7\Desktop\v14\tc\images\about\Thumbs.db --> www.surgical.hk /public_html/tc/images/about Thumbs.db
111.11.24 12:13 B C:\Users\Michael Win7\Desktop\v14\tc\images\about\title_01.gif --> www.surgical.hk /public_html/tc/images/about title_01.gif
111.11.24 12:13 B C:\Users\Michael Win7\Desktop\v14\tc\images\about\title_02.gif --> www.surgical.hk /public_html/tc/images/about title_02.gif
111.11.24 12:13 B C:\Users\Michael Win7\Desktop\v14\tc\images\about\title_03.gif --> www.surgical.hk /public_html/tc/images/about title_03.gif
111.11.24 12:13 B C:\Users\Michael Win7\Desktop\v14\tc\images\about\title_04.gif --> www.surgical.hk /public_html/tc/images/about title_04.gif
111.11.24 12:13 B C:\Users\Michael Win7\Desktop\v14\tc\images\about\title_main.gif --> www.surgical.hk /public_html/tc/images/about title_main.gif
111.11.24 12:13 B C:\Users\Michael Win7\Desktop\v14\tc\images\about\WS_FTP.LOG --> www.surgical.hk /public_html/tc/images/about WS_FTP.LOG
111.11.25 11:47 B C:\Users\Michael Win7\Documents\web\Surgical ForeSkin\NOW\surgical Now\tc\images\about\AA_050011523.1.jpg --> www.jaf.hk /public_html/sur/tc/images/about AA_050011523.1.jpg
111.11.25 11:47 B C:\Users\Michael Win7\Documents\web\Surgical ForeSkin\NOW\surgical Now\tc\images\about\AA_050011523_s.jpg --> www.jaf.hk /public_html/sur/tc/images/about AA_050011523_s.jpg
111.11.25 11:47 B C:\Users\Michael Win7\Documents\web\Surgical ForeSkin\NOW\surgical Now\tc\images\about\AA_055608138.1.jpg --> www.jaf.hk /public_html/sur/tc/images/about AA_055608138.1.jpg
111.11.25 11:47 B C:\Users\Michael Win7\Documents\web\Surgical ForeSkin\NOW\surgical Now\tc\images\about\AA_055608138_s.jpg --> www.jaf.hk /public_html/sur/tc/images/about AA_055608138_s.jpg
111.11.25 11:47 B C:\Users\Michael Win7\Documents\web\Surgical ForeSkin\NOW\surgical Now\tc\images\about\appledaily_20100908.jpg --> www.jaf.hk /public_html/sur/tc/images/about appledaily_20100908.jpg
111.11.25 11:47 B C:\Users\Michael Win7\Documents\web\Surgical ForeSkin\NOW\surgical Now\tc\images\about\appledaily_20100908_s.jpg --> www.jaf.hk /public_html/sur/tc/images/about appledaily_20100908_s.jpg
111.11.25 11:47 B C:\Users\Michael Win7\Documents\web\Surgical ForeSkin\NOW\surgical Now\tc\images\about\banner.jpg --> www.jaf.hk /public_html/sur/tc/images/about banner.jpg
111.11.25 11:47 B C:\Users\Michael Win7\Documents\web\Surgical ForeSkin\NOW\surgical Now\tc\images\about\conimg01.jpg --> www.jaf.hk /public_html/sur/tc/images/about conimg01.jpg
111.11.25 11:47 B C:\Users\Michael Win7\Documents\web\Surgical ForeSkin\NOW\surgical Now\tc\images\about\conimg02.jpg --> www.jaf.hk /public_html/sur/tc/images/about conimg02.jpg
111.11.25 11:48 B C:\Users\Michael Win7\Documents\web\Surgical ForeSkin\NOW\surgical Now\tc\images\about\conimg03.jpg --> www.jaf.hk /public_html/sur/tc/images/about conimg03.jpg
111.11.25 11:48 B C:\Users\Michael Win7\Documents\web\Surgical ForeSkin\NOW\surgical Now\tc\images\about\line.gif --> www.jaf.hk /public_html/sur/tc/images/about line.gif
111.11.25 11:48 B C:\Users\Michael Win7\Documents\web\Surgical ForeSkin\NOW\surgical Now\tc\images\about\list_point.gif --> www.jaf.hk /public_html/sur/tc/images/about list_point.gif
111.11.25 11:48 B C:\Users\Michael Win7\Documents\web\Surgical ForeSkin\NOW\surgical Now\tc\images\about\LYK.jpg --> www.jaf.hk /public_html/sur/tc/images/about LYK.jpg
111.11.25 11:48 B C:\Users\Michael Win7\Documents\web\Surgical ForeSkin\NOW\surgical Now\tc\images\about\LYK_big.jpg --> www.jaf.hk /public_html/sur/tc/images/about LYK_big.jpg
111.11.25 11:48 B C:\Users\Michael Win7\Documents\web\Surgical ForeSkin\NOW\surgical Now\tc\images\about\M26002.1.jpg --> www.jaf.hk /public_html/sur/tc/images/about M26002.1.jpg
111.11.25 11:48 B C:\Users\Michael Win7\Documents\web\Surgical ForeSkin\NOW\surgical Now\tc\images\about\M26002_s.jpg --> www.jaf.hk /public_html/sur/tc/images/about M26002_s.jpg
111.11.25 11:48 B C:\Users\Michael Win7\Documents\web\Surgical ForeSkin\NOW\surgical Now\tc\images\about\menu01.jpg --> www.jaf.hk /public_html/sur/tc/images/about menu01.jpg
111.11.25 11:48 B C:\Users\Michael Win7\Documents\web\Surgical ForeSkin\NOW\surgical Now\tc\images\about\menu02.jpg --> www.jaf.hk /public_html/sur/tc/images/about menu02.jpg
111.11.25 11:48 B C:\Users\Michael Win7\Documents\web\Surgical ForeSkin\NOW\surgical Now\tc\images\about\menu03.jpg --> www.jaf.hk /public_html/sur/tc/images/about menu03.jpg
111.11.25 11:48 B C:\Users\Michael Win7\Documents\web\Surgical ForeSkin\NOW\surgical Now\tc\images\about\menu04.jpg --> www.jaf.hk /public_html/sur/tc/images/about menu04.jpg
111.11.25 11:48 B C:\Users\Michael Win7\Documents\web\Surgical ForeSkin\NOW\surgical Now\tc\images\about\menu05.jpg --> www.jaf.hk /public_html/sur/tc/images/about menu05.jpg
111.11.25 11:48 B C:\Users\Michael Win7\Documents\web\Surgical ForeSkin\NOW\surgical Now\tc\images\about\menu06.jpg --> www.jaf.hk /public_html/sur/tc/images/about menu06.jpg
111.11.25 11:48 B C:\Users\Michael Win7\Documents\web\Surgical ForeSkin\NOW\surgical Now\tc\images\about\P46001.1.jpg --> www.jaf.hk /public_html/sur/tc/images/about P46001.1.jpg
111.11.25 11:48 B C:\Users\Michael Win7\Documents\web\Surgical ForeSkin\NOW\surgical Now\tc\images\about\P46001_s.jpg --> www.jaf.hk /public_html/sur/tc/images/about P46001_s.jpg
111.11.25 11:48 B C:\Users\Michael Win7\Documents\web\Surgical ForeSkin\NOW\surgical Now\tc\images\about\Thumbs.db --> www.jaf.hk /public_html/sur/tc/images/about Thumbs.db
111.11.25 11:48 B C:\Users\Michael Win7\Documents\web\Surgical ForeSkin\NOW\surgical Now\tc\images\about\title_01.gif --> www.jaf.hk /public_html/sur/tc/images/about title_01.gif
111.11.25 11:48 B C:\Users\Michael Win7\Documents\web\Surgical ForeSkin\NOW\surgical Now\tc\images\about\title_02.gif --> www.jaf.hk /public_html/sur/tc/images/about title_02.gif
111.11.25 11:48 B C:\Users\Michael Win7\Documents\web\Surgical ForeSkin\NOW\surgical Now\tc\images\about\title_03.gif --> www.jaf.hk /public_html/sur/tc/images/about title_03.gif
111.11.25 11:48 B C:\Users\Michael Win7\Documents\web\Surgical ForeSkin\NOW\surgical Now\tc\images\about\title_04.gif --> www.jaf.hk /public_html/sur/tc/images/about title_04.gif
111.11.25 11:48 B C:\Users\Michael Win7\Documents\web\Surgical ForeSkin\NOW\surgical Now\tc\images\about\title_main.gif --> www.jaf.hk /public_html/sur/tc/images/about title_main.gif
111.11.25 11:48 B C:\Users\Michael Win7\Documents\web\Surgical ForeSkin\NOW\surgical Now\tc\images\about\WS_FTP.LOG --> www.jaf.hk /public_html/sur/tc/images/about WS_FTP.LOG
111.12.29 11:56 B C:\Users\Michael Win7\Desktop\surgical  三項circum\surgical_now\tc\images\about\AA_050011523.1.jpg --> www.surgical.hk /public_html/tc/images/about AA_050011523.1.jpg
111.12.29 11:56 B C:\Users\Michael Win7\Desktop\surgical  三項circum\surgical_now\tc\images\about\AA_050011523_s.jpg --> www.surgical.hk /public_html/tc/images/about AA_050011523_s.jpg
111.12.29 11:56 B C:\Users\Michael Win7\Desktop\surgical  三項circum\surgical_now\tc\images\about\AA_055608138.1.jpg --> www.surgical.hk /public_html/tc/images/about AA_055608138.1.jpg
111.12.29 11:56 B C:\Users\Michael Win7\Desktop\surgical  三項circum\surgical_now\tc\images\about\AA_055608138_s.jpg --> www.surgical.hk /public_html/tc/images/about AA_055608138_s.jpg
111.12.29 11:56 B C:\Users\Michael Win7\Desktop\surgical  三項circum\surgical_now\tc\images\about\appledaily_20100908.jpg --> www.surgical.hk /public_html/tc/images/about appledaily_20100908.jpg
111.12.29 11:56 B C:\Users\Michael Win7\Desktop\surgical  三項circum\surgical_now\tc\images\about\appledaily_20100908_s.jpg --> www.surgical.hk /public_html/tc/images/about appledaily_20100908_s.jpg
111.12.29 11:56 B C:\Users\Michael Win7\Desktop\surgical  三項circum\surgical_now\tc\images\about\banner.jpg --> www.surgical.hk /public_html/tc/images/about banner.jpg
111.12.29 11:56 B C:\Users\Michael Win7\Desktop\surgical  三項circum\surgical_now\tc\images\about\conimg01.jpg --> www.surgical.hk /public_html/tc/images/about conimg01.jpg
111.12.29 11:56 B C:\Users\Michael Win7\Desktop\surgical  三項circum\surgical_now\tc\images\about\conimg02.jpg --> www.surgical.hk /public_html/tc/images/about conimg02.jpg
111.12.29 11:56 B C:\Users\Michael Win7\Desktop\surgical  三項circum\surgical_now\tc\images\about\conimg03.jpg --> www.surgical.hk /public_html/tc/images/about conimg03.jpg
111.12.29 11:56 B C:\Users\Michael Win7\Desktop\surgical  三項circum\surgical_now\tc\images\about\line.gif --> www.surgical.hk /public_html/tc/images/about line.gif
111.12.29 11:56 B C:\Users\Michael Win7\Desktop\surgical  三項circum\surgical_now\tc\images\about\list_point.gif --> www.surgical.hk /public_html/tc/images/about list_point.gif
111.12.29 11:56 B C:\Users\Michael Win7\Desktop\surgical  三項circum\surgical_now\tc\images\about\LYK.jpg --> www.surgical.hk /public_html/tc/images/about LYK.jpg
111.12.29 11:56 B C:\Users\Michael Win7\Desktop\surgical  三項circum\surgical_now\tc\images\about\LYK_big.jpg --> www.surgical.hk /public_html/tc/images/about LYK_big.jpg
111.12.29 11:56 B C:\Users\Michael Win7\Desktop\surgical  三項circum\surgical_now\tc\images\about\M26002.1.jpg --> www.surgical.hk /public_html/tc/images/about M26002.1.jpg
111.12.29 11:56 B C:\Users\Michael Win7\Desktop\surgical  三項circum\surgical_now\tc\images\about\M26002_s.jpg --> www.surgical.hk /public_html/tc/images/about M26002_s.jpg
111.12.29 11:56 B C:\Users\Michael Win7\Desktop\surgical  三項circum\surgical_now\tc\images\about\menu01.jpg --> www.surgical.hk /public_html/tc/images/about menu01.jpg
111.12.29 11:56 B C:\Users\Michael Win7\Desktop\surgical  三項circum\surgical_now\tc\images\about\menu02.jpg --> www.surgical.hk /public_html/tc/images/about menu02.jpg
111.12.29 11:56 B C:\Users\Michael Win7\Desktop\surgical  三項circum\surgical_now\tc\images\about\menu03.jpg --> www.surgical.hk /public_html/tc/images/about menu03.jpg
111.12.29 11:56 B C:\Users\Michael Win7\Desktop\surgical  三項circum\surgical_now\tc\images\about\menu04.jpg --> www.surgical.hk /public_html/tc/images/about menu04.jpg
111.12.29 11:56 B C:\Users\Michael Win7\Desktop\surgical  三項circum\surgical_now\tc\images\about\menu05.jpg --> www.surgical.hk /public_html/tc/images/about menu05.jpg
111.12.29 11:56 B C:\Users\Michael Win7\Desktop\surgical  三項circum\surgical_now\tc\images\about\menu06.jpg --> www.surgical.hk /public_html/tc/images/about menu06.jpg
111.12.29 11:56 B C:\Users\Michael Win7\Desktop\surgical  三項circum\surgical_now\tc\images\about\P46001.1.jpg --> www.surgical.hk /public_html/tc/images/about P46001.1.jpg
111.12.29 11:56 B C:\Users\Michael Win7\Desktop\surgical  三項circum\surgical_now\tc\images\about\P46001_s.jpg --> www.surgical.hk /public_html/tc/images/about P46001_s.jpg
111.12.29 11:56 B C:\Users\Michael Win7\Desktop\surgical  三項circum\surgical_now\tc\images\about\Thumbs.db --> www.surgical.hk /public_html/tc/images/about Thumbs.db
111.12.29 11:56 B C:\Users\Michael Win7\Desktop\surgical  三項circum\surgical_now\tc\images\about\title_01.gif --> www.surgical.hk /public_html/tc/images/about title_01.gif
111.12.29 11:56 B C:\Users\Michael Win7\Desktop\surgical  三項circum\surgical_now\tc\images\about\title_02.gif --> www.surgical.hk /public_html/tc/images/about title_02.gif
111.12.29 11:56 B C:\Users\Michael Win7\Desktop\surgical  三項circum\surgical_now\tc\images\about\title_03.gif --> www.surgical.hk /public_html/tc/images/about title_03.gif
111.12.29 11:56 B C:\Users\Michael Win7\Desktop\surgical  三項circum\surgical_now\tc\images\about\title_04.gif --> www.surgical.hk /public_html/tc/images/about title_04.gif
111.12.29 11:56 B C:\Users\Michael Win7\Desktop\surgical  三項circum\surgical_now\tc\images\about\title_main.gif --> www.surgical.hk /public_html/tc/images/about title_main.gif
111.12.29 11:56 B C:\Users\Michael Win7\Desktop\surgical  三項circum\surgical_now\tc\images\about\WS_FTP.LOG --> www.surgical.hk /public_html/tc/images/about WS_FTP.LOG
111.12.29 12:03 B C:\Users\Michael Win7\Desktop\surgical  三項circum\surgical_now\tc\images\about\AA_050011523.1.jpg --> www.surgical.hk /public_html/tc/images/about AA_050011523.1.jpg
111.12.29 12:03 B C:\Users\Michael Win7\Desktop\surgical  三項circum\surgical_now\tc\images\about\AA_050011523_s.jpg --> www.surgical.hk /public_html/tc/images/about AA_050011523_s.jpg
111.12.29 12:03 B C:\Users\Michael Win7\Desktop\surgical  三項circum\surgical_now\tc\images\about\AA_055608138.1.jpg --> www.surgical.hk /public_html/tc/images/about AA_055608138.1.jpg
111.12.29 12:03 B C:\Users\Michael Win7\Desktop\surgical  三項circum\surgical_now\tc\images\about\AA_055608138_s.jpg --> www.surgical.hk /public_html/tc/images/about AA_055608138_s.jpg
111.12.29 12:03 B C:\Users\Michael Win7\Desktop\surgical  三項circum\surgical_now\tc\images\about\appledaily_20100908.jpg --> www.surgical.hk /public_html/tc/images/about appledaily_20100908.jpg
111.12.29 12:03 B C:\Users\Michael Win7\Desktop\surgical  三項circum\surgical_now\tc\images\about\appledaily_20100908_s.jpg --> www.surgical.hk /public_html/tc/images/about appledaily_20100908_s.jpg
111.12.29 12:03 B C:\Users\Michael Win7\Desktop\surgical  三項circum\surgical_now\tc\images\about\banner.jpg --> www.surgical.hk /public_html/tc/images/about banner.jpg
111.12.29 12:03 B C:\Users\Michael Win7\Desktop\surgical  三項circum\surgical_now\tc\images\about\conimg01.jpg --> www.surgical.hk /public_html/tc/images/about conimg01.jpg
111.12.29 12:03 B C:\Users\Michael Win7\Desktop\surgical  三項circum\surgical_now\tc\images\about\conimg02.jpg --> www.surgical.hk /public_html/tc/images/about conimg02.jpg
111.12.29 12:03 B C:\Users\Michael Win7\Desktop\surgical  三項circum\surgical_now\tc\images\about\conimg03.jpg --> www.surgical.hk /public_html/tc/images/about conimg03.jpg
111.12.29 12:03 B C:\Users\Michael Win7\Desktop\surgical  三項circum\surgical_now\tc\images\about\line.gif --> www.surgical.hk /public_html/tc/images/about line.gif
111.12.29 12:03 B C:\Users\Michael Win7\Desktop\surgical  三項circum\surgical_now\tc\images\about\list_point.gif --> www.surgical.hk /public_html/tc/images/about list_point.gif
111.12.29 12:03 B C:\Users\Michael Win7\Desktop\surgical  三項circum\surgical_now\tc\images\about\LYK.jpg --> www.surgical.hk /public_html/tc/images/about LYK.jpg
111.12.29 12:03 B C:\Users\Michael Win7\Desktop\surgical  三項circum\surgical_now\tc\images\about\LYK_big.jpg --> www.surgical.hk /public_html/tc/images/about LYK_big.jpg
111.12.29 12:03 B C:\Users\Michael Win7\Desktop\surgical  三項circum\surgical_now\tc\images\about\M26002.1.jpg --> www.surgical.hk /public_html/tc/images/about M26002.1.jpg
111.12.29 12:03 B C:\Users\Michael Win7\Desktop\surgical  三項circum\surgical_now\tc\images\about\M26002_s.jpg --> www.surgical.hk /public_html/tc/images/about M26002_s.jpg
111.12.29 12:03 B C:\Users\Michael Win7\Desktop\surgical  三項circum\surgical_now\tc\images\about\menu01.jpg --> www.surgical.hk /public_html/tc/images/about menu01.jpg
111.12.29 12:03 B C:\Users\Michael Win7\Desktop\surgical  三項circum\surgical_now\tc\images\about\menu02.jpg --> www.surgical.hk /public_html/tc/images/about menu02.jpg
111.12.29 12:03 B C:\Users\Michael Win7\Desktop\surgical  三項circum\surgical_now\tc\images\about\menu03.jpg --> www.surgical.hk /public_html/tc/images/about menu03.jpg
111.12.29 12:03 B C:\Users\Michael Win7\Desktop\surgical  三項circum\surgical_now\tc\images\about\menu04.jpg --> www.surgical.hk /public_html/tc/images/about menu04.jpg
111.12.29 12:03 B C:\Users\Michael Win7\Desktop\surgical  三項circum\surgical_now\tc\images\about\menu05.jpg --> www.surgical.hk /public_html/tc/images/about menu05.jpg
111.12.29 12:03 B C:\Users\Michael Win7\Desktop\surgical  三項circum\surgical_now\tc\images\about\menu06.jpg --> www.surgical.hk /public_html/tc/images/about menu06.jpg
111.12.29 12:03 B C:\Users\Michael Win7\Desktop\surgical  三項circum\surgical_now\tc\images\about\P46001.1.jpg --> www.surgical.hk /public_html/tc/images/about P46001.1.jpg
111.12.29 12:03 B C:\Users\Michael Win7\Desktop\surgical  三項circum\surgical_now\tc\images\about\P46001_s.jpg --> www.surgical.hk /public_html/tc/images/about P46001_s.jpg
111.12.29 12:03 B C:\Users\Michael Win7\Desktop\surgical  三項circum\surgical_now\tc\images\about\Thumbs.db --> www.surgical.hk /public_html/tc/images/about Thumbs.db
111.12.29 12:03 B C:\Users\Michael Win7\Desktop\surgical  三項circum\surgical_now\tc\images\about\title_01.gif --> www.surgical.hk /public_html/tc/images/about title_01.gif
111.12.29 12:03 B C:\Users\Michael Win7\Desktop\surgical  三項circum\surgical_now\tc\images\about\title_02.gif --> www.surgical.hk /public_html/tc/images/about title_02.gif
111.12.29 12:03 B C:\Users\Michael Win7\Desktop\surgical  三項circum\surgical_now\tc\images\about\title_03.gif --> www.surgical.hk /public_html/tc/images/about title_03.gif
111.12.29 12:03 B C:\Users\Michael Win7\Desktop\surgical  三項circum\surgical_now\tc\images\about\title_04.gif --> www.surgical.hk /public_html/tc/images/about title_04.gif
111.12.29 12:03 B C:\Users\Michael Win7\Desktop\surgical  三項circum\surgical_now\tc\images\about\title_main.gif --> www.surgical.hk /public_html/tc/images/about title_main.gif
