110.07.30 11:37 B C:\Documents and Settings\ty.MICHAEL\桌面\v06\tc\images\cause\banner.jpg --> www.surgical.hk /public_html/f/tc/images/cause banner.jpg
110.07.30 11:37 B C:\Documents and Settings\ty.MICHAEL\桌面\v06\tc\images\cause\imgbg.jpg --> www.surgical.hk /public_html/f/tc/images/cause imgbg.jpg
110.07.30 11:37 B C:\Documents and Settings\ty.MICHAEL\桌面\v06\tc\images\cause\Thumbs.db --> www.surgical.hk /public_html/f/tc/images/cause Thumbs.db
110.07.30 11:37 B C:\Documents and Settings\ty.MICHAEL\桌面\v06\tc\images\cause\title_01.gif --> www.surgical.hk /public_html/f/tc/images/cause title_01.gif
110.07.30 12:07 B C:\Documents and Settings\ty.MICHAEL\桌面\v06\tc\images\cause\banner.jpg --> www.surgical.hk /public_html/tc/images/cause banner.jpg
110.07.30 12:07 B C:\Documents and Settings\ty.MICHAEL\桌面\v06\tc\images\cause\imgbg.jpg --> www.surgical.hk /public_html/tc/images/cause imgbg.jpg
110.07.30 12:07 B C:\Documents and Settings\ty.MICHAEL\桌面\v06\tc\images\cause\Thumbs.db --> www.surgical.hk /public_html/tc/images/cause Thumbs.db
110.07.30 12:07 B C:\Documents and Settings\ty.MICHAEL\桌面\v06\tc\images\cause\title_01.gif --> www.surgical.hk /public_html/tc/images/cause title_01.gif
110.07.30 12:07 B C:\Documents and Settings\ty.MICHAEL\桌面\v06\tc\images\cause\WS_FTP.LOG --> www.surgical.hk /public_html/tc/images/cause WS_FTP.LOG
110.07.30 14:18 B C:\Documents and Settings\ty.MICHAEL\桌面\v06\tc\images\cause\banner.jpg --> www.surgical.hk /public_html/tc/images/cause banner.jpg
110.07.30 14:18 B C:\Documents and Settings\ty.MICHAEL\桌面\v06\tc\images\cause\imgbg.jpg --> www.surgical.hk /public_html/tc/images/cause imgbg.jpg
110.07.30 14:18 B C:\Documents and Settings\ty.MICHAEL\桌面\v06\tc\images\cause\Thumbs.db --> www.surgical.hk /public_html/tc/images/cause Thumbs.db
110.07.30 14:18 B C:\Documents and Settings\ty.MICHAEL\桌面\v06\tc\images\cause\title_01.gif --> www.surgical.hk /public_html/tc/images/cause title_01.gif
110.11.08 16:12 B C:\Documents and Settings\michael\桌面\surgical\images\cause\WS_FTP.LOG <-- surgical /public_html/tc/images/cause WS_FTP.LOG
110.11.08 17:33 B C:\Documents and Settings\michael\桌面\surgical\images\cause\banner.jpg --> www.surgical.hk /public_html/tc/images/cause banner.jpg
110.11.08 17:33 B C:\Documents and Settings\michael\桌面\surgical\images\cause\imgbg.jpg --> www.surgical.hk /public_html/tc/images/cause imgbg.jpg
110.11.08 17:33 B C:\Documents and Settings\michael\桌面\surgical\images\cause\Thumbs.db --> www.surgical.hk /public_html/tc/images/cause Thumbs.db
110.11.08 17:33 B C:\Documents and Settings\michael\桌面\surgical\images\cause\title_01.gif --> www.surgical.hk /public_html/tc/images/cause title_01.gif
110.12.18 17:23 B C:\Documents and Settings\michael\桌面\surgical Web\images\cause\WS_FTP.LOG <-- surgical /public_html/tc/images/cause WS_FTP.LOG
110.12.29 11:35 B C:\Documents and Settings\michael\桌面\v08\tc\images\cause\banner.jpg --> www.surgical.hk /public_html/tc/images/cause banner.jpg
110.12.29 11:35 B C:\Documents and Settings\michael\桌面\v08\tc\images\cause\imgbg.jpg --> www.surgical.hk /public_html/tc/images/cause imgbg.jpg
110.12.29 11:35 B C:\Documents and Settings\michael\桌面\v08\tc\images\cause\painting.jpg --> www.surgical.hk /public_html/tc/images/cause painting.jpg
110.12.29 11:35 B C:\Documents and Settings\michael\桌面\v08\tc\images\cause\Thumbs.db --> www.surgical.hk /public_html/tc/images/cause Thumbs.db
110.12.29 11:35 B C:\Documents and Settings\michael\桌面\v08\tc\images\cause\title_01.gif --> www.surgical.hk /public_html/tc/images/cause title_01.gif
110.12.29 11:35 B C:\Documents and Settings\michael\桌面\v08\tc\images\cause\title_02.gif --> www.surgical.hk /public_html/tc/images/cause title_02.gif
110.12.29 11:35 B C:\Documents and Settings\michael\桌面\v08\tc\images\cause\title_main2.gif --> www.surgical.hk /public_html/tc/images/cause title_main2.gif
110.12.29 11:35 B C:\Documents and Settings\michael\桌面\v08\tc\images\cause\WS_FTP.LOG --> www.surgical.hk /public_html/tc/images/cause WS_FTP.LOG
111.04.30 19:45 B E:\WEB\Surgical ForeSkin\NOW\surgical Now\tc\images\cause\banner.jpg --> www.surgical.hk /public_html/tc/images/cause banner.jpg
111.04.30 19:46 B E:\WEB\Surgical ForeSkin\NOW\surgical Now\tc\images\cause\imgbg.jpg --> www.surgical.hk /public_html/tc/images/cause imgbg.jpg
111.04.30 19:46 B E:\WEB\Surgical ForeSkin\NOW\surgical Now\tc\images\cause\painting.jpg --> www.surgical.hk /public_html/tc/images/cause painting.jpg
111.04.30 19:46 B E:\WEB\Surgical ForeSkin\NOW\surgical Now\tc\images\cause\Thumbs.db --> www.surgical.hk /public_html/tc/images/cause Thumbs.db
111.04.30 19:46 B E:\WEB\Surgical ForeSkin\NOW\surgical Now\tc\images\cause\title_01.gif --> www.surgical.hk /public_html/tc/images/cause title_01.gif
111.04.30 19:46 B E:\WEB\Surgical ForeSkin\NOW\surgical Now\tc\images\cause\title_02.gif --> www.surgical.hk /public_html/tc/images/cause title_02.gif
111.04.30 19:46 B E:\WEB\Surgical ForeSkin\NOW\surgical Now\tc\images\cause\title_main2.gif --> www.surgical.hk /public_html/tc/images/cause title_main2.gif
111.04.30 19:46 B E:\WEB\Surgical ForeSkin\NOW\surgical Now\tc\images\cause\WS_FTP.LOG --> www.surgical.hk /public_html/tc/images/cause WS_FTP.LOG
111.04.30 19:46 B E:\WEB\Surgical ForeSkin\NOW\surgical Now\tc\images\cause\複製 -painting.jpg --> www.surgical.hk /public_html/tc/images/cause 複製 -painting.jpg
111.11.24 12:13 B C:\Users\Michael Win7\Desktop\v14\tc\images\cause\banner.jpg --> www.surgical.hk /public_html/tc/images/cause banner.jpg
111.11.24 12:13 B C:\Users\Michael Win7\Desktop\v14\tc\images\cause\imgbg.jpg --> www.surgical.hk /public_html/tc/images/cause imgbg.jpg
111.11.24 12:13 B C:\Users\Michael Win7\Desktop\v14\tc\images\cause\painting.jpg --> www.surgical.hk /public_html/tc/images/cause painting.jpg
111.11.24 12:13 B C:\Users\Michael Win7\Desktop\v14\tc\images\cause\Thumbs.db --> www.surgical.hk /public_html/tc/images/cause Thumbs.db
111.11.24 12:13 B C:\Users\Michael Win7\Desktop\v14\tc\images\cause\title_01.gif --> www.surgical.hk /public_html/tc/images/cause title_01.gif
111.11.24 12:13 B C:\Users\Michael Win7\Desktop\v14\tc\images\cause\title_02.gif --> www.surgical.hk /public_html/tc/images/cause title_02.gif
111.11.24 12:13 B C:\Users\Michael Win7\Desktop\v14\tc\images\cause\title_03.gif --> www.surgical.hk /public_html/tc/images/cause title_03.gif
111.11.24 12:13 B C:\Users\Michael Win7\Desktop\v14\tc\images\cause\title_main2.gif --> www.surgical.hk /public_html/tc/images/cause title_main2.gif
111.11.24 12:13 B C:\Users\Michael Win7\Desktop\v14\tc\images\cause\WS_FTP.LOG --> www.surgical.hk /public_html/tc/images/cause WS_FTP.LOG
111.11.24 12:13 B C:\Users\Michael Win7\Desktop\v14\tc\images\cause\複製 -painting.jpg --> www.surgical.hk /public_html/tc/images/cause 複製 -painting.jpg
111.11.25 11:48 B C:\Users\Michael Win7\Documents\web\Surgical ForeSkin\NOW\surgical Now\tc\images\cause\banner.jpg --> www.jaf.hk /public_html/sur/tc/images/cause banner.jpg
111.11.25 11:48 B C:\Users\Michael Win7\Documents\web\Surgical ForeSkin\NOW\surgical Now\tc\images\cause\imgbg.jpg --> www.jaf.hk /public_html/sur/tc/images/cause imgbg.jpg
111.11.25 11:48 B C:\Users\Michael Win7\Documents\web\Surgical ForeSkin\NOW\surgical Now\tc\images\cause\painting.jpg --> www.jaf.hk /public_html/sur/tc/images/cause painting.jpg
111.11.25 11:48 B C:\Users\Michael Win7\Documents\web\Surgical ForeSkin\NOW\surgical Now\tc\images\cause\Thumbs.db --> www.jaf.hk /public_html/sur/tc/images/cause Thumbs.db
111.11.25 11:48 B C:\Users\Michael Win7\Documents\web\Surgical ForeSkin\NOW\surgical Now\tc\images\cause\title_01.gif --> www.jaf.hk /public_html/sur/tc/images/cause title_01.gif
111.11.25 11:48 B C:\Users\Michael Win7\Documents\web\Surgical ForeSkin\NOW\surgical Now\tc\images\cause\title_02.gif --> www.jaf.hk /public_html/sur/tc/images/cause title_02.gif
111.11.25 11:48 B C:\Users\Michael Win7\Documents\web\Surgical ForeSkin\NOW\surgical Now\tc\images\cause\title_03.gif --> www.jaf.hk /public_html/sur/tc/images/cause title_03.gif
111.11.25 11:48 B C:\Users\Michael Win7\Documents\web\Surgical ForeSkin\NOW\surgical Now\tc\images\cause\title_main2.gif --> www.jaf.hk /public_html/sur/tc/images/cause title_main2.gif
111.11.25 11:48 B C:\Users\Michael Win7\Documents\web\Surgical ForeSkin\NOW\surgical Now\tc\images\cause\WS_FTP.LOG --> www.jaf.hk /public_html/sur/tc/images/cause WS_FTP.LOG
111.11.25 11:48 B C:\Users\Michael Win7\Documents\web\Surgical ForeSkin\NOW\surgical Now\tc\images\cause\複製 -painting.jpg --> www.jaf.hk /public_html/sur/tc/images/cause 複製 -painting.jpg
111.12.29 11:56 B C:\Users\Michael Win7\Desktop\surgical  三項circum\surgical_now\tc\images\cause\banner.jpg --> www.surgical.hk /public_html/tc/images/cause banner.jpg
111.12.29 11:56 B C:\Users\Michael Win7\Desktop\surgical  三項circum\surgical_now\tc\images\cause\imgbg.jpg --> www.surgical.hk /public_html/tc/images/cause imgbg.jpg
111.12.29 11:56 B C:\Users\Michael Win7\Desktop\surgical  三項circum\surgical_now\tc\images\cause\painting.jpg --> www.surgical.hk /public_html/tc/images/cause painting.jpg
111.12.29 11:56 B C:\Users\Michael Win7\Desktop\surgical  三項circum\surgical_now\tc\images\cause\Thumbs.db --> www.surgical.hk /public_html/tc/images/cause Thumbs.db
111.12.29 11:56 B C:\Users\Michael Win7\Desktop\surgical  三項circum\surgical_now\tc\images\cause\title_01.gif --> www.surgical.hk /public_html/tc/images/cause title_01.gif
111.12.29 11:56 B C:\Users\Michael Win7\Desktop\surgical  三項circum\surgical_now\tc\images\cause\title_02.gif --> www.surgical.hk /public_html/tc/images/cause title_02.gif
111.12.29 11:56 B C:\Users\Michael Win7\Desktop\surgical  三項circum\surgical_now\tc\images\cause\title_03.gif --> www.surgical.hk /public_html/tc/images/cause title_03.gif
111.12.29 11:56 B C:\Users\Michael Win7\Desktop\surgical  三項circum\surgical_now\tc\images\cause\title_main2.gif --> www.surgical.hk /public_html/tc/images/cause title_main2.gif
111.12.29 11:56 B C:\Users\Michael Win7\Desktop\surgical  三項circum\surgical_now\tc\images\cause\WS_FTP.LOG --> www.surgical.hk /public_html/tc/images/cause WS_FTP.LOG
111.12.29 11:56 B C:\Users\Michael Win7\Desktop\surgical  三項circum\surgical_now\tc\images\cause\複製 -painting.jpg --> www.surgical.hk /public_html/tc/images/cause 複製 -painting.jpg
111.12.29 12:03 B C:\Users\Michael Win7\Desktop\surgical  三項circum\surgical_now\tc\images\cause\banner.jpg --> www.surgical.hk /public_html/tc/images/cause banner.jpg
111.12.29 12:03 B C:\Users\Michael Win7\Desktop\surgical  三項circum\surgical_now\tc\images\cause\imgbg.jpg --> www.surgical.hk /public_html/tc/images/cause imgbg.jpg
111.12.29 12:03 B C:\Users\Michael Win7\Desktop\surgical  三項circum\surgical_now\tc\images\cause\painting.jpg --> www.surgical.hk /public_html/tc/images/cause painting.jpg
111.12.29 12:03 B C:\Users\Michael Win7\Desktop\surgical  三項circum\surgical_now\tc\images\cause\Thumbs.db --> www.surgical.hk /public_html/tc/images/cause Thumbs.db
111.12.29 12:03 B C:\Users\Michael Win7\Desktop\surgical  三項circum\surgical_now\tc\images\cause\title_01.gif --> www.surgical.hk /public_html/tc/images/cause title_01.gif
111.12.29 12:03 B C:\Users\Michael Win7\Desktop\surgical  三項circum\surgical_now\tc\images\cause\title_02.gif --> www.surgical.hk /public_html/tc/images/cause title_02.gif
111.12.29 12:03 B C:\Users\Michael Win7\Desktop\surgical  三項circum\surgical_now\tc\images\cause\title_03.gif --> www.surgical.hk /public_html/tc/images/cause title_03.gif
111.12.29 12:03 B C:\Users\Michael Win7\Desktop\surgical  三項circum\surgical_now\tc\images\cause\title_main2.gif --> www.surgical.hk /public_html/tc/images/cause title_main2.gif
