111.11.24 12:13 B C:\Users\Michael Win7\Desktop\v14\tc\css\_style.css --> www.surgical.hk /public_html/tc/css _style.css
111.11.24 12:13 B C:\Users\Michael Win7\Desktop\v14\tc\css\about.css --> www.surgical.hk /public_html/tc/css about.css
111.11.24 12:13 B C:\Users\Michael Win7\Desktop\v14\tc\css\cause.css --> www.surgical.hk /public_html/tc/css cause.css
111.11.24 12:13 B C:\Users\Michael Win7\Desktop\v14\tc\css\contact.css --> www.surgical.hk /public_html/tc/css contact.css
111.11.24 12:13 B C:\Users\Michael Win7\Desktop\v14\tc\css\faq.css --> www.surgical.hk /public_html/tc/css faq.css
111.11.24 12:13 B C:\Users\Michael Win7\Desktop\v14\tc\css\hidden_penis.css --> www.surgical.hk /public_html/tc/css hidden_penis.css
111.11.24 12:13 B C:\Users\Michael Win7\Desktop\v14\tc\css\intro.css --> www.surgical.hk /public_html/tc/css intro.css
111.11.24 12:13 B C:\Users\Michael Win7\Desktop\v14\tc\css\MFCBA21.tmp --> www.surgical.hk /public_html/tc/css MFCBA21.tmp
111.11.24 12:13 B C:\Users\Michael Win7\Desktop\v14\tc\css\minor.css --> www.surgical.hk /public_html/tc/css minor.css
111.11.24 12:13 B C:\Users\Michael Win7\Desktop\v14\tc\css\ref.css --> www.surgical.hk /public_html/tc/css ref.css
111.11.24 12:13 B C:\Users\Michael Win7\Desktop\v14\tc\css\thankyou.css --> www.surgical.hk /public_html/tc/css thankyou.css
111.11.24 12:13 B C:\Users\Michael Win7\Desktop\v14\tc\css\複製 -_style 20110707 hksc.css --> www.surgical.hk /public_html/tc/css 複製 -_style 20110707 hksc.css
111.11.25 11:47 B C:\Users\Michael Win7\Documents\web\Surgical ForeSkin\NOW\surgical Now\tc\css\_style.css --> www.jaf.hk /public_html/sur/tc/css _style.css
111.11.25 11:47 B C:\Users\Michael Win7\Documents\web\Surgical ForeSkin\NOW\surgical Now\tc\css\about.css --> www.jaf.hk /public_html/sur/tc/css about.css
111.11.25 11:47 B C:\Users\Michael Win7\Documents\web\Surgical ForeSkin\NOW\surgical Now\tc\css\cause.css --> www.jaf.hk /public_html/sur/tc/css cause.css
111.11.25 11:47 B C:\Users\Michael Win7\Documents\web\Surgical ForeSkin\NOW\surgical Now\tc\css\contact.css --> www.jaf.hk /public_html/sur/tc/css contact.css
111.11.25 11:47 B C:\Users\Michael Win7\Documents\web\Surgical ForeSkin\NOW\surgical Now\tc\css\faq.css --> www.jaf.hk /public_html/sur/tc/css faq.css
111.11.25 11:47 B C:\Users\Michael Win7\Documents\web\Surgical ForeSkin\NOW\surgical Now\tc\css\hidden_penis.css --> www.jaf.hk /public_html/sur/tc/css hidden_penis.css
111.11.25 11:47 B C:\Users\Michael Win7\Documents\web\Surgical ForeSkin\NOW\surgical Now\tc\css\intro.css --> www.jaf.hk /public_html/sur/tc/css intro.css
111.11.25 11:47 B C:\Users\Michael Win7\Documents\web\Surgical ForeSkin\NOW\surgical Now\tc\css\MFCBA21.tmp --> www.jaf.hk /public_html/sur/tc/css MFCBA21.tmp
111.11.25 11:47 B C:\Users\Michael Win7\Documents\web\Surgical ForeSkin\NOW\surgical Now\tc\css\minor.css --> www.jaf.hk /public_html/sur/tc/css minor.css
111.11.25 11:47 B C:\Users\Michael Win7\Documents\web\Surgical ForeSkin\NOW\surgical Now\tc\css\ref.css --> www.jaf.hk /public_html/sur/tc/css ref.css
111.11.25 11:47 B C:\Users\Michael Win7\Documents\web\Surgical ForeSkin\NOW\surgical Now\tc\css\thankyou.css --> www.jaf.hk /public_html/sur/tc/css thankyou.css
111.11.25 11:47 B C:\Users\Michael Win7\Documents\web\Surgical ForeSkin\NOW\surgical Now\tc\css\WS_FTP.LOG --> www.jaf.hk /public_html/sur/tc/css WS_FTP.LOG
111.11.25 11:47 B C:\Users\Michael Win7\Documents\web\Surgical ForeSkin\NOW\surgical Now\tc\css\複製 -_style 20110707 hksc.css --> www.jaf.hk /public_html/sur/tc/css 複製 -_style 20110707 hksc.css
111.12.29 11:56 B C:\Users\Michael Win7\Desktop\surgical  三項circum\surgical_now\tc\css\_style.css --> www.surgical.hk /public_html/tc/css _style.css
111.12.29 11:56 B C:\Users\Michael Win7\Desktop\surgical  三項circum\surgical_now\tc\css\about.css --> www.surgical.hk /public_html/tc/css about.css
111.12.29 11:56 B C:\Users\Michael Win7\Desktop\surgical  三項circum\surgical_now\tc\css\cause.css --> www.surgical.hk /public_html/tc/css cause.css
111.12.29 11:56 B C:\Users\Michael Win7\Desktop\surgical  三項circum\surgical_now\tc\css\contact.css --> www.surgical.hk /public_html/tc/css contact.css
111.12.29 11:56 B C:\Users\Michael Win7\Desktop\surgical  三項circum\surgical_now\tc\css\faq.css --> www.surgical.hk /public_html/tc/css faq.css
111.12.29 11:56 B C:\Users\Michael Win7\Desktop\surgical  三項circum\surgical_now\tc\css\hidden_penis.css --> www.surgical.hk /public_html/tc/css hidden_penis.css
111.12.29 11:56 B C:\Users\Michael Win7\Desktop\surgical  三項circum\surgical_now\tc\css\intro.css --> www.surgical.hk /public_html/tc/css intro.css
111.12.29 11:56 B C:\Users\Michael Win7\Desktop\surgical  三項circum\surgical_now\tc\css\MFCBA21.tmp --> www.surgical.hk /public_html/tc/css MFCBA21.tmp
111.12.29 11:56 B C:\Users\Michael Win7\Desktop\surgical  三項circum\surgical_now\tc\css\minor.css --> www.surgical.hk /public_html/tc/css minor.css
111.12.29 11:56 B C:\Users\Michael Win7\Desktop\surgical  三項circum\surgical_now\tc\css\ref.css --> www.surgical.hk /public_html/tc/css ref.css
111.12.29 11:56 B C:\Users\Michael Win7\Desktop\surgical  三項circum\surgical_now\tc\css\thankyou.css --> www.surgical.hk /public_html/tc/css thankyou.css
111.12.29 11:56 B C:\Users\Michael Win7\Desktop\surgical  三項circum\surgical_now\tc\css\WS_FTP.LOG --> www.surgical.hk /public_html/tc/css WS_FTP.LOG
111.12.29 11:56 B C:\Users\Michael Win7\Desktop\surgical  三項circum\surgical_now\tc\css\複製 -_style 20110707 hksc.css --> www.surgical.hk /public_html/tc/css 複製 -_style 20110707 hksc.css
111.12.29 12:03 B C:\Users\Michael Win7\Desktop\surgical  三項circum\surgical_now\tc\css\_style.css --> www.surgical.hk /public_html/tc/css _style.css
111.12.29 12:03 B C:\Users\Michael Win7\Desktop\surgical  三項circum\surgical_now\tc\css\about.css --> www.surgical.hk /public_html/tc/css about.css
111.12.29 12:03 B C:\Users\Michael Win7\Desktop\surgical  三項circum\surgical_now\tc\css\cause.css --> www.surgical.hk /public_html/tc/css cause.css
111.12.29 12:03 B C:\Users\Michael Win7\Desktop\surgical  三項circum\surgical_now\tc\css\contact.css --> www.surgical.hk /public_html/tc/css contact.css
111.12.29 12:03 B C:\Users\Michael Win7\Desktop\surgical  三項circum\surgical_now\tc\css\faq.css --> www.surgical.hk /public_html/tc/css faq.css
111.12.29 12:03 B C:\Users\Michael Win7\Desktop\surgical  三項circum\surgical_now\tc\css\hidden_penis.css --> www.surgical.hk /public_html/tc/css hidden_penis.css
111.12.29 12:03 B C:\Users\Michael Win7\Desktop\surgical  三項circum\surgical_now\tc\css\intro.css --> www.surgical.hk /public_html/tc/css intro.css
111.12.29 12:03 B C:\Users\Michael Win7\Desktop\surgical  三項circum\surgical_now\tc\css\MFCBA21.tmp --> www.surgical.hk /public_html/tc/css MFCBA21.tmp
111.12.29 12:03 B C:\Users\Michael Win7\Desktop\surgical  三項circum\surgical_now\tc\css\minor.css --> www.surgical.hk /public_html/tc/css minor.css
111.12.29 12:03 B C:\Users\Michael Win7\Desktop\surgical  三項circum\surgical_now\tc\css\ref.css --> www.surgical.hk /public_html/tc/css ref.css
111.12.29 12:03 B C:\Users\Michael Win7\Desktop\surgical  三項circum\surgical_now\tc\css\thankyou.css --> www.surgical.hk /public_html/tc/css thankyou.css
111.12.29 12:03 B C:\Users\Michael Win7\Desktop\surgical  三項circum\surgical_now\tc\css\WS_FTP.LOG --> www.surgical.hk /public_html/tc/css WS_FTP.LOG
111.12.29 12:03 B C:\Users\Michael Win7\Desktop\surgical  三項circum\surgical_now\tc\css\複製 -_style 20110707 hksc.css --> www.surgical.hk /public_html/tc/css 複製 -_style 20110707 hksc.css
