110.12.29 11:34 B C:\Documents and Settings\michael\桌面\v08\js\jquery-1.4.js --> www.surgical.hk /public_html/js jquery-1.4.js
110.12.29 11:34 B C:\Documents and Settings\michael\桌面\v08\js\jquery.lightbox-0.5.css --> www.surgical.hk /public_html/js jquery.lightbox-0.5.css
110.12.29 11:34 B C:\Documents and Settings\michael\桌面\v08\js\jquery.lightbox-0.5.min.js --> www.surgical.hk /public_html/js jquery.lightbox-0.5.min.js
110.12.29 11:34 B C:\Documents and Settings\michael\桌面\v08\js\jquery.validationEngine-en.js --> www.surgical.hk /public_html/js jquery.validationEngine-en.js
110.12.29 11:34 B C:\Documents and Settings\michael\桌面\v08\js\jquery.validationEngine.js --> www.surgical.hk /public_html/js jquery.validationEngine.js
110.12.29 11:34 B C:\Documents and Settings\michael\桌面\v08\js\validationEngine.jquery.css --> www.surgical.hk /public_html/js validationEngine.jquery.css
111.11.25 11:47 B C:\Users\Michael Win7\Documents\web\Surgical ForeSkin\NOW\surgical Now\js\jquery-1.4.js --> www.jaf.hk /public_html/sur/js jquery-1.4.js
111.11.25 11:47 B C:\Users\Michael Win7\Documents\web\Surgical ForeSkin\NOW\surgical Now\js\jquery.lightbox-0.5.css --> www.jaf.hk /public_html/sur/js jquery.lightbox-0.5.css
111.11.25 11:47 B C:\Users\Michael Win7\Documents\web\Surgical ForeSkin\NOW\surgical Now\js\jquery.lightbox-0.5.min.js --> www.jaf.hk /public_html/sur/js jquery.lightbox-0.5.min.js
111.11.25 11:47 B C:\Users\Michael Win7\Documents\web\Surgical ForeSkin\NOW\surgical Now\js\jquery.validationEngine-en.js --> www.jaf.hk /public_html/sur/js jquery.validationEngine-en.js
111.11.25 11:47 B C:\Users\Michael Win7\Documents\web\Surgical ForeSkin\NOW\surgical Now\js\jquery.validationEngine.js --> www.jaf.hk /public_html/sur/js jquery.validationEngine.js
111.11.25 11:47 B C:\Users\Michael Win7\Documents\web\Surgical ForeSkin\NOW\surgical Now\js\validationEngine.jquery.css --> www.jaf.hk /public_html/sur/js validationEngine.jquery.css
111.11.25 11:47 B C:\Users\Michael Win7\Documents\web\Surgical ForeSkin\NOW\surgical Now\js\WS_FTP.LOG --> www.jaf.hk /public_html/sur/js WS_FTP.LOG
111.12.29 11:56 B C:\Users\Michael Win7\Desktop\surgical  三項circum\surgical_now\js\jquery-1.4.js --> www.surgical.hk /public_html/js jquery-1.4.js
111.12.29 11:56 B C:\Users\Michael Win7\Desktop\surgical  三項circum\surgical_now\js\jquery.lightbox-0.5.css --> www.surgical.hk /public_html/js jquery.lightbox-0.5.css
111.12.29 11:56 B C:\Users\Michael Win7\Desktop\surgical  三項circum\surgical_now\js\jquery.lightbox-0.5.min.js --> www.surgical.hk /public_html/js jquery.lightbox-0.5.min.js
111.12.29 11:56 B C:\Users\Michael Win7\Desktop\surgical  三項circum\surgical_now\js\jquery.validationEngine-en.js --> www.surgical.hk /public_html/js jquery.validationEngine-en.js
111.12.29 11:56 B C:\Users\Michael Win7\Desktop\surgical  三項circum\surgical_now\js\jquery.validationEngine.js --> www.surgical.hk /public_html/js jquery.validationEngine.js
111.12.29 11:56 B C:\Users\Michael Win7\Desktop\surgical  三項circum\surgical_now\js\validationEngine.jquery.css --> www.surgical.hk /public_html/js validationEngine.jquery.css
111.12.29 11:56 B C:\Users\Michael Win7\Desktop\surgical  三項circum\surgical_now\js\WS_FTP.LOG --> www.surgical.hk /public_html/js WS_FTP.LOG
111.12.29 12:03 B C:\Users\Michael Win7\Desktop\surgical  三項circum\surgical_now\js\jquery-1.4.js --> www.surgical.hk /public_html/js jquery-1.4.js
111.12.29 12:03 B C:\Users\Michael Win7\Desktop\surgical  三項circum\surgical_now\js\jquery.lightbox-0.5.css --> www.surgical.hk /public_html/js jquery.lightbox-0.5.css
111.12.29 12:03 B C:\Users\Michael Win7\Desktop\surgical  三項circum\surgical_now\js\jquery.lightbox-0.5.min.js --> www.surgical.hk /public_html/js jquery.lightbox-0.5.min.js
111.12.29 12:03 B C:\Users\Michael Win7\Desktop\surgical  三項circum\surgical_now\js\jquery.validationEngine-en.js --> www.surgical.hk /public_html/js jquery.validationEngine-en.js
111.12.29 12:03 B C:\Users\Michael Win7\Desktop\surgical  三項circum\surgical_now\js\jquery.validationEngine.js --> www.surgical.hk /public_html/js jquery.validationEngine.js
111.12.29 12:03 B C:\Users\Michael Win7\Desktop\surgical  三項circum\surgical_now\js\validationEngine.jquery.css --> www.surgical.hk /public_html/js validationEngine.jquery.css
112.02.23 11:11 B C:\Users\Michael Win7\Desktop\surgical\surgical\js\index.html --> www.surgical.hk /public_html/js index.html
112.02.23 11:11 B C:\Users\Michael Win7\Desktop\surgical\surgical\js\jquery-1.4.js --> www.surgical.hk /public_html/js jquery-1.4.js
112.02.23 11:11 B C:\Users\Michael Win7\Desktop\surgical\surgical\js\jquery.lightbox-0.5.css --> www.surgical.hk /public_html/js jquery.lightbox-0.5.css
112.02.23 11:11 B C:\Users\Michael Win7\Desktop\surgical\surgical\js\jquery.lightbox-0.5.min.js --> www.surgical.hk /public_html/js jquery.lightbox-0.5.min.js
112.02.23 11:11 B C:\Users\Michael Win7\Desktop\surgical\surgical\js\jquery.validationEngine-en.js --> www.surgical.hk /public_html/js jquery.validationEngine-en.js
112.02.23 11:11 B C:\Users\Michael Win7\Desktop\surgical\surgical\js\jquery.validationEngine.js --> www.surgical.hk /public_html/js jquery.validationEngine.js
112.02.23 11:11 B C:\Users\Michael Win7\Desktop\surgical\surgical\js\validationEngine.jquery.css --> www.surgical.hk /public_html/js validationEngine.jquery.css
