110.07.30 11:37 B C:\Documents and Settings\ty.MICHAEL\桌面\v06\tc\images\faq\banner.jpg --> www.surgical.hk /public_html/f/tc/images/faq banner.jpg
110.07.30 11:37 B C:\Documents and Settings\ty.MICHAEL\桌面\v06\tc\images\faq\banner_bak.jpg --> www.surgical.hk /public_html/f/tc/images/faq banner_bak.jpg
110.07.30 11:37 B C:\Documents and Settings\ty.MICHAEL\桌面\v06\tc\images\faq\bg.jpg --> www.surgical.hk /public_html/f/tc/images/faq bg.jpg
110.07.30 11:37 B C:\Documents and Settings\ty.MICHAEL\桌面\v06\tc\images\faq\bg_bak.jpg --> www.surgical.hk /public_html/f/tc/images/faq bg_bak.jpg
110.07.30 11:37 B C:\Documents and Settings\ty.MICHAEL\桌面\v06\tc\images\faq\Thumbs.db --> www.surgical.hk /public_html/f/tc/images/faq Thumbs.db
110.07.30 11:37 B C:\Documents and Settings\ty.MICHAEL\桌面\v06\tc\images\faq\title_01.gif --> www.surgical.hk /public_html/f/tc/images/faq title_01.gif
110.07.30 11:37 B C:\Documents and Settings\ty.MICHAEL\桌面\v06\tc\images\faq\title_02.gif --> www.surgical.hk /public_html/f/tc/images/faq title_02.gif
110.07.30 12:07 B C:\Documents and Settings\ty.MICHAEL\桌面\v06\tc\images\faq\banner.jpg --> www.surgical.hk /public_html/tc/images/faq banner.jpg
110.07.30 12:07 B C:\Documents and Settings\ty.MICHAEL\桌面\v06\tc\images\faq\banner_bak.jpg --> www.surgical.hk /public_html/tc/images/faq banner_bak.jpg
110.07.30 12:07 B C:\Documents and Settings\ty.MICHAEL\桌面\v06\tc\images\faq\bg.jpg --> www.surgical.hk /public_html/tc/images/faq bg.jpg
110.07.30 12:07 B C:\Documents and Settings\ty.MICHAEL\桌面\v06\tc\images\faq\bg_bak.jpg --> www.surgical.hk /public_html/tc/images/faq bg_bak.jpg
110.07.30 12:07 B C:\Documents and Settings\ty.MICHAEL\桌面\v06\tc\images\faq\Thumbs.db --> www.surgical.hk /public_html/tc/images/faq Thumbs.db
110.07.30 12:07 B C:\Documents and Settings\ty.MICHAEL\桌面\v06\tc\images\faq\title_01.gif --> www.surgical.hk /public_html/tc/images/faq title_01.gif
110.07.30 12:07 B C:\Documents and Settings\ty.MICHAEL\桌面\v06\tc\images\faq\title_02.gif --> www.surgical.hk /public_html/tc/images/faq title_02.gif
110.07.30 12:07 B C:\Documents and Settings\ty.MICHAEL\桌面\v06\tc\images\faq\WS_FTP.LOG --> www.surgical.hk /public_html/tc/images/faq WS_FTP.LOG
110.07.30 14:18 B C:\Documents and Settings\ty.MICHAEL\桌面\v06\tc\images\faq\banner.jpg --> www.surgical.hk /public_html/tc/images/faq banner.jpg
110.07.30 14:18 B C:\Documents and Settings\ty.MICHAEL\桌面\v06\tc\images\faq\banner_bak.jpg --> www.surgical.hk /public_html/tc/images/faq banner_bak.jpg
110.07.30 14:18 B C:\Documents and Settings\ty.MICHAEL\桌面\v06\tc\images\faq\bg.jpg --> www.surgical.hk /public_html/tc/images/faq bg.jpg
110.07.30 14:18 B C:\Documents and Settings\ty.MICHAEL\桌面\v06\tc\images\faq\bg_bak.jpg --> www.surgical.hk /public_html/tc/images/faq bg_bak.jpg
110.07.30 14:18 B C:\Documents and Settings\ty.MICHAEL\桌面\v06\tc\images\faq\Thumbs.db --> www.surgical.hk /public_html/tc/images/faq Thumbs.db
110.07.30 14:18 B C:\Documents and Settings\ty.MICHAEL\桌面\v06\tc\images\faq\title_01.gif --> www.surgical.hk /public_html/tc/images/faq title_01.gif
110.07.30 14:18 B C:\Documents and Settings\ty.MICHAEL\桌面\v06\tc\images\faq\title_02.gif --> www.surgical.hk /public_html/tc/images/faq title_02.gif
110.11.08 16:12 B C:\Documents and Settings\michael\桌面\surgical\images\faq\WS_FTP.LOG <-- surgical /public_html/tc/images/faq WS_FTP.LOG
110.11.08 17:33 B C:\Documents and Settings\michael\桌面\surgical\images\faq\banner.jpg --> www.surgical.hk /public_html/tc/images/faq banner.jpg
110.11.08 17:33 B C:\Documents and Settings\michael\桌面\surgical\images\faq\banner_bak.jpg --> www.surgical.hk /public_html/tc/images/faq banner_bak.jpg
110.11.08 17:33 B C:\Documents and Settings\michael\桌面\surgical\images\faq\bg.jpg --> www.surgical.hk /public_html/tc/images/faq bg.jpg
110.11.08 17:33 B C:\Documents and Settings\michael\桌面\surgical\images\faq\bg_bak.jpg --> www.surgical.hk /public_html/tc/images/faq bg_bak.jpg
110.11.08 17:33 B C:\Documents and Settings\michael\桌面\surgical\images\faq\Thumbs.db --> www.surgical.hk /public_html/tc/images/faq Thumbs.db
110.11.08 17:33 B C:\Documents and Settings\michael\桌面\surgical\images\faq\title_01.gif --> www.surgical.hk /public_html/tc/images/faq title_01.gif
110.11.08 17:33 B C:\Documents and Settings\michael\桌面\surgical\images\faq\title_02.gif --> www.surgical.hk /public_html/tc/images/faq title_02.gif
110.12.18 17:23 B C:\Documents and Settings\michael\桌面\surgical Web\images\faq\WS_FTP.LOG <-- surgical /public_html/tc/images/faq WS_FTP.LOG
110.12.29 11:35 B C:\Documents and Settings\michael\桌面\v08\tc\images\faq\banner.jpg --> www.surgical.hk /public_html/tc/images/faq banner.jpg
110.12.29 11:35 B C:\Documents and Settings\michael\桌面\v08\tc\images\faq\banner_bak.jpg --> www.surgical.hk /public_html/tc/images/faq banner_bak.jpg
110.12.29 11:35 B C:\Documents and Settings\michael\桌面\v08\tc\images\faq\bg.jpg --> www.surgical.hk /public_html/tc/images/faq bg.jpg
110.12.29 11:35 B C:\Documents and Settings\michael\桌面\v08\tc\images\faq\bg_bak.jpg --> www.surgical.hk /public_html/tc/images/faq bg_bak.jpg
110.12.29 11:35 B C:\Documents and Settings\michael\桌面\v08\tc\images\faq\Thumbs.db --> www.surgical.hk /public_html/tc/images/faq Thumbs.db
110.12.29 11:35 B C:\Documents and Settings\michael\桌面\v08\tc\images\faq\title_01.gif --> www.surgical.hk /public_html/tc/images/faq title_01.gif
110.12.29 11:35 B C:\Documents and Settings\michael\桌面\v08\tc\images\faq\title_02.gif --> www.surgical.hk /public_html/tc/images/faq title_02.gif
110.12.29 11:35 B C:\Documents and Settings\michael\桌面\v08\tc\images\faq\WS_FTP.LOG --> www.surgical.hk /public_html/tc/images/faq WS_FTP.LOG
111.04.30 19:46 B E:\WEB\Surgical ForeSkin\NOW\surgical Now\tc\images\faq\banner.jpg --> www.surgical.hk /public_html/tc/images/faq banner.jpg
111.04.30 19:46 B E:\WEB\Surgical ForeSkin\NOW\surgical Now\tc\images\faq\banner_bak.jpg --> www.surgical.hk /public_html/tc/images/faq banner_bak.jpg
111.04.30 19:46 B E:\WEB\Surgical ForeSkin\NOW\surgical Now\tc\images\faq\bg.jpg --> www.surgical.hk /public_html/tc/images/faq bg.jpg
111.04.30 19:46 B E:\WEB\Surgical ForeSkin\NOW\surgical Now\tc\images\faq\bg_bak.jpg --> www.surgical.hk /public_html/tc/images/faq bg_bak.jpg
111.04.30 19:46 B E:\WEB\Surgical ForeSkin\NOW\surgical Now\tc\images\faq\Thumbs.db --> www.surgical.hk /public_html/tc/images/faq Thumbs.db
111.04.30 19:46 B E:\WEB\Surgical ForeSkin\NOW\surgical Now\tc\images\faq\title_01.gif --> www.surgical.hk /public_html/tc/images/faq title_01.gif
111.04.30 19:46 B E:\WEB\Surgical ForeSkin\NOW\surgical Now\tc\images\faq\title_02.gif --> www.surgical.hk /public_html/tc/images/faq title_02.gif
111.04.30 19:46 B E:\WEB\Surgical ForeSkin\NOW\surgical Now\tc\images\faq\WS_FTP.LOG --> www.surgical.hk /public_html/tc/images/faq WS_FTP.LOG
111.11.24 12:13 B C:\Users\Michael Win7\Desktop\v14\tc\images\faq\banner.jpg --> www.surgical.hk /public_html/tc/images/faq banner.jpg
111.11.24 12:13 B C:\Users\Michael Win7\Desktop\v14\tc\images\faq\banner_bak.jpg --> www.surgical.hk /public_html/tc/images/faq banner_bak.jpg
111.11.24 12:13 B C:\Users\Michael Win7\Desktop\v14\tc\images\faq\bg.jpg --> www.surgical.hk /public_html/tc/images/faq bg.jpg
111.11.24 12:13 B C:\Users\Michael Win7\Desktop\v14\tc\images\faq\bg_bak.jpg --> www.surgical.hk /public_html/tc/images/faq bg_bak.jpg
111.11.24 12:13 B C:\Users\Michael Win7\Desktop\v14\tc\images\faq\Thumbs.db --> www.surgical.hk /public_html/tc/images/faq Thumbs.db
111.11.24 12:13 B C:\Users\Michael Win7\Desktop\v14\tc\images\faq\title_01.gif --> www.surgical.hk /public_html/tc/images/faq title_01.gif
111.11.24 12:13 B C:\Users\Michael Win7\Desktop\v14\tc\images\faq\title_02.gif --> www.surgical.hk /public_html/tc/images/faq title_02.gif
111.11.24 12:13 B C:\Users\Michael Win7\Desktop\v14\tc\images\faq\WS_FTP.LOG --> www.surgical.hk /public_html/tc/images/faq WS_FTP.LOG
111.11.25 11:48 B C:\Users\Michael Win7\Documents\web\Surgical ForeSkin\NOW\surgical Now\tc\images\faq\banner.jpg --> www.jaf.hk /public_html/sur/tc/images/faq banner.jpg
111.11.25 11:48 B C:\Users\Michael Win7\Documents\web\Surgical ForeSkin\NOW\surgical Now\tc\images\faq\banner_bak.jpg --> www.jaf.hk /public_html/sur/tc/images/faq banner_bak.jpg
111.11.25 11:48 B C:\Users\Michael Win7\Documents\web\Surgical ForeSkin\NOW\surgical Now\tc\images\faq\bg.jpg --> www.jaf.hk /public_html/sur/tc/images/faq bg.jpg
111.11.25 11:48 B C:\Users\Michael Win7\Documents\web\Surgical ForeSkin\NOW\surgical Now\tc\images\faq\bg_bak.jpg --> www.jaf.hk /public_html/sur/tc/images/faq bg_bak.jpg
111.11.25 11:48 B C:\Users\Michael Win7\Documents\web\Surgical ForeSkin\NOW\surgical Now\tc\images\faq\Thumbs.db --> www.jaf.hk /public_html/sur/tc/images/faq Thumbs.db
111.11.25 11:48 B C:\Users\Michael Win7\Documents\web\Surgical ForeSkin\NOW\surgical Now\tc\images\faq\title_01.gif --> www.jaf.hk /public_html/sur/tc/images/faq title_01.gif
111.11.25 11:48 B C:\Users\Michael Win7\Documents\web\Surgical ForeSkin\NOW\surgical Now\tc\images\faq\title_02.gif --> www.jaf.hk /public_html/sur/tc/images/faq title_02.gif
111.11.25 11:48 B C:\Users\Michael Win7\Documents\web\Surgical ForeSkin\NOW\surgical Now\tc\images\faq\WS_FTP.LOG --> www.jaf.hk /public_html/sur/tc/images/faq WS_FTP.LOG
111.12.29 11:57 B C:\Users\Michael Win7\Desktop\surgical  三項circum\surgical_now\tc\images\faq\banner.jpg --> www.surgical.hk /public_html/tc/images/faq banner.jpg
111.12.29 11:57 B C:\Users\Michael Win7\Desktop\surgical  三項circum\surgical_now\tc\images\faq\banner_bak.jpg --> www.surgical.hk /public_html/tc/images/faq banner_bak.jpg
111.12.29 11:57 B C:\Users\Michael Win7\Desktop\surgical  三項circum\surgical_now\tc\images\faq\bg.jpg --> www.surgical.hk /public_html/tc/images/faq bg.jpg
111.12.29 11:57 B C:\Users\Michael Win7\Desktop\surgical  三項circum\surgical_now\tc\images\faq\bg_bak.jpg --> www.surgical.hk /public_html/tc/images/faq bg_bak.jpg
111.12.29 11:57 B C:\Users\Michael Win7\Desktop\surgical  三項circum\surgical_now\tc\images\faq\Thumbs.db --> www.surgical.hk /public_html/tc/images/faq Thumbs.db
111.12.29 11:57 B C:\Users\Michael Win7\Desktop\surgical  三項circum\surgical_now\tc\images\faq\title_01.gif --> www.surgical.hk /public_html/tc/images/faq title_01.gif
111.12.29 11:57 B C:\Users\Michael Win7\Desktop\surgical  三項circum\surgical_now\tc\images\faq\title_02.gif --> www.surgical.hk /public_html/tc/images/faq title_02.gif
111.12.29 11:57 B C:\Users\Michael Win7\Desktop\surgical  三項circum\surgical_now\tc\images\faq\WS_FTP.LOG --> www.surgical.hk /public_html/tc/images/faq WS_FTP.LOG
111.12.29 12:04 B C:\Users\Michael Win7\Desktop\surgical  三項circum\surgical_now\tc\images\faq\banner.jpg --> www.surgical.hk /public_html/tc/images/faq banner.jpg
111.12.29 12:04 B C:\Users\Michael Win7\Desktop\surgical  三項circum\surgical_now\tc\images\faq\banner_bak.jpg --> www.surgical.hk /public_html/tc/images/faq banner_bak.jpg
111.12.29 12:04 B C:\Users\Michael Win7\Desktop\surgical  三項circum\surgical_now\tc\images\faq\bg.jpg --> www.surgical.hk /public_html/tc/images/faq bg.jpg
111.12.29 12:04 B C:\Users\Michael Win7\Desktop\surgical  三項circum\surgical_now\tc\images\faq\bg_bak.jpg --> www.surgical.hk /public_html/tc/images/faq bg_bak.jpg
111.12.29 12:04 B C:\Users\Michael Win7\Desktop\surgical  三項circum\surgical_now\tc\images\faq\Thumbs.db --> www.surgical.hk /public_html/tc/images/faq Thumbs.db
111.12.29 12:04 B C:\Users\Michael Win7\Desktop\surgical  三項circum\surgical_now\tc\images\faq\title_01.gif --> www.surgical.hk /public_html/tc/images/faq title_01.gif
111.12.29 12:04 B C:\Users\Michael Win7\Desktop\surgical  三項circum\surgical_now\tc\images\faq\title_02.gif --> www.surgical.hk /public_html/tc/images/faq title_02.gif
