111.01.16 11:04 B E:\WEB\Surgical ForeSkin\NOW\surgical Now\tc\intro.htm --> www.surgical.hk /public_html/tc intro.htm
111.04.30 19:46 B E:\WEB\Surgical ForeSkin\NOW\surgical Now\tc\an.php --> www.surgical.hk /public_html/tc an.php
111.04.30 19:46 B E:\WEB\Surgical ForeSkin\NOW\surgical Now\tc\cause.htm --> www.surgical.hk /public_html/tc cause.htm
111.04.30 19:46 B E:\WEB\Surgical ForeSkin\NOW\surgical Now\tc\cause2.htm --> www.surgical.hk /public_html/tc cause2.htm
111.04.30 19:46 B E:\WEB\Surgical ForeSkin\NOW\surgical Now\tc\contact.htm --> www.surgical.hk /public_html/tc contact.htm
111.04.30 19:46 B E:\WEB\Surgical ForeSkin\NOW\surgical Now\tc\faq.htm --> www.surgical.hk /public_html/tc faq.htm
111.04.30 19:46 B E:\WEB\Surgical ForeSkin\NOW\surgical Now\tc\index.htm --> www.surgical.hk /public_html/tc index.htm
111.04.30 19:46 B E:\WEB\Surgical ForeSkin\NOW\surgical Now\tc\index.html --> www.surgical.hk /public_html/tc index.html
111.04.30 19:46 B E:\WEB\Surgical ForeSkin\NOW\surgical Now\tc\intro.htm --> www.surgical.hk /public_html/tc intro.htm
111.04.30 19:46 B E:\WEB\Surgical ForeSkin\NOW\surgical Now\tc\minor.htm --> www.surgical.hk /public_html/tc minor.htm
111.04.30 19:46 B E:\WEB\Surgical ForeSkin\NOW\surgical Now\tc\ref.htm --> www.surgical.hk /public_html/tc ref.htm
111.04.30 19:46 B E:\WEB\Surgical ForeSkin\NOW\surgical Now\tc\thankyou.htm --> www.surgical.hk /public_html/tc thankyou.htm
111.04.30 19:46 B E:\WEB\Surgical ForeSkin\NOW\surgical Now\tc\WS_FTP.LOG --> www.surgical.hk /public_html/tc WS_FTP.LOG
111.04.30 19:50 B E:\WEB\Surgical ForeSkin\NOW\surgical Now\tc\E:\WEB\Surgical ForeSkin\NOW\surgical Now\tc\cause.htm --> www.surgical.hk /public_html/tc cause.htm
111.04.30 19:50 B E:\WEB\Surgical ForeSkin\NOW\surgical Now\tc\E:\WEB\Surgical ForeSkin\NOW\surgical Now\tc\cause2.htm --> www.surgical.hk /public_html/tc cause2.htm
111.11.24 12:13 B C:\Users\Michael Win7\Desktop\v14\tc\an.php --> www.surgical.hk /public_html/tc an.php
111.11.24 12:13 B C:\Users\Michael Win7\Desktop\v14\tc\cause.htm --> www.surgical.hk /public_html/tc cause.htm
111.11.24 12:13 B C:\Users\Michael Win7\Desktop\v14\tc\cause2.htm --> www.surgical.hk /public_html/tc cause2.htm
111.11.24 12:13 B C:\Users\Michael Win7\Desktop\v14\tc\cause_children.htm --> www.surgical.hk /public_html/tc cause_children.htm
111.11.24 12:13 B C:\Users\Michael Win7\Desktop\v14\tc\contact.htm --> www.surgical.hk /public_html/tc contact.htm
111.11.24 12:13 B C:\Users\Michael Win7\Desktop\v14\tc\faq.htm --> www.surgical.hk /public_html/tc faq.htm
111.11.24 12:13 B C:\Users\Michael Win7\Desktop\v14\tc\index.htm --> www.surgical.hk /public_html/tc index.htm
111.11.24 12:13 B C:\Users\Michael Win7\Desktop\v14\tc\index.html --> www.surgical.hk /public_html/tc index.html
111.11.24 12:13 B C:\Users\Michael Win7\Desktop\v14\tc\intro.htm --> www.surgical.hk /public_html/tc intro.htm
111.11.24 12:13 B C:\Users\Michael Win7\Desktop\v14\tc\minor.htm --> www.surgical.hk /public_html/tc minor.htm
111.11.24 12:13 B C:\Users\Michael Win7\Desktop\v14\tc\ref.htm --> www.surgical.hk /public_html/tc ref.htm
111.11.24 12:13 B C:\Users\Michael Win7\Desktop\v14\tc\thankyou.htm --> www.surgical.hk /public_html/tc thankyou.htm
111.11.24 12:13 B C:\Users\Michael Win7\Desktop\v14\tc\WS_FTP.LOG --> www.surgical.hk /public_html/tc WS_FTP.LOG
111.11.24 12:13 B C:\Users\Michael Win7\Desktop\v14\tc\複製 -an.php --> www.surgical.hk /public_html/tc 複製 -an.php
111.11.24 12:13 B C:\Users\Michael Win7\Desktop\v14\tc\複製 -cause.htm --> www.surgical.hk /public_html/tc 複製 -cause.htm
111.11.24 12:13 B C:\Users\Michael Win7\Desktop\v14\tc\複製 -contact 20110316.htm --> www.surgical.hk /public_html/tc 複製 -contact 20110316.htm
111.11.24 12:13 B C:\Users\Michael Win7\Desktop\v14\tc\複製 -contact 20110614 未轉佐敦.htm --> www.surgical.hk /public_html/tc 複製 -contact 20110614 未轉佐敦.htm
111.11.24 12:13 B C:\Users\Michael Win7\Desktop\v14\tc\複製 -contact.htm --> www.surgical.hk /public_html/tc 複製 -contact.htm
111.11.24 12:13 B C:\Users\Michael Win7\Desktop\v14\tc\複製 -index  20110707 hkhc.htm --> www.surgical.hk /public_html/tc 複製 -index  20110707 hkhc.htm
111.11.24 12:13 B C:\Users\Michael Win7\Desktop\v14\tc\複製 -intro  20110707 hkhc.htm --> www.surgical.hk /public_html/tc 複製 -intro  20110707 hkhc.htm
111.11.24 12:13 B C:\Users\Michael Win7\Desktop\v14\tc\複製 -intro 20110430有相片.htm --> www.surgical.hk /public_html/tc 複製 -intro 20110430有相片.htm
111.11.24 12:13 B C:\Users\Michael Win7\Desktop\v14\tc\複製 -intro 20110705 未補回lyk相.htm --> www.surgical.hk /public_html/tc 複製 -intro 20110705 未補回lyk相.htm
111.11.24 12:13 B C:\Users\Michael Win7\Desktop\v14\tc\複製 -minor 20110430有相片.htm --> www.surgical.hk /public_html/tc 複製 -minor 20110430有相片.htm
111.11.25 11:48 B C:\Users\Michael Win7\Documents\web\Surgical ForeSkin\NOW\surgical Now\tc\an.php --> www.jaf.hk /public_html/sur/tc an.php
111.11.25 11:48 B C:\Users\Michael Win7\Documents\web\Surgical ForeSkin\NOW\surgical Now\tc\cause.htm --> www.jaf.hk /public_html/sur/tc cause.htm
111.11.25 11:48 B C:\Users\Michael Win7\Documents\web\Surgical ForeSkin\NOW\surgical Now\tc\cause2 - 複製.htm --> www.jaf.hk /public_html/sur/tc cause2 - 複製.htm
111.11.25 11:48 B C:\Users\Michael Win7\Documents\web\Surgical ForeSkin\NOW\surgical Now\tc\cause2.htm --> www.jaf.hk /public_html/sur/tc cause2.htm
111.11.25 11:48 B C:\Users\Michael Win7\Documents\web\Surgical ForeSkin\NOW\surgical Now\tc\cause_children - 複製.htm --> www.jaf.hk /public_html/sur/tc cause_children - 複製.htm
111.11.25 11:48 B C:\Users\Michael Win7\Documents\web\Surgical ForeSkin\NOW\surgical Now\tc\cause_children.htm --> www.jaf.hk /public_html/sur/tc cause_children.htm
111.11.25 11:48 B C:\Users\Michael Win7\Documents\web\Surgical ForeSkin\NOW\surgical Now\tc\contact.htm --> www.jaf.hk /public_html/sur/tc contact.htm
111.11.25 11:48 B C:\Users\Michael Win7\Documents\web\Surgical ForeSkin\NOW\surgical Now\tc\faq - 複製.htm --> www.jaf.hk /public_html/sur/tc faq - 複製.htm
111.11.25 11:48 B C:\Users\Michael Win7\Documents\web\Surgical ForeSkin\NOW\surgical Now\tc\faq.htm --> www.jaf.hk /public_html/sur/tc faq.htm
111.11.25 11:48 B C:\Users\Michael Win7\Documents\web\Surgical ForeSkin\NOW\surgical Now\tc\index.htm --> www.jaf.hk /public_html/sur/tc index.htm
111.11.25 11:48 B C:\Users\Michael Win7\Documents\web\Surgical ForeSkin\NOW\surgical Now\tc\index.html --> www.jaf.hk /public_html/sur/tc index.html
111.11.25 11:48 B C:\Users\Michael Win7\Documents\web\Surgical ForeSkin\NOW\surgical Now\tc\intro.htm --> www.jaf.hk /public_html/sur/tc intro.htm
111.11.25 11:48 B C:\Users\Michael Win7\Documents\web\Surgical ForeSkin\NOW\surgical Now\tc\minor.htm --> www.jaf.hk /public_html/sur/tc minor.htm
111.11.25 11:48 B C:\Users\Michael Win7\Documents\web\Surgical ForeSkin\NOW\surgical Now\tc\ref.htm --> www.jaf.hk /public_html/sur/tc ref.htm
111.11.25 11:48 B C:\Users\Michael Win7\Documents\web\Surgical ForeSkin\NOW\surgical Now\tc\thankyou.htm --> www.jaf.hk /public_html/sur/tc thankyou.htm
111.11.25 11:48 B C:\Users\Michael Win7\Documents\web\Surgical ForeSkin\NOW\surgical Now\tc\WS_FTP.LOG --> www.jaf.hk /public_html/sur/tc WS_FTP.LOG
111.11.25 11:48 B C:\Users\Michael Win7\Documents\web\Surgical ForeSkin\NOW\surgical Now\tc\複製 -an.php --> www.jaf.hk /public_html/sur/tc 複製 -an.php
111.11.25 11:48 B C:\Users\Michael Win7\Documents\web\Surgical ForeSkin\NOW\surgical Now\tc\複製 -cause.htm --> www.jaf.hk /public_html/sur/tc 複製 -cause.htm
111.11.25 11:48 B C:\Users\Michael Win7\Documents\web\Surgical ForeSkin\NOW\surgical Now\tc\複製 -contact 20110316.htm --> www.jaf.hk /public_html/sur/tc 複製 -contact 20110316.htm
111.11.25 11:48 B C:\Users\Michael Win7\Documents\web\Surgical ForeSkin\NOW\surgical Now\tc\複製 -contact 20110614 未轉佐敦.htm --> www.jaf.hk /public_html/sur/tc 複製 -contact 20110614 未轉佐敦.htm
111.11.25 11:48 B C:\Users\Michael Win7\Documents\web\Surgical ForeSkin\NOW\surgical Now\tc\複製 -contact.htm --> www.jaf.hk /public_html/sur/tc 複製 -contact.htm
111.11.25 11:48 B C:\Users\Michael Win7\Documents\web\Surgical ForeSkin\NOW\surgical Now\tc\複製 -index  20110707 hkhc.htm --> www.jaf.hk /public_html/sur/tc 複製 -index  20110707 hkhc.htm
111.11.25 11:48 B C:\Users\Michael Win7\Documents\web\Surgical ForeSkin\NOW\surgical Now\tc\複製 -intro  20110707 hkhc.htm --> www.jaf.hk /public_html/sur/tc 複製 -intro  20110707 hkhc.htm
111.11.25 11:48 B C:\Users\Michael Win7\Documents\web\Surgical ForeSkin\NOW\surgical Now\tc\複製 -intro 20110430有相片.htm --> www.jaf.hk /public_html/sur/tc 複製 -intro 20110430有相片.htm
111.11.25 11:48 B C:\Users\Michael Win7\Documents\web\Surgical ForeSkin\NOW\surgical Now\tc\複製 -intro 20110705 未補回lyk相.htm --> www.jaf.hk /public_html/sur/tc 複製 -intro 20110705 未補回lyk相.htm
111.11.25 11:48 B C:\Users\Michael Win7\Documents\web\Surgical ForeSkin\NOW\surgical Now\tc\複製 -minor 20110430有相片.htm --> www.jaf.hk /public_html/sur/tc 複製 -minor 20110430有相片.htm
111.12.29 11:57 B C:\Users\Michael Win7\Desktop\surgical  三項circum\surgical_now\tc\an.php --> www.surgical.hk /public_html/tc an.php
111.12.29 11:57 B C:\Users\Michael Win7\Desktop\surgical  三項circum\surgical_now\tc\cause.htm --> www.surgical.hk /public_html/tc cause.htm
111.12.29 11:57 B C:\Users\Michael Win7\Desktop\surgical  三項circum\surgical_now\tc\cause2 - 複製.htm --> www.surgical.hk /public_html/tc cause2 - 複製.htm
111.12.29 11:57 B C:\Users\Michael Win7\Desktop\surgical  三項circum\surgical_now\tc\cause2.htm --> www.surgical.hk /public_html/tc cause2.htm
111.12.29 11:57 B C:\Users\Michael Win7\Desktop\surgical  三項circum\surgical_now\tc\cause_children - 複製 (2).htm --> www.surgical.hk /public_html/tc cause_children - 複製 (2).htm
111.12.29 11:57 B C:\Users\Michael Win7\Desktop\surgical  三項circum\surgical_now\tc\cause_children - 複製.htm --> www.surgical.hk /public_html/tc cause_children - 複製.htm
111.12.29 11:57 B C:\Users\Michael Win7\Desktop\surgical  三項circum\surgical_now\tc\cause_children.htm --> www.surgical.hk /public_html/tc cause_children.htm
111.12.29 11:57 B C:\Users\Michael Win7\Desktop\surgical  三項circum\surgical_now\tc\contact.htm --> www.surgical.hk /public_html/tc contact.htm
111.12.29 11:57 B C:\Users\Michael Win7\Desktop\surgical  三項circum\surgical_now\tc\faq - 複製.htm --> www.surgical.hk /public_html/tc faq - 複製.htm
111.12.29 11:57 B C:\Users\Michael Win7\Desktop\surgical  三項circum\surgical_now\tc\faq.htm --> www.surgical.hk /public_html/tc faq.htm
111.12.29 11:57 B C:\Users\Michael Win7\Desktop\surgical  三項circum\surgical_now\tc\index.htm --> www.surgical.hk /public_html/tc index.htm
111.12.29 11:57 B C:\Users\Michael Win7\Desktop\surgical  三項circum\surgical_now\tc\index.html --> www.surgical.hk /public_html/tc index.html
111.12.29 11:57 B C:\Users\Michael Win7\Desktop\surgical  三項circum\surgical_now\tc\intro - 複製.htm --> www.surgical.hk /public_html/tc intro - 複製.htm
111.12.29 11:57 B C:\Users\Michael Win7\Desktop\surgical  三項circum\surgical_now\tc\intro.htm --> www.surgical.hk /public_html/tc intro.htm
111.12.29 11:57 B C:\Users\Michael Win7\Desktop\surgical  三項circum\surgical_now\tc\minor.htm --> www.surgical.hk /public_html/tc minor.htm
111.12.29 11:57 B C:\Users\Michael Win7\Desktop\surgical  三項circum\surgical_now\tc\ref.htm --> www.surgical.hk /public_html/tc ref.htm
111.12.29 11:57 B C:\Users\Michael Win7\Desktop\surgical  三項circum\surgical_now\tc\thankyou.htm --> www.surgical.hk /public_html/tc thankyou.htm
111.12.29 11:57 B C:\Users\Michael Win7\Desktop\surgical  三項circum\surgical_now\tc\WS_FTP.LOG --> www.surgical.hk /public_html/tc WS_FTP.LOG
111.12.29 11:57 B C:\Users\Michael Win7\Desktop\surgical  三項circum\surgical_now\tc\複製 -an.php --> www.surgical.hk /public_html/tc 複製 -an.php
111.12.29 11:57 B C:\Users\Michael Win7\Desktop\surgical  三項circum\surgical_now\tc\複製 -cause.htm --> www.surgical.hk /public_html/tc 複製 -cause.htm
111.12.29 11:57 B C:\Users\Michael Win7\Desktop\surgical  三項circum\surgical_now\tc\複製 -contact 20110316.htm --> www.surgical.hk /public_html/tc 複製 -contact 20110316.htm
111.12.29 11:57 B C:\Users\Michael Win7\Desktop\surgical  三項circum\surgical_now\tc\複製 -contact 20110614 未轉佐敦.htm --> www.surgical.hk /public_html/tc 複製 -contact 20110614 未轉佐敦.htm
111.12.29 11:57 B C:\Users\Michael Win7\Desktop\surgical  三項circum\surgical_now\tc\複製 -contact.htm --> www.surgical.hk /public_html/tc 複製 -contact.htm
111.12.29 11:57 B C:\Users\Michael Win7\Desktop\surgical  三項circum\surgical_now\tc\複製 -index  20110707 hkhc.htm --> www.surgical.hk /public_html/tc 複製 -index  20110707 hkhc.htm
111.12.29 11:57 B C:\Users\Michael Win7\Desktop\surgical  三項circum\surgical_now\tc\複製 -intro  20110707 hkhc.htm --> www.surgical.hk /public_html/tc 複製 -intro  20110707 hkhc.htm
111.12.29 11:57 B C:\Users\Michael Win7\Desktop\surgical  三項circum\surgical_now\tc\複製 -intro 20110430有相片.htm --> www.surgical.hk /public_html/tc 複製 -intro 20110430有相片.htm
111.12.29 11:57 B C:\Users\Michael Win7\Desktop\surgical  三項circum\surgical_now\tc\複製 -intro 20110705 未補回lyk相.htm --> www.surgical.hk /public_html/tc 複製 -intro 20110705 未補回lyk相.htm
111.12.29 11:57 B C:\Users\Michael Win7\Desktop\surgical  三項circum\surgical_now\tc\複製 -minor 20110430有相片.htm --> www.surgical.hk /public_html/tc 複製 -minor 20110430有相片.htm
111.12.29 12:04 B C:\Users\Michael Win7\Desktop\surgical  三項circum\surgical_now\tc\an.php --> www.surgical.hk /public_html/tc an.php
111.12.29 12:04 B C:\Users\Michael Win7\Desktop\surgical  三項circum\surgical_now\tc\cause.htm --> www.surgical.hk /public_html/tc cause.htm
111.12.29 12:04 B C:\Users\Michael Win7\Desktop\surgical  三項circum\surgical_now\tc\cause2 - 複製.htm --> www.surgical.hk /public_html/tc cause2 - 複製.htm
111.12.29 12:04 B C:\Users\Michael Win7\Desktop\surgical  三項circum\surgical_now\tc\cause2.htm --> www.surgical.hk /public_html/tc cause2.htm
111.12.29 12:04 B C:\Users\Michael Win7\Desktop\surgical  三項circum\surgical_now\tc\cause_children - 複製 (2).htm --> www.surgical.hk /public_html/tc cause_children - 複製 (2).htm
111.12.29 12:04 B C:\Users\Michael Win7\Desktop\surgical  三項circum\surgical_now\tc\cause_children - 複製.htm --> www.surgical.hk /public_html/tc cause_children - 複製.htm
111.12.29 12:04 B C:\Users\Michael Win7\Desktop\surgical  三項circum\surgical_now\tc\cause_children.htm --> www.surgical.hk /public_html/tc cause_children.htm
111.12.29 12:04 B C:\Users\Michael Win7\Desktop\surgical  三項circum\surgical_now\tc\contact.htm --> www.surgical.hk /public_html/tc contact.htm
111.12.29 12:04 B C:\Users\Michael Win7\Desktop\surgical  三項circum\surgical_now\tc\faq - 複製.htm --> www.surgical.hk /public_html/tc faq - 複製.htm
111.12.29 12:04 B C:\Users\Michael Win7\Desktop\surgical  三項circum\surgical_now\tc\faq.htm --> www.surgical.hk /public_html/tc faq.htm
111.12.29 12:04 B C:\Users\Michael Win7\Desktop\surgical  三項circum\surgical_now\tc\index.htm --> www.surgical.hk /public_html/tc index.htm
111.12.29 12:04 B C:\Users\Michael Win7\Desktop\surgical  三項circum\surgical_now\tc\index.html --> www.surgical.hk /public_html/tc index.html
111.12.29 12:04 B C:\Users\Michael Win7\Desktop\surgical  三項circum\surgical_now\tc\intro - 複製.htm --> www.surgical.hk /public_html/tc intro - 複製.htm
111.12.29 12:04 B C:\Users\Michael Win7\Desktop\surgical  三項circum\surgical_now\tc\intro.htm --> www.surgical.hk /public_html/tc intro.htm
111.12.29 12:04 B C:\Users\Michael Win7\Desktop\surgical  三項circum\surgical_now\tc\minor.htm --> www.surgical.hk /public_html/tc minor.htm
111.12.29 12:04 B C:\Users\Michael Win7\Desktop\surgical  三項circum\surgical_now\tc\ref.htm --> www.surgical.hk /public_html/tc ref.htm
111.12.29 12:04 B C:\Users\Michael Win7\Desktop\surgical  三項circum\surgical_now\tc\thankyou.htm --> www.surgical.hk /public_html/tc thankyou.htm
