108.12.17 14:01 B C:\Documents and Settings\ty.MICHAEL\桌面\PainFree OLD\big5\bbherni.php <-- PainFree /public_html/big5 bbherni.php
108.12.17 14:01 B C:\Documents and Settings\ty.MICHAEL\桌面\PainFree OLD\big5\contact.php <-- PainFree /public_html/big5 contact.php
108.12.17 14:01 B C:\Documents and Settings\ty.MICHAEL\桌面\PainFree OLD\big5\contact_bk.php <-- PainFree /public_html/big5 contact_bk.php
108.12.17 14:01 B C:\Documents and Settings\ty.MICHAEL\桌面\PainFree OLD\big5\e.php <-- PainFree /public_html/big5 e.php
108.12.17 14:01 B C:\Documents and Settings\ty.MICHAEL\桌面\PainFree OLD\big5\e_bk.php <-- PainFree /public_html/big5 e_bk.php
108.12.17 14:01 B C:\Documents and Settings\ty.MICHAEL\桌面\PainFree OLD\big5\email_template.php <-- PainFree /public_html/big5 email_template.php
108.12.17 14:01 B C:\Documents and Settings\ty.MICHAEL\桌面\PainFree OLD\big5\f.php <-- PainFree /public_html/big5 f.php
108.12.17 14:01 B C:\Documents and Settings\ty.MICHAEL\桌面\PainFree OLD\big5\foreskin.php <-- PainFree /public_html/big5 foreskin.php
108.12.17 14:01 B C:\Documents and Settings\ty.MICHAEL\桌面\PainFree OLD\big5\h.php <-- PainFree /public_html/big5 h.php
108.12.17 14:01 B C:\Documents and Settings\ty.MICHAEL\桌面\PainFree OLD\big5\h_bk.php <-- PainFree /public_html/big5 h_bk.php
108.12.17 14:01 B C:\Documents and Settings\ty.MICHAEL\桌面\PainFree OLD\big5\hernia.php <-- PainFree /public_html/big5 hernia.php
108.12.17 14:01 B C:\Documents and Settings\ty.MICHAEL\桌面\PainFree OLD\big5\home.php <-- PainFree /public_html/big5 home.php
108.12.17 14:01 B C:\Documents and Settings\ty.MICHAEL\桌面\PainFree OLD\big5\home_bk.php <-- PainFree /public_html/big5 home_bk.php
108.12.17 14:01 B C:\Documents and Settings\ty.MICHAEL\桌面\PainFree OLD\big5\home_BK2.php <-- PainFree /public_html/big5 home_BK2.php
108.12.17 14:01 B C:\Documents and Settings\ty.MICHAEL\桌面\PainFree OLD\big5\index.php <-- PainFree /public_html/big5 index.php
108.12.17 14:01 B C:\Documents and Settings\ty.MICHAEL\桌面\PainFree OLD\big5\Mail.php <-- PainFree /public_html/big5 Mail.php
108.12.17 14:01 B C:\Documents and Settings\ty.MICHAEL\桌面\PainFree OLD\big5\media.php <-- PainFree /public_html/big5 media.php
108.12.17 14:01 B C:\Documents and Settings\ty.MICHAEL\桌面\PainFree OLD\big5\pr.php <-- PainFree /public_html/big5 pr.php
108.12.17 14:01 B C:\Documents and Settings\ty.MICHAEL\桌面\PainFree OLD\big5\question.php <-- PainFree /public_html/big5 question.php
108.12.17 14:01 B C:\Documents and Settings\ty.MICHAEL\桌面\PainFree OLD\big5\question_bk.php <-- PainFree /public_html/big5 question_bk.php
108.12.17 14:01 B C:\Documents and Settings\ty.MICHAEL\桌面\PainFree OLD\big5\SteelExternalNoVol.swf <-- PainFree /public_html/big5 SteelExternalNoVol.swf
108.12.17 14:01 B C:\Documents and Settings\ty.MICHAEL\桌面\PainFree OLD\big5\t.php <-- PainFree /public_html/big5 t.php
108.12.17 14:01 B C:\Documents and Settings\ty.MICHAEL\桌面\PainFree OLD\big5\test.php <-- PainFree /public_html/big5 test.php
108.12.17 14:01 B C:\Documents and Settings\ty.MICHAEL\桌面\PainFree OLD\big5\thyroid.php <-- PainFree /public_html/big5 thyroid.php
108.12.22 18:28 B C:\Documents and Settings\ty.MICHAEL\桌面\PainFree\big5\bbherni.php --> www.painfree.hk /public_html/foreskin/big5 bbherni.php
108.12.22 18:28 B C:\Documents and Settings\ty.MICHAEL\桌面\PainFree\big5\contact.php --> www.painfree.hk /public_html/foreskin/big5 contact.php
108.12.22 18:28 B C:\Documents and Settings\ty.MICHAEL\桌面\PainFree\big5\contact_bk.php --> www.painfree.hk /public_html/foreskin/big5 contact_bk.php
108.12.22 18:28 B C:\Documents and Settings\ty.MICHAEL\桌面\PainFree\big5\e.php --> www.painfree.hk /public_html/foreskin/big5 e.php
108.12.22 18:28 B C:\Documents and Settings\ty.MICHAEL\桌面\PainFree\big5\e_bk.php --> www.painfree.hk /public_html/foreskin/big5 e_bk.php
108.12.22 18:28 B C:\Documents and Settings\ty.MICHAEL\桌面\PainFree\big5\email_template.php --> www.painfree.hk /public_html/foreskin/big5 email_template.php
108.12.22 18:28 B C:\Documents and Settings\ty.MICHAEL\桌面\PainFree\big5\f.php --> www.painfree.hk /public_html/foreskin/big5 f.php
108.12.22 18:29 B C:\Documents and Settings\ty.MICHAEL\桌面\PainFree\big5\bbherni.php --> www.painfree.hk /public_html/foreskin/big5 bbherni.php
108.12.22 18:29 B C:\Documents and Settings\ty.MICHAEL\桌面\PainFree\big5\contact.php --> www.painfree.hk /public_html/foreskin/big5 contact.php
108.12.22 18:29 B C:\Documents and Settings\ty.MICHAEL\桌面\PainFree\big5\contact_bk.php --> www.painfree.hk /public_html/foreskin/big5 contact_bk.php
108.12.22 18:29 B C:\Documents and Settings\ty.MICHAEL\桌面\PainFree\big5\e.php --> www.painfree.hk /public_html/foreskin/big5 e.php
108.12.22 18:29 B C:\Documents and Settings\ty.MICHAEL\桌面\PainFree\big5\e_bk.php --> www.painfree.hk /public_html/foreskin/big5 e_bk.php
108.12.22 18:29 B C:\Documents and Settings\ty.MICHAEL\桌面\PainFree\big5\email_template.php --> www.painfree.hk /public_html/foreskin/big5 email_template.php
108.12.22 18:29 B C:\Documents and Settings\ty.MICHAEL\桌面\PainFree\big5\f.php --> www.painfree.hk /public_html/foreskin/big5 f.php
108.12.22 18:29 B C:\Documents and Settings\ty.MICHAEL\桌面\PainFree\big5\foreskin.php --> www.painfree.hk /public_html/foreskin/big5 foreskin.php
108.12.22 18:29 B C:\Documents and Settings\ty.MICHAEL\桌面\PainFree\big5\h.php --> www.painfree.hk /public_html/foreskin/big5 h.php
108.12.22 18:29 B C:\Documents and Settings\ty.MICHAEL\桌面\PainFree\big5\h_bk.php --> www.painfree.hk /public_html/foreskin/big5 h_bk.php
108.12.22 18:29 B C:\Documents and Settings\ty.MICHAEL\桌面\PainFree\big5\hernia.php --> www.painfree.hk /public_html/foreskin/big5 hernia.php
108.12.22 18:29 B C:\Documents and Settings\ty.MICHAEL\桌面\PainFree\big5\home.php --> www.painfree.hk /public_html/foreskin/big5 home.php
108.12.22 18:29 B C:\Documents and Settings\ty.MICHAEL\桌面\PainFree\big5\home_bk.php --> www.painfree.hk /public_html/foreskin/big5 home_bk.php
108.12.22 18:29 B C:\Documents and Settings\ty.MICHAEL\桌面\PainFree\big5\home_BK2.php --> www.painfree.hk /public_html/foreskin/big5 home_BK2.php
108.12.22 18:29 B C:\Documents and Settings\ty.MICHAEL\桌面\PainFree\big5\index.php --> www.painfree.hk /public_html/foreskin/big5 index.php
108.12.22 18:29 B C:\Documents and Settings\ty.MICHAEL\桌面\PainFree\big5\Mail.php --> www.painfree.hk /public_html/foreskin/big5 Mail.php
108.12.22 18:29 B C:\Documents and Settings\ty.MICHAEL\桌面\PainFree\big5\media.php --> www.painfree.hk /public_html/foreskin/big5 media.php
108.12.22 18:30 B C:\Documents and Settings\ty.MICHAEL\桌面\PainFree\big5\pr.php --> www.painfree.hk /public_html/foreskin/big5 pr.php
108.12.22 18:30 B C:\Documents and Settings\ty.MICHAEL\桌面\PainFree\big5\question.php --> www.painfree.hk /public_html/foreskin/big5 question.php
108.12.22 18:30 B C:\Documents and Settings\ty.MICHAEL\桌面\PainFree\big5\question_bk.php --> www.painfree.hk /public_html/foreskin/big5 question_bk.php
108.12.22 18:30 B C:\Documents and Settings\ty.MICHAEL\桌面\PainFree\big5\SteelExternalNoVol.swf --> www.painfree.hk /public_html/foreskin/big5 SteelExternalNoVol.swf
108.12.22 18:30 B C:\Documents and Settings\ty.MICHAEL\桌面\PainFree\big5\t.php --> www.painfree.hk /public_html/foreskin/big5 t.php
108.12.22 18:30 B C:\Documents and Settings\ty.MICHAEL\桌面\PainFree\big5\test.php --> www.painfree.hk /public_html/foreskin/big5 test.php
108.12.22 18:30 B C:\Documents and Settings\ty.MICHAEL\桌面\PainFree\big5\thyroid.php --> www.painfree.hk /public_html/foreskin/big5 thyroid.php
108.12.22 18:30 B C:\Documents and Settings\ty.MICHAEL\桌面\PainFree\big5\WS_FTP.LOG --> www.painfree.hk /public_html/foreskin/big5 WS_FTP.LOG
108.12.23 18:23 B C:\Documents and Settings\ty.MICHAEL\桌面\PainFree\big5\bbherni.php --> www.painfree.hk /public_html/foreskin/big5 bbherni.php
108.12.23 18:23 B C:\Documents and Settings\ty.MICHAEL\桌面\PainFree\big5\contact.php --> www.painfree.hk /public_html/foreskin/big5 contact.php
108.12.23 18:23 B C:\Documents and Settings\ty.MICHAEL\桌面\PainFree\big5\e.php --> www.painfree.hk /public_html/foreskin/big5 e.php
108.12.23 18:23 B C:\Documents and Settings\ty.MICHAEL\桌面\PainFree\big5\email_template.php --> www.painfree.hk /public_html/foreskin/big5 email_template.php
108.12.23 18:23 B C:\Documents and Settings\ty.MICHAEL\桌面\PainFree\big5\f.php --> www.painfree.hk /public_html/foreskin/big5 f.php
108.12.23 18:23 B C:\Documents and Settings\ty.MICHAEL\桌面\PainFree\big5\foreskin.php --> www.painfree.hk /public_html/foreskin/big5 foreskin.php
108.12.23 18:23 B C:\Documents and Settings\ty.MICHAEL\桌面\PainFree\big5\h.php --> www.painfree.hk /public_html/foreskin/big5 h.php
108.12.23 18:23 B C:\Documents and Settings\ty.MICHAEL\桌面\PainFree\big5\hernia.php --> www.painfree.hk /public_html/foreskin/big5 hernia.php
108.12.23 18:23 B C:\Documents and Settings\ty.MICHAEL\桌面\PainFree\big5\home.php --> www.painfree.hk /public_html/foreskin/big5 home.php
108.12.23 18:23 B C:\Documents and Settings\ty.MICHAEL\桌面\PainFree\big5\index.php --> www.painfree.hk /public_html/foreskin/big5 index.php
108.12.23 18:23 B C:\Documents and Settings\ty.MICHAEL\桌面\PainFree\big5\Mail.php --> www.painfree.hk /public_html/foreskin/big5 Mail.php
108.12.23 18:23 B C:\Documents and Settings\ty.MICHAEL\桌面\PainFree\big5\media.php --> www.painfree.hk /public_html/foreskin/big5 media.php
108.12.23 18:23 B C:\Documents and Settings\ty.MICHAEL\桌面\PainFree\big5\pr.php --> www.painfree.hk /public_html/foreskin/big5 pr.php
108.12.23 18:23 B C:\Documents and Settings\ty.MICHAEL\桌面\PainFree\big5\question.php --> www.painfree.hk /public_html/foreskin/big5 question.php
108.12.23 18:23 B C:\Documents and Settings\ty.MICHAEL\桌面\PainFree\big5\SteelExternalNoVol.swf --> www.painfree.hk /public_html/foreskin/big5 SteelExternalNoVol.swf
108.12.23 18:23 B C:\Documents and Settings\ty.MICHAEL\桌面\PainFree\big5\thyroid.php --> www.painfree.hk /public_html/foreskin/big5 thyroid.php
109.02.20 19:09 B C:\Documents and Settings\ty.MICHAEL\桌面\ForeSkin\big5\WS_FTP.LOG <-- Painfree /public_html/foreskin/big5 WS_FTP.LOG
109.03.07 13:06 B C:\Documents and Settings\ty.MICHAEL\桌面\ForeSkin_228\big5\bbherni.php --> www.painfree.hk /public_html/foreskin/big5 bbherni.php
109.03.07 13:06 B C:\Documents and Settings\ty.MICHAEL\桌面\ForeSkin_228\big5\contact.php --> www.painfree.hk /public_html/foreskin/big5 contact.php
109.03.07 13:06 B C:\Documents and Settings\ty.MICHAEL\桌面\ForeSkin_228\big5\contact_bk.php --> www.painfree.hk /public_html/foreskin/big5 contact_bk.php
109.03.07 13:06 B C:\Documents and Settings\ty.MICHAEL\桌面\ForeSkin_228\big5\e.php --> www.painfree.hk /public_html/foreskin/big5 e.php
109.03.07 13:06 B C:\Documents and Settings\ty.MICHAEL\桌面\ForeSkin_228\big5\e_bk.php --> www.painfree.hk /public_html/foreskin/big5 e_bk.php
109.03.07 13:06 B C:\Documents and Settings\ty.MICHAEL\桌面\ForeSkin_228\big5\email_template.php --> www.painfree.hk /public_html/foreskin/big5 email_template.php
109.03.07 13:06 B C:\Documents and Settings\ty.MICHAEL\桌面\ForeSkin_228\big5\f.php --> www.painfree.hk /public_html/foreskin/big5 f.php
109.03.07 13:06 B C:\Documents and Settings\ty.MICHAEL\桌面\ForeSkin_228\big5\foreskin.php --> www.painfree.hk /public_html/foreskin/big5 foreskin.php
109.03.07 13:06 B C:\Documents and Settings\ty.MICHAEL\桌面\ForeSkin_228\big5\h.php --> www.painfree.hk /public_html/foreskin/big5 h.php
109.03.07 13:06 B C:\Documents and Settings\ty.MICHAEL\桌面\ForeSkin_228\big5\h_bk.php --> www.painfree.hk /public_html/foreskin/big5 h_bk.php
109.03.07 13:06 B C:\Documents and Settings\ty.MICHAEL\桌面\ForeSkin_228\big5\hernia.php --> www.painfree.hk /public_html/foreskin/big5 hernia.php
109.03.07 13:06 B C:\Documents and Settings\ty.MICHAEL\桌面\ForeSkin_228\big5\home.php --> www.painfree.hk /public_html/foreskin/big5 home.php
109.03.07 13:06 B C:\Documents and Settings\ty.MICHAEL\桌面\ForeSkin_228\big5\home_bk.php --> www.painfree.hk /public_html/foreskin/big5 home_bk.php
109.03.07 13:06 B C:\Documents and Settings\ty.MICHAEL\桌面\ForeSkin_228\big5\home_BK2.php --> www.painfree.hk /public_html/foreskin/big5 home_BK2.php
109.03.07 13:06 B C:\Documents and Settings\ty.MICHAEL\桌面\ForeSkin_228\big5\index.php --> www.painfree.hk /public_html/foreskin/big5 index.php
109.03.07 13:06 B C:\Documents and Settings\ty.MICHAEL\桌面\ForeSkin_228\big5\Mail.php --> www.painfree.hk /public_html/foreskin/big5 Mail.php
109.03.07 13:06 B C:\Documents and Settings\ty.MICHAEL\桌面\ForeSkin_228\big5\media.php --> www.painfree.hk /public_html/foreskin/big5 media.php
109.03.07 13:06 B C:\Documents and Settings\ty.MICHAEL\桌面\ForeSkin_228\big5\pr.php --> www.painfree.hk /public_html/foreskin/big5 pr.php
109.03.07 13:06 B C:\Documents and Settings\ty.MICHAEL\桌面\ForeSkin_228\big5\question.php --> www.painfree.hk /public_html/foreskin/big5 question.php
109.03.07 13:06 B C:\Documents and Settings\ty.MICHAEL\桌面\ForeSkin_228\big5\question_bk.php --> www.painfree.hk /public_html/foreskin/big5 question_bk.php
109.03.07 13:06 B C:\Documents and Settings\ty.MICHAEL\桌面\ForeSkin_228\big5\SteelExternalNoVol.swf --> www.painfree.hk /public_html/foreskin/big5 SteelExternalNoVol.swf
109.03.07 13:06 B C:\Documents and Settings\ty.MICHAEL\桌面\ForeSkin_228\big5\t.php --> www.painfree.hk /public_html/foreskin/big5 t.php
109.03.07 13:06 B C:\Documents and Settings\ty.MICHAEL\桌面\ForeSkin_228\big5\test.php --> www.painfree.hk /public_html/foreskin/big5 test.php
109.03.07 13:06 B C:\Documents and Settings\ty.MICHAEL\桌面\ForeSkin_228\big5\thyroid.php --> www.painfree.hk /public_html/foreskin/big5 thyroid.php
110.11.23 11:52 B E:\WEB\TH\TH Now\foreskin\big5\WS_FTP.LOG <-- painfree.hk /public_html/foreskin/big5 WS_FTP.LOG
110.11.23 11:56 B E:\WEB\TH\TH Now\foreskin\big5\hernia.php --> www.painfree.hk /public_html/foreskin/big5 hernia.php
111.11.19 10:43 B C:\Users\Michael Win7\Desktop\foreskin20111119\foreskin_webonline\big5\an.php --> www.painfree.hk /public_html/foreskin/big5 an.php
111.11.19 10:43 B C:\Users\Michael Win7\Desktop\foreskin20111119\foreskin_webonline\big5\bbherni.php --> www.painfree.hk /public_html/foreskin/big5 bbherni.php
111.11.19 10:43 B C:\Users\Michael Win7\Desktop\foreskin20111119\foreskin_webonline\big5\contact - 複製 舊地址20110830.php --> www.painfree.hk /public_html/foreskin/big5 contact - 複製 舊地址20110830.php
111.11.19 10:43 B C:\Users\Michael Win7\Desktop\foreskin20111119\foreskin_webonline\big5\contact bak.php --> www.painfree.hk /public_html/foreskin/big5 contact bak.php
111.11.19 10:43 B C:\Users\Michael Win7\Desktop\foreskin20111119\foreskin_webonline\big5\contact.php --> www.painfree.hk /public_html/foreskin/big5 contact.php
111.11.19 10:43 B C:\Users\Michael Win7\Desktop\foreskin20111119\foreskin_webonline\big5\e.php --> www.painfree.hk /public_html/foreskin/big5 e.php
111.11.19 10:43 B C:\Users\Michael Win7\Desktop\foreskin20111119\foreskin_webonline\big5\e_bk.php --> www.painfree.hk /public_html/foreskin/big5 e_bk.php
111.11.19 10:43 B C:\Users\Michael Win7\Desktop\foreskin20111119\foreskin_webonline\big5\email_template bak.php --> www.painfree.hk /public_html/foreskin/big5 email_template bak.php
111.11.19 10:43 B C:\Users\Michael Win7\Desktop\foreskin20111119\foreskin_webonline\big5\f.php --> www.painfree.hk /public_html/foreskin/big5 f.php
111.11.19 10:43 B C:\Users\Michael Win7\Desktop\foreskin20111119\foreskin_webonline\big5\foreskin.php --> www.painfree.hk /public_html/foreskin/big5 foreskin.php
111.11.19 10:43 B C:\Users\Michael Win7\Desktop\foreskin20111119\foreskin_webonline\big5\h.php --> www.painfree.hk /public_html/foreskin/big5 h.php
111.11.19 10:43 B C:\Users\Michael Win7\Desktop\foreskin20111119\foreskin_webonline\big5\h_bk.php --> www.painfree.hk /public_html/foreskin/big5 h_bk.php
111.11.19 10:43 B C:\Users\Michael Win7\Desktop\foreskin20111119\foreskin_webonline\big5\hernia old.php --> www.painfree.hk /public_html/foreskin/big5 hernia old.php
111.11.19 10:43 B C:\Users\Michael Win7\Desktop\foreskin20111119\foreskin_webonline\big5\hernia.php --> www.painfree.hk /public_html/foreskin/big5 hernia.php
111.11.19 10:43 B C:\Users\Michael Win7\Desktop\foreskin20111119\foreskin_webonline\big5\home.php --> www.painfree.hk /public_html/foreskin/big5 home.php
111.11.19 10:43 B C:\Users\Michael Win7\Desktop\foreskin20111119\foreskin_webonline\big5\home.php~RF1cababf.TMP --> www.painfree.hk /public_html/foreskin/big5 home.php~RF1cababf.TMP
111.11.19 10:43 B C:\Users\Michael Win7\Desktop\foreskin20111119\foreskin_webonline\big5\home_bk.php --> www.painfree.hk /public_html/foreskin/big5 home_bk.php
111.11.19 10:43 B C:\Users\Michael Win7\Desktop\foreskin20111119\foreskin_webonline\big5\home_BK2.php --> www.painfree.hk /public_html/foreskin/big5 home_BK2.php
111.11.19 10:43 B C:\Users\Michael Win7\Desktop\foreskin20111119\foreskin_webonline\big5\index.php --> www.painfree.hk /public_html/foreskin/big5 index.php
111.11.19 10:43 B C:\Users\Michael Win7\Desktop\foreskin20111119\foreskin_webonline\big5\Mail bak.php --> www.painfree.hk /public_html/foreskin/big5 Mail bak.php
111.11.19 10:43 B C:\Users\Michael Win7\Desktop\foreskin20111119\foreskin_webonline\big5\media.php --> www.painfree.hk /public_html/foreskin/big5 media.php
111.11.19 10:43 B C:\Users\Michael Win7\Desktop\foreskin20111119\foreskin_webonline\big5\othersurgery.php --> www.painfree.hk /public_html/foreskin/big5 othersurgery.php
111.11.19 10:43 B C:\Users\Michael Win7\Desktop\foreskin20111119\foreskin_webonline\big5\pr.php --> www.painfree.hk /public_html/foreskin/big5 pr.php
111.11.19 10:43 B C:\Users\Michael Win7\Desktop\foreskin20111119\foreskin_webonline\big5\question.php --> www.painfree.hk /public_html/foreskin/big5 question.php
111.11.19 10:43 B C:\Users\Michael Win7\Desktop\foreskin20111119\foreskin_webonline\big5\question_bk.php --> www.painfree.hk /public_html/foreskin/big5 question_bk.php
111.11.19 10:43 B C:\Users\Michael Win7\Desktop\foreskin20111119\foreskin_webonline\big5\SteelExternalNoVol.swf --> www.painfree.hk /public_html/foreskin/big5 SteelExternalNoVol.swf
111.11.19 10:43 B C:\Users\Michael Win7\Desktop\foreskin20111119\foreskin_webonline\big5\t.php --> www.painfree.hk /public_html/foreskin/big5 t.php
111.11.19 10:43 B C:\Users\Michael Win7\Desktop\foreskin20111119\foreskin_webonline\big5\test.php --> www.painfree.hk /public_html/foreskin/big5 test.php
111.11.19 10:43 B C:\Users\Michael Win7\Desktop\foreskin20111119\foreskin_webonline\big5\thyroid.php --> www.painfree.hk /public_html/foreskin/big5 thyroid.php
111.11.19 10:43 B C:\Users\Michael Win7\Desktop\foreskin20111119\foreskin_webonline\big5\WS_FTP.LOG --> www.painfree.hk /public_html/foreskin/big5 WS_FTP.LOG
111.11.19 10:43 B C:\Users\Michael Win7\Desktop\foreskin20111119\foreskin_webonline\big5\複製 -contact 20110408 雅蘭.php --> www.painfree.hk /public_html/foreskin/big5 複製 -contact 20110408 雅蘭.php
111.11.19 10:43 B C:\Users\Michael Win7\Desktop\foreskin20111119\foreskin_webonline\big5\複製 -hernia 20110421 有相.php --> www.painfree.hk /public_html/foreskin/big5 複製 -hernia 20110421 有相.php
111.11.19 10:56 B C:\Users\Michael Win7\Desktop\foreskin20111119\foreskin_webonline\big5\an.php --> www.surgical.hk /public_html/big5 an.php
111.11.19 10:56 B C:\Users\Michael Win7\Desktop\foreskin20111119\foreskin_webonline\big5\bbherni.php --> www.surgical.hk /public_html/big5 bbherni.php
111.11.19 10:56 B C:\Users\Michael Win7\Desktop\foreskin20111119\foreskin_webonline\big5\contact - 複製 舊地址20110830.php --> www.surgical.hk /public_html/big5 contact - 複製 舊地址20110830.php
111.11.19 10:56 B C:\Users\Michael Win7\Desktop\foreskin20111119\foreskin_webonline\big5\contact bak.php --> www.surgical.hk /public_html/big5 contact bak.php
111.11.19 10:56 B C:\Users\Michael Win7\Desktop\foreskin20111119\foreskin_webonline\big5\contact.php --> www.surgical.hk /public_html/big5 contact.php
111.11.19 10:56 B C:\Users\Michael Win7\Desktop\foreskin20111119\foreskin_webonline\big5\e.php --> www.surgical.hk /public_html/big5 e.php
111.11.19 10:56 B C:\Users\Michael Win7\Desktop\foreskin20111119\foreskin_webonline\big5\e_bk.php --> www.surgical.hk /public_html/big5 e_bk.php
111.11.19 10:56 B C:\Users\Michael Win7\Desktop\foreskin20111119\foreskin_webonline\big5\email_template bak.php --> www.surgical.hk /public_html/big5 email_template bak.php
111.11.19 10:56 B C:\Users\Michael Win7\Desktop\foreskin20111119\foreskin_webonline\big5\f.php --> www.surgical.hk /public_html/big5 f.php
111.11.19 10:56 B C:\Users\Michael Win7\Desktop\foreskin20111119\foreskin_webonline\big5\foreskin.php --> www.surgical.hk /public_html/big5 foreskin.php
111.11.19 10:56 B C:\Users\Michael Win7\Desktop\foreskin20111119\foreskin_webonline\big5\h.php --> www.surgical.hk /public_html/big5 h.php
111.11.19 10:56 B C:\Users\Michael Win7\Desktop\foreskin20111119\foreskin_webonline\big5\h_bk.php --> www.surgical.hk /public_html/big5 h_bk.php
111.11.19 10:56 B C:\Users\Michael Win7\Desktop\foreskin20111119\foreskin_webonline\big5\hernia old.php --> www.surgical.hk /public_html/big5 hernia old.php
111.11.19 10:56 B C:\Users\Michael Win7\Desktop\foreskin20111119\foreskin_webonline\big5\hernia.php --> www.surgical.hk /public_html/big5 hernia.php
111.11.19 10:56 B C:\Users\Michael Win7\Desktop\foreskin20111119\foreskin_webonline\big5\home.php --> www.surgical.hk /public_html/big5 home.php
111.11.19 10:56 B C:\Users\Michael Win7\Desktop\foreskin20111119\foreskin_webonline\big5\home.php~RF1cababf.TMP --> www.surgical.hk /public_html/big5 home.php~RF1cababf.TMP
111.11.19 10:56 B C:\Users\Michael Win7\Desktop\foreskin20111119\foreskin_webonline\big5\home_bk.php --> www.surgical.hk /public_html/big5 home_bk.php
111.11.19 10:56 B C:\Users\Michael Win7\Desktop\foreskin20111119\foreskin_webonline\big5\home_BK2.php --> www.surgical.hk /public_html/big5 home_BK2.php
111.11.19 10:56 B C:\Users\Michael Win7\Desktop\foreskin20111119\foreskin_webonline\big5\index.php --> www.surgical.hk /public_html/big5 index.php
111.11.19 10:56 B C:\Users\Michael Win7\Desktop\foreskin20111119\foreskin_webonline\big5\Mail bak.php --> www.surgical.hk /public_html/big5 Mail bak.php
111.11.19 10:56 B C:\Users\Michael Win7\Desktop\foreskin20111119\foreskin_webonline\big5\media.php --> www.surgical.hk /public_html/big5 media.php
111.11.19 10:56 B C:\Users\Michael Win7\Desktop\foreskin20111119\foreskin_webonline\big5\othersurgery.php --> www.surgical.hk /public_html/big5 othersurgery.php
111.11.19 10:56 B C:\Users\Michael Win7\Desktop\foreskin20111119\foreskin_webonline\big5\pr.php --> www.surgical.hk /public_html/big5 pr.php
111.11.19 10:56 B C:\Users\Michael Win7\Desktop\foreskin20111119\foreskin_webonline\big5\question.php --> www.surgical.hk /public_html/big5 question.php
111.11.19 10:56 B C:\Users\Michael Win7\Desktop\foreskin20111119\foreskin_webonline\big5\question_bk.php --> www.surgical.hk /public_html/big5 question_bk.php
111.11.19 10:56 B C:\Users\Michael Win7\Desktop\foreskin20111119\foreskin_webonline\big5\SteelExternalNoVol.swf --> www.surgical.hk /public_html/big5 SteelExternalNoVol.swf
111.11.19 10:56 B C:\Users\Michael Win7\Desktop\foreskin20111119\foreskin_webonline\big5\t.php --> www.surgical.hk /public_html/big5 t.php
111.11.19 10:56 B C:\Users\Michael Win7\Desktop\foreskin20111119\foreskin_webonline\big5\test.php --> www.surgical.hk /public_html/big5 test.php
111.11.19 10:56 B C:\Users\Michael Win7\Desktop\foreskin20111119\foreskin_webonline\big5\thyroid.php --> www.surgical.hk /public_html/big5 thyroid.php
111.11.19 10:56 B C:\Users\Michael Win7\Desktop\foreskin20111119\foreskin_webonline\big5\WS_FTP.LOG --> www.surgical.hk /public_html/big5 WS_FTP.LOG
111.11.19 10:56 B C:\Users\Michael Win7\Desktop\foreskin20111119\foreskin_webonline\big5\複製 -contact 20110408 雅蘭.php --> www.surgical.hk /public_html/big5 複製 -contact 20110408 雅蘭.php
111.11.19 10:56 B C:\Users\Michael Win7\Desktop\foreskin20111119\foreskin_webonline\big5\複製 -hernia 20110421 有相.php --> www.surgical.hk /public_html/big5 複製 -hernia 20110421 有相.php
111.12.29 12:02 B C:\Users\Michael Win7\Desktop\surgical  三項circum\surgical_now\big5\an.php --> www.surgical.hk /public_html/big5 an.php
111.12.29 12:02 B C:\Users\Michael Win7\Desktop\surgical  三項circum\surgical_now\big5\bbherni.php --> www.surgical.hk /public_html/big5 bbherni.php
111.12.29 12:02 B C:\Users\Michael Win7\Desktop\surgical  三項circum\surgical_now\big5\contact - 複製 舊地址20110830.php --> www.surgical.hk /public_html/big5 contact - 複製 舊地址20110830.php
111.12.29 12:02 B C:\Users\Michael Win7\Desktop\surgical  三項circum\surgical_now\big5\contact bak.php --> www.surgical.hk /public_html/big5 contact bak.php
111.12.29 12:02 B C:\Users\Michael Win7\Desktop\surgical  三項circum\surgical_now\big5\contact.php --> www.surgical.hk /public_html/big5 contact.php
111.12.29 12:02 B C:\Users\Michael Win7\Desktop\surgical  三項circum\surgical_now\big5\e.php --> www.surgical.hk /public_html/big5 e.php
111.12.29 12:02 B C:\Users\Michael Win7\Desktop\surgical  三項circum\surgical_now\big5\e_bk.php --> www.surgical.hk /public_html/big5 e_bk.php
111.12.29 12:02 B C:\Users\Michael Win7\Desktop\surgical  三項circum\surgical_now\big5\email_template bak.php --> www.surgical.hk /public_html/big5 email_template bak.php
111.12.29 12:02 B C:\Users\Michael Win7\Desktop\surgical  三項circum\surgical_now\big5\f.php --> www.surgical.hk /public_html/big5 f.php
111.12.29 12:02 B C:\Users\Michael Win7\Desktop\surgical  三項circum\surgical_now\big5\foreskin.php --> www.surgical.hk /public_html/big5 foreskin.php
111.12.29 12:02 B C:\Users\Michael Win7\Desktop\surgical  三項circum\surgical_now\big5\h.php --> www.surgical.hk /public_html/big5 h.php
111.12.29 12:02 B C:\Users\Michael Win7\Desktop\surgical  三項circum\surgical_now\big5\h_bk.php --> www.surgical.hk /public_html/big5 h_bk.php
111.12.29 12:02 B C:\Users\Michael Win7\Desktop\surgical  三項circum\surgical_now\big5\hernia old.php --> www.surgical.hk /public_html/big5 hernia old.php
111.12.29 12:02 B C:\Users\Michael Win7\Desktop\surgical  三項circum\surgical_now\big5\hernia 己減ctf lyk 相20110618.php --> www.surgical.hk /public_html/big5 hernia 己減ctf lyk 相20110618.php
111.12.29 12:02 B C:\Users\Michael Win7\Desktop\surgical  三項circum\surgical_now\big5\hernia.php --> www.surgical.hk /public_html/big5 hernia.php
111.12.29 12:02 B C:\Users\Michael Win7\Desktop\surgical  三項circum\surgical_now\big5\home.php --> www.surgical.hk /public_html/big5 home.php
111.12.29 12:02 B C:\Users\Michael Win7\Desktop\surgical  三項circum\surgical_now\big5\home.php~RF1cababf.TMP --> www.surgical.hk /public_html/big5 home.php~RF1cababf.TMP
111.12.29 12:02 B C:\Users\Michael Win7\Desktop\surgical  三項circum\surgical_now\big5\home_bk.php --> www.surgical.hk /public_html/big5 home_bk.php
111.12.29 12:02 B C:\Users\Michael Win7\Desktop\surgical  三項circum\surgical_now\big5\home_BK2.php --> www.surgical.hk /public_html/big5 home_BK2.php
111.12.29 12:02 B C:\Users\Michael Win7\Desktop\surgical  三項circum\surgical_now\big5\index.php --> www.surgical.hk /public_html/big5 index.php
111.12.29 12:02 B C:\Users\Michael Win7\Desktop\surgical  三項circum\surgical_now\big5\Mail bak.php --> www.surgical.hk /public_html/big5 Mail bak.php
111.12.29 12:02 B C:\Users\Michael Win7\Desktop\surgical  三項circum\surgical_now\big5\media.php --> www.surgical.hk /public_html/big5 media.php
111.12.29 12:02 B C:\Users\Michael Win7\Desktop\surgical  三項circum\surgical_now\big5\othersurgery.php --> www.surgical.hk /public_html/big5 othersurgery.php
111.12.29 12:02 B C:\Users\Michael Win7\Desktop\surgical  三項circum\surgical_now\big5\pr.php --> www.surgical.hk /public_html/big5 pr.php
111.12.29 12:02 B C:\Users\Michael Win7\Desktop\surgical  三項circum\surgical_now\big5\question.php --> www.surgical.hk /public_html/big5 question.php
111.12.29 12:02 B C:\Users\Michael Win7\Desktop\surgical  三項circum\surgical_now\big5\question_bk.php --> www.surgical.hk /public_html/big5 question_bk.php
111.12.29 12:02 B C:\Users\Michael Win7\Desktop\surgical  三項circum\surgical_now\big5\SteelExternalNoVol.swf --> www.surgical.hk /public_html/big5 SteelExternalNoVol.swf
111.12.29 12:02 B C:\Users\Michael Win7\Desktop\surgical  三項circum\surgical_now\big5\t.php --> www.surgical.hk /public_html/big5 t.php
111.12.29 12:02 B C:\Users\Michael Win7\Desktop\surgical  三項circum\surgical_now\big5\test.php --> www.surgical.hk /public_html/big5 test.php
111.12.29 12:02 B C:\Users\Michael Win7\Desktop\surgical  三項circum\surgical_now\big5\thyroid.php --> www.surgical.hk /public_html/big5 thyroid.php
