110.11.08 16:12 B C:\Documents and Settings\michael\桌面\surgical\images\an.jpg <-- surgical /public_html/tc/images an.jpg
110.11.08 16:12 B C:\Documents and Settings\michael\桌面\surgical\images\ans.jpg <-- surgical /public_html/tc/images ans.jpg
110.11.08 16:12 B C:\Documents and Settings\michael\桌面\surgical\images\bottom_left.png <-- surgical /public_html/tc/images bottom_left.png
110.11.08 16:12 B C:\Documents and Settings\michael\桌面\surgical\images\bottom_right.png <-- surgical /public_html/tc/images bottom_right.png
110.11.08 16:12 B C:\Documents and Settings\michael\桌面\surgical\images\line.gif <-- surgical /public_html/tc/images line.gif
110.11.08 16:12 B C:\Documents and Settings\michael\桌面\surgical\images\logo.gif <-- surgical /public_html/tc/images logo.gif
110.11.08 16:12 B C:\Documents and Settings\michael\桌面\surgical\images\news1.jpg <-- surgical /public_html/tc/images news1.jpg
110.11.08 16:12 B C:\Documents and Settings\michael\桌面\surgical\images\news2.jpg <-- surgical /public_html/tc/images news2.jpg
110.11.08 16:12 B C:\Documents and Settings\michael\桌面\surgical\images\news3.jpg <-- surgical /public_html/tc/images news3.jpg
110.11.08 16:12 B C:\Documents and Settings\michael\桌面\surgical\images\news4.jpg <-- surgical /public_html/tc/images news4.jpg
110.11.08 16:12 B C:\Documents and Settings\michael\桌面\surgical\images\news5.jpg <-- surgical /public_html/tc/images news5.jpg
110.11.08 16:12 B C:\Documents and Settings\michael\桌面\surgical\images\news6.jpg <-- surgical /public_html/tc/images news6.jpg
110.11.08 17:33 B C:\Documents and Settings\michael\桌面\surgical\images\an.jpg --> www.surgical.hk /public_html/tc/images an.jpg
110.11.08 17:33 B C:\Documents and Settings\michael\桌面\surgical\images\ans.jpg --> www.surgical.hk /public_html/tc/images ans.jpg
110.11.08 17:33 B C:\Documents and Settings\michael\桌面\surgical\images\bottom_left.png --> www.surgical.hk /public_html/tc/images bottom_left.png
110.11.08 17:33 B C:\Documents and Settings\michael\桌面\surgical\images\bottom_right.png --> www.surgical.hk /public_html/tc/images bottom_right.png
110.11.08 17:33 B C:\Documents and Settings\michael\桌面\surgical\images\line.gif --> www.surgical.hk /public_html/tc/images line.gif
110.11.08 17:33 B C:\Documents and Settings\michael\桌面\surgical\images\logo.gif --> www.surgical.hk /public_html/tc/images logo.gif
110.11.08 17:33 B C:\Documents and Settings\michael\桌面\surgical\images\news1.jpg --> www.surgical.hk /public_html/tc/images news1.jpg
110.11.08 17:33 B C:\Documents and Settings\michael\桌面\surgical\images\news2.jpg --> www.surgical.hk /public_html/tc/images news2.jpg
110.11.08 17:33 B C:\Documents and Settings\michael\桌面\surgical\images\news3.jpg --> www.surgical.hk /public_html/tc/images news3.jpg
110.11.08 17:33 B C:\Documents and Settings\michael\桌面\surgical\images\news4.jpg --> www.surgical.hk /public_html/tc/images news4.jpg
110.11.08 17:33 B C:\Documents and Settings\michael\桌面\surgical\images\news5.jpg --> www.surgical.hk /public_html/tc/images news5.jpg
110.11.08 17:33 B C:\Documents and Settings\michael\桌面\surgical\images\news6.jpg --> www.surgical.hk /public_html/tc/images news6.jpg
110.11.08 17:33 B C:\Documents and Settings\michael\桌面\surgical\images\Thumbs.db --> www.surgical.hk /public_html/tc/images Thumbs.db
110.12.18 17:23 B C:\Documents and Settings\michael\桌面\surgical Web\images\WS_FTP.LOG <-- surgical /public_html/tc/images WS_FTP.LOG
110.12.29 11:35 B C:\Documents and Settings\michael\桌面\v08\tc\images\an.jpg --> www.surgical.hk /public_html/tc/images an.jpg
110.12.29 11:35 B C:\Documents and Settings\michael\桌面\v08\tc\images\an2.jpg --> www.surgical.hk /public_html/tc/images an2.jpg
110.12.29 11:35 B C:\Documents and Settings\michael\桌面\v08\tc\images\an2s.jpg --> www.surgical.hk /public_html/tc/images an2s.jpg
110.12.29 11:35 B C:\Documents and Settings\michael\桌面\v08\tc\images\ans.jpg --> www.surgical.hk /public_html/tc/images ans.jpg
110.12.29 11:35 B C:\Documents and Settings\michael\桌面\v08\tc\images\bottom_left.png --> www.surgical.hk /public_html/tc/images bottom_left.png
110.12.29 11:35 B C:\Documents and Settings\michael\桌面\v08\tc\images\bottom_right.png --> www.surgical.hk /public_html/tc/images bottom_right.png
110.12.29 11:35 B C:\Documents and Settings\michael\桌面\v08\tc\images\line.gif --> www.surgical.hk /public_html/tc/images line.gif
110.12.29 11:35 B C:\Documents and Settings\michael\桌面\v08\tc\images\logo.gif --> www.surgical.hk /public_html/tc/images logo.gif
110.12.29 11:35 B C:\Documents and Settings\michael\桌面\v08\tc\images\news1.jpg --> www.surgical.hk /public_html/tc/images news1.jpg
110.12.29 11:35 B C:\Documents and Settings\michael\桌面\v08\tc\images\news2.jpg --> www.surgical.hk /public_html/tc/images news2.jpg
110.12.29 11:35 B C:\Documents and Settings\michael\桌面\v08\tc\images\news3.jpg --> www.surgical.hk /public_html/tc/images news3.jpg
110.12.29 11:35 B C:\Documents and Settings\michael\桌面\v08\tc\images\news4.jpg --> www.surgical.hk /public_html/tc/images news4.jpg
110.12.29 11:35 B C:\Documents and Settings\michael\桌面\v08\tc\images\news5.jpg --> www.surgical.hk /public_html/tc/images news5.jpg
110.12.29 11:35 B C:\Documents and Settings\michael\桌面\v08\tc\images\news6.jpg --> www.surgical.hk /public_html/tc/images news6.jpg
110.12.29 11:35 B C:\Documents and Settings\michael\桌面\v08\tc\images\Thumbs.db --> www.surgical.hk /public_html/tc/images Thumbs.db
110.12.29 11:35 B C:\Documents and Settings\michael\桌面\v08\tc\images\top_left.png --> www.surgical.hk /public_html/tc/images top_left.png
110.12.29 11:35 B C:\Documents and Settings\michael\桌面\v08\tc\images\top_right.png --> www.surgical.hk /public_html/tc/images top_right.png
110.12.29 11:35 B C:\Documents and Settings\michael\桌面\v08\tc\images\topmenu_bg.gif --> www.surgical.hk /public_html/tc/images topmenu_bg.gif
110.12.29 11:35 B C:\Documents and Settings\michael\桌面\v08\tc\images\WS_FTP.LOG --> www.surgical.hk /public_html/tc/images WS_FTP.LOG
111.04.30 19:46 B E:\WEB\Surgical ForeSkin\NOW\surgical Now\tc\images\an.jpg --> www.surgical.hk /public_html/tc/images an.jpg
111.04.30 19:46 B E:\WEB\Surgical ForeSkin\NOW\surgical Now\tc\images\an2.jpg --> www.surgical.hk /public_html/tc/images an2.jpg
111.04.30 19:46 B E:\WEB\Surgical ForeSkin\NOW\surgical Now\tc\images\an2s.jpg --> www.surgical.hk /public_html/tc/images an2s.jpg
111.04.30 19:46 B E:\WEB\Surgical ForeSkin\NOW\surgical Now\tc\images\ans.jpg --> www.surgical.hk /public_html/tc/images ans.jpg
111.04.30 19:46 B E:\WEB\Surgical ForeSkin\NOW\surgical Now\tc\images\bottom_left.png --> www.surgical.hk /public_html/tc/images bottom_left.png
111.04.30 19:46 B E:\WEB\Surgical ForeSkin\NOW\surgical Now\tc\images\bottom_right.png --> www.surgical.hk /public_html/tc/images bottom_right.png
111.04.30 19:46 B E:\WEB\Surgical ForeSkin\NOW\surgical Now\tc\images\btn-index-header-contactus.jpg --> www.surgical.hk /public_html/tc/images btn-index-header-contactus.jpg
111.04.30 19:46 B E:\WEB\Surgical ForeSkin\NOW\surgical Now\tc\images\line.gif --> www.surgical.hk /public_html/tc/images line.gif
111.04.30 19:46 B E:\WEB\Surgical ForeSkin\NOW\surgical Now\tc\images\logo.gif --> www.surgical.hk /public_html/tc/images logo.gif
111.04.30 19:46 B E:\WEB\Surgical ForeSkin\NOW\surgical Now\tc\images\news1.jpg --> www.surgical.hk /public_html/tc/images news1.jpg
111.04.30 19:46 B E:\WEB\Surgical ForeSkin\NOW\surgical Now\tc\images\news2.jpg --> www.surgical.hk /public_html/tc/images news2.jpg
111.04.30 19:46 B E:\WEB\Surgical ForeSkin\NOW\surgical Now\tc\images\news3.jpg --> www.surgical.hk /public_html/tc/images news3.jpg
111.04.30 19:46 B E:\WEB\Surgical ForeSkin\NOW\surgical Now\tc\images\news4.jpg --> www.surgical.hk /public_html/tc/images news4.jpg
111.04.30 19:46 B E:\WEB\Surgical ForeSkin\NOW\surgical Now\tc\images\news5.jpg --> www.surgical.hk /public_html/tc/images news5.jpg
111.04.30 19:46 B E:\WEB\Surgical ForeSkin\NOW\surgical Now\tc\images\news6.jpg --> www.surgical.hk /public_html/tc/images news6.jpg
111.04.30 19:46 B E:\WEB\Surgical ForeSkin\NOW\surgical Now\tc\images\Thumbs.db --> www.surgical.hk /public_html/tc/images Thumbs.db
111.04.30 19:46 B E:\WEB\Surgical ForeSkin\NOW\surgical Now\tc\images\top_left.png --> www.surgical.hk /public_html/tc/images top_left.png
111.04.30 19:46 B E:\WEB\Surgical ForeSkin\NOW\surgical Now\tc\images\top_right.png --> www.surgical.hk /public_html/tc/images top_right.png
111.04.30 19:46 B E:\WEB\Surgical ForeSkin\NOW\surgical Now\tc\images\topmenu_bg.gif --> www.surgical.hk /public_html/tc/images topmenu_bg.gif
111.04.30 19:46 B E:\WEB\Surgical ForeSkin\NOW\surgical Now\tc\images\WS_FTP.LOG --> www.surgical.hk /public_html/tc/images WS_FTP.LOG
111.11.24 12:13 B C:\Users\Michael Win7\Desktop\v14\tc\images\an.jpg --> www.surgical.hk /public_html/tc/images an.jpg
111.11.24 12:13 B C:\Users\Michael Win7\Desktop\v14\tc\images\an2.jpg --> www.surgical.hk /public_html/tc/images an2.jpg
111.11.24 12:13 B C:\Users\Michael Win7\Desktop\v14\tc\images\an2s.jpg --> www.surgical.hk /public_html/tc/images an2s.jpg
111.11.24 12:13 B C:\Users\Michael Win7\Desktop\v14\tc\images\ans.jpg --> www.surgical.hk /public_html/tc/images ans.jpg
111.11.24 12:13 B C:\Users\Michael Win7\Desktop\v14\tc\images\bottom_left.png --> www.surgical.hk /public_html/tc/images bottom_left.png
111.11.24 12:13 B C:\Users\Michael Win7\Desktop\v14\tc\images\bottom_right.png --> www.surgical.hk /public_html/tc/images bottom_right.png
111.11.24 12:13 B C:\Users\Michael Win7\Desktop\v14\tc\images\btn-index-header-contactus.jpg --> www.surgical.hk /public_html/tc/images btn-index-header-contactus.jpg
111.11.24 12:13 B C:\Users\Michael Win7\Desktop\v14\tc\images\line.gif --> www.surgical.hk /public_html/tc/images line.gif
111.11.24 12:13 B C:\Users\Michael Win7\Desktop\v14\tc\images\logo.gif --> www.surgical.hk /public_html/tc/images logo.gif
111.11.24 12:13 B C:\Users\Michael Win7\Desktop\v14\tc\images\news1.jpg --> www.surgical.hk /public_html/tc/images news1.jpg
111.11.24 12:13 B C:\Users\Michael Win7\Desktop\v14\tc\images\news2.jpg --> www.surgical.hk /public_html/tc/images news2.jpg
111.11.24 12:13 B C:\Users\Michael Win7\Desktop\v14\tc\images\news3.jpg --> www.surgical.hk /public_html/tc/images news3.jpg
111.11.24 12:13 B C:\Users\Michael Win7\Desktop\v14\tc\images\news4.jpg --> www.surgical.hk /public_html/tc/images news4.jpg
111.11.24 12:13 B C:\Users\Michael Win7\Desktop\v14\tc\images\news5.jpg --> www.surgical.hk /public_html/tc/images news5.jpg
111.11.24 12:13 B C:\Users\Michael Win7\Desktop\v14\tc\images\news6.jpg --> www.surgical.hk /public_html/tc/images news6.jpg
111.11.24 12:13 B C:\Users\Michael Win7\Desktop\v14\tc\images\Thumbs.db --> www.surgical.hk /public_html/tc/images Thumbs.db
111.11.24 12:13 B C:\Users\Michael Win7\Desktop\v14\tc\images\top_left.png --> www.surgical.hk /public_html/tc/images top_left.png
111.11.24 12:13 B C:\Users\Michael Win7\Desktop\v14\tc\images\top_right.png --> www.surgical.hk /public_html/tc/images top_right.png
111.11.24 12:13 B C:\Users\Michael Win7\Desktop\v14\tc\images\topmenu_bg.gif --> www.surgical.hk /public_html/tc/images topmenu_bg.gif
111.11.24 12:13 B C:\Users\Michael Win7\Desktop\v14\tc\images\WS_FTP.LOG --> www.surgical.hk /public_html/tc/images WS_FTP.LOG
111.11.24 12:13 B C:\Users\Michael Win7\Desktop\v14\tc\images\複製 -logo 20110707 hksc.gif --> www.surgical.hk /public_html/tc/images 複製 -logo 20110707 hksc.gif
111.11.25 11:48 B C:\Users\Michael Win7\Documents\web\Surgical ForeSkin\NOW\surgical Now\tc\images\an.jpg --> www.jaf.hk /public_html/sur/tc/images an.jpg
111.11.25 11:48 B C:\Users\Michael Win7\Documents\web\Surgical ForeSkin\NOW\surgical Now\tc\images\an2.jpg --> www.jaf.hk /public_html/sur/tc/images an2.jpg
111.11.25 11:48 B C:\Users\Michael Win7\Documents\web\Surgical ForeSkin\NOW\surgical Now\tc\images\an2s.jpg --> www.jaf.hk /public_html/sur/tc/images an2s.jpg
111.11.25 11:48 B C:\Users\Michael Win7\Documents\web\Surgical ForeSkin\NOW\surgical Now\tc\images\ans.jpg --> www.jaf.hk /public_html/sur/tc/images ans.jpg
111.11.25 11:48 B C:\Users\Michael Win7\Documents\web\Surgical ForeSkin\NOW\surgical Now\tc\images\bottom_left.png --> www.jaf.hk /public_html/sur/tc/images bottom_left.png
111.11.25 11:48 B C:\Users\Michael Win7\Documents\web\Surgical ForeSkin\NOW\surgical Now\tc\images\bottom_right.png --> www.jaf.hk /public_html/sur/tc/images bottom_right.png
111.11.25 11:48 B C:\Users\Michael Win7\Documents\web\Surgical ForeSkin\NOW\surgical Now\tc\images\btn-index-header-contactus.jpg --> www.jaf.hk /public_html/sur/tc/images btn-index-header-contactus.jpg
111.11.25 11:48 B C:\Users\Michael Win7\Documents\web\Surgical ForeSkin\NOW\surgical Now\tc\images\line.gif --> www.jaf.hk /public_html/sur/tc/images line.gif
111.11.25 11:48 B C:\Users\Michael Win7\Documents\web\Surgical ForeSkin\NOW\surgical Now\tc\images\logo.gif --> www.jaf.hk /public_html/sur/tc/images logo.gif
111.11.25 11:48 B C:\Users\Michael Win7\Documents\web\Surgical ForeSkin\NOW\surgical Now\tc\images\news1.jpg --> www.jaf.hk /public_html/sur/tc/images news1.jpg
111.11.25 11:48 B C:\Users\Michael Win7\Documents\web\Surgical ForeSkin\NOW\surgical Now\tc\images\news2.jpg --> www.jaf.hk /public_html/sur/tc/images news2.jpg
111.11.25 11:48 B C:\Users\Michael Win7\Documents\web\Surgical ForeSkin\NOW\surgical Now\tc\images\news3.jpg --> www.jaf.hk /public_html/sur/tc/images news3.jpg
111.11.25 11:48 B C:\Users\Michael Win7\Documents\web\Surgical ForeSkin\NOW\surgical Now\tc\images\news4.jpg --> www.jaf.hk /public_html/sur/tc/images news4.jpg
111.11.25 11:48 B C:\Users\Michael Win7\Documents\web\Surgical ForeSkin\NOW\surgical Now\tc\images\news5.jpg --> www.jaf.hk /public_html/sur/tc/images news5.jpg
111.11.25 11:48 B C:\Users\Michael Win7\Documents\web\Surgical ForeSkin\NOW\surgical Now\tc\images\news6.jpg --> www.jaf.hk /public_html/sur/tc/images news6.jpg
111.11.25 11:48 B C:\Users\Michael Win7\Documents\web\Surgical ForeSkin\NOW\surgical Now\tc\images\Thumbs.db --> www.jaf.hk /public_html/sur/tc/images Thumbs.db
111.11.25 11:48 B C:\Users\Michael Win7\Documents\web\Surgical ForeSkin\NOW\surgical Now\tc\images\top_left.png --> www.jaf.hk /public_html/sur/tc/images top_left.png
111.11.25 11:48 B C:\Users\Michael Win7\Documents\web\Surgical ForeSkin\NOW\surgical Now\tc\images\top_right.png --> www.jaf.hk /public_html/sur/tc/images top_right.png
111.11.25 11:48 B C:\Users\Michael Win7\Documents\web\Surgical ForeSkin\NOW\surgical Now\tc\images\topmenu_bg.gif --> www.jaf.hk /public_html/sur/tc/images topmenu_bg.gif
111.11.25 11:48 B C:\Users\Michael Win7\Documents\web\Surgical ForeSkin\NOW\surgical Now\tc\images\WS_FTP.LOG --> www.jaf.hk /public_html/sur/tc/images WS_FTP.LOG
111.11.25 11:48 B C:\Users\Michael Win7\Documents\web\Surgical ForeSkin\NOW\surgical Now\tc\images\複製 -logo 20110707 hksc.gif --> www.jaf.hk /public_html/sur/tc/images 複製 -logo 20110707 hksc.gif
111.12.29 11:57 B C:\Users\Michael Win7\Desktop\surgical  三項circum\surgical_now\tc\images\an.jpg --> www.surgical.hk /public_html/tc/images an.jpg
111.12.29 11:57 B C:\Users\Michael Win7\Desktop\surgical  三項circum\surgical_now\tc\images\an2.jpg --> www.surgical.hk /public_html/tc/images an2.jpg
111.12.29 11:57 B C:\Users\Michael Win7\Desktop\surgical  三項circum\surgical_now\tc\images\an2s.jpg --> www.surgical.hk /public_html/tc/images an2s.jpg
111.12.29 11:57 B C:\Users\Michael Win7\Desktop\surgical  三項circum\surgical_now\tc\images\ans.jpg --> www.surgical.hk /public_html/tc/images ans.jpg
111.12.29 11:57 B C:\Users\Michael Win7\Desktop\surgical  三項circum\surgical_now\tc\images\bottom_left.png --> www.surgical.hk /public_html/tc/images bottom_left.png
111.12.29 11:57 B C:\Users\Michael Win7\Desktop\surgical  三項circum\surgical_now\tc\images\bottom_right.png --> www.surgical.hk /public_html/tc/images bottom_right.png
111.12.29 11:57 B C:\Users\Michael Win7\Desktop\surgical  三項circum\surgical_now\tc\images\btn-index-header-contactus.jpg --> www.surgical.hk /public_html/tc/images btn-index-header-contactus.jpg
111.12.29 11:57 B C:\Users\Michael Win7\Desktop\surgical  三項circum\surgical_now\tc\images\line.gif --> www.surgical.hk /public_html/tc/images line.gif
111.12.29 11:57 B C:\Users\Michael Win7\Desktop\surgical  三項circum\surgical_now\tc\images\logo.gif --> www.surgical.hk /public_html/tc/images logo.gif
111.12.29 11:57 B C:\Users\Michael Win7\Desktop\surgical  三項circum\surgical_now\tc\images\news1.jpg --> www.surgical.hk /public_html/tc/images news1.jpg
111.12.29 11:57 B C:\Users\Michael Win7\Desktop\surgical  三項circum\surgical_now\tc\images\news2.jpg --> www.surgical.hk /public_html/tc/images news2.jpg
111.12.29 11:57 B C:\Users\Michael Win7\Desktop\surgical  三項circum\surgical_now\tc\images\news3.jpg --> www.surgical.hk /public_html/tc/images news3.jpg
111.12.29 11:57 B C:\Users\Michael Win7\Desktop\surgical  三項circum\surgical_now\tc\images\news4.jpg --> www.surgical.hk /public_html/tc/images news4.jpg
111.12.29 11:57 B C:\Users\Michael Win7\Desktop\surgical  三項circum\surgical_now\tc\images\news5.jpg --> www.surgical.hk /public_html/tc/images news5.jpg
111.12.29 11:57 B C:\Users\Michael Win7\Desktop\surgical  三項circum\surgical_now\tc\images\news6.jpg --> www.surgical.hk /public_html/tc/images news6.jpg
111.12.29 11:57 B C:\Users\Michael Win7\Desktop\surgical  三項circum\surgical_now\tc\images\Thumbs.db --> www.surgical.hk /public_html/tc/images Thumbs.db
111.12.29 11:57 B C:\Users\Michael Win7\Desktop\surgical  三項circum\surgical_now\tc\images\top_left.png --> www.surgical.hk /public_html/tc/images top_left.png
111.12.29 11:57 B C:\Users\Michael Win7\Desktop\surgical  三項circum\surgical_now\tc\images\top_right.png --> www.surgical.hk /public_html/tc/images top_right.png
111.12.29 11:57 B C:\Users\Michael Win7\Desktop\surgical  三項circum\surgical_now\tc\images\topmenu_bg.gif --> www.surgical.hk /public_html/tc/images topmenu_bg.gif
111.12.29 11:57 B C:\Users\Michael Win7\Desktop\surgical  三項circum\surgical_now\tc\images\WS_FTP.LOG --> www.surgical.hk /public_html/tc/images WS_FTP.LOG
111.12.29 11:57 B C:\Users\Michael Win7\Desktop\surgical  三項circum\surgical_now\tc\images\複製 -logo 20110707 hksc.gif --> www.surgical.hk /public_html/tc/images 複製 -logo 20110707 hksc.gif
111.12.29 12:04 B C:\Users\Michael Win7\Desktop\surgical  三項circum\surgical_now\tc\images\an.jpg --> www.surgical.hk /public_html/tc/images an.jpg
111.12.29 12:04 B C:\Users\Michael Win7\Desktop\surgical  三項circum\surgical_now\tc\images\an2.jpg --> www.surgical.hk /public_html/tc/images an2.jpg
111.12.29 12:04 B C:\Users\Michael Win7\Desktop\surgical  三項circum\surgical_now\tc\images\an2s.jpg --> www.surgical.hk /public_html/tc/images an2s.jpg
111.12.29 12:04 B C:\Users\Michael Win7\Desktop\surgical  三項circum\surgical_now\tc\images\ans.jpg --> www.surgical.hk /public_html/tc/images ans.jpg
111.12.29 12:04 B C:\Users\Michael Win7\Desktop\surgical  三項circum\surgical_now\tc\images\bottom_left.png --> www.surgical.hk /public_html/tc/images bottom_left.png
111.12.29 12:04 B C:\Users\Michael Win7\Desktop\surgical  三項circum\surgical_now\tc\images\bottom_right.png --> www.surgical.hk /public_html/tc/images bottom_right.png
111.12.29 12:04 B C:\Users\Michael Win7\Desktop\surgical  三項circum\surgical_now\tc\images\btn-index-header-contactus.jpg --> www.surgical.hk /public_html/tc/images btn-index-header-contactus.jpg
111.12.29 12:04 B C:\Users\Michael Win7\Desktop\surgical  三項circum\surgical_now\tc\images\line.gif --> www.surgical.hk /public_html/tc/images line.gif
111.12.29 12:04 B C:\Users\Michael Win7\Desktop\surgical  三項circum\surgical_now\tc\images\logo.gif --> www.surgical.hk /public_html/tc/images logo.gif
111.12.29 12:04 B C:\Users\Michael Win7\Desktop\surgical  三項circum\surgical_now\tc\images\news1.jpg --> www.surgical.hk /public_html/tc/images news1.jpg
111.12.29 12:04 B C:\Users\Michael Win7\Desktop\surgical  三項circum\surgical_now\tc\images\news2.jpg --> www.surgical.hk /public_html/tc/images news2.jpg
111.12.29 12:04 B C:\Users\Michael Win7\Desktop\surgical  三項circum\surgical_now\tc\images\news3.jpg --> www.surgical.hk /public_html/tc/images news3.jpg
111.12.29 12:04 B C:\Users\Michael Win7\Desktop\surgical  三項circum\surgical_now\tc\images\news4.jpg --> www.surgical.hk /public_html/tc/images news4.jpg
111.12.29 12:04 B C:\Users\Michael Win7\Desktop\surgical  三項circum\surgical_now\tc\images\news5.jpg --> www.surgical.hk /public_html/tc/images news5.jpg
111.12.29 12:04 B C:\Users\Michael Win7\Desktop\surgical  三項circum\surgical_now\tc\images\news6.jpg --> www.surgical.hk /public_html/tc/images news6.jpg
111.12.29 12:04 B C:\Users\Michael Win7\Desktop\surgical  三項circum\surgical_now\tc\images\Thumbs.db --> www.surgical.hk /public_html/tc/images Thumbs.db
111.12.29 12:04 B C:\Users\Michael Win7\Desktop\surgical  三項circum\surgical_now\tc\images\top_left.png --> www.surgical.hk /public_html/tc/images top_left.png
111.12.29 12:04 B C:\Users\Michael Win7\Desktop\surgical  三項circum\surgical_now\tc\images\top_right.png --> www.surgical.hk /public_html/tc/images top_right.png
111.12.29 12:04 B C:\Users\Michael Win7\Desktop\surgical  三項circum\surgical_now\tc\images\topmenu_bg.gif --> www.surgical.hk /public_html/tc/images topmenu_bg.gif
