110.07.30 11:37 B C:\Documents and Settings\ty.MICHAEL\桌面\v06\tc\images\intro\table_bg.gif --> www.surgical.hk /public_html/f/tc/images/intro table_bg.gif
110.07.30 11:37 B C:\Documents and Settings\ty.MICHAEL\桌面\v06\tc\images\intro\Thumbs.db --> www.surgical.hk /public_html/f/tc/images/intro Thumbs.db
110.07.30 11:37 B C:\Documents and Settings\ty.MICHAEL\桌面\v06\tc\images\intro\title_01.gif --> www.surgical.hk /public_html/f/tc/images/intro title_01.gif
110.07.30 11:37 B C:\Documents and Settings\ty.MICHAEL\桌面\v06\tc\images\intro\title_02.gif --> www.surgical.hk /public_html/f/tc/images/intro title_02.gif
110.07.30 11:37 B C:\Documents and Settings\ty.MICHAEL\桌面\v06\tc\images\intro\title_03.gif --> www.surgical.hk /public_html/f/tc/images/intro title_03.gif
110.07.30 11:37 B C:\Documents and Settings\ty.MICHAEL\桌面\v06\tc\images\intro\title_04.gif --> www.surgical.hk /public_html/f/tc/images/intro title_04.gif
110.07.30 11:37 B C:\Documents and Settings\ty.MICHAEL\桌面\v06\tc\images\intro\title_05.gif --> www.surgical.hk /public_html/f/tc/images/intro title_05.gif
110.07.30 12:07 B C:\Documents and Settings\ty.MICHAEL\桌面\v06\tc\images\intro\table_bg.gif --> www.surgical.hk /public_html/tc/images/intro table_bg.gif
110.07.30 12:07 B C:\Documents and Settings\ty.MICHAEL\桌面\v06\tc\images\intro\Thumbs.db --> www.surgical.hk /public_html/tc/images/intro Thumbs.db
110.07.30 12:07 B C:\Documents and Settings\ty.MICHAEL\桌面\v06\tc\images\intro\title_01.gif --> www.surgical.hk /public_html/tc/images/intro title_01.gif
110.07.30 12:07 B C:\Documents and Settings\ty.MICHAEL\桌面\v06\tc\images\intro\title_02.gif --> www.surgical.hk /public_html/tc/images/intro title_02.gif
110.07.30 12:07 B C:\Documents and Settings\ty.MICHAEL\桌面\v06\tc\images\intro\title_03.gif --> www.surgical.hk /public_html/tc/images/intro title_03.gif
110.07.30 12:07 B C:\Documents and Settings\ty.MICHAEL\桌面\v06\tc\images\intro\title_04.gif --> www.surgical.hk /public_html/tc/images/intro title_04.gif
110.07.30 12:07 B C:\Documents and Settings\ty.MICHAEL\桌面\v06\tc\images\intro\title_05.gif --> www.surgical.hk /public_html/tc/images/intro title_05.gif
110.07.30 12:07 B C:\Documents and Settings\ty.MICHAEL\桌面\v06\tc\images\intro\WS_FTP.LOG --> www.surgical.hk /public_html/tc/images/intro WS_FTP.LOG
110.07.30 14:18 B C:\Documents and Settings\ty.MICHAEL\桌面\v06\tc\images\intro\table_bg.gif --> www.surgical.hk /public_html/tc/images/intro table_bg.gif
110.07.30 14:18 B C:\Documents and Settings\ty.MICHAEL\桌面\v06\tc\images\intro\Thumbs.db --> www.surgical.hk /public_html/tc/images/intro Thumbs.db
110.07.30 14:18 B C:\Documents and Settings\ty.MICHAEL\桌面\v06\tc\images\intro\title_01.gif --> www.surgical.hk /public_html/tc/images/intro title_01.gif
110.07.30 14:18 B C:\Documents and Settings\ty.MICHAEL\桌面\v06\tc\images\intro\title_02.gif --> www.surgical.hk /public_html/tc/images/intro title_02.gif
110.07.30 14:18 B C:\Documents and Settings\ty.MICHAEL\桌面\v06\tc\images\intro\title_03.gif --> www.surgical.hk /public_html/tc/images/intro title_03.gif
110.07.30 14:18 B C:\Documents and Settings\ty.MICHAEL\桌面\v06\tc\images\intro\title_04.gif --> www.surgical.hk /public_html/tc/images/intro title_04.gif
110.07.30 14:18 B C:\Documents and Settings\ty.MICHAEL\桌面\v06\tc\images\intro\title_05.gif --> www.surgical.hk /public_html/tc/images/intro title_05.gif
110.11.08 16:12 B C:\Documents and Settings\michael\桌面\surgical\images\intro\WS_FTP.LOG <-- surgical /public_html/tc/images/intro WS_FTP.LOG
110.11.08 17:33 B C:\Documents and Settings\michael\桌面\surgical\images\intro\circumcision-foreskin-R1.jpg --> www.surgical.hk /public_html/tc/images/intro circumcision-foreskin-R1.jpg
110.11.08 17:33 B C:\Documents and Settings\michael\桌面\surgical\images\intro\doc_chan.jpg --> www.surgical.hk /public_html/tc/images/intro doc_chan.jpg
110.11.08 17:33 B C:\Documents and Settings\michael\桌面\surgical\images\intro\doc_lee.jpg --> www.surgical.hk /public_html/tc/images/intro doc_lee.jpg
110.11.08 17:33 B C:\Documents and Settings\michael\桌面\surgical\images\intro\table_bg.gif --> www.surgical.hk /public_html/tc/images/intro table_bg.gif
110.11.08 17:33 B C:\Documents and Settings\michael\桌面\surgical\images\intro\Thumbs.db --> www.surgical.hk /public_html/tc/images/intro Thumbs.db
110.11.08 17:33 B C:\Documents and Settings\michael\桌面\surgical\images\intro\title_01.gif --> www.surgical.hk /public_html/tc/images/intro title_01.gif
110.11.08 17:33 B C:\Documents and Settings\michael\桌面\surgical\images\intro\title_02.gif --> www.surgical.hk /public_html/tc/images/intro title_02.gif
110.11.08 17:33 B C:\Documents and Settings\michael\桌面\surgical\images\intro\title_03.gif --> www.surgical.hk /public_html/tc/images/intro title_03.gif
110.11.08 17:33 B C:\Documents and Settings\michael\桌面\surgical\images\intro\title_04.gif --> www.surgical.hk /public_html/tc/images/intro title_04.gif
110.11.08 17:33 B C:\Documents and Settings\michael\桌面\surgical\images\intro\title_05.gif --> www.surgical.hk /public_html/tc/images/intro title_05.gif
110.12.18 17:23 B C:\Documents and Settings\michael\桌面\surgical Web\images\intro\WS_FTP.LOG <-- surgical /public_html/tc/images/intro WS_FTP.LOG
110.12.29 11:35 B C:\Documents and Settings\michael\桌面\v08\tc\images\intro\circumcision-foreskin-R1.jpg --> www.surgical.hk /public_html/tc/images/intro circumcision-foreskin-R1.jpg
110.12.29 11:35 B C:\Documents and Settings\michael\桌面\v08\tc\images\intro\doc_chan.jpg --> www.surgical.hk /public_html/tc/images/intro doc_chan.jpg
110.12.29 11:35 B C:\Documents and Settings\michael\桌面\v08\tc\images\intro\doc_lee.jpg --> www.surgical.hk /public_html/tc/images/intro doc_lee.jpg
110.12.29 11:35 B C:\Documents and Settings\michael\桌面\v08\tc\images\intro\table_bg.gif --> www.surgical.hk /public_html/tc/images/intro table_bg.gif
110.12.29 11:35 B C:\Documents and Settings\michael\桌面\v08\tc\images\intro\Thumbs.db --> www.surgical.hk /public_html/tc/images/intro Thumbs.db
110.12.29 11:35 B C:\Documents and Settings\michael\桌面\v08\tc\images\intro\title_01.gif --> www.surgical.hk /public_html/tc/images/intro title_01.gif
110.12.29 11:35 B C:\Documents and Settings\michael\桌面\v08\tc\images\intro\title_02.gif --> www.surgical.hk /public_html/tc/images/intro title_02.gif
110.12.29 11:35 B C:\Documents and Settings\michael\桌面\v08\tc\images\intro\title_03.gif --> www.surgical.hk /public_html/tc/images/intro title_03.gif
110.12.29 11:35 B C:\Documents and Settings\michael\桌面\v08\tc\images\intro\title_04.gif --> www.surgical.hk /public_html/tc/images/intro title_04.gif
110.12.29 11:35 B C:\Documents and Settings\michael\桌面\v08\tc\images\intro\title_05.gif --> www.surgical.hk /public_html/tc/images/intro title_05.gif
110.12.29 11:35 B C:\Documents and Settings\michael\桌面\v08\tc\images\intro\WS_FTP.LOG --> www.surgical.hk /public_html/tc/images/intro WS_FTP.LOG
111.04.30 19:46 B E:\WEB\Surgical ForeSkin\NOW\surgical Now\tc\images\intro\circumcision-foreskin-R1.jpg --> www.surgical.hk /public_html/tc/images/intro circumcision-foreskin-R1.jpg
111.04.30 19:46 B E:\WEB\Surgical ForeSkin\NOW\surgical Now\tc\images\intro\doc_chan.jpg --> www.surgical.hk /public_html/tc/images/intro doc_chan.jpg
111.04.30 19:46 B E:\WEB\Surgical ForeSkin\NOW\surgical Now\tc\images\intro\doc_lee.jpg --> www.surgical.hk /public_html/tc/images/intro doc_lee.jpg
111.04.30 19:46 B E:\WEB\Surgical ForeSkin\NOW\surgical Now\tc\images\intro\table_bg.gif --> www.surgical.hk /public_html/tc/images/intro table_bg.gif
111.04.30 19:46 B E:\WEB\Surgical ForeSkin\NOW\surgical Now\tc\images\intro\Thumbs.db --> www.surgical.hk /public_html/tc/images/intro Thumbs.db
111.04.30 19:46 B E:\WEB\Surgical ForeSkin\NOW\surgical Now\tc\images\intro\title_01.gif --> www.surgical.hk /public_html/tc/images/intro title_01.gif
111.04.30 19:46 B E:\WEB\Surgical ForeSkin\NOW\surgical Now\tc\images\intro\title_02.gif --> www.surgical.hk /public_html/tc/images/intro title_02.gif
111.04.30 19:46 B E:\WEB\Surgical ForeSkin\NOW\surgical Now\tc\images\intro\title_03.gif --> www.surgical.hk /public_html/tc/images/intro title_03.gif
111.04.30 19:46 B E:\WEB\Surgical ForeSkin\NOW\surgical Now\tc\images\intro\title_04.gif --> www.surgical.hk /public_html/tc/images/intro title_04.gif
111.04.30 19:46 B E:\WEB\Surgical ForeSkin\NOW\surgical Now\tc\images\intro\title_05.gif --> www.surgical.hk /public_html/tc/images/intro title_05.gif
111.04.30 19:46 B E:\WEB\Surgical ForeSkin\NOW\surgical Now\tc\images\intro\WS_FTP.LOG --> www.surgical.hk /public_html/tc/images/intro WS_FTP.LOG
111.11.24 12:13 B C:\Users\Michael Win7\Desktop\v14\tc\images\intro\btn.gif --> www.surgical.hk /public_html/tc/images/intro btn.gif
111.11.24 12:13 B C:\Users\Michael Win7\Desktop\v14\tc\images\intro\circumcision-foreskin-R1.jpg --> www.surgical.hk /public_html/tc/images/intro circumcision-foreskin-R1.jpg
111.11.24 12:13 B C:\Users\Michael Win7\Desktop\v14\tc\images\intro\doc_chan.jpg --> www.surgical.hk /public_html/tc/images/intro doc_chan.jpg
111.11.24 12:13 B C:\Users\Michael Win7\Desktop\v14\tc\images\intro\doc_lee.jpg --> www.surgical.hk /public_html/tc/images/intro doc_lee.jpg
111.11.24 12:13 B C:\Users\Michael Win7\Desktop\v14\tc\images\intro\table_bg.gif --> www.surgical.hk /public_html/tc/images/intro table_bg.gif
111.11.24 12:13 B C:\Users\Michael Win7\Desktop\v14\tc\images\intro\Thumbs.db --> www.surgical.hk /public_html/tc/images/intro Thumbs.db
111.11.24 12:13 B C:\Users\Michael Win7\Desktop\v14\tc\images\intro\title_01.gif --> www.surgical.hk /public_html/tc/images/intro title_01.gif
111.11.24 12:13 B C:\Users\Michael Win7\Desktop\v14\tc\images\intro\title_02.gif --> www.surgical.hk /public_html/tc/images/intro title_02.gif
111.11.24 12:13 B C:\Users\Michael Win7\Desktop\v14\tc\images\intro\title_03.gif --> www.surgical.hk /public_html/tc/images/intro title_03.gif
111.11.24 12:13 B C:\Users\Michael Win7\Desktop\v14\tc\images\intro\title_04.gif --> www.surgical.hk /public_html/tc/images/intro title_04.gif
111.11.24 12:13 B C:\Users\Michael Win7\Desktop\v14\tc\images\intro\title_05.gif --> www.surgical.hk /public_html/tc/images/intro title_05.gif
111.11.24 12:13 B C:\Users\Michael Win7\Desktop\v14\tc\images\intro\WS_FTP.LOG --> www.surgical.hk /public_html/tc/images/intro WS_FTP.LOG
111.11.25 11:48 B C:\Users\Michael Win7\Documents\web\Surgical ForeSkin\NOW\surgical Now\tc\images\intro\btn.gif --> www.jaf.hk /public_html/sur/tc/images/intro btn.gif
111.11.25 11:48 B C:\Users\Michael Win7\Documents\web\Surgical ForeSkin\NOW\surgical Now\tc\images\intro\circumcision-foreskin-R1.jpg --> www.jaf.hk /public_html/sur/tc/images/intro circumcision-foreskin-R1.jpg
111.11.25 11:48 B C:\Users\Michael Win7\Documents\web\Surgical ForeSkin\NOW\surgical Now\tc\images\intro\doc_chan.jpg --> www.jaf.hk /public_html/sur/tc/images/intro doc_chan.jpg
111.11.25 11:48 B C:\Users\Michael Win7\Documents\web\Surgical ForeSkin\NOW\surgical Now\tc\images\intro\doc_lee.jpg --> www.jaf.hk /public_html/sur/tc/images/intro doc_lee.jpg
111.11.25 11:48 B C:\Users\Michael Win7\Documents\web\Surgical ForeSkin\NOW\surgical Now\tc\images\intro\table_bg.gif --> www.jaf.hk /public_html/sur/tc/images/intro table_bg.gif
111.11.25 11:48 B C:\Users\Michael Win7\Documents\web\Surgical ForeSkin\NOW\surgical Now\tc\images\intro\Thumbs.db --> www.jaf.hk /public_html/sur/tc/images/intro Thumbs.db
111.11.25 11:48 B C:\Users\Michael Win7\Documents\web\Surgical ForeSkin\NOW\surgical Now\tc\images\intro\title_01.gif --> www.jaf.hk /public_html/sur/tc/images/intro title_01.gif
111.11.25 11:48 B C:\Users\Michael Win7\Documents\web\Surgical ForeSkin\NOW\surgical Now\tc\images\intro\title_02.gif --> www.jaf.hk /public_html/sur/tc/images/intro title_02.gif
111.11.25 11:48 B C:\Users\Michael Win7\Documents\web\Surgical ForeSkin\NOW\surgical Now\tc\images\intro\title_03.gif --> www.jaf.hk /public_html/sur/tc/images/intro title_03.gif
111.11.25 11:48 B C:\Users\Michael Win7\Documents\web\Surgical ForeSkin\NOW\surgical Now\tc\images\intro\title_04.gif --> www.jaf.hk /public_html/sur/tc/images/intro title_04.gif
111.11.25 11:48 B C:\Users\Michael Win7\Documents\web\Surgical ForeSkin\NOW\surgical Now\tc\images\intro\title_05.gif --> www.jaf.hk /public_html/sur/tc/images/intro title_05.gif
111.11.25 11:48 B C:\Users\Michael Win7\Documents\web\Surgical ForeSkin\NOW\surgical Now\tc\images\intro\WS_FTP.LOG --> www.jaf.hk /public_html/sur/tc/images/intro WS_FTP.LOG
111.12.29 11:57 B C:\Users\Michael Win7\Desktop\surgical  三項circum\surgical_now\tc\images\intro\btn.gif --> www.surgical.hk /public_html/tc/images/intro btn.gif
111.12.29 11:57 B C:\Users\Michael Win7\Desktop\surgical  三項circum\surgical_now\tc\images\intro\circumcision-foreskin-R1.jpg --> www.surgical.hk /public_html/tc/images/intro circumcision-foreskin-R1.jpg
111.12.29 11:57 B C:\Users\Michael Win7\Desktop\surgical  三項circum\surgical_now\tc\images\intro\doc_chan.jpg --> www.surgical.hk /public_html/tc/images/intro doc_chan.jpg
111.12.29 11:57 B C:\Users\Michael Win7\Desktop\surgical  三項circum\surgical_now\tc\images\intro\doc_lee.jpg --> www.surgical.hk /public_html/tc/images/intro doc_lee.jpg
111.12.29 11:57 B C:\Users\Michael Win7\Desktop\surgical  三項circum\surgical_now\tc\images\intro\table_bg.gif --> www.surgical.hk /public_html/tc/images/intro table_bg.gif
111.12.29 11:57 B C:\Users\Michael Win7\Desktop\surgical  三項circum\surgical_now\tc\images\intro\Thumbs.db --> www.surgical.hk /public_html/tc/images/intro Thumbs.db
111.12.29 11:57 B C:\Users\Michael Win7\Desktop\surgical  三項circum\surgical_now\tc\images\intro\title_01.gif --> www.surgical.hk /public_html/tc/images/intro title_01.gif
111.12.29 11:57 B C:\Users\Michael Win7\Desktop\surgical  三項circum\surgical_now\tc\images\intro\title_02.gif --> www.surgical.hk /public_html/tc/images/intro title_02.gif
111.12.29 11:57 B C:\Users\Michael Win7\Desktop\surgical  三項circum\surgical_now\tc\images\intro\title_03.gif --> www.surgical.hk /public_html/tc/images/intro title_03.gif
111.12.29 11:57 B C:\Users\Michael Win7\Desktop\surgical  三項circum\surgical_now\tc\images\intro\title_04.gif --> www.surgical.hk /public_html/tc/images/intro title_04.gif
111.12.29 11:57 B C:\Users\Michael Win7\Desktop\surgical  三項circum\surgical_now\tc\images\intro\title_05.gif --> www.surgical.hk /public_html/tc/images/intro title_05.gif
111.12.29 11:57 B C:\Users\Michael Win7\Desktop\surgical  三項circum\surgical_now\tc\images\intro\WS_FTP.LOG --> www.surgical.hk /public_html/tc/images/intro WS_FTP.LOG
111.12.29 12:04 B C:\Users\Michael Win7\Desktop\surgical  三項circum\surgical_now\tc\images\intro\btn.gif --> www.surgical.hk /public_html/tc/images/intro btn.gif
111.12.29 12:04 B C:\Users\Michael Win7\Desktop\surgical  三項circum\surgical_now\tc\images\intro\circumcision-foreskin-R1.jpg --> www.surgical.hk /public_html/tc/images/intro circumcision-foreskin-R1.jpg
111.12.29 12:04 B C:\Users\Michael Win7\Desktop\surgical  三項circum\surgical_now\tc\images\intro\doc_chan.jpg --> www.surgical.hk /public_html/tc/images/intro doc_chan.jpg
111.12.29 12:04 B C:\Users\Michael Win7\Desktop\surgical  三項circum\surgical_now\tc\images\intro\doc_lee.jpg --> www.surgical.hk /public_html/tc/images/intro doc_lee.jpg
111.12.29 12:04 B C:\Users\Michael Win7\Desktop\surgical  三項circum\surgical_now\tc\images\intro\table_bg.gif --> www.surgical.hk /public_html/tc/images/intro table_bg.gif
111.12.29 12:04 B C:\Users\Michael Win7\Desktop\surgical  三項circum\surgical_now\tc\images\intro\Thumbs.db --> www.surgical.hk /public_html/tc/images/intro Thumbs.db
111.12.29 12:04 B C:\Users\Michael Win7\Desktop\surgical  三項circum\surgical_now\tc\images\intro\title_01.gif --> www.surgical.hk /public_html/tc/images/intro title_01.gif
111.12.29 12:04 B C:\Users\Michael Win7\Desktop\surgical  三項circum\surgical_now\tc\images\intro\title_02.gif --> www.surgical.hk /public_html/tc/images/intro title_02.gif
111.12.29 12:04 B C:\Users\Michael Win7\Desktop\surgical  三項circum\surgical_now\tc\images\intro\title_03.gif --> www.surgical.hk /public_html/tc/images/intro title_03.gif
111.12.29 12:04 B C:\Users\Michael Win7\Desktop\surgical  三項circum\surgical_now\tc\images\intro\title_04.gif --> www.surgical.hk /public_html/tc/images/intro title_04.gif
111.12.29 12:04 B C:\Users\Michael Win7\Desktop\surgical  三項circum\surgical_now\tc\images\intro\title_05.gif --> www.surgical.hk /public_html/tc/images/intro title_05.gif
