110.07.30 11:37 B C:\Documents and Settings\ty.MICHAEL\桌面\v06\js\images\blank.gif --> www.surgical.hk /public_html/f/js/images blank.gif
110.07.30 11:37 B C:\Documents and Settings\ty.MICHAEL\桌面\v06\js\images\close.gif --> www.surgical.hk /public_html/f/js/images close.gif
110.07.30 11:37 B C:\Documents and Settings\ty.MICHAEL\桌面\v06\js\images\closelabel.gif --> www.surgical.hk /public_html/f/js/images closelabel.gif
110.07.30 11:37 B C:\Documents and Settings\ty.MICHAEL\桌面\v06\js\images\lightbox-blank.gif --> www.surgical.hk /public_html/f/js/images lightbox-blank.gif
110.07.30 11:37 B C:\Documents and Settings\ty.MICHAEL\桌面\v06\js\images\lightbox-btn-close.gif --> www.surgical.hk /public_html/f/js/images lightbox-btn-close.gif
110.07.30 11:37 B C:\Documents and Settings\ty.MICHAEL\桌面\v06\js\images\lightbox-btn-next.gif --> www.surgical.hk /public_html/f/js/images lightbox-btn-next.gif
110.07.30 11:37 B C:\Documents and Settings\ty.MICHAEL\桌面\v06\js\images\lightbox-btn-prev.gif --> www.surgical.hk /public_html/f/js/images lightbox-btn-prev.gif
110.07.30 11:37 B C:\Documents and Settings\ty.MICHAEL\桌面\v06\js\images\lightbox-ico-loading.gif --> www.surgical.hk /public_html/f/js/images lightbox-ico-loading.gif
110.07.30 11:37 B C:\Documents and Settings\ty.MICHAEL\桌面\v06\js\images\loading.gif --> www.surgical.hk /public_html/f/js/images loading.gif
110.07.30 11:37 B C:\Documents and Settings\ty.MICHAEL\桌面\v06\js\images\next.gif --> www.surgical.hk /public_html/f/js/images next.gif
110.07.30 11:37 B C:\Documents and Settings\ty.MICHAEL\桌面\v06\js\images\nextlabel.gif --> www.surgical.hk /public_html/f/js/images nextlabel.gif
110.07.30 11:37 B C:\Documents and Settings\ty.MICHAEL\桌面\v06\js\images\prev.gif --> www.surgical.hk /public_html/f/js/images prev.gif
110.07.30 11:37 B C:\Documents and Settings\ty.MICHAEL\桌面\v06\js\images\prevlabel.gif --> www.surgical.hk /public_html/f/js/images prevlabel.gif
110.07.30 11:37 B C:\Documents and Settings\ty.MICHAEL\桌面\v06\js\images\Thumbs.db --> www.surgical.hk /public_html/f/js/images Thumbs.db
110.07.30 12:07 B C:\Documents and Settings\ty.MICHAEL\桌面\v06\js\images\blank.gif --> www.surgical.hk /public_html/js/images blank.gif
110.07.30 12:07 B C:\Documents and Settings\ty.MICHAEL\桌面\v06\js\images\close.gif --> www.surgical.hk /public_html/js/images close.gif
110.07.30 12:07 B C:\Documents and Settings\ty.MICHAEL\桌面\v06\js\images\closelabel.gif --> www.surgical.hk /public_html/js/images closelabel.gif
110.07.30 12:07 B C:\Documents and Settings\ty.MICHAEL\桌面\v06\js\images\lightbox-blank.gif --> www.surgical.hk /public_html/js/images lightbox-blank.gif
110.07.30 12:07 B C:\Documents and Settings\ty.MICHAEL\桌面\v06\js\images\lightbox-btn-close.gif --> www.surgical.hk /public_html/js/images lightbox-btn-close.gif
110.07.30 12:07 B C:\Documents and Settings\ty.MICHAEL\桌面\v06\js\images\lightbox-btn-next.gif --> www.surgical.hk /public_html/js/images lightbox-btn-next.gif
110.07.30 12:07 B C:\Documents and Settings\ty.MICHAEL\桌面\v06\js\images\lightbox-btn-prev.gif --> www.surgical.hk /public_html/js/images lightbox-btn-prev.gif
110.07.30 12:07 B C:\Documents and Settings\ty.MICHAEL\桌面\v06\js\images\lightbox-ico-loading.gif --> www.surgical.hk /public_html/js/images lightbox-ico-loading.gif
110.07.30 12:07 B C:\Documents and Settings\ty.MICHAEL\桌面\v06\js\images\loading.gif --> www.surgical.hk /public_html/js/images loading.gif
110.07.30 12:07 B C:\Documents and Settings\ty.MICHAEL\桌面\v06\js\images\next.gif --> www.surgical.hk /public_html/js/images next.gif
110.07.30 12:07 B C:\Documents and Settings\ty.MICHAEL\桌面\v06\js\images\nextlabel.gif --> www.surgical.hk /public_html/js/images nextlabel.gif
110.07.30 12:07 B C:\Documents and Settings\ty.MICHAEL\桌面\v06\js\images\prev.gif --> www.surgical.hk /public_html/js/images prev.gif
110.07.30 12:07 B C:\Documents and Settings\ty.MICHAEL\桌面\v06\js\images\prevlabel.gif --> www.surgical.hk /public_html/js/images prevlabel.gif
110.07.30 12:07 B C:\Documents and Settings\ty.MICHAEL\桌面\v06\js\images\Thumbs.db --> www.surgical.hk /public_html/js/images Thumbs.db
110.12.18 17:23 B C:\Documents and Settings\michael\桌面\js\images\WS_FTP.LOG <-- surgical /public_html/js/images WS_FTP.LOG
110.12.29 11:34 B C:\Documents and Settings\michael\桌面\v08\js\images\blank.gif --> www.surgical.hk /public_html/js/images blank.gif
110.12.29 11:34 B C:\Documents and Settings\michael\桌面\v08\js\images\close.gif --> www.surgical.hk /public_html/js/images close.gif
110.12.29 11:34 B C:\Documents and Settings\michael\桌面\v08\js\images\closelabel.gif --> www.surgical.hk /public_html/js/images closelabel.gif
110.12.29 11:34 B C:\Documents and Settings\michael\桌面\v08\js\images\lightbox-blank.gif --> www.surgical.hk /public_html/js/images lightbox-blank.gif
110.12.29 11:34 B C:\Documents and Settings\michael\桌面\v08\js\images\lightbox-btn-close.gif --> www.surgical.hk /public_html/js/images lightbox-btn-close.gif
110.12.29 11:34 B C:\Documents and Settings\michael\桌面\v08\js\images\lightbox-btn-next.gif --> www.surgical.hk /public_html/js/images lightbox-btn-next.gif
110.12.29 11:34 B C:\Documents and Settings\michael\桌面\v08\js\images\lightbox-btn-prev.gif --> www.surgical.hk /public_html/js/images lightbox-btn-prev.gif
110.12.29 11:34 B C:\Documents and Settings\michael\桌面\v08\js\images\lightbox-ico-loading.gif --> www.surgical.hk /public_html/js/images lightbox-ico-loading.gif
110.12.29 11:34 B C:\Documents and Settings\michael\桌面\v08\js\images\loading.gif --> www.surgical.hk /public_html/js/images loading.gif
110.12.29 11:34 B C:\Documents and Settings\michael\桌面\v08\js\images\next.gif --> www.surgical.hk /public_html/js/images next.gif
110.12.29 11:34 B C:\Documents and Settings\michael\桌面\v08\js\images\nextlabel.gif --> www.surgical.hk /public_html/js/images nextlabel.gif
110.12.29 11:34 B C:\Documents and Settings\michael\桌面\v08\js\images\prev.gif --> www.surgical.hk /public_html/js/images prev.gif
110.12.29 11:34 B C:\Documents and Settings\michael\桌面\v08\js\images\prevlabel.gif --> www.surgical.hk /public_html/js/images prevlabel.gif
110.12.29 11:34 B C:\Documents and Settings\michael\桌面\v08\js\images\Thumbs.db --> www.surgical.hk /public_html/js/images Thumbs.db
110.12.29 11:34 B C:\Documents and Settings\michael\桌面\v08\js\images\WS_FTP.LOG --> www.surgical.hk /public_html/js/images WS_FTP.LOG
111.11.25 11:47 B C:\Users\Michael Win7\Documents\web\Surgical ForeSkin\NOW\surgical Now\js\images\blank.gif --> www.jaf.hk /public_html/sur/js/images blank.gif
111.11.25 11:47 B C:\Users\Michael Win7\Documents\web\Surgical ForeSkin\NOW\surgical Now\js\images\close.gif --> www.jaf.hk /public_html/sur/js/images close.gif
111.11.25 11:47 B C:\Users\Michael Win7\Documents\web\Surgical ForeSkin\NOW\surgical Now\js\images\closelabel.gif --> www.jaf.hk /public_html/sur/js/images closelabel.gif
111.11.25 11:47 B C:\Users\Michael Win7\Documents\web\Surgical ForeSkin\NOW\surgical Now\js\images\lightbox-blank.gif --> www.jaf.hk /public_html/sur/js/images lightbox-blank.gif
111.11.25 11:47 B C:\Users\Michael Win7\Documents\web\Surgical ForeSkin\NOW\surgical Now\js\images\lightbox-btn-close.gif --> www.jaf.hk /public_html/sur/js/images lightbox-btn-close.gif
111.11.25 11:47 B C:\Users\Michael Win7\Documents\web\Surgical ForeSkin\NOW\surgical Now\js\images\lightbox-btn-next.gif --> www.jaf.hk /public_html/sur/js/images lightbox-btn-next.gif
111.11.25 11:47 B C:\Users\Michael Win7\Documents\web\Surgical ForeSkin\NOW\surgical Now\js\images\lightbox-btn-prev.gif --> www.jaf.hk /public_html/sur/js/images lightbox-btn-prev.gif
111.11.25 11:47 B C:\Users\Michael Win7\Documents\web\Surgical ForeSkin\NOW\surgical Now\js\images\lightbox-ico-loading.gif --> www.jaf.hk /public_html/sur/js/images lightbox-ico-loading.gif
111.11.25 11:47 B C:\Users\Michael Win7\Documents\web\Surgical ForeSkin\NOW\surgical Now\js\images\loading.gif --> www.jaf.hk /public_html/sur/js/images loading.gif
111.11.25 11:47 B C:\Users\Michael Win7\Documents\web\Surgical ForeSkin\NOW\surgical Now\js\images\next.gif --> www.jaf.hk /public_html/sur/js/images next.gif
111.11.25 11:47 B C:\Users\Michael Win7\Documents\web\Surgical ForeSkin\NOW\surgical Now\js\images\nextlabel.gif --> www.jaf.hk /public_html/sur/js/images nextlabel.gif
111.11.25 11:47 B C:\Users\Michael Win7\Documents\web\Surgical ForeSkin\NOW\surgical Now\js\images\prev.gif --> www.jaf.hk /public_html/sur/js/images prev.gif
111.11.25 11:47 B C:\Users\Michael Win7\Documents\web\Surgical ForeSkin\NOW\surgical Now\js\images\prevlabel.gif --> www.jaf.hk /public_html/sur/js/images prevlabel.gif
111.11.25 11:47 B C:\Users\Michael Win7\Documents\web\Surgical ForeSkin\NOW\surgical Now\js\images\Thumbs.db --> www.jaf.hk /public_html/sur/js/images Thumbs.db
111.11.25 11:47 B C:\Users\Michael Win7\Documents\web\Surgical ForeSkin\NOW\surgical Now\js\images\WS_FTP.LOG --> www.jaf.hk /public_html/sur/js/images WS_FTP.LOG
111.12.29 11:56 B C:\Users\Michael Win7\Desktop\surgical  三項circum\surgical_now\js\images\blank.gif --> www.surgical.hk /public_html/js/images blank.gif
111.12.29 11:56 B C:\Users\Michael Win7\Desktop\surgical  三項circum\surgical_now\js\images\close.gif --> www.surgical.hk /public_html/js/images close.gif
111.12.29 11:56 B C:\Users\Michael Win7\Desktop\surgical  三項circum\surgical_now\js\images\closelabel.gif --> www.surgical.hk /public_html/js/images closelabel.gif
111.12.29 11:56 B C:\Users\Michael Win7\Desktop\surgical  三項circum\surgical_now\js\images\lightbox-blank.gif --> www.surgical.hk /public_html/js/images lightbox-blank.gif
111.12.29 11:56 B C:\Users\Michael Win7\Desktop\surgical  三項circum\surgical_now\js\images\lightbox-btn-close.gif --> www.surgical.hk /public_html/js/images lightbox-btn-close.gif
111.12.29 11:56 B C:\Users\Michael Win7\Desktop\surgical  三項circum\surgical_now\js\images\lightbox-btn-next.gif --> www.surgical.hk /public_html/js/images lightbox-btn-next.gif
111.12.29 11:56 B C:\Users\Michael Win7\Desktop\surgical  三項circum\surgical_now\js\images\lightbox-btn-prev.gif --> www.surgical.hk /public_html/js/images lightbox-btn-prev.gif
111.12.29 11:56 B C:\Users\Michael Win7\Desktop\surgical  三項circum\surgical_now\js\images\lightbox-ico-loading.gif --> www.surgical.hk /public_html/js/images lightbox-ico-loading.gif
111.12.29 11:56 B C:\Users\Michael Win7\Desktop\surgical  三項circum\surgical_now\js\images\loading.gif --> www.surgical.hk /public_html/js/images loading.gif
111.12.29 11:56 B C:\Users\Michael Win7\Desktop\surgical  三項circum\surgical_now\js\images\next.gif --> www.surgical.hk /public_html/js/images next.gif
111.12.29 11:56 B C:\Users\Michael Win7\Desktop\surgical  三項circum\surgical_now\js\images\nextlabel.gif --> www.surgical.hk /public_html/js/images nextlabel.gif
111.12.29 11:56 B C:\Users\Michael Win7\Desktop\surgical  三項circum\surgical_now\js\images\prev.gif --> www.surgical.hk /public_html/js/images prev.gif
111.12.29 11:56 B C:\Users\Michael Win7\Desktop\surgical  三項circum\surgical_now\js\images\prevlabel.gif --> www.surgical.hk /public_html/js/images prevlabel.gif
111.12.29 11:56 B C:\Users\Michael Win7\Desktop\surgical  三項circum\surgical_now\js\images\Thumbs.db --> www.surgical.hk /public_html/js/images Thumbs.db
111.12.29 11:56 B C:\Users\Michael Win7\Desktop\surgical  三項circum\surgical_now\js\images\WS_FTP.LOG --> www.surgical.hk /public_html/js/images WS_FTP.LOG
111.12.29 12:03 B C:\Users\Michael Win7\Desktop\surgical  三項circum\surgical_now\js\images\blank.gif --> www.surgical.hk /public_html/js/images blank.gif
111.12.29 12:03 B C:\Users\Michael Win7\Desktop\surgical  三項circum\surgical_now\js\images\close.gif --> www.surgical.hk /public_html/js/images close.gif
111.12.29 12:03 B C:\Users\Michael Win7\Desktop\surgical  三項circum\surgical_now\js\images\closelabel.gif --> www.surgical.hk /public_html/js/images closelabel.gif
111.12.29 12:03 B C:\Users\Michael Win7\Desktop\surgical  三項circum\surgical_now\js\images\lightbox-blank.gif --> www.surgical.hk /public_html/js/images lightbox-blank.gif
111.12.29 12:03 B C:\Users\Michael Win7\Desktop\surgical  三項circum\surgical_now\js\images\lightbox-btn-close.gif --> www.surgical.hk /public_html/js/images lightbox-btn-close.gif
111.12.29 12:03 B C:\Users\Michael Win7\Desktop\surgical  三項circum\surgical_now\js\images\lightbox-btn-next.gif --> www.surgical.hk /public_html/js/images lightbox-btn-next.gif
111.12.29 12:03 B C:\Users\Michael Win7\Desktop\surgical  三項circum\surgical_now\js\images\lightbox-btn-prev.gif --> www.surgical.hk /public_html/js/images lightbox-btn-prev.gif
111.12.29 12:03 B C:\Users\Michael Win7\Desktop\surgical  三項circum\surgical_now\js\images\lightbox-ico-loading.gif --> www.surgical.hk /public_html/js/images lightbox-ico-loading.gif
111.12.29 12:03 B C:\Users\Michael Win7\Desktop\surgical  三項circum\surgical_now\js\images\loading.gif --> www.surgical.hk /public_html/js/images loading.gif
111.12.29 12:03 B C:\Users\Michael Win7\Desktop\surgical  三項circum\surgical_now\js\images\next.gif --> www.surgical.hk /public_html/js/images next.gif
111.12.29 12:03 B C:\Users\Michael Win7\Desktop\surgical  三項circum\surgical_now\js\images\nextlabel.gif --> www.surgical.hk /public_html/js/images nextlabel.gif
111.12.29 12:03 B C:\Users\Michael Win7\Desktop\surgical  三項circum\surgical_now\js\images\prev.gif --> www.surgical.hk /public_html/js/images prev.gif
111.12.29 12:03 B C:\Users\Michael Win7\Desktop\surgical  三項circum\surgical_now\js\images\prevlabel.gif --> www.surgical.hk /public_html/js/images prevlabel.gif
111.12.29 12:03 B C:\Users\Michael Win7\Desktop\surgical  三項circum\surgical_now\js\images\Thumbs.db --> www.surgical.hk /public_html/js/images Thumbs.db
112.02.23 11:11 B C:\Users\Michael Win7\Desktop\surgical\surgical\js\images\blank.gif --> www.surgical.hk /public_html/js/images blank.gif
112.02.23 11:11 B C:\Users\Michael Win7\Desktop\surgical\surgical\js\images\close.gif --> www.surgical.hk /public_html/js/images close.gif
112.02.23 11:11 B C:\Users\Michael Win7\Desktop\surgical\surgical\js\images\closelabel.gif --> www.surgical.hk /public_html/js/images closelabel.gif
112.02.23 11:11 B C:\Users\Michael Win7\Desktop\surgical\surgical\js\images\lightbox-blank.gif --> www.surgical.hk /public_html/js/images lightbox-blank.gif
112.02.23 11:11 B C:\Users\Michael Win7\Desktop\surgical\surgical\js\images\lightbox-btn-close.gif --> www.surgical.hk /public_html/js/images lightbox-btn-close.gif
112.02.23 11:11 B C:\Users\Michael Win7\Desktop\surgical\surgical\js\images\lightbox-btn-next.gif --> www.surgical.hk /public_html/js/images lightbox-btn-next.gif
112.02.23 11:11 B C:\Users\Michael Win7\Desktop\surgical\surgical\js\images\lightbox-btn-prev.gif --> www.surgical.hk /public_html/js/images lightbox-btn-prev.gif
112.02.23 11:11 B C:\Users\Michael Win7\Desktop\surgical\surgical\js\images\lightbox-ico-loading.gif --> www.surgical.hk /public_html/js/images lightbox-ico-loading.gif
112.02.23 11:11 B C:\Users\Michael Win7\Desktop\surgical\surgical\js\images\loading.gif --> www.surgical.hk /public_html/js/images loading.gif
112.02.23 11:11 B C:\Users\Michael Win7\Desktop\surgical\surgical\js\images\next.gif --> www.surgical.hk /public_html/js/images next.gif
112.02.23 11:11 B C:\Users\Michael Win7\Desktop\surgical\surgical\js\images\nextlabel.gif --> www.surgical.hk /public_html/js/images nextlabel.gif
112.02.23 11:11 B C:\Users\Michael Win7\Desktop\surgical\surgical\js\images\prev.gif --> www.surgical.hk /public_html/js/images prev.gif
112.02.23 11:11 B C:\Users\Michael Win7\Desktop\surgical\surgical\js\images\prevlabel.gif --> www.surgical.hk /public_html/js/images prevlabel.gif
112.02.23 11:11 B C:\Users\Michael Win7\Desktop\surgical\surgical\js\images\Thumbs.db --> www.surgical.hk /public_html/js/images Thumbs.db
