109.02.20 19:09 B C:\Documents and Settings\ty.MICHAEL\桌面\ForeSkin\images\big5\b1.png <-- Painfree /public_html/foreskin/images/big5 b1.png
109.02.20 19:09 B C:\Documents and Settings\ty.MICHAEL\桌面\ForeSkin\images\big5\b11.png <-- Painfree /public_html/foreskin/images/big5 b11.png
109.02.20 19:09 B C:\Documents and Settings\ty.MICHAEL\桌面\ForeSkin\images\big5\b2.png <-- Painfree /public_html/foreskin/images/big5 b2.png
109.02.20 19:09 B C:\Documents and Settings\ty.MICHAEL\桌面\ForeSkin\images\big5\b22.png <-- Painfree /public_html/foreskin/images/big5 b22.png
109.02.20 19:09 B C:\Documents and Settings\ty.MICHAEL\桌面\ForeSkin\images\big5\b22a.png <-- Painfree /public_html/foreskin/images/big5 b22a.png
109.02.20 19:09 B C:\Documents and Settings\ty.MICHAEL\桌面\ForeSkin\images\big5\b2a.png <-- Painfree /public_html/foreskin/images/big5 b2a.png
109.02.20 19:09 B C:\Documents and Settings\ty.MICHAEL\桌面\ForeSkin\images\big5\b3.png <-- Painfree /public_html/foreskin/images/big5 b3.png
109.02.20 19:09 B C:\Documents and Settings\ty.MICHAEL\桌面\ForeSkin\images\big5\b33.png <-- Painfree /public_html/foreskin/images/big5 b33.png
109.02.20 19:09 B C:\Documents and Settings\ty.MICHAEL\桌面\ForeSkin\images\big5\b4.png <-- Painfree /public_html/foreskin/images/big5 b4.png
109.02.20 19:09 B C:\Documents and Settings\ty.MICHAEL\桌面\ForeSkin\images\big5\b44.png <-- Painfree /public_html/foreskin/images/big5 b44.png
109.02.20 19:09 B C:\Documents and Settings\ty.MICHAEL\桌面\ForeSkin\images\big5\b5.png <-- Painfree /public_html/foreskin/images/big5 b5.png
109.02.20 19:09 B C:\Documents and Settings\ty.MICHAEL\桌面\ForeSkin\images\big5\b55.png <-- Painfree /public_html/foreskin/images/big5 b55.png
109.02.20 19:09 B C:\Documents and Settings\ty.MICHAEL\桌面\ForeSkin\images\big5\ban1.png <-- Painfree /public_html/foreskin/images/big5 ban1.png
109.02.20 19:09 B C:\Documents and Settings\ty.MICHAEL\桌面\ForeSkin\images\big5\ban3.png <-- Painfree /public_html/foreskin/images/big5 ban3.png
109.02.20 19:09 B C:\Documents and Settings\ty.MICHAEL\桌面\ForeSkin\images\big5\bb1.jpg <-- Painfree /public_html/foreskin/images/big5 bb1.jpg
109.02.20 19:09 B C:\Documents and Settings\ty.MICHAEL\桌面\ForeSkin\images\big5\bb2.jpg <-- Painfree /public_html/foreskin/images/big5 bb2.jpg
109.02.20 19:09 B C:\Documents and Settings\ty.MICHAEL\桌面\ForeSkin\images\big5\bb3.jpg <-- Painfree /public_html/foreskin/images/big5 bb3.jpg
109.02.20 19:09 B C:\Documents and Settings\ty.MICHAEL\桌面\ForeSkin\images\big5\bb4.jpg <-- Painfree /public_html/foreskin/images/big5 bb4.jpg
109.02.20 19:09 B C:\Documents and Settings\ty.MICHAEL\桌面\ForeSkin\images\big5\bb5.jpg <-- Painfree /public_html/foreskin/images/big5 bb5.jpg
109.02.20 19:09 B C:\Documents and Settings\ty.MICHAEL\桌面\ForeSkin\images\big5\bb6.jpg <-- Painfree /public_html/foreskin/images/big5 bb6.jpg
109.02.20 19:09 B C:\Documents and Settings\ty.MICHAEL\桌面\ForeSkin\images\big5\bo.png <-- Painfree /public_html/foreskin/images/big5 bo.png
109.02.20 19:09 B C:\Documents and Settings\ty.MICHAEL\桌面\ForeSkin\images\big5\boo.png <-- Painfree /public_html/foreskin/images/big5 boo.png
109.02.20 19:09 B C:\Documents and Settings\ty.MICHAEL\桌面\ForeSkin\images\big5\fs1.jpg <-- Painfree /public_html/foreskin/images/big5 fs1.jpg
109.02.20 19:09 B C:\Documents and Settings\ty.MICHAEL\桌面\ForeSkin\images\big5\fs2.jpg <-- Painfree /public_html/foreskin/images/big5 fs2.jpg
109.02.20 19:09 B C:\Documents and Settings\ty.MICHAEL\桌面\ForeSkin\images\big5\fs3.jpg <-- Painfree /public_html/foreskin/images/big5 fs3.jpg
109.02.20 19:09 B C:\Documents and Settings\ty.MICHAEL\桌面\ForeSkin\images\big5\fs4.jpg <-- Painfree /public_html/foreskin/images/big5 fs4.jpg
109.02.20 19:09 B C:\Documents and Settings\ty.MICHAEL\桌面\ForeSkin\images\big5\panda.jpg <-- Painfree /public_html/foreskin/images/big5 panda.jpg
109.02.20 19:09 B C:\Documents and Settings\ty.MICHAEL\桌面\ForeSkin\images\big5\ph2.png <-- Painfree /public_html/foreskin/images/big5 ph2.png
109.02.20 19:09 B C:\Documents and Settings\ty.MICHAEL\桌面\ForeSkin\images\big5\ph3.png <-- Painfree /public_html/foreskin/images/big5 ph3.png
109.02.20 19:09 B C:\Documents and Settings\ty.MICHAEL\桌面\ForeSkin\images\big5\ph4.png <-- Painfree /public_html/foreskin/images/big5 ph4.png
109.02.20 19:09 B C:\Documents and Settings\ty.MICHAEL\桌面\ForeSkin\images\big5\smallbear.jpg <-- Painfree /public_html/foreskin/images/big5 smallbear.jpg
109.02.20 19:09 B C:\Documents and Settings\ty.MICHAEL\桌面\ForeSkin\images\big5\t5.jpg <-- Painfree /public_html/foreskin/images/big5 t5.jpg
109.02.20 19:09 B C:\Documents and Settings\ty.MICHAEL\桌面\ForeSkin\images\big5\t7.jpg <-- Painfree /public_html/foreskin/images/big5 t7.jpg
109.03.07 13:06 B C:\Documents and Settings\ty.MICHAEL\桌面\ForeSkin_228\images\big5\b1.png --> www.painfree.hk /public_html/foreskin/images/big5 b1.png
109.03.07 13:06 B C:\Documents and Settings\ty.MICHAEL\桌面\ForeSkin_228\images\big5\b11.png --> www.painfree.hk /public_html/foreskin/images/big5 b11.png
109.03.07 13:06 B C:\Documents and Settings\ty.MICHAEL\桌面\ForeSkin_228\images\big5\b2.png --> www.painfree.hk /public_html/foreskin/images/big5 b2.png
109.03.07 13:06 B C:\Documents and Settings\ty.MICHAEL\桌面\ForeSkin_228\images\big5\b22.png --> www.painfree.hk /public_html/foreskin/images/big5 b22.png
109.03.07 13:06 B C:\Documents and Settings\ty.MICHAEL\桌面\ForeSkin_228\images\big5\b22a.png --> www.painfree.hk /public_html/foreskin/images/big5 b22a.png
109.03.07 13:06 B C:\Documents and Settings\ty.MICHAEL\桌面\ForeSkin_228\images\big5\b2a.png --> www.painfree.hk /public_html/foreskin/images/big5 b2a.png
109.03.07 13:06 B C:\Documents and Settings\ty.MICHAEL\桌面\ForeSkin_228\images\big5\b3.png --> www.painfree.hk /public_html/foreskin/images/big5 b3.png
109.03.07 13:06 B C:\Documents and Settings\ty.MICHAEL\桌面\ForeSkin_228\images\big5\b33.png --> www.painfree.hk /public_html/foreskin/images/big5 b33.png
109.03.07 13:06 B C:\Documents and Settings\ty.MICHAEL\桌面\ForeSkin_228\images\big5\b4.png --> www.painfree.hk /public_html/foreskin/images/big5 b4.png
109.03.07 13:06 B C:\Documents and Settings\ty.MICHAEL\桌面\ForeSkin_228\images\big5\b44.png --> www.painfree.hk /public_html/foreskin/images/big5 b44.png
109.03.07 13:06 B C:\Documents and Settings\ty.MICHAEL\桌面\ForeSkin_228\images\big5\b5.png --> www.painfree.hk /public_html/foreskin/images/big5 b5.png
109.03.07 13:06 B C:\Documents and Settings\ty.MICHAEL\桌面\ForeSkin_228\images\big5\b55.png --> www.painfree.hk /public_html/foreskin/images/big5 b55.png
109.03.07 13:06 B C:\Documents and Settings\ty.MICHAEL\桌面\ForeSkin_228\images\big5\ban1.png --> www.painfree.hk /public_html/foreskin/images/big5 ban1.png
109.03.07 13:06 B C:\Documents and Settings\ty.MICHAEL\桌面\ForeSkin_228\images\big5\ban3.png --> www.painfree.hk /public_html/foreskin/images/big5 ban3.png
109.03.07 13:06 B C:\Documents and Settings\ty.MICHAEL\桌面\ForeSkin_228\images\big5\bb1.jpg --> www.painfree.hk /public_html/foreskin/images/big5 bb1.jpg
109.03.07 13:06 B C:\Documents and Settings\ty.MICHAEL\桌面\ForeSkin_228\images\big5\bb2.jpg --> www.painfree.hk /public_html/foreskin/images/big5 bb2.jpg
109.03.07 13:06 B C:\Documents and Settings\ty.MICHAEL\桌面\ForeSkin_228\images\big5\bb3.jpg --> www.painfree.hk /public_html/foreskin/images/big5 bb3.jpg
109.03.07 13:06 B C:\Documents and Settings\ty.MICHAEL\桌面\ForeSkin_228\images\big5\bb4.jpg --> www.painfree.hk /public_html/foreskin/images/big5 bb4.jpg
109.03.07 13:06 B C:\Documents and Settings\ty.MICHAEL\桌面\ForeSkin_228\images\big5\bb5.jpg --> www.painfree.hk /public_html/foreskin/images/big5 bb5.jpg
109.03.07 13:06 B C:\Documents and Settings\ty.MICHAEL\桌面\ForeSkin_228\images\big5\bb6.jpg --> www.painfree.hk /public_html/foreskin/images/big5 bb6.jpg
109.03.07 13:06 B C:\Documents and Settings\ty.MICHAEL\桌面\ForeSkin_228\images\big5\bo.png --> www.painfree.hk /public_html/foreskin/images/big5 bo.png
109.03.07 13:06 B C:\Documents and Settings\ty.MICHAEL\桌面\ForeSkin_228\images\big5\boo.png --> www.painfree.hk /public_html/foreskin/images/big5 boo.png
109.03.07 13:06 B C:\Documents and Settings\ty.MICHAEL\桌面\ForeSkin_228\images\big5\fs1.jpg --> www.painfree.hk /public_html/foreskin/images/big5 fs1.jpg
109.03.07 13:06 B C:\Documents and Settings\ty.MICHAEL\桌面\ForeSkin_228\images\big5\fs2.jpg --> www.painfree.hk /public_html/foreskin/images/big5 fs2.jpg
109.03.07 13:06 B C:\Documents and Settings\ty.MICHAEL\桌面\ForeSkin_228\images\big5\fs3.jpg --> www.painfree.hk /public_html/foreskin/images/big5 fs3.jpg
109.03.07 13:06 B C:\Documents and Settings\ty.MICHAEL\桌面\ForeSkin_228\images\big5\fs4.jpg --> www.painfree.hk /public_html/foreskin/images/big5 fs4.jpg
109.03.07 13:06 B C:\Documents and Settings\ty.MICHAEL\桌面\ForeSkin_228\images\big5\panda.jpg --> www.painfree.hk /public_html/foreskin/images/big5 panda.jpg
109.03.07 13:06 B C:\Documents and Settings\ty.MICHAEL\桌面\ForeSkin_228\images\big5\ph2.png --> www.painfree.hk /public_html/foreskin/images/big5 ph2.png
109.03.07 13:06 B C:\Documents and Settings\ty.MICHAEL\桌面\ForeSkin_228\images\big5\ph3.png --> www.painfree.hk /public_html/foreskin/images/big5 ph3.png
109.03.07 13:06 B C:\Documents and Settings\ty.MICHAEL\桌面\ForeSkin_228\images\big5\ph4.png --> www.painfree.hk /public_html/foreskin/images/big5 ph4.png
109.03.07 13:06 B C:\Documents and Settings\ty.MICHAEL\桌面\ForeSkin_228\images\big5\smallbear.jpg --> www.painfree.hk /public_html/foreskin/images/big5 smallbear.jpg
109.03.07 13:06 B C:\Documents and Settings\ty.MICHAEL\桌面\ForeSkin_228\images\big5\t5.jpg --> www.painfree.hk /public_html/foreskin/images/big5 t5.jpg
109.03.07 13:06 B C:\Documents and Settings\ty.MICHAEL\桌面\ForeSkin_228\images\big5\t7.jpg --> www.painfree.hk /public_html/foreskin/images/big5 t7.jpg
109.03.07 13:06 B C:\Documents and Settings\ty.MICHAEL\桌面\ForeSkin_228\images\big5\Thumbs.db --> www.painfree.hk /public_html/foreskin/images/big5 Thumbs.db
110.11.23 11:52 B E:\WEB\TH\TH Now\foreskin\images\big5\WS_FTP.LOG <-- painfree.hk /public_html/foreskin/images/big5 WS_FTP.LOG
111.11.19 10:43 B C:\Users\Michael Win7\Desktop\foreskin20111119\foreskin_webonline\images\big5\am730.jpg --> www.painfree.hk /public_html/foreskin/images/big5 am730.jpg
111.11.19 10:43 B C:\Users\Michael Win7\Desktop\foreskin20111119\foreskin_webonline\images\big5\am730r.jpg --> www.painfree.hk /public_html/foreskin/images/big5 am730r.jpg
111.11.19 10:43 B C:\Users\Michael Win7\Desktop\foreskin20111119\foreskin_webonline\images\big5\an.jpg --> www.painfree.hk /public_html/foreskin/images/big5 an.jpg
111.11.19 10:43 B C:\Users\Michael Win7\Desktop\foreskin20111119\foreskin_webonline\images\big5\ans.jpg --> www.painfree.hk /public_html/foreskin/images/big5 ans.jpg
111.11.19 10:43 B C:\Users\Michael Win7\Desktop\foreskin20111119\foreskin_webonline\images\big5\aq1.jpg --> www.painfree.hk /public_html/foreskin/images/big5 aq1.jpg
111.11.19 10:43 B C:\Users\Michael Win7\Desktop\foreskin20111119\foreskin_webonline\images\big5\aq2.jpg --> www.painfree.hk /public_html/foreskin/images/big5 aq2.jpg
111.11.19 10:43 B C:\Users\Michael Win7\Desktop\foreskin20111119\foreskin_webonline\images\big5\aq3.jpg --> www.painfree.hk /public_html/foreskin/images/big5 aq3.jpg
111.11.19 10:43 B C:\Users\Michael Win7\Desktop\foreskin20111119\foreskin_webonline\images\big5\b1.png --> www.painfree.hk /public_html/foreskin/images/big5 b1.png
111.11.19 10:43 B C:\Users\Michael Win7\Desktop\foreskin20111119\foreskin_webonline\images\big5\b11.png --> www.painfree.hk /public_html/foreskin/images/big5 b11.png
111.11.19 10:43 B C:\Users\Michael Win7\Desktop\foreskin20111119\foreskin_webonline\images\big5\b2.png --> www.painfree.hk /public_html/foreskin/images/big5 b2.png
111.11.19 10:43 B C:\Users\Michael Win7\Desktop\foreskin20111119\foreskin_webonline\images\big5\b22.png --> www.painfree.hk /public_html/foreskin/images/big5 b22.png
111.11.19 10:43 B C:\Users\Michael Win7\Desktop\foreskin20111119\foreskin_webonline\images\big5\b22a.png --> www.painfree.hk /public_html/foreskin/images/big5 b22a.png
111.11.19 10:43 B C:\Users\Michael Win7\Desktop\foreskin20111119\foreskin_webonline\images\big5\b2a.png --> www.painfree.hk /public_html/foreskin/images/big5 b2a.png
111.11.19 10:43 B C:\Users\Michael Win7\Desktop\foreskin20111119\foreskin_webonline\images\big5\b3.png --> www.painfree.hk /public_html/foreskin/images/big5 b3.png
111.11.19 10:43 B C:\Users\Michael Win7\Desktop\foreskin20111119\foreskin_webonline\images\big5\b33.png --> www.painfree.hk /public_html/foreskin/images/big5 b33.png
111.11.19 10:43 B C:\Users\Michael Win7\Desktop\foreskin20111119\foreskin_webonline\images\big5\b4.png --> www.painfree.hk /public_html/foreskin/images/big5 b4.png
111.11.19 10:43 B C:\Users\Michael Win7\Desktop\foreskin20111119\foreskin_webonline\images\big5\b44.png --> www.painfree.hk /public_html/foreskin/images/big5 b44.png
111.11.19 10:43 B C:\Users\Michael Win7\Desktop\foreskin20111119\foreskin_webonline\images\big5\b5.png --> www.painfree.hk /public_html/foreskin/images/big5 b5.png
111.11.19 10:43 B C:\Users\Michael Win7\Desktop\foreskin20111119\foreskin_webonline\images\big5\b55.png --> www.painfree.hk /public_html/foreskin/images/big5 b55.png
111.11.19 10:43 B C:\Users\Michael Win7\Desktop\foreskin20111119\foreskin_webonline\images\big5\ban1.png --> www.painfree.hk /public_html/foreskin/images/big5 ban1.png
111.11.19 10:43 B C:\Users\Michael Win7\Desktop\foreskin20111119\foreskin_webonline\images\big5\ban3.png --> www.painfree.hk /public_html/foreskin/images/big5 ban3.png
111.11.19 10:43 B C:\Users\Michael Win7\Desktop\foreskin20111119\foreskin_webonline\images\big5\bb1.jpg --> www.painfree.hk /public_html/foreskin/images/big5 bb1.jpg
111.11.19 10:43 B C:\Users\Michael Win7\Desktop\foreskin20111119\foreskin_webonline\images\big5\bb2.jpg --> www.painfree.hk /public_html/foreskin/images/big5 bb2.jpg
111.11.19 10:43 B C:\Users\Michael Win7\Desktop\foreskin20111119\foreskin_webonline\images\big5\bb3.jpg --> www.painfree.hk /public_html/foreskin/images/big5 bb3.jpg
111.11.19 10:43 B C:\Users\Michael Win7\Desktop\foreskin20111119\foreskin_webonline\images\big5\bb4.jpg --> www.painfree.hk /public_html/foreskin/images/big5 bb4.jpg
111.11.19 10:43 B C:\Users\Michael Win7\Desktop\foreskin20111119\foreskin_webonline\images\big5\bb5.jpg --> www.painfree.hk /public_html/foreskin/images/big5 bb5.jpg
111.11.19 10:43 B C:\Users\Michael Win7\Desktop\foreskin20111119\foreskin_webonline\images\big5\bb6.jpg --> www.painfree.hk /public_html/foreskin/images/big5 bb6.jpg
111.11.19 10:43 B C:\Users\Michael Win7\Desktop\foreskin20111119\foreskin_webonline\images\big5\bo.png --> www.painfree.hk /public_html/foreskin/images/big5 bo.png
111.11.19 10:43 B C:\Users\Michael Win7\Desktop\foreskin20111119\foreskin_webonline\images\big5\boo.png --> www.painfree.hk /public_html/foreskin/images/big5 boo.png
111.11.19 10:43 B C:\Users\Michael Win7\Desktop\foreskin20111119\foreskin_webonline\images\big5\cyst.jpg --> www.painfree.hk /public_html/foreskin/images/big5 cyst.jpg
111.11.19 10:43 B C:\Users\Michael Win7\Desktop\foreskin20111119\foreskin_webonline\images\big5\fs1.jpg --> www.painfree.hk /public_html/foreskin/images/big5 fs1.jpg
111.11.19 10:43 B C:\Users\Michael Win7\Desktop\foreskin20111119\foreskin_webonline\images\big5\fs2.jpg --> www.painfree.hk /public_html/foreskin/images/big5 fs2.jpg
111.11.19 10:43 B C:\Users\Michael Win7\Desktop\foreskin20111119\foreskin_webonline\images\big5\fs3.jpg --> www.painfree.hk /public_html/foreskin/images/big5 fs3.jpg
111.11.19 10:43 B C:\Users\Michael Win7\Desktop\foreskin20111119\foreskin_webonline\images\big5\fs4.jpg --> www.painfree.hk /public_html/foreskin/images/big5 fs4.jpg
111.11.19 10:43 B C:\Users\Michael Win7\Desktop\foreskin20111119\foreskin_webonline\images\big5\head.jpg --> www.painfree.hk /public_html/foreskin/images/big5 head.jpg
111.11.19 10:43 B C:\Users\Michael Win7\Desktop\foreskin20111119\foreskin_webonline\images\big5\headr.jpg --> www.painfree.hk /public_html/foreskin/images/big5 headr.jpg
111.11.19 10:43 B C:\Users\Michael Win7\Desktop\foreskin20111119\foreskin_webonline\images\big5\mn_others_tc.png --> www.painfree.hk /public_html/foreskin/images/big5 mn_others_tc.png
111.11.19 10:43 B C:\Users\Michael Win7\Desktop\foreskin20111119\foreskin_webonline\images\big5\othersurgery1.jpg --> www.painfree.hk /public_html/foreskin/images/big5 othersurgery1.jpg
111.11.19 10:43 B C:\Users\Michael Win7\Desktop\foreskin20111119\foreskin_webonline\images\big5\othersurgery2.jpg --> www.painfree.hk /public_html/foreskin/images/big5 othersurgery2.jpg
111.11.19 10:43 B C:\Users\Michael Win7\Desktop\foreskin20111119\foreskin_webonline\images\big5\othersurgery3.jpg --> www.painfree.hk /public_html/foreskin/images/big5 othersurgery3.jpg
111.11.19 10:43 B C:\Users\Michael Win7\Desktop\foreskin20111119\foreskin_webonline\images\big5\othersurgery4.jpg --> www.painfree.hk /public_html/foreskin/images/big5 othersurgery4.jpg
111.11.19 10:43 B C:\Users\Michael Win7\Desktop\foreskin20111119\foreskin_webonline\images\big5\panda.jpg --> www.painfree.hk /public_html/foreskin/images/big5 panda.jpg
111.11.19 10:43 B C:\Users\Michael Win7\Desktop\foreskin20111119\foreskin_webonline\images\big5\ph2 bk.png --> www.painfree.hk /public_html/foreskin/images/big5 ph2 bk.png
111.11.19 10:43 B C:\Users\Michael Win7\Desktop\foreskin20111119\foreskin_webonline\images\big5\ph2.png --> www.painfree.hk /public_html/foreskin/images/big5 ph2.png
111.11.19 10:43 B C:\Users\Michael Win7\Desktop\foreskin20111119\foreskin_webonline\images\big5\ph2.png BAK --> www.painfree.hk /public_html/foreskin/images/big5 ph2.png BAK
111.11.19 10:43 B C:\Users\Michael Win7\Desktop\foreskin20111119\foreskin_webonline\images\big5\ph3.png --> www.painfree.hk /public_html/foreskin/images/big5 ph3.png
111.11.19 10:43 B C:\Users\Michael Win7\Desktop\foreskin20111119\foreskin_webonline\images\big5\ph4.png --> www.painfree.hk /public_html/foreskin/images/big5 ph4.png
111.11.19 10:43 B C:\Users\Michael Win7\Desktop\foreskin20111119\foreskin_webonline\images\big5\smallbear.jpg --> www.painfree.hk /public_html/foreskin/images/big5 smallbear.jpg
111.11.19 10:43 B C:\Users\Michael Win7\Desktop\foreskin20111119\foreskin_webonline\images\big5\suns.jpg --> www.painfree.hk /public_html/foreskin/images/big5 suns.jpg
111.11.19 10:43 B C:\Users\Michael Win7\Desktop\foreskin20111119\foreskin_webonline\images\big5\sunsr.jpg --> www.painfree.hk /public_html/foreskin/images/big5 sunsr.jpg
111.11.19 10:43 B C:\Users\Michael Win7\Desktop\foreskin20111119\foreskin_webonline\images\big5\t5.jpg --> www.painfree.hk /public_html/foreskin/images/big5 t5.jpg
111.11.19 10:43 B C:\Users\Michael Win7\Desktop\foreskin20111119\foreskin_webonline\images\big5\t7.jpg --> www.painfree.hk /public_html/foreskin/images/big5 t7.jpg
111.11.19 10:43 B C:\Users\Michael Win7\Desktop\foreskin20111119\foreskin_webonline\images\big5\Thumbs.db --> www.painfree.hk /public_html/foreskin/images/big5 Thumbs.db
111.11.19 10:43 B C:\Users\Michael Win7\Desktop\foreskin20111119\foreskin_webonline\images\big5\thumnails_01.jpg --> www.painfree.hk /public_html/foreskin/images/big5 thumnails_01.jpg
111.11.19 10:43 B C:\Users\Michael Win7\Desktop\foreskin20111119\foreskin_webonline\images\big5\thumnails_02.jpg --> www.painfree.hk /public_html/foreskin/images/big5 thumnails_02.jpg
111.11.19 10:43 B C:\Users\Michael Win7\Desktop\foreskin20111119\foreskin_webonline\images\big5\thumnails_02r.jpg --> www.painfree.hk /public_html/foreskin/images/big5 thumnails_02r.jpg
111.11.19 10:43 B C:\Users\Michael Win7\Desktop\foreskin20111119\foreskin_webonline\images\big5\thumnails_03.jpg --> www.painfree.hk /public_html/foreskin/images/big5 thumnails_03.jpg
111.11.19 10:43 B C:\Users\Michael Win7\Desktop\foreskin20111119\foreskin_webonline\images\big5\thumnails_03r.jpg --> www.painfree.hk /public_html/foreskin/images/big5 thumnails_03r.jpg
111.11.19 10:43 B C:\Users\Michael Win7\Desktop\foreskin20111119\foreskin_webonline\images\big5\thumnails_04.jpg --> www.painfree.hk /public_html/foreskin/images/big5 thumnails_04.jpg
111.11.19 10:43 B C:\Users\Michael Win7\Desktop\foreskin20111119\foreskin_webonline\images\big5\thumnails_04r.jpg --> www.painfree.hk /public_html/foreskin/images/big5 thumnails_04r.jpg
111.11.19 10:43 B C:\Users\Michael Win7\Desktop\foreskin20111119\foreskin_webonline\images\big5\thumnails_05.jpg --> www.painfree.hk /public_html/foreskin/images/big5 thumnails_05.jpg
111.11.19 10:43 B C:\Users\Michael Win7\Desktop\foreskin20111119\foreskin_webonline\images\big5\thumnails_05r.jpg --> www.painfree.hk /public_html/foreskin/images/big5 thumnails_05r.jpg
111.11.19 10:43 B C:\Users\Michael Win7\Desktop\foreskin20111119\foreskin_webonline\images\big5\thumnails_06.jpg --> www.painfree.hk /public_html/foreskin/images/big5 thumnails_06.jpg
111.11.19 10:43 B C:\Users\Michael Win7\Desktop\foreskin20111119\foreskin_webonline\images\big5\thumnails_06r.jpg --> www.painfree.hk /public_html/foreskin/images/big5 thumnails_06r.jpg
111.11.19 10:43 B C:\Users\Michael Win7\Desktop\foreskin20111119\foreskin_webonline\images\big5\thumnails_07.jpg --> www.painfree.hk /public_html/foreskin/images/big5 thumnails_07.jpg
111.11.19 10:43 B C:\Users\Michael Win7\Desktop\foreskin20111119\foreskin_webonline\images\big5\thumnails_07r.jpg --> www.painfree.hk /public_html/foreskin/images/big5 thumnails_07r.jpg
111.11.19 10:43 B C:\Users\Michael Win7\Desktop\foreskin20111119\foreskin_webonline\images\big5\thumnails_08.jpg --> www.painfree.hk /public_html/foreskin/images/big5 thumnails_08.jpg
111.11.19 10:43 B C:\Users\Michael Win7\Desktop\foreskin20111119\foreskin_webonline\images\big5\thumnails_08r.jpg --> www.painfree.hk /public_html/foreskin/images/big5 thumnails_08r.jpg
111.11.19 10:43 B C:\Users\Michael Win7\Desktop\foreskin20111119\foreskin_webonline\images\big5\WS_FTP.LOG --> www.painfree.hk /public_html/foreskin/images/big5 WS_FTP.LOG
111.11.19 10:57 B C:\Users\Michael Win7\Desktop\foreskin20111119\foreskin_webonline\images\big5\am730.jpg --> www.surgical.hk /public_html/images/big5 am730.jpg
111.11.19 10:57 B C:\Users\Michael Win7\Desktop\foreskin20111119\foreskin_webonline\images\big5\am730r.jpg --> www.surgical.hk /public_html/images/big5 am730r.jpg
111.11.19 10:57 B C:\Users\Michael Win7\Desktop\foreskin20111119\foreskin_webonline\images\big5\an.jpg --> www.surgical.hk /public_html/images/big5 an.jpg
111.11.19 10:57 B C:\Users\Michael Win7\Desktop\foreskin20111119\foreskin_webonline\images\big5\ans.jpg --> www.surgical.hk /public_html/images/big5 ans.jpg
111.11.19 10:57 B C:\Users\Michael Win7\Desktop\foreskin20111119\foreskin_webonline\images\big5\aq1.jpg --> www.surgical.hk /public_html/images/big5 aq1.jpg
111.11.19 10:57 B C:\Users\Michael Win7\Desktop\foreskin20111119\foreskin_webonline\images\big5\aq2.jpg --> www.surgical.hk /public_html/images/big5 aq2.jpg
111.11.19 10:57 B C:\Users\Michael Win7\Desktop\foreskin20111119\foreskin_webonline\images\big5\aq3.jpg --> www.surgical.hk /public_html/images/big5 aq3.jpg
111.11.19 10:57 B C:\Users\Michael Win7\Desktop\foreskin20111119\foreskin_webonline\images\big5\b1.png --> www.surgical.hk /public_html/images/big5 b1.png
111.11.19 10:57 B C:\Users\Michael Win7\Desktop\foreskin20111119\foreskin_webonline\images\big5\b11.png --> www.surgical.hk /public_html/images/big5 b11.png
111.11.19 10:57 B C:\Users\Michael Win7\Desktop\foreskin20111119\foreskin_webonline\images\big5\b2.png --> www.surgical.hk /public_html/images/big5 b2.png
111.11.19 10:57 B C:\Users\Michael Win7\Desktop\foreskin20111119\foreskin_webonline\images\big5\b22.png --> www.surgical.hk /public_html/images/big5 b22.png
111.11.19 10:57 B C:\Users\Michael Win7\Desktop\foreskin20111119\foreskin_webonline\images\big5\b22a.png --> www.surgical.hk /public_html/images/big5 b22a.png
111.11.19 10:57 B C:\Users\Michael Win7\Desktop\foreskin20111119\foreskin_webonline\images\big5\b2a.png --> www.surgical.hk /public_html/images/big5 b2a.png
111.11.19 10:57 B C:\Users\Michael Win7\Desktop\foreskin20111119\foreskin_webonline\images\big5\b3.png --> www.surgical.hk /public_html/images/big5 b3.png
111.11.19 10:57 B C:\Users\Michael Win7\Desktop\foreskin20111119\foreskin_webonline\images\big5\b33.png --> www.surgical.hk /public_html/images/big5 b33.png
111.11.19 10:57 B C:\Users\Michael Win7\Desktop\foreskin20111119\foreskin_webonline\images\big5\b4.png --> www.surgical.hk /public_html/images/big5 b4.png
111.11.19 10:57 B C:\Users\Michael Win7\Desktop\foreskin20111119\foreskin_webonline\images\big5\b44.png --> www.surgical.hk /public_html/images/big5 b44.png
111.11.19 10:57 B C:\Users\Michael Win7\Desktop\foreskin20111119\foreskin_webonline\images\big5\b5.png --> www.surgical.hk /public_html/images/big5 b5.png
111.11.19 10:57 B C:\Users\Michael Win7\Desktop\foreskin20111119\foreskin_webonline\images\big5\b55.png --> www.surgical.hk /public_html/images/big5 b55.png
111.11.19 10:57 B C:\Users\Michael Win7\Desktop\foreskin20111119\foreskin_webonline\images\big5\ban1.png --> www.surgical.hk /public_html/images/big5 ban1.png
111.11.19 10:57 B C:\Users\Michael Win7\Desktop\foreskin20111119\foreskin_webonline\images\big5\ban3.png --> www.surgical.hk /public_html/images/big5 ban3.png
111.11.19 10:57 B C:\Users\Michael Win7\Desktop\foreskin20111119\foreskin_webonline\images\big5\bb1.jpg --> www.surgical.hk /public_html/images/big5 bb1.jpg
111.11.19 10:57 B C:\Users\Michael Win7\Desktop\foreskin20111119\foreskin_webonline\images\big5\bb2.jpg --> www.surgical.hk /public_html/images/big5 bb2.jpg
111.11.19 10:57 B C:\Users\Michael Win7\Desktop\foreskin20111119\foreskin_webonline\images\big5\bb3.jpg --> www.surgical.hk /public_html/images/big5 bb3.jpg
111.11.19 10:57 B C:\Users\Michael Win7\Desktop\foreskin20111119\foreskin_webonline\images\big5\bb4.jpg --> www.surgical.hk /public_html/images/big5 bb4.jpg
111.11.19 10:57 B C:\Users\Michael Win7\Desktop\foreskin20111119\foreskin_webonline\images\big5\bb5.jpg --> www.surgical.hk /public_html/images/big5 bb5.jpg
111.11.19 10:57 B C:\Users\Michael Win7\Desktop\foreskin20111119\foreskin_webonline\images\big5\bb6.jpg --> www.surgical.hk /public_html/images/big5 bb6.jpg
111.11.19 10:57 B C:\Users\Michael Win7\Desktop\foreskin20111119\foreskin_webonline\images\big5\bo.png --> www.surgical.hk /public_html/images/big5 bo.png
111.11.19 10:57 B C:\Users\Michael Win7\Desktop\foreskin20111119\foreskin_webonline\images\big5\boo.png --> www.surgical.hk /public_html/images/big5 boo.png
111.11.19 10:57 B C:\Users\Michael Win7\Desktop\foreskin20111119\foreskin_webonline\images\big5\cyst.jpg --> www.surgical.hk /public_html/images/big5 cyst.jpg
111.11.19 10:57 B C:\Users\Michael Win7\Desktop\foreskin20111119\foreskin_webonline\images\big5\fs1.jpg --> www.surgical.hk /public_html/images/big5 fs1.jpg
111.11.19 10:57 B C:\Users\Michael Win7\Desktop\foreskin20111119\foreskin_webonline\images\big5\fs2.jpg --> www.surgical.hk /public_html/images/big5 fs2.jpg
111.11.19 10:57 B C:\Users\Michael Win7\Desktop\foreskin20111119\foreskin_webonline\images\big5\fs3.jpg --> www.surgical.hk /public_html/images/big5 fs3.jpg
111.11.19 10:57 B C:\Users\Michael Win7\Desktop\foreskin20111119\foreskin_webonline\images\big5\fs4.jpg --> www.surgical.hk /public_html/images/big5 fs4.jpg
111.11.19 10:57 B C:\Users\Michael Win7\Desktop\foreskin20111119\foreskin_webonline\images\big5\head.jpg --> www.surgical.hk /public_html/images/big5 head.jpg
111.11.19 10:57 B C:\Users\Michael Win7\Desktop\foreskin20111119\foreskin_webonline\images\big5\headr.jpg --> www.surgical.hk /public_html/images/big5 headr.jpg
111.11.19 10:57 B C:\Users\Michael Win7\Desktop\foreskin20111119\foreskin_webonline\images\big5\mn_others_tc.png --> www.surgical.hk /public_html/images/big5 mn_others_tc.png
111.11.19 10:57 B C:\Users\Michael Win7\Desktop\foreskin20111119\foreskin_webonline\images\big5\othersurgery1.jpg --> www.surgical.hk /public_html/images/big5 othersurgery1.jpg
111.11.19 10:57 B C:\Users\Michael Win7\Desktop\foreskin20111119\foreskin_webonline\images\big5\othersurgery2.jpg --> www.surgical.hk /public_html/images/big5 othersurgery2.jpg
111.11.19 10:57 B C:\Users\Michael Win7\Desktop\foreskin20111119\foreskin_webonline\images\big5\othersurgery3.jpg --> www.surgical.hk /public_html/images/big5 othersurgery3.jpg
111.11.19 10:57 B C:\Users\Michael Win7\Desktop\foreskin20111119\foreskin_webonline\images\big5\othersurgery4.jpg --> www.surgical.hk /public_html/images/big5 othersurgery4.jpg
111.11.19 10:57 B C:\Users\Michael Win7\Desktop\foreskin20111119\foreskin_webonline\images\big5\panda.jpg --> www.surgical.hk /public_html/images/big5 panda.jpg
111.11.19 10:57 B C:\Users\Michael Win7\Desktop\foreskin20111119\foreskin_webonline\images\big5\ph2 bk.png --> www.surgical.hk /public_html/images/big5 ph2 bk.png
111.11.19 10:57 B C:\Users\Michael Win7\Desktop\foreskin20111119\foreskin_webonline\images\big5\ph2.png --> www.surgical.hk /public_html/images/big5 ph2.png
111.11.19 10:57 B C:\Users\Michael Win7\Desktop\foreskin20111119\foreskin_webonline\images\big5\ph2.png BAK --> www.surgical.hk /public_html/images/big5 ph2.png BAK
111.11.19 10:57 B C:\Users\Michael Win7\Desktop\foreskin20111119\foreskin_webonline\images\big5\ph3.png --> www.surgical.hk /public_html/images/big5 ph3.png
111.11.19 10:57 B C:\Users\Michael Win7\Desktop\foreskin20111119\foreskin_webonline\images\big5\ph4.png --> www.surgical.hk /public_html/images/big5 ph4.png
111.11.19 10:57 B C:\Users\Michael Win7\Desktop\foreskin20111119\foreskin_webonline\images\big5\smallbear.jpg --> www.surgical.hk /public_html/images/big5 smallbear.jpg
111.11.19 10:57 B C:\Users\Michael Win7\Desktop\foreskin20111119\foreskin_webonline\images\big5\suns.jpg --> www.surgical.hk /public_html/images/big5 suns.jpg
111.11.19 10:57 B C:\Users\Michael Win7\Desktop\foreskin20111119\foreskin_webonline\images\big5\sunsr.jpg --> www.surgical.hk /public_html/images/big5 sunsr.jpg
111.11.19 10:57 B C:\Users\Michael Win7\Desktop\foreskin20111119\foreskin_webonline\images\big5\t5.jpg --> www.surgical.hk /public_html/images/big5 t5.jpg
111.11.19 10:57 B C:\Users\Michael Win7\Desktop\foreskin20111119\foreskin_webonline\images\big5\t7.jpg --> www.surgical.hk /public_html/images/big5 t7.jpg
111.11.19 10:57 B C:\Users\Michael Win7\Desktop\foreskin20111119\foreskin_webonline\images\big5\Thumbs.db --> www.surgical.hk /public_html/images/big5 Thumbs.db
111.11.19 10:57 B C:\Users\Michael Win7\Desktop\foreskin20111119\foreskin_webonline\images\big5\thumnails_01.jpg --> www.surgical.hk /public_html/images/big5 thumnails_01.jpg
111.11.19 10:57 B C:\Users\Michael Win7\Desktop\foreskin20111119\foreskin_webonline\images\big5\thumnails_02.jpg --> www.surgical.hk /public_html/images/big5 thumnails_02.jpg
111.11.19 10:57 B C:\Users\Michael Win7\Desktop\foreskin20111119\foreskin_webonline\images\big5\thumnails_02r.jpg --> www.surgical.hk /public_html/images/big5 thumnails_02r.jpg
111.11.19 10:57 B C:\Users\Michael Win7\Desktop\foreskin20111119\foreskin_webonline\images\big5\thumnails_03.jpg --> www.surgical.hk /public_html/images/big5 thumnails_03.jpg
111.11.19 10:57 B C:\Users\Michael Win7\Desktop\foreskin20111119\foreskin_webonline\images\big5\thumnails_03r.jpg --> www.surgical.hk /public_html/images/big5 thumnails_03r.jpg
111.11.19 10:57 B C:\Users\Michael Win7\Desktop\foreskin20111119\foreskin_webonline\images\big5\thumnails_04.jpg --> www.surgical.hk /public_html/images/big5 thumnails_04.jpg
111.11.19 10:57 B C:\Users\Michael Win7\Desktop\foreskin20111119\foreskin_webonline\images\big5\thumnails_04r.jpg --> www.surgical.hk /public_html/images/big5 thumnails_04r.jpg
111.11.19 10:57 B C:\Users\Michael Win7\Desktop\foreskin20111119\foreskin_webonline\images\big5\thumnails_05.jpg --> www.surgical.hk /public_html/images/big5 thumnails_05.jpg
111.11.19 10:57 B C:\Users\Michael Win7\Desktop\foreskin20111119\foreskin_webonline\images\big5\thumnails_05r.jpg --> www.surgical.hk /public_html/images/big5 thumnails_05r.jpg
111.11.19 10:57 B C:\Users\Michael Win7\Desktop\foreskin20111119\foreskin_webonline\images\big5\thumnails_06.jpg --> www.surgical.hk /public_html/images/big5 thumnails_06.jpg
111.11.19 10:57 B C:\Users\Michael Win7\Desktop\foreskin20111119\foreskin_webonline\images\big5\thumnails_06r.jpg --> www.surgical.hk /public_html/images/big5 thumnails_06r.jpg
111.11.19 10:57 B C:\Users\Michael Win7\Desktop\foreskin20111119\foreskin_webonline\images\big5\thumnails_07.jpg --> www.surgical.hk /public_html/images/big5 thumnails_07.jpg
111.11.19 10:57 B C:\Users\Michael Win7\Desktop\foreskin20111119\foreskin_webonline\images\big5\thumnails_07r.jpg --> www.surgical.hk /public_html/images/big5 thumnails_07r.jpg
111.11.19 10:57 B C:\Users\Michael Win7\Desktop\foreskin20111119\foreskin_webonline\images\big5\thumnails_08.jpg --> www.surgical.hk /public_html/images/big5 thumnails_08.jpg
111.11.19 10:57 B C:\Users\Michael Win7\Desktop\foreskin20111119\foreskin_webonline\images\big5\thumnails_08r.jpg --> www.surgical.hk /public_html/images/big5 thumnails_08r.jpg
111.11.19 10:57 B C:\Users\Michael Win7\Desktop\foreskin20111119\foreskin_webonline\images\big5\WS_FTP.LOG --> www.surgical.hk /public_html/images/big5 WS_FTP.LOG
111.12.29 11:55 B C:\Users\Michael Win7\Desktop\surgical  三項circum\surgical_now\images\big5\am730.jpg --> www.surgical.hk /public_html/images/big5 am730.jpg
111.12.29 11:55 B C:\Users\Michael Win7\Desktop\surgical  三項circum\surgical_now\images\big5\am730r.jpg --> www.surgical.hk /public_html/images/big5 am730r.jpg
111.12.29 11:55 B C:\Users\Michael Win7\Desktop\surgical  三項circum\surgical_now\images\big5\an.jpg --> www.surgical.hk /public_html/images/big5 an.jpg
111.12.29 11:55 B C:\Users\Michael Win7\Desktop\surgical  三項circum\surgical_now\images\big5\ans.jpg --> www.surgical.hk /public_html/images/big5 ans.jpg
111.12.29 11:55 B C:\Users\Michael Win7\Desktop\surgical  三項circum\surgical_now\images\big5\aq1.jpg --> www.surgical.hk /public_html/images/big5 aq1.jpg
111.12.29 11:55 B C:\Users\Michael Win7\Desktop\surgical  三項circum\surgical_now\images\big5\aq2.jpg --> www.surgical.hk /public_html/images/big5 aq2.jpg
111.12.29 11:55 B C:\Users\Michael Win7\Desktop\surgical  三項circum\surgical_now\images\big5\aq3.jpg --> www.surgical.hk /public_html/images/big5 aq3.jpg
111.12.29 11:55 B C:\Users\Michael Win7\Desktop\surgical  三項circum\surgical_now\images\big5\b1.png --> www.surgical.hk /public_html/images/big5 b1.png
111.12.29 11:55 B C:\Users\Michael Win7\Desktop\surgical  三項circum\surgical_now\images\big5\b11.png --> www.surgical.hk /public_html/images/big5 b11.png
111.12.29 11:55 B C:\Users\Michael Win7\Desktop\surgical  三項circum\surgical_now\images\big5\b2.png --> www.surgical.hk /public_html/images/big5 b2.png
111.12.29 11:55 B C:\Users\Michael Win7\Desktop\surgical  三項circum\surgical_now\images\big5\b22.png --> www.surgical.hk /public_html/images/big5 b22.png
111.12.29 11:55 B C:\Users\Michael Win7\Desktop\surgical  三項circum\surgical_now\images\big5\b22a.png --> www.surgical.hk /public_html/images/big5 b22a.png
111.12.29 11:55 B C:\Users\Michael Win7\Desktop\surgical  三項circum\surgical_now\images\big5\b2a.png --> www.surgical.hk /public_html/images/big5 b2a.png
111.12.29 11:55 B C:\Users\Michael Win7\Desktop\surgical  三項circum\surgical_now\images\big5\b3.png --> www.surgical.hk /public_html/images/big5 b3.png
111.12.29 11:55 B C:\Users\Michael Win7\Desktop\surgical  三項circum\surgical_now\images\big5\b33.png --> www.surgical.hk /public_html/images/big5 b33.png
111.12.29 11:55 B C:\Users\Michael Win7\Desktop\surgical  三項circum\surgical_now\images\big5\b4.png --> www.surgical.hk /public_html/images/big5 b4.png
111.12.29 11:55 B C:\Users\Michael Win7\Desktop\surgical  三項circum\surgical_now\images\big5\b44.png --> www.surgical.hk /public_html/images/big5 b44.png
111.12.29 11:55 B C:\Users\Michael Win7\Desktop\surgical  三項circum\surgical_now\images\big5\b5.png --> www.surgical.hk /public_html/images/big5 b5.png
111.12.29 11:55 B C:\Users\Michael Win7\Desktop\surgical  三項circum\surgical_now\images\big5\b55.png --> www.surgical.hk /public_html/images/big5 b55.png
111.12.29 11:55 B C:\Users\Michael Win7\Desktop\surgical  三項circum\surgical_now\images\big5\ban1.png --> www.surgical.hk /public_html/images/big5 ban1.png
111.12.29 11:55 B C:\Users\Michael Win7\Desktop\surgical  三項circum\surgical_now\images\big5\ban3.png --> www.surgical.hk /public_html/images/big5 ban3.png
111.12.29 11:55 B C:\Users\Michael Win7\Desktop\surgical  三項circum\surgical_now\images\big5\bb1.jpg --> www.surgical.hk /public_html/images/big5 bb1.jpg
111.12.29 11:55 B C:\Users\Michael Win7\Desktop\surgical  三項circum\surgical_now\images\big5\bb2.jpg --> www.surgical.hk /public_html/images/big5 bb2.jpg
111.12.29 11:55 B C:\Users\Michael Win7\Desktop\surgical  三項circum\surgical_now\images\big5\bb3.jpg --> www.surgical.hk /public_html/images/big5 bb3.jpg
111.12.29 11:55 B C:\Users\Michael Win7\Desktop\surgical  三項circum\surgical_now\images\big5\bb4.jpg --> www.surgical.hk /public_html/images/big5 bb4.jpg
111.12.29 11:55 B C:\Users\Michael Win7\Desktop\surgical  三項circum\surgical_now\images\big5\bb5.jpg --> www.surgical.hk /public_html/images/big5 bb5.jpg
111.12.29 11:55 B C:\Users\Michael Win7\Desktop\surgical  三項circum\surgical_now\images\big5\bb6.jpg --> www.surgical.hk /public_html/images/big5 bb6.jpg
111.12.29 11:55 B C:\Users\Michael Win7\Desktop\surgical  三項circum\surgical_now\images\big5\bo.png --> www.surgical.hk /public_html/images/big5 bo.png
111.12.29 11:55 B C:\Users\Michael Win7\Desktop\surgical  三項circum\surgical_now\images\big5\boo.png --> www.surgical.hk /public_html/images/big5 boo.png
111.12.29 11:55 B C:\Users\Michael Win7\Desktop\surgical  三項circum\surgical_now\images\big5\cyst.jpg --> www.surgical.hk /public_html/images/big5 cyst.jpg
111.12.29 11:55 B C:\Users\Michael Win7\Desktop\surgical  三項circum\surgical_now\images\big5\fs1.jpg --> www.surgical.hk /public_html/images/big5 fs1.jpg
111.12.29 11:55 B C:\Users\Michael Win7\Desktop\surgical  三項circum\surgical_now\images\big5\fs2.jpg --> www.surgical.hk /public_html/images/big5 fs2.jpg
111.12.29 11:55 B C:\Users\Michael Win7\Desktop\surgical  三項circum\surgical_now\images\big5\fs3.jpg --> www.surgical.hk /public_html/images/big5 fs3.jpg
111.12.29 11:55 B C:\Users\Michael Win7\Desktop\surgical  三項circum\surgical_now\images\big5\fs4.jpg --> www.surgical.hk /public_html/images/big5 fs4.jpg
111.12.29 11:55 B C:\Users\Michael Win7\Desktop\surgical  三項circum\surgical_now\images\big5\head.jpg --> www.surgical.hk /public_html/images/big5 head.jpg
111.12.29 11:55 B C:\Users\Michael Win7\Desktop\surgical  三項circum\surgical_now\images\big5\headr.jpg --> www.surgical.hk /public_html/images/big5 headr.jpg
111.12.29 11:55 B C:\Users\Michael Win7\Desktop\surgical  三項circum\surgical_now\images\big5\mn_others_tc.png --> www.surgical.hk /public_html/images/big5 mn_others_tc.png
111.12.29 11:55 B C:\Users\Michael Win7\Desktop\surgical  三項circum\surgical_now\images\big5\othersurgery1.jpg --> www.surgical.hk /public_html/images/big5 othersurgery1.jpg
111.12.29 11:55 B C:\Users\Michael Win7\Desktop\surgical  三項circum\surgical_now\images\big5\othersurgery2.jpg --> www.surgical.hk /public_html/images/big5 othersurgery2.jpg
111.12.29 11:55 B C:\Users\Michael Win7\Desktop\surgical  三項circum\surgical_now\images\big5\othersurgery3.jpg --> www.surgical.hk /public_html/images/big5 othersurgery3.jpg
111.12.29 11:55 B C:\Users\Michael Win7\Desktop\surgical  三項circum\surgical_now\images\big5\othersurgery4.jpg --> www.surgical.hk /public_html/images/big5 othersurgery4.jpg
111.12.29 11:55 B C:\Users\Michael Win7\Desktop\surgical  三項circum\surgical_now\images\big5\panda.jpg --> www.surgical.hk /public_html/images/big5 panda.jpg
111.12.29 11:55 B C:\Users\Michael Win7\Desktop\surgical  三項circum\surgical_now\images\big5\ph2 bk.png --> www.surgical.hk /public_html/images/big5 ph2 bk.png
111.12.29 11:55 B C:\Users\Michael Win7\Desktop\surgical  三項circum\surgical_now\images\big5\ph2.png --> www.surgical.hk /public_html/images/big5 ph2.png
111.12.29 11:55 B C:\Users\Michael Win7\Desktop\surgical  三項circum\surgical_now\images\big5\ph2.png BAK --> www.surgical.hk /public_html/images/big5 ph2.png BAK
111.12.29 11:55 B C:\Users\Michael Win7\Desktop\surgical  三項circum\surgical_now\images\big5\ph3.png --> www.surgical.hk /public_html/images/big5 ph3.png
111.12.29 11:55 B C:\Users\Michael Win7\Desktop\surgical  三項circum\surgical_now\images\big5\ph4.png --> www.surgical.hk /public_html/images/big5 ph4.png
111.12.29 11:55 B C:\Users\Michael Win7\Desktop\surgical  三項circum\surgical_now\images\big5\smallbear.jpg --> www.surgical.hk /public_html/images/big5 smallbear.jpg
111.12.29 11:55 B C:\Users\Michael Win7\Desktop\surgical  三項circum\surgical_now\images\big5\suns.jpg --> www.surgical.hk /public_html/images/big5 suns.jpg
111.12.29 11:55 B C:\Users\Michael Win7\Desktop\surgical  三項circum\surgical_now\images\big5\sunsr.jpg --> www.surgical.hk /public_html/images/big5 sunsr.jpg
111.12.29 11:55 B C:\Users\Michael Win7\Desktop\surgical  三項circum\surgical_now\images\big5\t5.jpg --> www.surgical.hk /public_html/images/big5 t5.jpg
111.12.29 11:55 B C:\Users\Michael Win7\Desktop\surgical  三項circum\surgical_now\images\big5\t7.jpg --> www.surgical.hk /public_html/images/big5 t7.jpg
111.12.29 11:55 B C:\Users\Michael Win7\Desktop\surgical  三項circum\surgical_now\images\big5\Thumbs.db --> www.surgical.hk /public_html/images/big5 Thumbs.db
111.12.29 11:55 B C:\Users\Michael Win7\Desktop\surgical  三項circum\surgical_now\images\big5\thumnails_01.jpg --> www.surgical.hk /public_html/images/big5 thumnails_01.jpg
111.12.29 11:55 B C:\Users\Michael Win7\Desktop\surgical  三項circum\surgical_now\images\big5\thumnails_02.jpg --> www.surgical.hk /public_html/images/big5 thumnails_02.jpg
111.12.29 11:55 B C:\Users\Michael Win7\Desktop\surgical  三項circum\surgical_now\images\big5\thumnails_02r.jpg --> www.surgical.hk /public_html/images/big5 thumnails_02r.jpg
111.12.29 11:55 B C:\Users\Michael Win7\Desktop\surgical  三項circum\surgical_now\images\big5\thumnails_03.jpg --> www.surgical.hk /public_html/images/big5 thumnails_03.jpg
111.12.29 11:55 B C:\Users\Michael Win7\Desktop\surgical  三項circum\surgical_now\images\big5\thumnails_03r.jpg --> www.surgical.hk /public_html/images/big5 thumnails_03r.jpg
111.12.29 11:55 B C:\Users\Michael Win7\Desktop\surgical  三項circum\surgical_now\images\big5\thumnails_04.jpg --> www.surgical.hk /public_html/images/big5 thumnails_04.jpg
111.12.29 11:55 B C:\Users\Michael Win7\Desktop\surgical  三項circum\surgical_now\images\big5\thumnails_04r.jpg --> www.surgical.hk /public_html/images/big5 thumnails_04r.jpg
111.12.29 11:55 B C:\Users\Michael Win7\Desktop\surgical  三項circum\surgical_now\images\big5\thumnails_05.jpg --> www.surgical.hk /public_html/images/big5 thumnails_05.jpg
111.12.29 11:55 B C:\Users\Michael Win7\Desktop\surgical  三項circum\surgical_now\images\big5\thumnails_05r.jpg --> www.surgical.hk /public_html/images/big5 thumnails_05r.jpg
111.12.29 11:55 B C:\Users\Michael Win7\Desktop\surgical  三項circum\surgical_now\images\big5\thumnails_06.jpg --> www.surgical.hk /public_html/images/big5 thumnails_06.jpg
111.12.29 11:55 B C:\Users\Michael Win7\Desktop\surgical  三項circum\surgical_now\images\big5\thumnails_06r.jpg --> www.surgical.hk /public_html/images/big5 thumnails_06r.jpg
111.12.29 11:55 B C:\Users\Michael Win7\Desktop\surgical  三項circum\surgical_now\images\big5\thumnails_07.jpg --> www.surgical.hk /public_html/images/big5 thumnails_07.jpg
111.12.29 11:55 B C:\Users\Michael Win7\Desktop\surgical  三項circum\surgical_now\images\big5\thumnails_07r.jpg --> www.surgical.hk /public_html/images/big5 thumnails_07r.jpg
111.12.29 11:55 B C:\Users\Michael Win7\Desktop\surgical  三項circum\surgical_now\images\big5\thumnails_08.jpg --> www.surgical.hk /public_html/images/big5 thumnails_08.jpg
111.12.29 11:55 B C:\Users\Michael Win7\Desktop\surgical  三項circum\surgical_now\images\big5\thumnails_08r.jpg --> www.surgical.hk /public_html/images/big5 thumnails_08r.jpg
111.12.29 11:55 B C:\Users\Michael Win7\Desktop\surgical  三項circum\surgical_now\images\big5\WS_FTP.LOG --> www.surgical.hk /public_html/images/big5 WS_FTP.LOG
111.12.29 12:02 B C:\Users\Michael Win7\Desktop\surgical  三項circum\surgical_now\images\big5\am730.jpg --> www.surgical.hk /public_html/images/big5 am730.jpg
111.12.29 12:02 B C:\Users\Michael Win7\Desktop\surgical  三項circum\surgical_now\images\big5\am730r.jpg --> www.surgical.hk /public_html/images/big5 am730r.jpg
111.12.29 12:02 B C:\Users\Michael Win7\Desktop\surgical  三項circum\surgical_now\images\big5\an.jpg --> www.surgical.hk /public_html/images/big5 an.jpg
111.12.29 12:02 B C:\Users\Michael Win7\Desktop\surgical  三項circum\surgical_now\images\big5\ans.jpg --> www.surgical.hk /public_html/images/big5 ans.jpg
111.12.29 12:02 B C:\Users\Michael Win7\Desktop\surgical  三項circum\surgical_now\images\big5\aq1.jpg --> www.surgical.hk /public_html/images/big5 aq1.jpg
111.12.29 12:02 B C:\Users\Michael Win7\Desktop\surgical  三項circum\surgical_now\images\big5\aq2.jpg --> www.surgical.hk /public_html/images/big5 aq2.jpg
111.12.29 12:02 B C:\Users\Michael Win7\Desktop\surgical  三項circum\surgical_now\images\big5\aq3.jpg --> www.surgical.hk /public_html/images/big5 aq3.jpg
111.12.29 12:02 B C:\Users\Michael Win7\Desktop\surgical  三項circum\surgical_now\images\big5\b1.png --> www.surgical.hk /public_html/images/big5 b1.png
111.12.29 12:02 B C:\Users\Michael Win7\Desktop\surgical  三項circum\surgical_now\images\big5\b11.png --> www.surgical.hk /public_html/images/big5 b11.png
111.12.29 12:02 B C:\Users\Michael Win7\Desktop\surgical  三項circum\surgical_now\images\big5\b2.png --> www.surgical.hk /public_html/images/big5 b2.png
111.12.29 12:02 B C:\Users\Michael Win7\Desktop\surgical  三項circum\surgical_now\images\big5\b22.png --> www.surgical.hk /public_html/images/big5 b22.png
111.12.29 12:02 B C:\Users\Michael Win7\Desktop\surgical  三項circum\surgical_now\images\big5\b22a.png --> www.surgical.hk /public_html/images/big5 b22a.png
111.12.29 12:02 B C:\Users\Michael Win7\Desktop\surgical  三項circum\surgical_now\images\big5\b2a.png --> www.surgical.hk /public_html/images/big5 b2a.png
111.12.29 12:02 B C:\Users\Michael Win7\Desktop\surgical  三項circum\surgical_now\images\big5\b3.png --> www.surgical.hk /public_html/images/big5 b3.png
111.12.29 12:02 B C:\Users\Michael Win7\Desktop\surgical  三項circum\surgical_now\images\big5\b33.png --> www.surgical.hk /public_html/images/big5 b33.png
111.12.29 12:02 B C:\Users\Michael Win7\Desktop\surgical  三項circum\surgical_now\images\big5\b4.png --> www.surgical.hk /public_html/images/big5 b4.png
111.12.29 12:02 B C:\Users\Michael Win7\Desktop\surgical  三項circum\surgical_now\images\big5\b44.png --> www.surgical.hk /public_html/images/big5 b44.png
111.12.29 12:02 B C:\Users\Michael Win7\Desktop\surgical  三項circum\surgical_now\images\big5\b5.png --> www.surgical.hk /public_html/images/big5 b5.png
111.12.29 12:02 B C:\Users\Michael Win7\Desktop\surgical  三項circum\surgical_now\images\big5\b55.png --> www.surgical.hk /public_html/images/big5 b55.png
111.12.29 12:02 B C:\Users\Michael Win7\Desktop\surgical  三項circum\surgical_now\images\big5\ban1.png --> www.surgical.hk /public_html/images/big5 ban1.png
111.12.29 12:02 B C:\Users\Michael Win7\Desktop\surgical  三項circum\surgical_now\images\big5\ban3.png --> www.surgical.hk /public_html/images/big5 ban3.png
111.12.29 12:02 B C:\Users\Michael Win7\Desktop\surgical  三項circum\surgical_now\images\big5\bb1.jpg --> www.surgical.hk /public_html/images/big5 bb1.jpg
111.12.29 12:02 B C:\Users\Michael Win7\Desktop\surgical  三項circum\surgical_now\images\big5\bb2.jpg --> www.surgical.hk /public_html/images/big5 bb2.jpg
111.12.29 12:02 B C:\Users\Michael Win7\Desktop\surgical  三項circum\surgical_now\images\big5\bb3.jpg --> www.surgical.hk /public_html/images/big5 bb3.jpg
111.12.29 12:02 B C:\Users\Michael Win7\Desktop\surgical  三項circum\surgical_now\images\big5\bb4.jpg --> www.surgical.hk /public_html/images/big5 bb4.jpg
111.12.29 12:02 B C:\Users\Michael Win7\Desktop\surgical  三項circum\surgical_now\images\big5\bb5.jpg --> www.surgical.hk /public_html/images/big5 bb5.jpg
111.12.29 12:02 B C:\Users\Michael Win7\Desktop\surgical  三項circum\surgical_now\images\big5\bb6.jpg --> www.surgical.hk /public_html/images/big5 bb6.jpg
111.12.29 12:02 B C:\Users\Michael Win7\Desktop\surgical  三項circum\surgical_now\images\big5\bo.png --> www.surgical.hk /public_html/images/big5 bo.png
111.12.29 12:02 B C:\Users\Michael Win7\Desktop\surgical  三項circum\surgical_now\images\big5\boo.png --> www.surgical.hk /public_html/images/big5 boo.png
111.12.29 12:02 B C:\Users\Michael Win7\Desktop\surgical  三項circum\surgical_now\images\big5\cyst.jpg --> www.surgical.hk /public_html/images/big5 cyst.jpg
111.12.29 12:02 B C:\Users\Michael Win7\Desktop\surgical  三項circum\surgical_now\images\big5\fs1.jpg --> www.surgical.hk /public_html/images/big5 fs1.jpg
111.12.29 12:02 B C:\Users\Michael Win7\Desktop\surgical  三項circum\surgical_now\images\big5\fs2.jpg --> www.surgical.hk /public_html/images/big5 fs2.jpg
111.12.29 12:02 B C:\Users\Michael Win7\Desktop\surgical  三項circum\surgical_now\images\big5\fs3.jpg --> www.surgical.hk /public_html/images/big5 fs3.jpg
111.12.29 12:02 B C:\Users\Michael Win7\Desktop\surgical  三項circum\surgical_now\images\big5\fs4.jpg --> www.surgical.hk /public_html/images/big5 fs4.jpg
111.12.29 12:02 B C:\Users\Michael Win7\Desktop\surgical  三項circum\surgical_now\images\big5\head.jpg --> www.surgical.hk /public_html/images/big5 head.jpg
111.12.29 12:02 B C:\Users\Michael Win7\Desktop\surgical  三項circum\surgical_now\images\big5\headr.jpg --> www.surgical.hk /public_html/images/big5 headr.jpg
111.12.29 12:02 B C:\Users\Michael Win7\Desktop\surgical  三項circum\surgical_now\images\big5\mn_others_tc.png --> www.surgical.hk /public_html/images/big5 mn_others_tc.png
111.12.29 12:02 B C:\Users\Michael Win7\Desktop\surgical  三項circum\surgical_now\images\big5\othersurgery1.jpg --> www.surgical.hk /public_html/images/big5 othersurgery1.jpg
111.12.29 12:02 B C:\Users\Michael Win7\Desktop\surgical  三項circum\surgical_now\images\big5\othersurgery2.jpg --> www.surgical.hk /public_html/images/big5 othersurgery2.jpg
111.12.29 12:02 B C:\Users\Michael Win7\Desktop\surgical  三項circum\surgical_now\images\big5\othersurgery3.jpg --> www.surgical.hk /public_html/images/big5 othersurgery3.jpg
111.12.29 12:02 B C:\Users\Michael Win7\Desktop\surgical  三項circum\surgical_now\images\big5\othersurgery4.jpg --> www.surgical.hk /public_html/images/big5 othersurgery4.jpg
111.12.29 12:02 B C:\Users\Michael Win7\Desktop\surgical  三項circum\surgical_now\images\big5\panda.jpg --> www.surgical.hk /public_html/images/big5 panda.jpg
111.12.29 12:02 B C:\Users\Michael Win7\Desktop\surgical  三項circum\surgical_now\images\big5\ph2 bk.png --> www.surgical.hk /public_html/images/big5 ph2 bk.png
111.12.29 12:02 B C:\Users\Michael Win7\Desktop\surgical  三項circum\surgical_now\images\big5\ph2.png --> www.surgical.hk /public_html/images/big5 ph2.png
111.12.29 12:02 B C:\Users\Michael Win7\Desktop\surgical  三項circum\surgical_now\images\big5\ph2.png BAK --> www.surgical.hk /public_html/images/big5 ph2.png BAK
111.12.29 12:02 B C:\Users\Michael Win7\Desktop\surgical  三項circum\surgical_now\images\big5\ph3.png --> www.surgical.hk /public_html/images/big5 ph3.png
111.12.29 12:02 B C:\Users\Michael Win7\Desktop\surgical  三項circum\surgical_now\images\big5\ph4.png --> www.surgical.hk /public_html/images/big5 ph4.png
111.12.29 12:02 B C:\Users\Michael Win7\Desktop\surgical  三項circum\surgical_now\images\big5\smallbear.jpg --> www.surgical.hk /public_html/images/big5 smallbear.jpg
111.12.29 12:02 B C:\Users\Michael Win7\Desktop\surgical  三項circum\surgical_now\images\big5\suns.jpg --> www.surgical.hk /public_html/images/big5 suns.jpg
111.12.29 12:02 B C:\Users\Michael Win7\Desktop\surgical  三項circum\surgical_now\images\big5\sunsr.jpg --> www.surgical.hk /public_html/images/big5 sunsr.jpg
111.12.29 12:02 B C:\Users\Michael Win7\Desktop\surgical  三項circum\surgical_now\images\big5\t5.jpg --> www.surgical.hk /public_html/images/big5 t5.jpg
111.12.29 12:02 B C:\Users\Michael Win7\Desktop\surgical  三項circum\surgical_now\images\big5\t7.jpg --> www.surgical.hk /public_html/images/big5 t7.jpg
111.12.29 12:02 B C:\Users\Michael Win7\Desktop\surgical  三項circum\surgical_now\images\big5\Thumbs.db --> www.surgical.hk /public_html/images/big5 Thumbs.db
111.12.29 12:02 B C:\Users\Michael Win7\Desktop\surgical  三項circum\surgical_now\images\big5\thumnails_01.jpg --> www.surgical.hk /public_html/images/big5 thumnails_01.jpg
111.12.29 12:02 B C:\Users\Michael Win7\Desktop\surgical  三項circum\surgical_now\images\big5\thumnails_02.jpg --> www.surgical.hk /public_html/images/big5 thumnails_02.jpg
111.12.29 12:02 B C:\Users\Michael Win7\Desktop\surgical  三項circum\surgical_now\images\big5\thumnails_02r.jpg --> www.surgical.hk /public_html/images/big5 thumnails_02r.jpg
111.12.29 12:02 B C:\Users\Michael Win7\Desktop\surgical  三項circum\surgical_now\images\big5\thumnails_03.jpg --> www.surgical.hk /public_html/images/big5 thumnails_03.jpg
111.12.29 12:02 B C:\Users\Michael Win7\Desktop\surgical  三項circum\surgical_now\images\big5\thumnails_03r.jpg --> www.surgical.hk /public_html/images/big5 thumnails_03r.jpg
111.12.29 12:02 B C:\Users\Michael Win7\Desktop\surgical  三項circum\surgical_now\images\big5\thumnails_04.jpg --> www.surgical.hk /public_html/images/big5 thumnails_04.jpg
111.12.29 12:02 B C:\Users\Michael Win7\Desktop\surgical  三項circum\surgical_now\images\big5\thumnails_04r.jpg --> www.surgical.hk /public_html/images/big5 thumnails_04r.jpg
111.12.29 12:02 B C:\Users\Michael Win7\Desktop\surgical  三項circum\surgical_now\images\big5\thumnails_05.jpg --> www.surgical.hk /public_html/images/big5 thumnails_05.jpg
111.12.29 12:02 B C:\Users\Michael Win7\Desktop\surgical  三項circum\surgical_now\images\big5\thumnails_05r.jpg --> www.surgical.hk /public_html/images/big5 thumnails_05r.jpg
111.12.29 12:02 B C:\Users\Michael Win7\Desktop\surgical  三項circum\surgical_now\images\big5\thumnails_06.jpg --> www.surgical.hk /public_html/images/big5 thumnails_06.jpg
111.12.29 12:02 B C:\Users\Michael Win7\Desktop\surgical  三項circum\surgical_now\images\big5\thumnails_06r.jpg --> www.surgical.hk /public_html/images/big5 thumnails_06r.jpg
111.12.29 12:02 B C:\Users\Michael Win7\Desktop\surgical  三項circum\surgical_now\images\big5\thumnails_07.jpg --> www.surgical.hk /public_html/images/big5 thumnails_07.jpg
111.12.29 12:02 B C:\Users\Michael Win7\Desktop\surgical  三項circum\surgical_now\images\big5\thumnails_07r.jpg --> www.surgical.hk /public_html/images/big5 thumnails_07r.jpg
111.12.29 12:02 B C:\Users\Michael Win7\Desktop\surgical  三項circum\surgical_now\images\big5\thumnails_08.jpg --> www.surgical.hk /public_html/images/big5 thumnails_08.jpg
111.12.29 12:02 B C:\Users\Michael Win7\Desktop\surgical  三項circum\surgical_now\images\big5\thumnails_08r.jpg --> www.surgical.hk /public_html/images/big5 thumnails_08r.jpg
112.02.23 11:11 B C:\Users\Michael Win7\Desktop\surgical\surgical\images\big5\am730.jpg --> www.surgical.hk /public_html/images/big5 am730.jpg
112.02.23 11:11 B C:\Users\Michael Win7\Desktop\surgical\surgical\images\big5\am730r.jpg --> www.surgical.hk /public_html/images/big5 am730r.jpg
112.02.23 11:11 B C:\Users\Michael Win7\Desktop\surgical\surgical\images\big5\an.jpg --> www.surgical.hk /public_html/images/big5 an.jpg
112.02.23 11:11 B C:\Users\Michael Win7\Desktop\surgical\surgical\images\big5\ans.jpg --> www.surgical.hk /public_html/images/big5 ans.jpg
112.02.23 11:11 B C:\Users\Michael Win7\Desktop\surgical\surgical\images\big5\aq1.jpg --> www.surgical.hk /public_html/images/big5 aq1.jpg
112.02.23 11:11 B C:\Users\Michael Win7\Desktop\surgical\surgical\images\big5\aq2.jpg --> www.surgical.hk /public_html/images/big5 aq2.jpg
112.02.23 11:11 B C:\Users\Michael Win7\Desktop\surgical\surgical\images\big5\aq3.jpg --> www.surgical.hk /public_html/images/big5 aq3.jpg
112.02.23 11:11 B C:\Users\Michael Win7\Desktop\surgical\surgical\images\big5\b1.png --> www.surgical.hk /public_html/images/big5 b1.png
112.02.23 11:11 B C:\Users\Michael Win7\Desktop\surgical\surgical\images\big5\b11.png --> www.surgical.hk /public_html/images/big5 b11.png
112.02.23 11:11 B C:\Users\Michael Win7\Desktop\surgical\surgical\images\big5\b2.png --> www.surgical.hk /public_html/images/big5 b2.png
112.02.23 11:11 B C:\Users\Michael Win7\Desktop\surgical\surgical\images\big5\b22.png --> www.surgical.hk /public_html/images/big5 b22.png
112.02.23 11:11 B C:\Users\Michael Win7\Desktop\surgical\surgical\images\big5\b22a.png --> www.surgical.hk /public_html/images/big5 b22a.png
112.02.23 11:11 B C:\Users\Michael Win7\Desktop\surgical\surgical\images\big5\b2a.png --> www.surgical.hk /public_html/images/big5 b2a.png
112.02.23 11:11 B C:\Users\Michael Win7\Desktop\surgical\surgical\images\big5\b3.png --> www.surgical.hk /public_html/images/big5 b3.png
112.02.23 11:11 B C:\Users\Michael Win7\Desktop\surgical\surgical\images\big5\b33.png --> www.surgical.hk /public_html/images/big5 b33.png
112.02.23 11:11 B C:\Users\Michael Win7\Desktop\surgical\surgical\images\big5\b4.png --> www.surgical.hk /public_html/images/big5 b4.png
112.02.23 11:11 B C:\Users\Michael Win7\Desktop\surgical\surgical\images\big5\b44.png --> www.surgical.hk /public_html/images/big5 b44.png
112.02.23 11:11 B C:\Users\Michael Win7\Desktop\surgical\surgical\images\big5\b5.png --> www.surgical.hk /public_html/images/big5 b5.png
112.02.23 11:11 B C:\Users\Michael Win7\Desktop\surgical\surgical\images\big5\b55.png --> www.surgical.hk /public_html/images/big5 b55.png
112.02.23 11:11 B C:\Users\Michael Win7\Desktop\surgical\surgical\images\big5\ban1.png --> www.surgical.hk /public_html/images/big5 ban1.png
112.02.23 11:11 B C:\Users\Michael Win7\Desktop\surgical\surgical\images\big5\ban3.png --> www.surgical.hk /public_html/images/big5 ban3.png
112.02.23 11:11 B C:\Users\Michael Win7\Desktop\surgical\surgical\images\big5\bb1.jpg --> www.surgical.hk /public_html/images/big5 bb1.jpg
112.02.23 11:11 B C:\Users\Michael Win7\Desktop\surgical\surgical\images\big5\bb2.jpg --> www.surgical.hk /public_html/images/big5 bb2.jpg
112.02.23 11:11 B C:\Users\Michael Win7\Desktop\surgical\surgical\images\big5\bb3.jpg --> www.surgical.hk /public_html/images/big5 bb3.jpg
112.02.23 11:11 B C:\Users\Michael Win7\Desktop\surgical\surgical\images\big5\bb4.jpg --> www.surgical.hk /public_html/images/big5 bb4.jpg
112.02.23 11:11 B C:\Users\Michael Win7\Desktop\surgical\surgical\images\big5\bb5.jpg --> www.surgical.hk /public_html/images/big5 bb5.jpg
112.02.23 11:11 B C:\Users\Michael Win7\Desktop\surgical\surgical\images\big5\bb6.jpg --> www.surgical.hk /public_html/images/big5 bb6.jpg
112.02.23 11:11 B C:\Users\Michael Win7\Desktop\surgical\surgical\images\big5\bo.png --> www.surgical.hk /public_html/images/big5 bo.png
112.02.23 11:11 B C:\Users\Michael Win7\Desktop\surgical\surgical\images\big5\boo.png --> www.surgical.hk /public_html/images/big5 boo.png
112.02.23 11:11 B C:\Users\Michael Win7\Desktop\surgical\surgical\images\big5\cyst.jpg --> www.surgical.hk /public_html/images/big5 cyst.jpg
112.02.23 11:11 B C:\Users\Michael Win7\Desktop\surgical\surgical\images\big5\fs1.jpg --> www.surgical.hk /public_html/images/big5 fs1.jpg
112.02.23 11:11 B C:\Users\Michael Win7\Desktop\surgical\surgical\images\big5\fs2.jpg --> www.surgical.hk /public_html/images/big5 fs2.jpg
112.02.23 11:11 B C:\Users\Michael Win7\Desktop\surgical\surgical\images\big5\fs3.jpg --> www.surgical.hk /public_html/images/big5 fs3.jpg
112.02.23 11:11 B C:\Users\Michael Win7\Desktop\surgical\surgical\images\big5\fs4.jpg --> www.surgical.hk /public_html/images/big5 fs4.jpg
112.02.23 11:11 B C:\Users\Michael Win7\Desktop\surgical\surgical\images\big5\head.jpg --> www.surgical.hk /public_html/images/big5 head.jpg
112.02.23 11:11 B C:\Users\Michael Win7\Desktop\surgical\surgical\images\big5\headr.jpg --> www.surgical.hk /public_html/images/big5 headr.jpg
112.02.23 11:11 B C:\Users\Michael Win7\Desktop\surgical\surgical\images\big5\mn_others_tc.png --> www.surgical.hk /public_html/images/big5 mn_others_tc.png
112.02.23 11:11 B C:\Users\Michael Win7\Desktop\surgical\surgical\images\big5\othersurgery1.jpg --> www.surgical.hk /public_html/images/big5 othersurgery1.jpg
112.02.23 11:11 B C:\Users\Michael Win7\Desktop\surgical\surgical\images\big5\othersurgery2.jpg --> www.surgical.hk /public_html/images/big5 othersurgery2.jpg
112.02.23 11:11 B C:\Users\Michael Win7\Desktop\surgical\surgical\images\big5\othersurgery3.jpg --> www.surgical.hk /public_html/images/big5 othersurgery3.jpg
112.02.23 11:11 B C:\Users\Michael Win7\Desktop\surgical\surgical\images\big5\othersurgery4.jpg --> www.surgical.hk /public_html/images/big5 othersurgery4.jpg
112.02.23 11:11 B C:\Users\Michael Win7\Desktop\surgical\surgical\images\big5\panda.jpg --> www.surgical.hk /public_html/images/big5 panda.jpg
112.02.23 11:11 B C:\Users\Michael Win7\Desktop\surgical\surgical\images\big5\ph2 bk.png --> www.surgical.hk /public_html/images/big5 ph2 bk.png
112.02.23 11:11 B C:\Users\Michael Win7\Desktop\surgical\surgical\images\big5\ph2.png --> www.surgical.hk /public_html/images/big5 ph2.png
112.02.23 11:11 B C:\Users\Michael Win7\Desktop\surgical\surgical\images\big5\ph2.png BAK --> www.surgical.hk /public_html/images/big5 ph2.png BAK
112.02.23 11:11 B C:\Users\Michael Win7\Desktop\surgical\surgical\images\big5\ph3.png --> www.surgical.hk /public_html/images/big5 ph3.png
112.02.23 11:11 B C:\Users\Michael Win7\Desktop\surgical\surgical\images\big5\ph4.png --> www.surgical.hk /public_html/images/big5 ph4.png
112.02.23 11:11 B C:\Users\Michael Win7\Desktop\surgical\surgical\images\big5\smallbear.jpg --> www.surgical.hk /public_html/images/big5 smallbear.jpg
112.02.23 11:11 B C:\Users\Michael Win7\Desktop\surgical\surgical\images\big5\suns.jpg --> www.surgical.hk /public_html/images/big5 suns.jpg
112.02.23 11:11 B C:\Users\Michael Win7\Desktop\surgical\surgical\images\big5\sunsr.jpg --> www.surgical.hk /public_html/images/big5 sunsr.jpg
112.02.23 11:11 B C:\Users\Michael Win7\Desktop\surgical\surgical\images\big5\t5.jpg --> www.surgical.hk /public_html/images/big5 t5.jpg
112.02.23 11:11 B C:\Users\Michael Win7\Desktop\surgical\surgical\images\big5\t7.jpg --> www.surgical.hk /public_html/images/big5 t7.jpg
112.02.23 11:11 B C:\Users\Michael Win7\Desktop\surgical\surgical\images\big5\Thumbs.db --> www.surgical.hk /public_html/images/big5 Thumbs.db
112.02.23 11:11 B C:\Users\Michael Win7\Desktop\surgical\surgical\images\big5\thumnails_01.jpg --> www.surgical.hk /public_html/images/big5 thumnails_01.jpg
112.02.23 11:11 B C:\Users\Michael Win7\Desktop\surgical\surgical\images\big5\thumnails_02.jpg --> www.surgical.hk /public_html/images/big5 thumnails_02.jpg
112.02.23 11:11 B C:\Users\Michael Win7\Desktop\surgical\surgical\images\big5\thumnails_02r.jpg --> www.surgical.hk /public_html/images/big5 thumnails_02r.jpg
112.02.23 11:11 B C:\Users\Michael Win7\Desktop\surgical\surgical\images\big5\thumnails_03.jpg --> www.surgical.hk /public_html/images/big5 thumnails_03.jpg
112.02.23 11:11 B C:\Users\Michael Win7\Desktop\surgical\surgical\images\big5\thumnails_03r.jpg --> www.surgical.hk /public_html/images/big5 thumnails_03r.jpg
112.02.23 11:11 B C:\Users\Michael Win7\Desktop\surgical\surgical\images\big5\thumnails_04.jpg --> www.surgical.hk /public_html/images/big5 thumnails_04.jpg
112.02.23 11:11 B C:\Users\Michael Win7\Desktop\surgical\surgical\images\big5\thumnails_04r.jpg --> www.surgical.hk /public_html/images/big5 thumnails_04r.jpg
112.02.23 11:11 B C:\Users\Michael Win7\Desktop\surgical\surgical\images\big5\thumnails_05.jpg --> www.surgical.hk /public_html/images/big5 thumnails_05.jpg
112.02.23 11:11 B C:\Users\Michael Win7\Desktop\surgical\surgical\images\big5\thumnails_05r.jpg --> www.surgical.hk /public_html/images/big5 thumnails_05r.jpg
112.02.23 11:11 B C:\Users\Michael Win7\Desktop\surgical\surgical\images\big5\thumnails_06.jpg --> www.surgical.hk /public_html/images/big5 thumnails_06.jpg
112.02.23 11:11 B C:\Users\Michael Win7\Desktop\surgical\surgical\images\big5\thumnails_06r.jpg --> www.surgical.hk /public_html/images/big5 thumnails_06r.jpg
112.02.23 11:11 B C:\Users\Michael Win7\Desktop\surgical\surgical\images\big5\thumnails_07.jpg --> www.surgical.hk /public_html/images/big5 thumnails_07.jpg
112.02.23 11:11 B C:\Users\Michael Win7\Desktop\surgical\surgical\images\big5\thumnails_07r.jpg --> www.surgical.hk /public_html/images/big5 thumnails_07r.jpg
112.02.23 11:11 B C:\Users\Michael Win7\Desktop\surgical\surgical\images\big5\thumnails_08.jpg --> www.surgical.hk /public_html/images/big5 thumnails_08.jpg
112.02.23 11:11 B C:\Users\Michael Win7\Desktop\surgical\surgical\images\big5\thumnails_08r.jpg --> www.surgical.hk /public_html/images/big5 thumnails_08r.jpg
