110.07.30 11:37 B C:\Documents and Settings\ty.MICHAEL\桌面\v06\tc\images\contact\banner.jpg --> www.surgical.hk /public_html/f/tc/images/contact banner.jpg
110.07.30 11:37 B C:\Documents and Settings\ty.MICHAEL\桌面\v06\tc\images\contact\banner_bak.jpg --> www.surgical.hk /public_html/f/tc/images/contact banner_bak.jpg
110.07.30 11:37 B C:\Documents and Settings\ty.MICHAEL\桌面\v06\tc\images\contact\line.gif --> www.surgical.hk /public_html/f/tc/images/contact line.gif
110.07.30 11:37 B C:\Documents and Settings\ty.MICHAEL\桌面\v06\tc\images\contact\map01.jpg --> www.surgical.hk /public_html/f/tc/images/contact map01.jpg
110.07.30 11:37 B C:\Documents and Settings\ty.MICHAEL\桌面\v06\tc\images\contact\map02.jpg --> www.surgical.hk /public_html/f/tc/images/contact map02.jpg
110.07.30 11:37 B C:\Documents and Settings\ty.MICHAEL\桌面\v06\tc\images\contact\map03.jpg --> www.surgical.hk /public_html/f/tc/images/contact map03.jpg
110.07.30 11:37 B C:\Documents and Settings\ty.MICHAEL\桌面\v06\tc\images\contact\map04.jpg --> www.surgical.hk /public_html/f/tc/images/contact map04.jpg
110.07.30 11:37 B C:\Documents and Settings\ty.MICHAEL\桌面\v06\tc\images\contact\submit.gif --> www.surgical.hk /public_html/f/tc/images/contact submit.gif
110.07.30 11:37 B C:\Documents and Settings\ty.MICHAEL\桌面\v06\tc\images\contact\Thumbs.db --> www.surgical.hk /public_html/f/tc/images/contact Thumbs.db
110.07.30 11:37 B C:\Documents and Settings\ty.MICHAEL\桌面\v06\tc\images\contact\title_01.gif --> www.surgical.hk /public_html/f/tc/images/contact title_01.gif
110.07.30 12:07 B C:\Documents and Settings\ty.MICHAEL\桌面\v06\tc\images\contact\banner.jpg --> www.surgical.hk /public_html/tc/images/contact banner.jpg
110.07.30 12:07 B C:\Documents and Settings\ty.MICHAEL\桌面\v06\tc\images\contact\banner_bak.jpg --> www.surgical.hk /public_html/tc/images/contact banner_bak.jpg
110.07.30 12:07 B C:\Documents and Settings\ty.MICHAEL\桌面\v06\tc\images\contact\line.gif --> www.surgical.hk /public_html/tc/images/contact line.gif
110.07.30 12:07 B C:\Documents and Settings\ty.MICHAEL\桌面\v06\tc\images\contact\map01.jpg --> www.surgical.hk /public_html/tc/images/contact map01.jpg
110.07.30 12:07 B C:\Documents and Settings\ty.MICHAEL\桌面\v06\tc\images\contact\map02.jpg --> www.surgical.hk /public_html/tc/images/contact map02.jpg
110.07.30 12:07 B C:\Documents and Settings\ty.MICHAEL\桌面\v06\tc\images\contact\map03.jpg --> www.surgical.hk /public_html/tc/images/contact map03.jpg
110.07.30 12:07 B C:\Documents and Settings\ty.MICHAEL\桌面\v06\tc\images\contact\map04.jpg --> www.surgical.hk /public_html/tc/images/contact map04.jpg
110.07.30 12:07 B C:\Documents and Settings\ty.MICHAEL\桌面\v06\tc\images\contact\submit.gif --> www.surgical.hk /public_html/tc/images/contact submit.gif
110.07.30 12:07 B C:\Documents and Settings\ty.MICHAEL\桌面\v06\tc\images\contact\Thumbs.db --> www.surgical.hk /public_html/tc/images/contact Thumbs.db
110.07.30 12:07 B C:\Documents and Settings\ty.MICHAEL\桌面\v06\tc\images\contact\title_01.gif --> www.surgical.hk /public_html/tc/images/contact title_01.gif
110.07.30 12:07 B C:\Documents and Settings\ty.MICHAEL\桌面\v06\tc\images\contact\WS_FTP.LOG --> www.surgical.hk /public_html/tc/images/contact WS_FTP.LOG
110.07.30 14:18 B C:\Documents and Settings\ty.MICHAEL\桌面\v06\tc\images\contact\banner.jpg --> www.surgical.hk /public_html/tc/images/contact banner.jpg
110.07.30 14:18 B C:\Documents and Settings\ty.MICHAEL\桌面\v06\tc\images\contact\banner_bak.jpg --> www.surgical.hk /public_html/tc/images/contact banner_bak.jpg
110.07.30 14:18 B C:\Documents and Settings\ty.MICHAEL\桌面\v06\tc\images\contact\line.gif --> www.surgical.hk /public_html/tc/images/contact line.gif
110.07.30 14:18 B C:\Documents and Settings\ty.MICHAEL\桌面\v06\tc\images\contact\map01.jpg --> www.surgical.hk /public_html/tc/images/contact map01.jpg
110.07.30 14:18 B C:\Documents and Settings\ty.MICHAEL\桌面\v06\tc\images\contact\map02.jpg --> www.surgical.hk /public_html/tc/images/contact map02.jpg
110.07.30 14:18 B C:\Documents and Settings\ty.MICHAEL\桌面\v06\tc\images\contact\map03.jpg --> www.surgical.hk /public_html/tc/images/contact map03.jpg
110.07.30 14:18 B C:\Documents and Settings\ty.MICHAEL\桌面\v06\tc\images\contact\map04.jpg --> www.surgical.hk /public_html/tc/images/contact map04.jpg
110.07.30 14:18 B C:\Documents and Settings\ty.MICHAEL\桌面\v06\tc\images\contact\submit.gif --> www.surgical.hk /public_html/tc/images/contact submit.gif
110.07.30 14:18 B C:\Documents and Settings\ty.MICHAEL\桌面\v06\tc\images\contact\Thumbs.db --> www.surgical.hk /public_html/tc/images/contact Thumbs.db
110.07.30 14:18 B C:\Documents and Settings\ty.MICHAEL\桌面\v06\tc\images\contact\title_01.gif --> www.surgical.hk /public_html/tc/images/contact title_01.gif
110.11.08 16:12 B C:\Documents and Settings\michael\桌面\surgical\images\contact\WS_FTP.LOG <-- surgical /public_html/tc/images/contact WS_FTP.LOG
110.11.08 17:33 B C:\Documents and Settings\michael\桌面\surgical\images\contact\banner.jpg --> www.surgical.hk /public_html/tc/images/contact banner.jpg
110.11.08 17:33 B C:\Documents and Settings\michael\桌面\surgical\images\contact\banner_bak.jpg --> www.surgical.hk /public_html/tc/images/contact banner_bak.jpg
110.11.08 17:33 B C:\Documents and Settings\michael\桌面\surgical\images\contact\line.gif --> www.surgical.hk /public_html/tc/images/contact line.gif
110.11.08 17:33 B C:\Documents and Settings\michael\桌面\surgical\images\contact\map01.jpg --> www.surgical.hk /public_html/tc/images/contact map01.jpg
110.11.08 17:33 B C:\Documents and Settings\michael\桌面\surgical\images\contact\map02.jpg --> www.surgical.hk /public_html/tc/images/contact map02.jpg
110.11.08 17:33 B C:\Documents and Settings\michael\桌面\surgical\images\contact\map03.jpg --> www.surgical.hk /public_html/tc/images/contact map03.jpg
110.11.08 17:33 B C:\Documents and Settings\michael\桌面\surgical\images\contact\map04.jpg --> www.surgical.hk /public_html/tc/images/contact map04.jpg
110.11.08 17:33 B C:\Documents and Settings\michael\桌面\surgical\images\contact\submit.gif --> www.surgical.hk /public_html/tc/images/contact submit.gif
110.11.08 17:33 B C:\Documents and Settings\michael\桌面\surgical\images\contact\Thumbs.db --> www.surgical.hk /public_html/tc/images/contact Thumbs.db
110.11.08 17:33 B C:\Documents and Settings\michael\桌面\surgical\images\contact\title_01.gif --> www.surgical.hk /public_html/tc/images/contact title_01.gif
110.12.18 17:23 B C:\Documents and Settings\michael\桌面\surgical Web\images\contact\WS_FTP.LOG <-- surgical /public_html/tc/images/contact WS_FTP.LOG
110.12.29 11:35 B C:\Documents and Settings\michael\桌面\v08\tc\images\contact\banner.jpg --> www.surgical.hk /public_html/tc/images/contact banner.jpg
110.12.29 11:35 B C:\Documents and Settings\michael\桌面\v08\tc\images\contact\banner_bak.jpg --> www.surgical.hk /public_html/tc/images/contact banner_bak.jpg
110.12.29 11:35 B C:\Documents and Settings\michael\桌面\v08\tc\images\contact\line.gif --> www.surgical.hk /public_html/tc/images/contact line.gif
110.12.29 11:35 B C:\Documents and Settings\michael\桌面\v08\tc\images\contact\map01.jpg --> www.surgical.hk /public_html/tc/images/contact map01.jpg
110.12.29 11:35 B C:\Documents and Settings\michael\桌面\v08\tc\images\contact\map02.jpg --> www.surgical.hk /public_html/tc/images/contact map02.jpg
110.12.29 11:35 B C:\Documents and Settings\michael\桌面\v08\tc\images\contact\map03.jpg --> www.surgical.hk /public_html/tc/images/contact map03.jpg
110.12.29 11:35 B C:\Documents and Settings\michael\桌面\v08\tc\images\contact\map04.jpg --> www.surgical.hk /public_html/tc/images/contact map04.jpg
110.12.29 11:35 B C:\Documents and Settings\michael\桌面\v08\tc\images\contact\submit.gif --> www.surgical.hk /public_html/tc/images/contact submit.gif
110.12.29 11:35 B C:\Documents and Settings\michael\桌面\v08\tc\images\contact\Thumbs.db --> www.surgical.hk /public_html/tc/images/contact Thumbs.db
110.12.29 11:35 B C:\Documents and Settings\michael\桌面\v08\tc\images\contact\title_01.gif --> www.surgical.hk /public_html/tc/images/contact title_01.gif
110.12.29 11:35 B C:\Documents and Settings\michael\桌面\v08\tc\images\contact\WS_FTP.LOG --> www.surgical.hk /public_html/tc/images/contact WS_FTP.LOG
111.04.30 19:46 B E:\WEB\Surgical ForeSkin\NOW\surgical Now\tc\images\contact\banner.jpg --> www.surgical.hk /public_html/tc/images/contact banner.jpg
111.04.30 19:46 B E:\WEB\Surgical ForeSkin\NOW\surgical Now\tc\images\contact\banner_bak.jpg --> www.surgical.hk /public_html/tc/images/contact banner_bak.jpg
111.04.30 19:46 B E:\WEB\Surgical ForeSkin\NOW\surgical Now\tc\images\contact\line.gif --> www.surgical.hk /public_html/tc/images/contact line.gif
111.04.30 19:46 B E:\WEB\Surgical ForeSkin\NOW\surgical Now\tc\images\contact\map01.jpg --> www.surgical.hk /public_html/tc/images/contact map01.jpg
111.04.30 19:46 B E:\WEB\Surgical ForeSkin\NOW\surgical Now\tc\images\contact\map02.jpg --> www.surgical.hk /public_html/tc/images/contact map02.jpg
111.04.30 19:46 B E:\WEB\Surgical ForeSkin\NOW\surgical Now\tc\images\contact\map03.jpg --> www.surgical.hk /public_html/tc/images/contact map03.jpg
111.04.30 19:46 B E:\WEB\Surgical ForeSkin\NOW\surgical Now\tc\images\contact\map04.jpg --> www.surgical.hk /public_html/tc/images/contact map04.jpg
111.04.30 19:46 B E:\WEB\Surgical ForeSkin\NOW\surgical Now\tc\images\contact\submit.gif --> www.surgical.hk /public_html/tc/images/contact submit.gif
111.04.30 19:46 B E:\WEB\Surgical ForeSkin\NOW\surgical Now\tc\images\contact\Thumbs.db --> www.surgical.hk /public_html/tc/images/contact Thumbs.db
111.04.30 19:46 B E:\WEB\Surgical ForeSkin\NOW\surgical Now\tc\images\contact\title_01.gif --> www.surgical.hk /public_html/tc/images/contact title_01.gif
111.04.30 19:46 B E:\WEB\Surgical ForeSkin\NOW\surgical Now\tc\images\contact\WS_FTP.LOG --> www.surgical.hk /public_html/tc/images/contact WS_FTP.LOG
111.11.24 12:13 B C:\Users\Michael Win7\Desktop\v14\tc\images\contact\banner.jpg --> www.surgical.hk /public_html/tc/images/contact banner.jpg
111.11.24 12:13 B C:\Users\Michael Win7\Desktop\v14\tc\images\contact\banner_bak.jpg --> www.surgical.hk /public_html/tc/images/contact banner_bak.jpg
111.11.24 12:13 B C:\Users\Michael Win7\Desktop\v14\tc\images\contact\line.gif --> www.surgical.hk /public_html/tc/images/contact line.gif
111.11.24 12:13 B C:\Users\Michael Win7\Desktop\v14\tc\images\contact\map01.jpg --> www.surgical.hk /public_html/tc/images/contact map01.jpg
111.11.24 12:13 B C:\Users\Michael Win7\Desktop\v14\tc\images\contact\map02.jpg --> www.surgical.hk /public_html/tc/images/contact map02.jpg
111.11.24 12:13 B C:\Users\Michael Win7\Desktop\v14\tc\images\contact\map03.jpg --> www.surgical.hk /public_html/tc/images/contact map03.jpg
111.11.24 12:13 B C:\Users\Michael Win7\Desktop\v14\tc\images\contact\map04.jpg --> www.surgical.hk /public_html/tc/images/contact map04.jpg
111.11.24 12:13 B C:\Users\Michael Win7\Desktop\v14\tc\images\contact\submit.gif --> www.surgical.hk /public_html/tc/images/contact submit.gif
111.11.24 12:13 B C:\Users\Michael Win7\Desktop\v14\tc\images\contact\Thumbs.db --> www.surgical.hk /public_html/tc/images/contact Thumbs.db
111.11.24 12:13 B C:\Users\Michael Win7\Desktop\v14\tc\images\contact\title_01.gif --> www.surgical.hk /public_html/tc/images/contact title_01.gif
111.11.24 12:13 B C:\Users\Michael Win7\Desktop\v14\tc\images\contact\WS_FTP.LOG --> www.surgical.hk /public_html/tc/images/contact WS_FTP.LOG
111.11.25 11:48 B C:\Users\Michael Win7\Documents\web\Surgical ForeSkin\NOW\surgical Now\tc\images\contact\banner.jpg --> www.jaf.hk /public_html/sur/tc/images/contact banner.jpg
111.11.25 11:48 B C:\Users\Michael Win7\Documents\web\Surgical ForeSkin\NOW\surgical Now\tc\images\contact\banner_bak.jpg --> www.jaf.hk /public_html/sur/tc/images/contact banner_bak.jpg
111.11.25 11:48 B C:\Users\Michael Win7\Documents\web\Surgical ForeSkin\NOW\surgical Now\tc\images\contact\line.gif --> www.jaf.hk /public_html/sur/tc/images/contact line.gif
111.11.25 11:48 B C:\Users\Michael Win7\Documents\web\Surgical ForeSkin\NOW\surgical Now\tc\images\contact\map01.jpg --> www.jaf.hk /public_html/sur/tc/images/contact map01.jpg
111.11.25 11:48 B C:\Users\Michael Win7\Documents\web\Surgical ForeSkin\NOW\surgical Now\tc\images\contact\map02.jpg --> www.jaf.hk /public_html/sur/tc/images/contact map02.jpg
111.11.25 11:48 B C:\Users\Michael Win7\Documents\web\Surgical ForeSkin\NOW\surgical Now\tc\images\contact\map03.jpg --> www.jaf.hk /public_html/sur/tc/images/contact map03.jpg
111.11.25 11:48 B C:\Users\Michael Win7\Documents\web\Surgical ForeSkin\NOW\surgical Now\tc\images\contact\map04.jpg --> www.jaf.hk /public_html/sur/tc/images/contact map04.jpg
111.11.25 11:48 B C:\Users\Michael Win7\Documents\web\Surgical ForeSkin\NOW\surgical Now\tc\images\contact\submit.gif --> www.jaf.hk /public_html/sur/tc/images/contact submit.gif
111.11.25 11:48 B C:\Users\Michael Win7\Documents\web\Surgical ForeSkin\NOW\surgical Now\tc\images\contact\Thumbs.db --> www.jaf.hk /public_html/sur/tc/images/contact Thumbs.db
111.11.25 11:48 B C:\Users\Michael Win7\Documents\web\Surgical ForeSkin\NOW\surgical Now\tc\images\contact\title_01.gif --> www.jaf.hk /public_html/sur/tc/images/contact title_01.gif
111.11.25 11:48 B C:\Users\Michael Win7\Documents\web\Surgical ForeSkin\NOW\surgical Now\tc\images\contact\WS_FTP.LOG --> www.jaf.hk /public_html/sur/tc/images/contact WS_FTP.LOG
111.12.29 11:56 B C:\Users\Michael Win7\Desktop\surgical  三項circum\surgical_now\tc\images\contact\banner.jpg --> www.surgical.hk /public_html/tc/images/contact banner.jpg
111.12.29 11:56 B C:\Users\Michael Win7\Desktop\surgical  三項circum\surgical_now\tc\images\contact\banner_bak.jpg --> www.surgical.hk /public_html/tc/images/contact banner_bak.jpg
111.12.29 11:56 B C:\Users\Michael Win7\Desktop\surgical  三項circum\surgical_now\tc\images\contact\line.gif --> www.surgical.hk /public_html/tc/images/contact line.gif
111.12.29 11:56 B C:\Users\Michael Win7\Desktop\surgical  三項circum\surgical_now\tc\images\contact\map01.jpg --> www.surgical.hk /public_html/tc/images/contact map01.jpg
111.12.29 11:56 B C:\Users\Michael Win7\Desktop\surgical  三項circum\surgical_now\tc\images\contact\map02.jpg --> www.surgical.hk /public_html/tc/images/contact map02.jpg
111.12.29 11:56 B C:\Users\Michael Win7\Desktop\surgical  三項circum\surgical_now\tc\images\contact\map03.jpg --> www.surgical.hk /public_html/tc/images/contact map03.jpg
111.12.29 11:56 B C:\Users\Michael Win7\Desktop\surgical  三項circum\surgical_now\tc\images\contact\map04.jpg --> www.surgical.hk /public_html/tc/images/contact map04.jpg
111.12.29 11:56 B C:\Users\Michael Win7\Desktop\surgical  三項circum\surgical_now\tc\images\contact\submit.gif --> www.surgical.hk /public_html/tc/images/contact submit.gif
111.12.29 11:56 B C:\Users\Michael Win7\Desktop\surgical  三項circum\surgical_now\tc\images\contact\Thumbs.db --> www.surgical.hk /public_html/tc/images/contact Thumbs.db
111.12.29 11:56 B C:\Users\Michael Win7\Desktop\surgical  三項circum\surgical_now\tc\images\contact\title_01.gif --> www.surgical.hk /public_html/tc/images/contact title_01.gif
111.12.29 11:56 B C:\Users\Michael Win7\Desktop\surgical  三項circum\surgical_now\tc\images\contact\WS_FTP.LOG --> www.surgical.hk /public_html/tc/images/contact WS_FTP.LOG
111.12.29 12:03 B C:\Users\Michael Win7\Desktop\surgical  三項circum\surgical_now\tc\images\contact\banner.jpg --> www.surgical.hk /public_html/tc/images/contact banner.jpg
111.12.29 12:03 B C:\Users\Michael Win7\Desktop\surgical  三項circum\surgical_now\tc\images\contact\banner_bak.jpg --> www.surgical.hk /public_html/tc/images/contact banner_bak.jpg
111.12.29 12:03 B C:\Users\Michael Win7\Desktop\surgical  三項circum\surgical_now\tc\images\contact\line.gif --> www.surgical.hk /public_html/tc/images/contact line.gif
111.12.29 12:03 B C:\Users\Michael Win7\Desktop\surgical  三項circum\surgical_now\tc\images\contact\map01.jpg --> www.surgical.hk /public_html/tc/images/contact map01.jpg
111.12.29 12:03 B C:\Users\Michael Win7\Desktop\surgical  三項circum\surgical_now\tc\images\contact\map02.jpg --> www.surgical.hk /public_html/tc/images/contact map02.jpg
111.12.29 12:03 B C:\Users\Michael Win7\Desktop\surgical  三項circum\surgical_now\tc\images\contact\map03.jpg --> www.surgical.hk /public_html/tc/images/contact map03.jpg
111.12.29 12:03 B C:\Users\Michael Win7\Desktop\surgical  三項circum\surgical_now\tc\images\contact\map04.jpg --> www.surgical.hk /public_html/tc/images/contact map04.jpg
111.12.29 12:03 B C:\Users\Michael Win7\Desktop\surgical  三項circum\surgical_now\tc\images\contact\submit.gif --> www.surgical.hk /public_html/tc/images/contact submit.gif
111.12.29 12:03 B C:\Users\Michael Win7\Desktop\surgical  三項circum\surgical_now\tc\images\contact\Thumbs.db --> www.surgical.hk /public_html/tc/images/contact Thumbs.db
111.12.29 12:03 B C:\Users\Michael Win7\Desktop\surgical  三項circum\surgical_now\tc\images\contact\title_01.gif --> www.surgical.hk /public_html/tc/images/contact title_01.gif
