110.07.30 11:37 B C:\Documents and Settings\ty.MICHAEL\桌面\v06\layout\contact.html --> www.surgical.hk /public_html/f/layout contact.html
110.07.30 11:37 B C:\Documents and Settings\ty.MICHAEL\桌面\v06\layout\faq.html --> www.surgical.hk /public_html/f/layout faq.html
110.07.30 11:37 B C:\Documents and Settings\ty.MICHAEL\桌面\v06\layout\index.html --> www.surgical.hk /public_html/f/layout index.html
110.07.30 11:37 B C:\Documents and Settings\ty.MICHAEL\桌面\v06\layout\minor.html --> www.surgical.hk /public_html/f/layout minor.html
110.07.30 11:37 B C:\Documents and Settings\ty.MICHAEL\桌面\v06\layout\procedures.html --> www.surgical.hk /public_html/f/layout procedures.html
110.07.30 11:37 B C:\Documents and Settings\ty.MICHAEL\桌面\v06\layout\reasons.html --> www.surgical.hk /public_html/f/layout reasons.html
110.07.30 11:37 B C:\Documents and Settings\ty.MICHAEL\桌面\v06\layout\ref.html --> www.surgical.hk /public_html/f/layout ref.html
110.07.30 11:37 B C:\Documents and Settings\ty.MICHAEL\桌面\v06\layout\v05-contact.jpg --> www.surgical.hk /public_html/f/layout v05-contact.jpg
110.07.30 11:37 B C:\Documents and Settings\ty.MICHAEL\桌面\v06\layout\v05-faq.jpg --> www.surgical.hk /public_html/f/layout v05-faq.jpg
110.07.30 11:37 B C:\Documents and Settings\ty.MICHAEL\桌面\v06\layout\v05-minor.jpg --> www.surgical.hk /public_html/f/layout v05-minor.jpg
110.07.30 11:37 B C:\Documents and Settings\ty.MICHAEL\桌面\v06\layout\v05-procedure.jpg --> www.surgical.hk /public_html/f/layout v05-procedure.jpg
110.07.30 11:37 B C:\Documents and Settings\ty.MICHAEL\桌面\v06\layout\v05-reasons.jpg --> www.surgical.hk /public_html/f/layout v05-reasons.jpg
110.07.30 11:37 B C:\Documents and Settings\ty.MICHAEL\桌面\v06\layout\v05-ref.jpg --> www.surgical.hk /public_html/f/layout v05-ref.jpg
110.07.30 11:37 B C:\Documents and Settings\ty.MICHAEL\桌面\v06\layout\v05.jpg --> www.surgical.hk /public_html/f/layout v05.jpg
110.07.30 12:07 B C:\Documents and Settings\ty.MICHAEL\桌面\v06\layout\contact.html --> www.surgical.hk /public_html/layout contact.html
110.07.30 12:07 B C:\Documents and Settings\ty.MICHAEL\桌面\v06\layout\faq.html --> www.surgical.hk /public_html/layout faq.html
110.07.30 12:07 B C:\Documents and Settings\ty.MICHAEL\桌面\v06\layout\index.html --> www.surgical.hk /public_html/layout index.html
110.07.30 12:07 B C:\Documents and Settings\ty.MICHAEL\桌面\v06\layout\minor.html --> www.surgical.hk /public_html/layout minor.html
110.07.30 12:07 B C:\Documents and Settings\ty.MICHAEL\桌面\v06\layout\procedures.html --> www.surgical.hk /public_html/layout procedures.html
110.07.30 12:07 B C:\Documents and Settings\ty.MICHAEL\桌面\v06\layout\reasons.html --> www.surgical.hk /public_html/layout reasons.html
110.07.30 12:07 B C:\Documents and Settings\ty.MICHAEL\桌面\v06\layout\ref.html --> www.surgical.hk /public_html/layout ref.html
110.07.30 12:07 B C:\Documents and Settings\ty.MICHAEL\桌面\v06\layout\v05-contact.jpg --> www.surgical.hk /public_html/layout v05-contact.jpg
110.07.30 12:07 B C:\Documents and Settings\ty.MICHAEL\桌面\v06\layout\v05-faq.jpg --> www.surgical.hk /public_html/layout v05-faq.jpg
110.07.30 12:07 B C:\Documents and Settings\ty.MICHAEL\桌面\v06\layout\v05-minor.jpg --> www.surgical.hk /public_html/layout v05-minor.jpg
110.07.30 12:07 B C:\Documents and Settings\ty.MICHAEL\桌面\v06\layout\v05-procedure.jpg --> www.surgical.hk /public_html/layout v05-procedure.jpg
110.07.30 12:07 B C:\Documents and Settings\ty.MICHAEL\桌面\v06\layout\v05-reasons.jpg --> www.surgical.hk /public_html/layout v05-reasons.jpg
110.07.30 12:07 B C:\Documents and Settings\ty.MICHAEL\桌面\v06\layout\v05-ref.jpg --> www.surgical.hk /public_html/layout v05-ref.jpg
110.07.30 12:07 B C:\Documents and Settings\ty.MICHAEL\桌面\v06\layout\v05.jpg --> www.surgical.hk /public_html/layout v05.jpg
110.11.16 12:34 B C:\Documents and Settings\michael\桌面\新資料夾\layout\WS_FTP.LOG <-- surgical /public_html/layout WS_FTP.LOG
111.12.29 12:03 B C:\Users\Michael Win7\Desktop\surgical  三項circum\surgical_now\layout\contact.html --> www.surgical.hk /public_html/layout contact.html
111.12.29 12:03 B C:\Users\Michael Win7\Desktop\surgical  三項circum\surgical_now\layout\faq.html --> www.surgical.hk /public_html/layout faq.html
111.12.29 12:03 B C:\Users\Michael Win7\Desktop\surgical  三項circum\surgical_now\layout\index.html --> www.surgical.hk /public_html/layout index.html
111.12.29 12:03 B C:\Users\Michael Win7\Desktop\surgical  三項circum\surgical_now\layout\minor.html --> www.surgical.hk /public_html/layout minor.html
111.12.29 12:03 B C:\Users\Michael Win7\Desktop\surgical  三項circum\surgical_now\layout\procedures.html --> www.surgical.hk /public_html/layout procedures.html
111.12.29 12:03 B C:\Users\Michael Win7\Desktop\surgical  三項circum\surgical_now\layout\reasons.html --> www.surgical.hk /public_html/layout reasons.html
111.12.29 12:03 B C:\Users\Michael Win7\Desktop\surgical  三項circum\surgical_now\layout\ref.html --> www.surgical.hk /public_html/layout ref.html
111.12.29 12:03 B C:\Users\Michael Win7\Desktop\surgical  三項circum\surgical_now\layout\v05-contact.jpg --> www.surgical.hk /public_html/layout v05-contact.jpg
111.12.29 12:03 B C:\Users\Michael Win7\Desktop\surgical  三項circum\surgical_now\layout\v05-faq.jpg --> www.surgical.hk /public_html/layout v05-faq.jpg
111.12.29 12:03 B C:\Users\Michael Win7\Desktop\surgical  三項circum\surgical_now\layout\v05-minor.jpg --> www.surgical.hk /public_html/layout v05-minor.jpg
111.12.29 12:03 B C:\Users\Michael Win7\Desktop\surgical  三項circum\surgical_now\layout\v05-procedure.jpg --> www.surgical.hk /public_html/layout v05-procedure.jpg
111.12.29 12:03 B C:\Users\Michael Win7\Desktop\surgical  三項circum\surgical_now\layout\v05-reasons.jpg --> www.surgical.hk /public_html/layout v05-reasons.jpg
111.12.29 12:03 B C:\Users\Michael Win7\Desktop\surgical  三項circum\surgical_now\layout\v05-ref.jpg --> www.surgical.hk /public_html/layout v05-ref.jpg
111.12.29 12:03 B C:\Users\Michael Win7\Desktop\surgical  三項circum\surgical_now\layout\v05.jpg --> www.surgical.hk /public_html/layout v05.jpg
112.02.23 11:11 B C:\Users\Michael Win7\Desktop\surgical\surgical\layout\contact.html --> www.surgical.hk /public_html/layout contact.html
112.02.23 11:11 B C:\Users\Michael Win7\Desktop\surgical\surgical\layout\faq.html --> www.surgical.hk /public_html/layout faq.html
112.02.23 11:11 B C:\Users\Michael Win7\Desktop\surgical\surgical\layout\index.html --> www.surgical.hk /public_html/layout index.html
112.02.23 11:11 B C:\Users\Michael Win7\Desktop\surgical\surgical\layout\minor.html --> www.surgical.hk /public_html/layout minor.html
112.02.23 11:11 B C:\Users\Michael Win7\Desktop\surgical\surgical\layout\procedures.html --> www.surgical.hk /public_html/layout procedures.html
112.02.23 11:11 B C:\Users\Michael Win7\Desktop\surgical\surgical\layout\reasons.html --> www.surgical.hk /public_html/layout reasons.html
112.02.23 11:11 B C:\Users\Michael Win7\Desktop\surgical\surgical\layout\ref.html --> www.surgical.hk /public_html/layout ref.html
112.02.23 11:11 B C:\Users\Michael Win7\Desktop\surgical\surgical\layout\v05-contact.jpg --> www.surgical.hk /public_html/layout v05-contact.jpg
112.02.23 11:11 B C:\Users\Michael Win7\Desktop\surgical\surgical\layout\v05-faq.jpg --> www.surgical.hk /public_html/layout v05-faq.jpg
112.02.23 11:11 B C:\Users\Michael Win7\Desktop\surgical\surgical\layout\v05-minor.jpg --> www.surgical.hk /public_html/layout v05-minor.jpg
112.02.23 11:11 B C:\Users\Michael Win7\Desktop\surgical\surgical\layout\v05-procedure.jpg --> www.surgical.hk /public_html/layout v05-procedure.jpg
112.02.23 11:11 B C:\Users\Michael Win7\Desktop\surgical\surgical\layout\v05-reasons.jpg --> www.surgical.hk /public_html/layout v05-reasons.jpg
112.02.23 11:11 B C:\Users\Michael Win7\Desktop\surgical\surgical\layout\v05-ref.jpg --> www.surgical.hk /public_html/layout v05-ref.jpg
112.02.23 11:11 B C:\Users\Michael Win7\Desktop\surgical\surgical\layout\v05.jpg --> www.surgical.hk /public_html/layout v05.jpg
