108.12.17 14:01 B C:\Documents and Settings\ty.MICHAEL\桌面\PainFree OLD\big5\js\mootools.js <-- PainFree /public_html/big5/js mootools.js
108.12.17 14:01 B C:\Documents and Settings\ty.MICHAEL\桌面\PainFree OLD\big5\js\site.js <-- PainFree /public_html/big5/js site.js
108.12.17 14:01 B C:\Documents and Settings\ty.MICHAEL\桌面\PainFree OLD\big5\js\swfobject.js <-- PainFree /public_html/big5/js swfobject.js
108.12.17 14:01 B C:\Documents and Settings\ty.MICHAEL\桌面\PainFree OLD\big5\js\template_css.css <-- PainFree /public_html/big5/js template_css.css
108.12.22 18:28 B C:\Documents and Settings\ty.MICHAEL\桌面\PainFree\big5\js\mootools.js --> www.painfree.hk /public_html/foreskin/big5/js mootools.js
108.12.22 18:28 B C:\Documents and Settings\ty.MICHAEL\桌面\PainFree\big5\js\site.js --> www.painfree.hk /public_html/foreskin/big5/js site.js
108.12.22 18:28 B C:\Documents and Settings\ty.MICHAEL\桌面\PainFree\big5\js\swfobject.js --> www.painfree.hk /public_html/foreskin/big5/js swfobject.js
108.12.22 18:28 B C:\Documents and Settings\ty.MICHAEL\桌面\PainFree\big5\js\template_css.css --> www.painfree.hk /public_html/foreskin/big5/js template_css.css
108.12.22 18:28 B C:\Documents and Settings\ty.MICHAEL\桌面\PainFree\big5\js\WS_FTP.LOG --> www.painfree.hk /public_html/foreskin/big5/js WS_FTP.LOG
108.12.23 18:23 B C:\Documents and Settings\ty.MICHAEL\桌面\PainFree\big5\js\mootools.js --> www.painfree.hk /public_html/foreskin/big5/js mootools.js
108.12.23 18:23 B C:\Documents and Settings\ty.MICHAEL\桌面\PainFree\big5\js\site.js --> www.painfree.hk /public_html/foreskin/big5/js site.js
108.12.23 18:23 B C:\Documents and Settings\ty.MICHAEL\桌面\PainFree\big5\js\swfobject.js --> www.painfree.hk /public_html/foreskin/big5/js swfobject.js
108.12.23 18:23 B C:\Documents and Settings\ty.MICHAEL\桌面\PainFree\big5\js\template_css.css --> www.painfree.hk /public_html/foreskin/big5/js template_css.css
109.02.20 19:09 B C:\Documents and Settings\ty.MICHAEL\桌面\ForeSkin\big5\js\WS_FTP.LOG <-- Painfree /public_html/foreskin/big5/js WS_FTP.LOG
109.03.07 13:06 B C:\Documents and Settings\ty.MICHAEL\桌面\ForeSkin_228\en\js\mootools.js --> www.painfree.hk /public_html/foreskin/en/js mootools.js
109.03.07 13:06 B C:\Documents and Settings\ty.MICHAEL\桌面\ForeSkin_228\en\js\site.js --> www.painfree.hk /public_html/foreskin/en/js site.js
109.03.07 13:06 B C:\Documents and Settings\ty.MICHAEL\桌面\ForeSkin_228\en\js\swfobject.js --> www.painfree.hk /public_html/foreskin/en/js swfobject.js
109.03.07 13:06 B C:\Documents and Settings\ty.MICHAEL\桌面\ForeSkin_228\en\js\template_css.css --> www.painfree.hk /public_html/foreskin/en/js template_css.css
110.11.23 11:52 B E:\WEB\TH\TH Now\foreskin\en\js\WS_FTP.LOG <-- painfree.hk /public_html/foreskin/en/js WS_FTP.LOG
111.11.19 10:43 B C:\Users\Michael Win7\Desktop\foreskin20111119\foreskin_webonline\en\js\mootools.js --> www.painfree.hk /public_html/foreskin/en/js mootools.js
111.11.19 10:43 B C:\Users\Michael Win7\Desktop\foreskin20111119\foreskin_webonline\en\js\site.js --> www.painfree.hk /public_html/foreskin/en/js site.js
111.11.19 10:43 B C:\Users\Michael Win7\Desktop\foreskin20111119\foreskin_webonline\en\js\swfobject.js --> www.painfree.hk /public_html/foreskin/en/js swfobject.js
111.11.19 10:43 B C:\Users\Michael Win7\Desktop\foreskin20111119\foreskin_webonline\en\js\template_css.css --> www.painfree.hk /public_html/foreskin/en/js template_css.css
111.11.19 10:43 B C:\Users\Michael Win7\Desktop\foreskin20111119\foreskin_webonline\en\js\WS_FTP.LOG --> www.painfree.hk /public_html/foreskin/en/js WS_FTP.LOG
111.11.19 10:56 B C:\Users\Michael Win7\Desktop\foreskin20111119\foreskin_webonline\en\js\mootools.js --> www.surgical.hk /public_html/en/js mootools.js
111.11.19 10:56 B C:\Users\Michael Win7\Desktop\foreskin20111119\foreskin_webonline\en\js\site.js --> www.surgical.hk /public_html/en/js site.js
111.11.19 10:56 B C:\Users\Michael Win7\Desktop\foreskin20111119\foreskin_webonline\en\js\swfobject.js --> www.surgical.hk /public_html/en/js swfobject.js
111.11.19 10:56 B C:\Users\Michael Win7\Desktop\foreskin20111119\foreskin_webonline\en\js\template_css.css --> www.surgical.hk /public_html/en/js template_css.css
111.11.19 10:56 B C:\Users\Michael Win7\Desktop\foreskin20111119\foreskin_webonline\en\js\WS_FTP.LOG --> www.surgical.hk /public_html/en/js WS_FTP.LOG
111.12.29 12:02 B C:\Users\Michael Win7\Desktop\surgical  三項circum\surgical_now\en\js\mootools.js --> www.surgical.hk /public_html/en/js mootools.js
111.12.29 12:02 B C:\Users\Michael Win7\Desktop\surgical  三項circum\surgical_now\en\js\site.js --> www.surgical.hk /public_html/en/js site.js
111.12.29 12:02 B C:\Users\Michael Win7\Desktop\surgical  三項circum\surgical_now\en\js\swfobject.js --> www.surgical.hk /public_html/en/js swfobject.js
111.12.29 12:02 B C:\Users\Michael Win7\Desktop\surgical  三項circum\surgical_now\en\js\template_css.css --> www.surgical.hk /public_html/en/js template_css.css
112.02.23 11:11 B C:\Users\Michael Win7\Desktop\surgical\surgical\en\js\mootools.js --> www.surgical.hk /public_html/en/js mootools.js
112.02.23 11:11 B C:\Users\Michael Win7\Desktop\surgical\surgical\en\js\site.js --> www.surgical.hk /public_html/en/js site.js
112.02.23 11:11 B C:\Users\Michael Win7\Desktop\surgical\surgical\en\js\swfobject.js --> www.surgical.hk /public_html/en/js swfobject.js
112.02.23 11:11 B C:\Users\Michael Win7\Desktop\surgical\surgical\en\js\template_css.css --> www.surgical.hk /public_html/en/js template_css.css
