111.11.23 18:20 B C:\Users\Michael Win7\Desktop\v13\.DS_Store --> www.surgical.hk /public_html .DS_Store
111.11.23 18:20 B C:\Users\Michael Win7\Desktop\v13\css.css --> www.surgical.hk /public_html css.css
111.11.23 18:20 B C:\Users\Michael Win7\Desktop\v13\email_template.php --> www.surgical.hk /public_html email_template.php
111.11.23 18:20 B C:\Users\Michael Win7\Desktop\v13\index.php --> www.surgical.hk /public_html index.php
111.11.23 18:20 B C:\Users\Michael Win7\Desktop\v13\Mail.php --> www.surgical.hk /public_html Mail.php
111.11.23 18:20 B C:\Users\Michael Win7\Desktop\v13\phpmail.php --> www.surgical.hk /public_html phpmail.php
111.11.23 18:20 B C:\Users\Michael Win7\Desktop\v13\SteelExternalNoVol.swf --> www.surgical.hk /public_html SteelExternalNoVol.swf
111.11.24 10:03 B C:\Users\Michael Win7\Desktop\v13\.DS_Store --> www.surgical.hk /public_html .DS_Store
111.11.24 10:03 B C:\Users\Michael Win7\Desktop\v13\css.css --> www.surgical.hk /public_html css.css
111.11.24 10:03 B C:\Users\Michael Win7\Desktop\v13\email_template.php --> www.surgical.hk /public_html email_template.php
111.11.24 10:03 B C:\Users\Michael Win7\Desktop\v13\index.php --> www.surgical.hk /public_html index.php
111.11.24 10:03 B C:\Users\Michael Win7\Desktop\v13\Mail.php --> www.surgical.hk /public_html Mail.php
111.11.24 10:03 B C:\Users\Michael Win7\Desktop\v13\phpmail.php --> www.surgical.hk /public_html phpmail.php
111.11.24 10:03 B C:\Users\Michael Win7\Desktop\v13\SteelExternalNoVol.swf --> www.surgical.hk /public_html SteelExternalNoVol.swf
111.11.24 10:03 B C:\Users\Michael Win7\Desktop\v13\swfobject.js --> www.surgical.hk /public_html swfobject.js
111.11.24 10:03 B C:\Users\Michael Win7\Desktop\v13\t.php --> www.surgical.hk /public_html t.php
112.02.23 11:12 B C:\Users\Michael Win7\Desktop\surgical\surgical\css.css --> www.surgical.hk /public_html css.css
112.02.23 11:12 B C:\Users\Michael Win7\Desktop\surgical\surgical\email_template.php --> www.surgical.hk /public_html email_template.php
112.02.23 11:12 B C:\Users\Michael Win7\Desktop\surgical\surgical\index.php --> www.surgical.hk /public_html index.php
112.02.23 11:12 B C:\Users\Michael Win7\Desktop\surgical\surgical\Mail.php --> www.surgical.hk /public_html Mail.php
112.02.23 11:12 B C:\Users\Michael Win7\Desktop\surgical\surgical\phpmail.php --> www.surgical.hk /public_html phpmail.php
112.02.23 11:12 B C:\Users\Michael Win7\Desktop\surgical\surgical\SteelExternalNoVol.swf --> www.surgical.hk /public_html SteelExternalNoVol.swf
112.02.23 11:12 B C:\Users\Michael Win7\Desktop\surgical\surgical\swfobject.js --> www.surgical.hk /public_html swfobject.js
112.02.23 11:12 B C:\Users\Michael Win7\Desktop\surgical\surgical\t.php --> www.surgical.hk /public_html t.php
112.02.23 11:12 B C:\Users\Michael Win7\Desktop\surgical\surgical\welcome.gif --> www.surgical.hk /public_html welcome.gif
